[2024-02-25 19:25:02] START
[2024-02-25 19:25:03] got pipes
[2024-02-25 19:25:03] 54.000000 56.000000
[2024-02-25 19:25:03] generated obstacles
[2024-02-25 19:25:03] SEND
[2024-02-25 19:25:03] O[20] 14.000,78.000|43.000,37.000|53.000,35.000|73.000,46.000|62.000,7.000|0.000,0.000|0.000,0.000|0.000,0.000|0.000,0.000|0.000,0.000|54.000,56.000|49.000,17.000|49.000,9.000|40.000,69.000|99.000,99.000|35.000,60.000|60.000,0.000|31.000,2.000|97.000,46.000|84.000,17.000
[2024-02-25 19:25:03] ECHO
[2024-02-25 19:25:03] OI
[2024-02-25 19:25:03] SEND
[2024-02-25 19:25:03] O[20] 14.000,78.000|43.000,37.000|53.000,35.000|73.000,46.000|62.000,7.000|0.000,0.000|0.000,0.000|0.000,0.000|0.000,0.000|0.000,0.000|54.000,56.000|49.000,17.000|49.000,9.000|40.000,69.000|99.000,99.000|35.000,60.000|60.000,0.000|31.000,2.000|97.000,46.000|84.000,17.000
[2024-02-25 19:25:03] ECHO
[2024-02-25 19:25:03] O[20] 14.000,78.000|43.000,37.000|53.000,35.000|73.000,46.000|62.000,7.000|0.000,0.000|0.000,0.000|0.000,0.000|0.000,0.000|0.000,0.000|54.000,56.000|49.000,17.000|49.000,9.000|40.000,69.000|99.000,99.000|35.000,60.000|60.000,0.000|31.000,2.000|97.000,46.000|84.000,17.000
[2024-02-25 19:25:03] SEND
[2024-02-25 19:25:03] O[20] 14.000,78.000|43.000,37.000|53.000,35.000|73.000,46.000|62.000,7.000|0.000,0.000|0.000,0.000|0.000,0.000|0.000,0.000|0.000,0.000|54.000,56.000|49.000,17.000|49.000,9.000|40.000,69.000|99.000,99.000|35.000,60.000|60.000,0.000|31.000,2.000|97.000,46.000|84.000,17.000
[2024-02-25 19:25:03] ECHO
[2024-02-25 19:25:03] O[20] 14.000,78.000|43.000,37.000|53.000,35.000|73.000,46.000|62.000,7.000|0.000,0.000|0.000,0.000|0.000,0.000|0.000,0.000|0.000,0.000|54.000,56.000|49.000,17.000|49.000,9.000|40.000,69.000|99.000,99.000|35.000,60.000|60.000,0.000|31.000,2.000|97.000,46.000|84.000,17.000
[2024-02-25 19:25:03] SEND
[2024-02-25 19:25:03] O[20] 14.000,78.000|43.000,37.000|53.000,35.000|73.000,46.000|62.000,7.000|0.000,0.000|0.000,0.000|0.000,0.000|0.000,0.000|0.000,0.000|54.000,56.000|49.000,17.000|49.000,9.000|40.000,69.000|99.000,99.000|35.000,60.000|60.000,0.000|31.000,2.000|97.000,46.000|84.000,17.000
[2024-02-25 19:25:03] ECHO
[2024-02-25 19:25:03] O[20] 14.000,78.000|43.000,37.000|53.000,35.000|73.000,46.000|62.000,7.000|0.000,0.000|0.000,0.000|0.000,0.000|0.000,0.000|0.000,0.000|54.000,56.000|49.000,17.000|49.000,9.000|40.000,69.000|99.000,99.000|35.000,60.000|60.000,0.000|31.000,2.000|97.000,46.000|84.000,17.000
[2024-02-25 19:25:03] SEND
[2024-02-25 19:25:03] O[20] 14.000,78.000|43.000,37.000|53.000,35.000|73.000,46.000|62.000,7.000|0.000,0.000|0.000,0.000|0.000,0.000|0.000,0.000|0.000,0.000|54.000,56.000|49.000,17.000|49.000,9.000|40.000,69.000|99.000,99.000|35.000,60.000|60.000,0.000|31.000,2.000|97.000,46.000|84.000,17.000
[2024-02-25 19:25:03] ECHO
[2024-02-25 19:25:03] O[20] 14.000,78.000|43.000,37.000|53.000,35.000|73.000,46.000|62.000,7.000|0.000,0.000|0.000,0.000|0.000,0.000|0.000,0.000|0.000,0.000|54.000,56.000|49.000,17.000|49.000,9.000|40.000,69.000|99.000,99.000|35.000,60.000|60.000,0.000|31.000,2.000|97.000,46.000|84.000,17.000
[2024-02-25 19:25:03] SEND
[2024-02-25 19:25:03] O[20] 14.000,78.000|43.000,37.000|53.000,35.000|73.000,46.000|62.000,7.000|0.000,0.000|0.000,0.000|0.000,0.000|0.000,0.000|0.000,0.000|54.000,56.000|49.000,17.000|49.000,9.000|40.000,69.000|99.000,99.000|35.000,60.000|60.000,0.000|31.000,2.000|97.000,46.000|84.000,17.000
[2024-02-25 19:25:03] ECHO
[2024-02-25 19:25:03] O[20] 14.000,78.000|43.000,37.000|53.000,35.000|73.000,46.000|62.000,7.000|0.000,0.000|0.000,0.000|0.000,0.000|0.000,0.000|0.000,0.000|54.000,56.000|49.000,17.000|49.000,9.000|40.000,69.000|99.000,99.000|35.000,60.000|60.000,0.000|31.000,2.000|97.000,46.000|84.000,17.000
[2024-02-25 19:25:04] SEND
[2024-02-25 19:25:04] O[20] 14.000,78.000|43.000,37.000|53.000,35.000|73.000,46.000|62.000,7.000|0.000,0.000|0.000,0.000|0.000,0.000|0.000,0.000|0.000,0.000|54.000,56.000|49.000,17.000|49.000,9.000|40.000,69.000|99.000,99.000|35.000,60.000|60.000,0.000|31.000,2.000|97.000,46.000|84.000,17.000
[2024-02-25 19:25:04] ECHO
[2024-02-25 19:25:04] O[20] 14.000,78.000|43.000,37.000|53.000,35.000|73.000,46.000|62.000,7.000|0.000,0.000|0.000,0.000|0.000,0.000|0.000,0.000|0.000,0.000|54.000,56.000|49.000,17.000|49.000,9.000|40.000,69.000|99.000,99.000|35.000,60.000|60.000,0.000|31.000,2.000|97.000,46.000|84.000,17.000
[2024-02-25 19:25:04] SEND
[2024-02-25 19:25:04] O[20] 14.000,78.000|43.000,37.000|53.000,35.000|73.000,46.000|62.000,7.000|0.000,0.000|0.000,0.000|0.000,0.000|0.000,0.000|0.000,0.000|54.000,56.000|49.000,17.000|49.000,9.000|40.000,69.000|99.000,99.000|35.000,60.000|60.000,0.000|31.000,2.000|97.000,46.000|84.000,17.000
[2024-02-25 19:25:04] ECHO
[2024-02-25 19:25:04] O[20] 14.000,78.000|43.000,37.000|53.000,35.000|73.000,46.000|62.000,7.000|0.000,0.000|0.000,0.000|0.000,0.000|0.000,0.000|0.000,0.000|54.000,56.000|49.000,17.000|49.000,9.000|40.000,69.000|99.000,99.000|35.000,60.000|60.000,0.000|31.000,2.000|97.000,46.000|84.000,17.000
[2024-02-25 19:25:04] SEND
[2024-02-25 19:25:04] O[20] 14.000,78.000|43.000,37.000|53.000,35.000|73.000,46.000|62.000,7.000|0.000,0.000|0.000,0.000|0.000,0.000|0.000,0.000|0.000,0.000|54.000,56.000|49.000,17.000|49.000,9.000|40.000,69.000|99.000,99.000|35.000,60.000|60.000,0.000|31.000,2.000|97.000,46.000|84.000,17.000
[2024-02-25 19:25:04] ECHO
[2024-02-25 19:25:04] O[20] 14.000,78.000|43.000,37.000|53.000,35.000|73.000,46.000|62.000,7.000|0.000,0.000|0.000,0.000|0.000,0.000|0.000,0.000|0.000,0.000|54.000,56.000|49.000,17.000|49.000,9.000|40.000,69.000|99.000,99.000|35.000,60.000|60.000,0.000|31.000,2.000|97.000,46.000|84.000,17.000
[2024-02-25 19:25:04] SEND
[2024-02-25 19:25:04] O[20] 14.000,78.000|43.000,37.000|53.000,35.000|73.000,46.000|62.000,7.000|0.000,0.000|0.000,0.000|0.000,0.000|0.000,0.000|0.000,0.000|54.000,56.000|49.000,17.000|49.000,9.000|40.000,69.000|99.000,99.000|35.000,60.000|60.000,0.000|31.000,2.000|97.000,46.000|84.000,17.000
[2024-02-25 19:25:04] ECHO
[2024-02-25 19:25:04] O[20] 14.000,78.000|43.000,37.000|53.000,35.000|73.000,46.000|62.000,7.000|0.000,0.000|0.000,0.000|0.000,0.000|0.000,0.000|0.000,0.000|54.000,56.000|49.000,17.000|49.000,9.000|40.000,69.000|99.000,99.000|35.000,60.000|60.000,0.000|31.000,2.000|97.000,46.000|84.000,17.000
[2024-02-25 19:25:04] SEND
[2024-02-25 19:25:04] O[20] 14.000,78.000|43.000,37.000|53.000,35.000|73.000,46.000|62.000,7.000|0.000,0.000|0.000,0.000|0.000,0.000|0.000,0.000|0.000,0.000|54.000,56.000|49.000,17.000|49.000,9.000|40.000,69.000|99.000,99.000|35.000,60.000|60.000,0.000|31.000,2.000|97.000,46.000|84.000,17.000
[2024-02-25 19:25:04] ECHO
[2024-02-25 19:25:04] O[20] 14.000,78.000|43.000,37.000|53.000,35.000|73.000,46.000|62.000,7.000|0.000,0.000|0.000,0.000|0.000,0.000|0.000,0.000|0.000,0.000|54.000,56.000|49.000,17.000|49.000,9.000|40.000,69.000|99.000,99.000|35.000,60.000|60.000,0.000|31.000,2.000|97.000,46.000|84.000,17.000
[2024-02-25 19:25:04] SEND
[2024-02-25 19:25:04] O[20] 14.000,78.000|43.000,37.000|53.000,35.000|73.000,46.000|62.000,7.000|0.000,0.000|0.000,0.000|0.000,0.000|0.000,0.000|0.000,0.000|54.000,56.000|49.000,17.000|49.000,9.000|40.000,69.000|99.000,99.000|35.000,60.000|60.000,0.000|31.000,2.000|97.000,46.000|84.000,17.000
[2024-02-25 19:25:04] ECHO
[2024-02-25 19:25:04] O[20] 14.000,78.000|43.000,37.000|53.000,35.000|73.000,46.000|62.000,7.000|0.000,0.000|0.000,0.000|0.000,0.000|0.000,0.000|0.000,0.000|54.000,56.000|49.000,17.000|49.000,9.000|40.000,69.000|99.000,99.000|35.000,60.000|60.000,0.000|31.000,2.000|97.000,46.000|84.000,17.000
[2024-02-25 19:25:04] SEND
[2024-02-25 19:25:04] O[20] 14.000,78.000|43.000,37.000|53.000,35.000|73.000,46.000|62.000,7.000|0.000,0.000|0.000,0.000|0.000,0.000|0.000,0.000|0.000,0.000|54.000,56.000|49.000,17.000|49.000,9.000|40.000,69.000|99.000,99.000|35.000,60.000|60.000,0.000|31.000,2.000|97.000,46.000|84.000,17.000
[2024-02-25 19:25:04] ECHO
[2024-02-25 19:25:04] O[20] 14.000,78.000|43.000,37.000|53.000,35.000|73.000,46.000|62.000,7.000|0.000,0.000|0.000,0.000|0.000,0.000|0.000,0.000|0.000,0.000|54.000,56.000|49.000,17.000|49.000,9.000|40.000,69.000|99.000,99.000|35.000,60.000|60.000,0.000|31.000,2.000|97.000,46.000|84.000,17.000
[2024-02-25 19:25:04] SEND
[2024-02-25 19:25:04] O[20] 14.000,78.000|43.000,37.000|53.000,35.000|73.000,46.000|62.000,7.000|0.000,0.000|0.000,0.000|0.000,0.000|0.000,0.000|0.000,0.000|54.000,56.000|49.000,17.000|49.000,9.000|40.000,69.000|99.000,99.000|35.000,60.000|60.000,0.000|31.000,2.000|97.000,46.000|84.000,17.000
[2024-02-25 19:25:04] ECHO
[2024-02-25 19:25:04] O[20] 14.000,78.000|43.000,37.000|53.000,35.000|73.000,46.000|62.000,7.000|0.000,0.000|0.000,0.000|0.000,0.000|0.000,0.000|0.000,0.000|54.000,56.000|49.000,17.000|49.000,9.000|40.000,69.000|99.000,99.000|35.000,60.000|60.000,0.000|31.000,2.000|97.000,46.000|84.000,17.000
[2024-02-25 19:25:04] SEND
[2024-02-25 19:25:04] O[20] 14.000,78.000|43.000,37.000|53.000,35.000|73.000,46.000|62.000,7.000|0.000,0.000|0.000,0.000|0.000,0.000|0.000,0.000|0.000,0.000|54.000,56.000|49.000,17.000|49.000,9.000|40.000,69.000|99.000,99.000|35.000,60.000|60.000,0.000|31.000,2.000|97.000,46.000|84.000,17.000
[2024-02-25 19:25:04] ECHO
[2024-02-25 19:25:04] O[20] 14.000,78.000|43.000,37.000|53.000,35.000|73.000,46.000|62.000,7.000|0.000,0.000|0.000,0.000|0.000,0.000|0.000,0.000|0.000,0.000|54.000,56.000|49.000,17.000|49.000,9.000|40.000,69.000|99.000,99.000|35.000,60.000|60.000,0.000|31.000,2.000|97.000,46.000|84.000,17.000
[2024-02-25 19:25:04] SEND
[2024-02-25 19:25:04] O[20] 14.000,78.000|43.000,37.000|53.000,35.000|73.000,46.000|62.000,7.000|0.000,0.000|0.000,0.000|0.000,0.000|0.000,0.000|0.000,0.000|54.000,56.000|49.000,17.000|49.000,9.000|40.000,69.000|99.000,99.000|35.000,60.000|60.000,0.000|31.000,2.000|97.000,46.000|84.000,17.000
[2024-02-25 19:25:04] ECHO
[2024-02-25 19:25:04] O[20] 14.000,78.000|43.000,37.000|53.000,35.000|73.000,46.000|62.000,7.000|0.000,0.000|0.000,0.000|0.000,0.000|0.000,0.000|0.000,0.000|54.000,56.000|49.000,17.000|49.000,9.000|40.000,69.000|99.000,99.000|35.000,60.000|60.000,0.000|31.000,2.000|97.000,46.000|84.000,17.000
[2024-02-25 19:25:04] SEND
[2024-02-25 19:25:04] O[20] 14.000,78.000|43.000,37.000|53.000,35.000|73.000,46.000|62.000,7.000|0.000,0.000|0.000,0.000|0.000,0.000|0.000,0.000|0.000,0.000|54.000,56.000|49.000,17.000|49.000,9.000|40.000,69.000|99.000,99.000|35.000,60.000|60.000,0.000|31.000,2.000|97.000,46.000|84.000,17.000
[2024-02-25 19:25:04] ECHO
[2024-02-25 19:25:04] O[20] 14.000,78.000|43.000,37.000|53.000,35.000|73.000,46.000|62.000,7.000|0.000,0.000|0.000,0.000|0.000,0.000|0.000,0.000|0.000,0.000|54.000,56.000|49.000,17.000|49.000,9.000|40.000,69.000|99.000,99.000|35.000,60.000|60.000,0.000|31.000,2.000|97.000,46.000|84.000,17.000
[2024-02-25 19:25:04] SEND
[2024-02-25 19:25:04] O[20] 14.000,78.000|43.000,37.000|53.000,35.000|73.000,46.000|62.000,7.000|0.000,0.000|0.000,0.000|0.000,0.000|0.000,0.000|0.000,0.000|54.000,56.000|49.000,17.000|49.000,9.000|40.000,69.000|99.000,99.000|35.000,60.000|60.000,0.000|31.000,2.000|97.000,46.000|84.000,17.000
[2024-02-25 19:25:04] ECHO
[2024-02-25 19:25:04] O[20] 14.000,78.000|43.000,37.000|53.000,35.000|73.000,46.000|62.000,7.000|0.000,0.000|0.000,0.000|0.000,0.000|0.000,0.000|0.000,0.000|54.000,56.000|49.000,17.000|49.000,9.000|40.000,69.000|99.000,99.000|35.000,60.000|60.000,0.000|31.000,2.000|97.000,46.000|84.000,17.000
[2024-02-25 19:25:04] SEND
[2024-02-25 19:25:04] O[20] 14.000,78.000|43.000,37.000|53.000,35.000|73.000,46.000|62.000,7.000|0.000,0.000|0.000,0.000|0.000,0.000|0.000,0.000|0.000,0.000|54.000,56.000|49.000,17.000|49.000,9.000|40.000,69.000|99.000,99.000|35.000,60.000|60.000,0.000|31.000,2.000|97.000,46.000|84.000,17.000
[2024-02-25 19:25:04] ECHO
[2024-02-25 19:25:04] O[20] 14.000,78.000|43.000,37.000|53.000,35.000|73.000,46.000|62.000,7.000|0.000,0.000|0.000,0.000|0.000,0.000|0.000,0.000|0.000,0.000|54.000,56.000|49.000,17.000|49.000,9.000|40.000,69.000|99.000,99.000|35.000,60.000|60.000,0.000|31.000,2.000|97.000,46.000|84.000,17.000
[2024-02-25 19:25:04] SEND
[2024-02-25 19:25:04] O[20] 14.000,78.000|43.000,37.000|53.000,35.000|73.000,46.000|62.000,7.000|0.000,0.000|0.000,0.000|0.000,0.000|0.000,0.000|0.000,0.000|54.000,56.000|49.000,17.000|49.000,9.000|40.000,69.000|99.000,99.000|35.000,60.000|60.000,0.000|31.000,2.000|97.000,46.000|84.000,17.000
[2024-02-25 19:25:04] ECHO
[2024-02-25 19:25:04] O[20] 14.000,78.000|43.000,37.000|53.000,35.000|73.000,46.000|62.000,7.000|0.000,0.000|0.000,0.000|0.000,0.000|0.000,0.000|0.000,0.000|54.000,56.000|49.000,17.000|49.000,9.000|40.000,69.000|99.000,99.000|35.000,60.000|60.000,0.000|31.000,2.000|97.000,46.000|84.000,17.000
[2024-02-25 19:25:04] SEND
[2024-02-25 19:25:04] O[20] 14.000,78.000|43.000,37.000|53.000,35.000|73.000,46.000|62.000,7.000|0.000,0.000|0.000,0.000|0.000,0.000|0.000,0.000|0.000,0.000|54.000,56.000|49.000,17.000|49.000,9.000|40.000,69.000|99.000,99.000|35.000,60.000|60.000,0.000|31.000,2.000|97.000,46.000|84.000,17.000
[2024-02-25 19:25:04] ECHO
[2024-02-25 19:25:04] O[20] 14.000,78.000|43.000,37.000|53.000,35.000|73.000,46.000|62.000,7.000|0.000,0.000|0.000,0.000|0.000,0.000|0.000,0.000|0.000,0.000|54.000,56.000|49.000,17.000|49.000,9.000|40.000,69.000|99.000,99.000|35.000,60.000|60.000,0.000|31.000,2.000|97.000,46.000|84.000,17.000
[2024-02-25 19:25:04] SEND
[2024-02-25 19:25:04] O[20] 14.000,78.000|43.000,37.000|53.000,35.000|73.000,46.000|62.000,7.000|0.000,0.000|0.000,0.000|0.000,0.000|0.000,0.000|0.000,0.000|54.000,56.000|49.000,17.000|49.000,9.000|40.000,69.000|99.000,99.000|35.000,60.000|60.000,0.000|31.000,2.000|97.000,46.000|84.000,17.000
[2024-02-25 19:25:04] ECHO
[2024-02-25 19:25:04] O[20] 14.000,78.000|43.000,37.000|53.000,35.000|73.000,46.000|62.000,7.000|0.000,0.000|0.000,0.000|0.000,0.000|0.000,0.000|0.000,0.000|54.000,56.000|49.000,17.000|49.000,9.000|40.000,69.000|99.000,99.000|35.000,60.000|60.000,0.000|31.000,2.000|97.000,46.000|84.000,17.000
[2024-02-25 19:25:04] SEND
[2024-02-25 19:25:04] O[20] 14.000,78.000|43.000,37.000|53.000,35.000|73.000,46.000|62.000,7.000|0.000,0.000|0.000,0.000|0.000,0.000|0.000,0.000|0.000,0.000|54.000,56.000|49.000,17.000|49.000,9.000|40.000,69.000|99.000,99.000|35.000,60.000|60.000,0.000|31.000,2.000|97.000,46.000|84.000,17.000
[2024-02-25 19:25:04] ECHO
[2024-02-25 19:25:04] O[20] 14.000,78.000|43.000,37.000|53.000,35.000|73.000,46.000|62.000,7.000|0.000,0.000|0.000,0.000|0.000,0.000|0.000,0.000|0.000,0.000|54.000,56.000|49.000,17.000|49.000,9.000|40.000,69.000|99.000,99.000|35.000,60.000|60.000,0.000|31.000,2.000|97.000,46.000|84.000,17.000
[2024-02-25 19:25:04] SEND
[2024-02-25 19:25:04] O[20] 14.000,78.000|43.000,37.000|53.000,35.000|73.000,46.000|62.000,7.000|0.000,0.000|0.000,0.000|0.000,0.000|0.000,0.000|0.000,0.000|54.000,56.000|49.000,17.000|49.000,9.000|40.000,69.000|99.000,99.000|35.000,60.000|60.000,0.000|31.000,2.000|97.000,46.000|84.000,17.000
[2024-02-25 19:25:04] ECHO
[2024-02-25 19:25:04] O[20] 14.000,78.000|43.000,37.000|53.000,35.000|73.000,46.000|62.000,7.000|0.000,0.000|0.000,0.000|0.000,0.000|0.000,0.000|0.000,0.000|54.000,56.000|49.000,17.000|49.000,9.000|40.000,69.000|99.000,99.000|35.000,60.000|60.000,0.000|31.000,2.000|97.000,46.000|84.000,17.000
[2024-02-25 19:25:04] SEND
[2024-02-25 19:25:04] O[20] 14.000,78.000|43.000,37.000|53.000,35.000|73.000,46.000|62.000,7.000|0.000,0.000|0.000,0.000|0.000,0.000|0.000,0.000|0.000,0.000|54.000,56.000|49.000,17.000|49.000,9.000|40.000,69.000|99.000,99.000|35.000,60.000|60.000,0.000|31.000,2.000|97.000,46.000|84.000,17.000
[2024-02-25 19:25:04] ECHO
[2024-02-25 19:25:04] O[20] 14.000,78.000|43.000,37.000|53.000,35.000|73.000,46.000|62.000,7.000|0.000,0.000|0.000,0.000|0.000,0.000|0.000,0.000|0.000,0.000|54.000,56.000|49.000,17.000|49.000,9.000|40.000,69.000|99.000,99.000|35.000,60.000|60.000,0.000|31.000,2.000|97.000,46.000|84.000,17.000
[2024-02-25 19:25:04] SEND
[2024-02-25 19:25:04] O[20] 14.000,78.000|43.000,37.000|53.000,35.000|73.000,46.000|62.000,7.000|0.000,0.000|0.000,0.000|0.000,0.000|0.000,0.000|0.000,0.000|54.000,56.000|49.000,17.000|49.000,9.000|40.000,69.000|99.000,99.000|35.000,60.000|60.000,0.000|31.000,2.000|97.000,46.000|84.000,17.000
[2024-02-25 19:25:04] ECHO
[2024-02-25 19:25:04] O[20] 14.000,78.000|43.000,37.000|53.000,35.000|73.000,46.000|62.000,7.000|0.000,0.000|0.000,0.000|0.000,0.000|0.000,0.000|0.000,0.000|54.000,56.000|49.000,17.000|49.000,9.000|40.000,69.000|99.000,99.000|35.000,60.000|60.000,0.000|31.000,2.000|97.000,46.000|84.000,17.000
[2024-02-25 19:25:05] SEND
[2024-02-25 19:25:05] O[20] 14.000,78.000|43.000,37.000|53.000,35.000|73.000,46.000|62.000,7.000|0.000,0.000|0.000,0.000|0.000,0.000|0.000,0.000|0.000,0.000|54.000,56.000|49.000,17.000|49.000,9.000|40.000,69.000|99.000,99.000|35.000,60.000|60.000,0.000|31.000,2.000|97.000,46.000|84.000,17.000
[2024-02-25 19:25:05] ECHO
[2024-02-25 19:25:05] O[20] 14.000,78.000|43.000,37.000|53.000,35.000|73.000,46.000|62.000,7.000|0.000,0.000|0.000,0.000|0.000,0.000|0.000,0.000|0.000,0.000|54.000,56.000|49.000,17.000|49.000,9.000|40.000,69.000|99.000,99.000|35.000,60.000|60.000,0.000|31.000,2.000|97.000,46.000|84.000,17.000
[2024-02-25 19:25:05] SEND
[2024-02-25 19:25:05] O[20] 14.000,78.000|43.000,37.000|53.000,35.000|73.000,46.000|62.000,7.000|0.000,0.000|0.000,0.000|0.000,0.000|0.000,0.000|0.000,0.000|54.000,56.000|49.000,17.000|49.000,9.000|40.000,69.000|99.000,99.000|35.000,60.000|60.000,0.000|31.000,2.000|97.000,46.000|84.000,17.000
[2024-02-25 19:25:05] ECHO
[2024-02-25 19:25:05] O[20] 14.000,78.000|43.000,37.000|53.000,35.000|73.000,46.000|62.000,7.000|0.000,0.000|0.000,0.000|0.000,0.000|0.000,0.000|0.000,0.000|54.000,56.000|49.000,17.000|49.000,9.000|40.000,69.000|99.000,99.000|35.000,60.000|60.000,0.000|31.000,2.000|97.000,46.000|84.000,17.000
[2024-02-25 19:25:05] SEND
[2024-02-25 19:25:05] O[20] 14.000,78.000|43.000,37.000|53.000,35.000|73.000,46.000|62.000,7.000|0.000,0.000|0.000,0.000|0.000,0.000|0.000,0.000|0.000,0.000|54.000,56.000|49.000,17.000|49.000,9.000|40.000,69.000|99.000,99.000|35.000,60.000|60.000,0.000|31.000,2.000|97.000,46.000|84.000,17.000
[2024-02-25 19:25:05] ECHO
[2024-02-25 19:25:05] O[20] 14.000,78.000|43.000,37.000|53.000,35.000|73.000,46.000|62.000,7.000|0.000,0.000|0.000,0.000|0.000,0.000|0.000,0.000|0.000,0.000|54.000,56.000|49.000,17.000|49.000,9.000|40.000,69.000|99.000,99.000|35.000,60.000|60.000,0.000|31.000,2.000|97.000,46.000|84.000,17.000
[2024-02-25 19:25:05] SEND
[2024-02-25 19:25:05] O[20] 14.000,78.000|43.000,37.000|53.000,35.000|73.000,46.000|62.000,7.000|0.000,0.000|0.000,0.000|0.000,0.000|0.000,0.000|0.000,0.000|54.000,56.000|49.000,17.000|49.000,9.000|40.000,69.000|99.000,99.000|35.000,60.000|60.000,0.000|31.000,2.000|97.000,46.000|84.000,17.000
[2024-02-25 19:25:05] ECHO
[2024-02-25 19:25:05] O[20] 14.000,78.000|43.000,37.000|53.000,35.000|73.000,46.000|62.000,7.000|0.000,0.000|0.000,0.000|0.000,0.000|0.000,0.000|0.000,0.000|54.000,56.000|49.000,17.000|49.000,9.000|40.000,69.000|99.000,99.000|35.000,60.000|60.000,0.000|31.000,2.000|97.000,46.000|84.000,17.000
[2024-02-25 19:25:05] SEND
[2024-02-25 19:25:05] O[20] 14.000,78.000|43.000,37.000|53.000,35.000|73.000,46.000|62.000,7.000|0.000,0.000|0.000,0.000|0.000,0.000|0.000,0.000|0.000,0.000|54.000,56.000|49.000,17.000|49.000,9.000|40.000,69.000|99.000,99.000|35.000,60.000|60.000,0.000|31.000,2.000|97.000,46.000|84.000,17.000
[2024-02-25 19:25:05] ECHO
[2024-02-25 19:25:05] O[20] 14.000,78.000|43.000,37.000|53.000,35.000|73.000,46.000|62.000,7.000|0.000,0.000|0.000,0.000|0.000,0.000|0.000,0.000|0.000,0.000|54.000,56.000|49.000,17.000|49.000,9.000|40.000,69.000|99.000,99.000|35.000,60.000|60.000,0.000|31.000,2.000|97.000,46.000|84.000,17.000
[2024-02-25 19:25:05] SEND
[2024-02-25 19:25:05] O[20] 14.000,78.000|43.000,37.000|53.000,35.000|73.000,46.000|62.000,7.000|0.000,0.000|0.000,0.000|0.000,0.000|0.000,0.000|0.000,0.000|54.000,56.000|49.000,17.000|49.000,9.000|40.000,69.000|99.000,99.000|35.000,60.000|60.000,0.000|31.000,2.000|97.000,46.000|84.000,17.000
[2024-02-25 19:25:05] ECHO
[2024-02-25 19:25:05] O[20] 14.000,78.000|43.000,37.000|53.000,35.000|73.000,46.000|62.000,7.000|0.000,0.000|0.000,0.000|0.000,0.000|0.000,0.000|0.000,0.000|54.000,56.000|49.000,17.000|49.000,9.000|40.000,69.000|99.000,99.000|35.000,60.000|60.000,0.000|31.000,2.000|97.000,46.000|84.000,17.000
[2024-02-25 19:25:05] SEND
[2024-02-25 19:25:05] O[20] 14.000,78.000|43.000,37.000|53.000,35.000|73.000,46.000|62.000,7.000|0.000,0.000|0.000,0.000|0.000,0.000|0.000,0.000|0.000,0.000|54.000,56.000|49.000,17.000|49.000,9.000|40.000,69.000|99.000,99.000|35.000,60.000|60.000,0.000|31.000,2.000|97.000,46.000|84.000,17.000
[2024-02-25 19:25:05] ECHO
[2024-02-25 19:25:05] O[20] 14.000,78.000|43.000,37.000|53.000,35.000|73.000,46.000|62.000,7.000|0.000,0.000|0.000,0.000|0.000,0.000|0.000,0.000|0.000,0.000|54.000,56.000|49.000,17.000|49.000,9.000|40.000,69.000|99.000,99.000|35.000,60.000|60.000,0.000|31.000,2.000|97.000,46.000|84.000,17.000
[2024-02-25 19:25:05] SEND
[2024-02-25 19:25:05] O[20] 14.000,78.000|43.000,37.000|53.000,35.000|73.000,46.000|62.000,7.000|0.000,0.000|0.000,0.000|0.000,0.000|0.000,0.000|0.000,0.000|54.000,56.000|49.000,17.000|49.000,9.000|40.000,69.000|99.000,99.000|35.000,60.000|60.000,0.000|31.000,2.000|97.000,46.000|84.000,17.000
[2024-02-25 19:25:05] ECHO
[2024-02-25 19:25:05] O[20] 14.000,78.000|43.000,37.000|53.000,35.000|73.000,46.000|62.000,7.000|0.000,0.000|0.000,0.000|0.000,0.000|0.000,0.000|0.000,0.000|54.000,56.000|49.000,17.000|49.000,9.000|40.000,69.000|99.000,99.000|35.000,60.000|60.000,0.000|31.000,2.000|97.000,46.000|84.000,17.000
[2024-02-25 19:25:05] SEND
[2024-02-25 19:25:05] O[20] 14.000,78.000|43.000,37.000|53.000,35.000|73.000,46.000|62.000,7.000|0.000,0.000|0.000,0.000|0.000,0.000|0.000,0.000|0.000,0.000|54.000,56.000|49.000,17.000|49.000,9.000|40.000,69.000|99.000,99.000|35.000,60.000|60.000,0.000|31.000,2.000|97.000,46.000|84.000,17.000
[2024-02-25 19:25:05] ECHO
[2024-02-25 19:25:05] O[20] 14.000,78.000|43.000,37.000|53.000,35.000|73.000,46.000|62.000,7.000|0.000,0.000|0.000,0.000|0.000,0.000|0.000,0.000|0.000,0.000|54.000,56.000|49.000,17.000|49.000,9.000|40.000,69.000|99.000,99.000|35.000,60.000|60.000,0.000|31.000,2.000|97.000,46.000|84.000,17.000
[2024-02-25 19:25:05] SEND
[2024-02-25 19:25:05] O[20] 14.000,78.000|43.000,37.000|53.000,35.000|73.000,46.000|62.000,7.000|0.000,0.000|0.000,0.000|0.000,0.000|0.000,0.000|0.000,0.000|54.000,56.000|49.000,17.000|49.000,9.000|40.000,69.000|99.000,99.000|35.000,60.000|60.000,0.000|31.000,2.000|97.000,46.000|84.000,17.000
[2024-02-25 19:25:05] ECHO
[2024-02-25 19:25:05] O[20] 14.000,78.000|43.000,37.000|53.000,35.000|73.000,46.000|62.000,7.000|0.000,0.000|0.000,0.000|0.000,0.000|0.000,0.000|0.000,0.000|54.000,56.000|49.000,17.000|49.000,9.000|40.000,69.000|99.000,99.000|35.000,60.000|60.000,0.000|31.000,2.000|97.000,46.000|84.000,17.000
[2024-02-25 19:25:05] SEND
[2024-02-25 19:25:05] O[20] 14.000,78.000|43.000,37.000|53.000,35.000|73.000,46.000|62.000,7.000|0.000,0.000|0.000,0.000|0.000,0.000|0.000,0.000|0.000,0.000|54.000,56.000|49.000,17.000|49.000,9.000|40.000,69.000|99.000,99.000|35.000,60.000|60.000,0.000|31.000,2.000|97.000,46.000|84.000,17.000
[2024-02-25 19:25:05] ECHO
[2024-02-25 19:25:05] O[20] 14.000,78.000|43.000,37.000|53.000,35.000|73.000,46.000|62.000,7.000|0.000,0.000|0.000,0.000|0.000,0.000|0.000,0.000|0.000,0.000|54.000,56.000|49.000,17.000|49.000,9.000|40.000,69.000|99.000,99.000|35.000,60.000|60.000,0.000|31.000,2.000|97.000,46.000|84.000,17.000
[2024-02-25 19:25:05] SEND
[2024-02-25 19:25:05] O[20] 14.000,78.000|43.000,37.000|53.000,35.000|73.000,46.000|62.000,7.000|0.000,0.000|0.000,0.000|0.000,0.000|0.000,0.000|0.000,0.000|54.000,56.000|49.000,17.000|49.000,9.000|40.000,69.000|99.000,99.000|35.000,60.000|60.000,0.000|31.000,2.000|97.000,46.000|84.000,17.000
[2024-02-25 19:25:05] ECHO
[2024-02-25 19:25:05] O[20] 14.000,78.000|43.000,37.000|53.000,35.000|73.000,46.000|62.000,7.000|0.000,0.000|0.000,0.000|0.000,0.000|0.000,0.000|0.000,0.000|54.000,56.000|49.000,17.000|49.000,9.000|40.000,69.000|99.000,99.000|35.000,60.000|60.000,0.000|31.000,2.000|97.000,46.000|84.000,17.000
[2024-02-25 19:25:05] SEND
[2024-02-25 19:25:05] O[20] 14.000,78.000|43.000,37.000|53.000,35.000|73.000,46.000|62.000,7.000|0.000,0.000|0.000,0.000|0.000,0.000|0.000,0.000|0.000,0.000|54.000,56.000|49.000,17.000|49.000,9.000|40.000,69.000|99.000,99.000|35.000,60.000|60.000,0.000|31.000,2.000|97.000,46.000|84.000,17.000
[2024-02-25 19:25:05] ECHO
[2024-02-25 19:25:05] O[20] 14.000,78.000|43.000,37.000|53.000,35.000|73.000,46.000|62.000,7.000|0.000,0.000|0.000,0.000|0.000,0.000|0.000,0.000|0.000,0.000|54.000,56.000|49.000,17.000|49.000,9.000|40.000,69.000|99.000,99.000|35.000,60.000|60.000,0.000|31.000,2.000|97.000,46.000|84.000,17.000
[2024-02-25 19:25:05] SEND
[2024-02-25 19:25:05] O[20] 14.000,78.000|43.000,37.000|53.000,35.000|73.000,46.000|62.000,7.000|0.000,0.000|0.000,0.000|0.000,0.000|0.000,0.000|0.000,0.000|54.000,56.000|49.000,17.000|49.000,9.000|40.000,69.000|99.000,99.000|35.000,60.000|60.000,0.000|31.000,2.000|97.000,46.000|84.000,17.000
[2024-02-25 19:25:05] ECHO
[2024-02-25 19:25:05] O[20] 14.000,78.000|43.000,37.000|53.000,35.000|73.000,46.000|62.000,7.000|0.000,0.000|0.000,0.000|0.000,0.000|0.000,0.000|0.000,0.000|54.000,56.000|49.000,17.000|49.000,9.000|40.000,69.000|99.000,99.000|35.000,60.000|60.000,0.000|31.000,2.000|97.000,46.000|84.000,17.000
[2024-02-25 19:25:05] SEND
[2024-02-25 19:25:05] O[20] 14.000,78.000|43.000,37.000|53.000,35.000|73.000,46.000|62.000,7.000|0.000,0.000|0.000,0.000|0.000,0.000|0.000,0.000|0.000,0.000|54.000,56.000|49.000,17.000|49.000,9.000|40.000,69.000|99.000,99.000|35.000,60.000|60.000,0.000|31.000,2.000|97.000,46.000|84.000,17.000
[2024-02-25 19:25:05] ECHO
[2024-02-25 19:25:05] O[20] 14.000,78.000|43.000,37.000|53.000,35.000|73.000,46.000|62.000,7.000|0.000,0.000|0.000,0.000|0.000,0.000|0.000,0.000|0.000,0.000|54.000,56.000|49.000,17.000|49.000,9.000|40.000,69.000|99.000,99.000|35.000,60.000|60.000,0.000|31.000,2.000|97.000,46.000|84.000,17.000
[2024-02-25 19:25:05] SEND
[2024-02-25 19:25:05] O[20] 14.000,78.000|43.000,37.000|53.000,35.000|73.000,46.000|62.000,7.000|0.000,0.000|0.000,0.000|0.000,0.000|0.000,0.000|0.000,0.000|54.000,56.000|49.000,17.000|49.000,9.000|40.000,69.000|99.000,99.000|35.000,60.000|60.000,0.000|31.000,2.000|97.000,46.000|84.000,17.000
[2024-02-25 19:25:05] ECHO
[2024-02-25 19:25:05] O[20] 14.000,78.000|43.000,37.000|53.000,35.000|73.000,46.000|62.000,7.000|0.000,0.000|0.000,0.000|0.000,0.000|0.000,0.000|0.000,0.000|54.000,56.000|49.000,17.000|49.000,9.000|40.000,69.000|99.000,99.000|35.000,60.000|60.000,0.000|31.000,2.000|97.000,46.000|84.000,17.000
[2024-02-25 19:25:05] SEND
[2024-02-25 19:25:05] O[20] 14.000,78.000|43.000,37.000|53.000,35.000|73.000,46.000|62.000,7.000|0.000,0.000|0.000,0.000|0.000,0.000|0.000,0.000|0.000,0.000|54.000,56.000|49.000,17.000|49.000,9.000|40.000,69.000|99.000,99.000|35.000,60.000|60.000,0.000|31.000,2.000|97.000,46.000|84.000,17.000
[2024-02-25 19:25:05] ECHO
[2024-02-25 19:25:05] O[20] 14.000,78.000|43.000,37.000|53.000,35.000|73.000,46.000|62.000,7.000|0.000,0.000|0.000,0.000|0.000,0.000|0.000,0.000|0.000,0.000|54.000,56.000|49.000,17.000|49.000,9.000|40.000,69.000|99.000,99.000|35.000,60.000|60.000,0.000|31.000,2.000|97.000,46.000|84.000,17.000
[2024-02-25 19:25:05] SEND
[2024-02-25 19:25:05] O[20] 14.000,78.000|43.000,37.000|53.000,35.000|73.000,46.000|62.000,7.000|0.000,0.000|0.000,0.000|0.000,0.000|0.000,0.000|0.000,0.000|54.000,56.000|49.000,17.000|49.000,9.000|40.000,69.000|99.000,99.000|35.000,60.000|60.000,0.000|31.000,2.000|97.000,46.000|84.000,17.000
[2024-02-25 19:25:05] ECHO
[2024-02-25 19:25:05] O[20] 14.000,78.000|43.000,37.000|53.000,35.000|73.000,46.000|62.000,7.000|0.000,0.000|0.000,0.000|0.000,0.000|0.000,0.000|0.000,0.000|54.000,56.000|49.000,17.000|49.000,9.000|40.000,69.000|99.000,99.000|35.000,60.000|60.000,0.000|31.000,2.000|97.000,46.000|84.000,17.000
[2024-02-25 19:25:05] SEND
[2024-02-25 19:25:05] O[20] 14.000,78.000|43.000,37.000|53.000,35.000|73.000,46.000|62.000,7.000|0.000,0.000|0.000,0.000|0.000,0.000|0.000,0.000|0.000,0.000|54.000,56.000|49.000,17.000|49.000,9.000|40.000,69.000|99.000,99.000|35.000,60.000|60.000,0.000|31.000,2.000|97.000,46.000|84.000,17.000
[2024-02-25 19:25:05] ECHO
[2024-02-25 19:25:05] O[20] 14.000,78.000|43.000,37.000|53.000,35.000|73.000,46.000|62.000,7.000|0.000,0.000|0.000,0.000|0.000,0.000|0.000,0.000|0.000,0.000|54.000,56.000|49.000,17.000|49.000,9.000|40.000,69.000|99.000,99.000|35.000,60.000|60.000,0.000|31.000,2.000|97.000,46.000|84.000,17.000
[2024-02-25 19:25:05] SEND
[2024-02-25 19:25:05] O[20] 14.000,78.000|43.000,37.000|53.000,35.000|73.000,46.000|62.000,7.000|0.000,0.000|0.000,0.000|0.000,0.000|0.000,0.000|0.000,0.000|54.000,56.000|49.000,17.000|49.000,9.000|40.000,69.000|99.000,99.000|35.000,60.000|60.000,0.000|31.000,2.000|97.000,46.000|84.000,17.000
[2024-02-25 19:25:05] ECHO
[2024-02-25 19:25:05] O[20] 14.000,78.000|43.000,37.000|53.000,35.000|73.000,46.000|62.000,7.000|0.000,0.000|0.000,0.000|0.000,0.000|0.000,0.000|0.000,0.000|54.000,56.000|49.000,17.000|49.000,9.000|40.000,69.000|99.000,99.000|35.000,60.000|60.000,0.000|31.000,2.000|97.000,46.000|84.000,17.000
[2024-02-25 19:25:06] SEND
[2024-02-25 19:25:06] O[20] 14.000,78.000|43.000,37.000|53.000,35.000|73.000,46.000|62.000,7.000|0.000,0.000|0.000,0.000|0.000,0.000|0.000,0.000|0.000,0.000|54.000,56.000|49.000,17.000|49.000,9.000|40.000,69.000|99.000,99.000|35.000,60.000|60.000,0.000|31.000,2.000|97.000,46.000|84.000,17.000
[2024-02-25 19:25:06] ECHO
[2024-02-25 19:25:06] O[20] 14.000,78.000|43.000,37.000|53.000,35.000|73.000,46.000|62.000,7.000|0.000,0.000|0.000,0.000|0.000,0.000|0.000,0.000|0.000,0.000|54.000,56.000|49.000,17.000|49.000,9.000|40.000,69.000|99.000,99.000|35.000,60.000|60.000,0.000|31.000,2.000|97.000,46.000|84.000,17.000
[2024-02-25 19:25:06] SEND
[2024-02-25 19:25:06] O[20] 14.000,78.000|43.000,37.000|53.000,35.000|73.000,46.000|62.000,7.000|0.000,0.000|0.000,0.000|0.000,0.000|0.000,0.000|0.000,0.000|54.000,56.000|49.000,17.000|49.000,9.000|40.000,69.000|99.000,99.000|35.000,60.000|60.000,0.000|31.000,2.000|97.000,46.000|84.000,17.000
[2024-02-25 19:25:06] ECHO
[2024-02-25 19:25:06] O[20] 14.000,78.000|43.000,37.000|53.000,35.000|73.000,46.000|62.000,7.000|0.000,0.000|0.000,0.000|0.000,0.000|0.000,0.000|0.000,0.000|54.000,56.000|49.000,17.000|49.000,9.000|40.000,69.000|99.000,99.000|35.000,60.000|60.000,0.000|31.000,2.000|97.000,46.000|84.000,17.000
[2024-02-25 19:25:06] SEND
[2024-02-25 19:25:06] O[20] 14.000,78.000|43.000,37.000|53.000,35.000|73.000,46.000|62.000,7.000|0.000,0.000|0.000,0.000|0.000,0.000|0.000,0.000|0.000,0.000|54.000,56.000|49.000,17.000|49.000,9.000|40.000,69.000|99.000,99.000|35.000,60.000|60.000,0.000|31.000,2.000|97.000,46.000|84.000,17.000
[2024-02-25 19:25:06] ECHO
[2024-02-25 19:25:06] O[20] 14.000,78.000|43.000,37.000|53.000,35.000|73.000,46.000|62.000,7.000|0.000,0.000|0.000,0.000|0.000,0.000|0.000,0.000|0.000,0.000|54.000,56.000|49.000,17.000|49.000,9.000|40.000,69.000|99.000,99.000|35.000,60.000|60.000,0.000|31.000,2.000|97.000,46.000|84.000,17.000
[2024-02-25 19:25:06] SEND
[2024-02-25 19:25:06] O[20] 14.000,78.000|43.000,37.000|53.000,35.000|73.000,46.000|62.000,7.000|0.000,0.000|0.000,0.000|0.000,0.000|0.000,0.000|0.000,0.000|54.000,56.000|49.000,17.000|49.000,9.000|40.000,69.000|99.000,99.000|35.000,60.000|60.000,0.000|31.000,2.000|97.000,46.000|84.000,17.000
[2024-02-25 19:25:06] ECHO
[2024-02-25 19:25:06] O[20] 14.000,78.000|43.000,37.000|53.000,35.000|73.000,46.000|62.000,7.000|0.000,0.000|0.000,0.000|0.000,0.000|0.000,0.000|0.000,0.000|54.000,56.000|49.000,17.000|49.000,9.000|40.000,69.000|99.000,99.000|35.000,60.000|60.000,0.000|31.000,2.000|97.000,46.000|84.000,17.000
[2024-02-25 19:25:06] SEND
[2024-02-25 19:25:06] O[20] 14.000,78.000|43.000,37.000|53.000,35.000|73.000,46.000|62.000,7.000|0.000,0.000|0.000,0.000|0.000,0.000|0.000,0.000|0.000,0.000|54.000,56.000|49.000,17.000|49.000,9.000|40.000,69.000|99.000,99.000|35.000,60.000|60.000,0.000|31.000,2.000|97.000,46.000|84.000,17.000
[2024-02-25 19:25:06] ECHO
[2024-02-25 19:25:06] O[20] 14.000,78.000|43.000,37.000|53.000,35.000|73.000,46.000|62.000,7.000|0.000,0.000|0.000,0.000|0.000,0.000|0.000,0.000|0.000,0.000|54.000,56.000|49.000,17.000|49.000,9.000|40.000,69.000|99.000,99.000|35.000,60.000|60.000,0.000|31.000,2.000|97.000,46.000|84.000,17.000
[2024-02-25 19:25:06] SEND
[2024-02-25 19:25:06] O[20] 14.000,78.000|43.000,37.000|53.000,35.000|73.000,46.000|62.000,7.000|0.000,0.000|0.000,0.000|0.000,0.000|0.000,0.000|0.000,0.000|54.000,56.000|49.000,17.000|49.000,9.000|40.000,69.000|99.000,99.000|35.000,60.000|60.000,0.000|31.000,2.000|97.000,46.000|84.000,17.000
[2024-02-25 19:25:06] ECHO
[2024-02-25 19:25:06] O[20] 14.000,78.000|43.000,37.000|53.000,35.000|73.000,46.000|62.000,7.000|0.000,0.000|0.000,0.000|0.000,0.000|0.000,0.000|0.000,0.000|54.000,56.000|49.000,17.000|49.000,9.000|40.000,69.000|99.000,99.000|35.000,60.000|60.000,0.000|31.000,2.000|97.000,46.000|84.000,17.000
[2024-02-25 19:25:06] SEND
[2024-02-25 19:25:06] O[20] 14.000,78.000|43.000,37.000|53.000,35.000|73.000,46.000|62.000,7.000|0.000,0.000|0.000,0.000|0.000,0.000|0.000,0.000|0.000,0.000|54.000,56.000|49.000,17.000|49.000,9.000|40.000,69.000|99.000,99.000|35.000,60.000|60.000,0.000|31.000,2.000|97.000,46.000|84.000,17.000
[2024-02-25 19:25:06] ECHO
[2024-02-25 19:25:06] O[20] 14.000,78.000|43.000,37.000|53.000,35.000|73.000,46.000|62.000,7.000|0.000,0.000|0.000,0.000|0.000,0.000|0.000,0.000|0.000,0.000|54.000,56.000|49.000,17.000|49.000,9.000|40.000,69.000|99.000,99.000|35.000,60.000|60.000,0.000|31.000,2.000|97.000,46.000|84.000,17.000
[2024-02-25 19:25:06] SEND
[2024-02-25 19:25:06] O[20] 14.000,78.000|43.000,37.000|53.000,35.000|73.000,46.000|62.000,7.000|0.000,0.000|0.000,0.000|0.000,0.000|0.000,0.000|0.000,0.000|54.000,56.000|49.000,17.000|49.000,9.000|40.000,69.000|99.000,99.000|35.000,60.000|60.000,0.000|31.000,2.000|97.000,46.000|84.000,17.000
[2024-02-25 19:25:06] ECHO
[2024-02-25 19:25:06] O[20] 14.000,78.000|43.000,37.000|53.000,35.000|73.000,46.000|62.000,7.000|0.000,0.000|0.000,0.000|0.000,0.000|0.000,0.000|0.000,0.000|54.000,56.000|49.000,17.000|49.000,9.000|40.000,69.000|99.000,99.000|35.000,60.000|60.000,0.000|31.000,2.000|97.000,46.000|84.000,17.000
[2024-02-25 19:25:06] SEND
[2024-02-25 19:25:06] O[20] 14.000,78.000|43.000,37.000|53.000,35.000|73.000,46.000|62.000,7.000|0.000,0.000|0.000,0.000|0.000,0.000|0.000,0.000|0.000,0.000|54.000,56.000|49.000,17.000|49.000,9.000|40.000,69.000|99.000,99.000|35.000,60.000|60.000,0.000|31.000,2.000|97.000,46.000|84.000,17.000
[2024-02-25 19:25:06] ECHO
[2024-02-25 19:25:06] O[20] 14.000,78.000|43.000,37.000|53.000,35.000|73.000,46.000|62.000,7.000|0.000,0.000|0.000,0.000|0.000,0.000|0.000,0.000|0.000,0.000|54.000,56.000|49.000,17.000|49.000,9.000|40.000,69.000|99.000,99.000|35.000,60.000|60.000,0.000|31.000,2.000|97.000,46.000|84.000,17.000
[2024-02-25 19:25:06] SEND
[2024-02-25 19:25:06] O[20] 14.000,78.000|43.000,37.000|53.000,35.000|73.000,46.000|62.000,7.000|0.000,0.000|0.000,0.000|0.000,0.000|0.000,0.000|0.000,0.000|54.000,56.000|49.000,17.000|49.000,9.000|40.000,69.000|99.000,99.000|35.000,60.000|60.000,0.000|31.000,2.000|97.000,46.000|84.000,17.000
[2024-02-25 19:25:06] ECHO
[2024-02-25 19:25:06] O[20] 14.000,78.000|43.000,37.000|53.000,35.000|73.000,46.000|62.000,7.000|0.000,0.000|0.000,0.000|0.000,0.000|0.000,0.000|0.000,0.000|54.000,56.000|49.000,17.000|49.000,9.000|40.000,69.000|99.000,99.000|35.000,60.000|60.000,0.000|31.000,2.000|97.000,46.000|84.000,17.000
[2024-02-25 19:25:06] SEND
[2024-02-25 19:25:06] O[20] 14.000,78.000|43.000,37.000|53.000,35.000|73.000,46.000|62.000,7.000|0.000,0.000|0.000,0.000|0.000,0.000|0.000,0.000|0.000,0.000|54.000,56.000|49.000,17.000|49.000,9.000|40.000,69.000|99.000,99.000|35.000,60.000|60.000,0.000|31.000,2.000|97.000,46.000|84.000,17.000
[2024-02-25 19:25:06] ECHO
[2024-02-25 19:25:06] O[20] 14.000,78.000|43.000,37.000|53.000,35.000|73.000,46.000|62.000,7.000|0.000,0.000|0.000,0.000|0.000,0.000|0.000,0.000|0.000,0.000|54.000,56.000|49.000,17.000|49.000,9.000|40.000,69.000|99.000,99.000|35.000,60.000|60.000,0.000|31.000,2.000|97.000,46.000|84.000,17.000
[2024-02-25 19:25:06] SEND
[2024-02-25 19:25:06] O[20] 14.000,78.000|43.000,37.000|53.000,35.000|73.000,46.000|62.000,7.000|0.000,0.000|0.000,0.000|0.000,0.000|0.000,0.000|0.000,0.000|54.000,56.000|49.000,17.000|49.000,9.000|40.000,69.000|99.000,99.000|35.000,60.000|60.000,0.000|31.000,2.000|97.000,46.000|84.000,17.000
[2024-02-25 19:25:06] ECHO
[2024-02-25 19:25:06] O[20] 14.000,78.000|43.000,37.000|53.000,35.000|73.000,46.000|62.000,7.000|0.000,0.000|0.000,0.000|0.000,0.000|0.000,0.000|0.000,0.000|54.000,56.000|49.000,17.000|49.000,9.000|40.000,69.000|99.000,99.000|35.000,60.000|60.000,0.000|31.000,2.000|97.000,46.000|84.000,17.000
[2024-02-25 19:25:06] SEND
[2024-02-25 19:25:06] O[20] 14.000,78.000|43.000,37.000|53.000,35.000|73.000,46.000|62.000,7.000|0.000,0.000|0.000,0.000|0.000,0.000|0.000,0.000|0.000,0.000|54.000,56.000|49.000,17.000|49.000,9.000|40.000,69.000|99.000,99.000|35.000,60.000|60.000,0.000|31.000,2.000|97.000,46.000|84.000,17.000
[2024-02-25 19:25:06] ECHO
[2024-02-25 19:25:06] O[20] 14.000,78.000|43.000,37.000|53.000,35.000|73.000,46.000|62.000,7.000|0.000,0.000|0.000,0.000|0.000,0.000|0.000,0.000|0.000,0.000|54.000,56.000|49.000,17.000|49.000,9.000|40.000,69.000|99.000,99.000|35.000,60.000|60.000,0.000|31.000,2.000|97.000,46.000|84.000,17.000
[2024-02-25 19:25:06] SEND
[2024-02-25 19:25:06] O[20] 14.000,78.000|43.000,37.000|53.000,35.000|73.000,46.000|62.000,7.000|0.000,0.000|0.000,0.000|0.000,0.000|0.000,0.000|0.000,0.000|54.000,56.000|49.000,17.000|49.000,9.000|40.000,69.000|99.000,99.000|35.000,60.000|60.000,0.000|31.000,2.000|97.000,46.000|84.000,17.000
[2024-02-25 19:25:06] ECHO
[2024-02-25 19:25:06] O[20] 14.000,78.000|43.000,37.000|53.000,35.000|73.000,46.000|62.000,7.000|0.000,0.000|0.000,0.000|0.000,0.000|0.000,0.000|0.000,0.000|54.000,56.000|49.000,17.000|49.000,9.000|40.000,69.000|99.000,99.000|35.000,60.000|60.000,0.000|31.000,2.000|97.000,46.000|84.000,17.000
[2024-02-25 19:25:06] SEND
[2024-02-25 19:25:06] O[20] 14.000,78.000|43.000,37.000|53.000,35.000|73.000,46.000|62.000,7.000|0.000,0.000|0.000,0.000|0.000,0.000|0.000,0.000|0.000,0.000|54.000,56.000|49.000,17.000|49.000,9.000|40.000,69.000|99.000,99.000|35.000,60.000|60.000,0.000|31.000,2.000|97.000,46.000|84.000,17.000
[2024-02-25 19:25:06] ECHO
[2024-02-25 19:25:06] O[20] 14.000,78.000|43.000,37.000|53.000,35.000|73.000,46.000|62.000,7.000|0.000,0.000|0.000,0.000|0.000,0.000|0.000,0.000|0.000,0.000|54.000,56.000|49.000,17.000|49.000,9.000|40.000,69.000|99.000,99.000|35.000,60.000|60.000,0.000|31.000,2.000|97.000,46.000|84.000,17.000
[2024-02-25 19:25:06] SEND
[2024-02-25 19:25:06] O[20] 14.000,78.000|43.000,37.000|53.000,35.000|73.000,46.000|62.000,7.000|0.000,0.000|0.000,0.000|0.000,0.000|0.000,0.000|0.000,0.000|54.000,56.000|49.000,17.000|49.000,9.000|40.000,69.000|99.000,99.000|35.000,60.000|60.000,0.000|31.000,2.000|97.000,46.000|84.000,17.000
[2024-02-25 19:25:06] ECHO
[2024-02-25 19:25:06] O[20] 14.000,78.000|43.000,37.000|53.000,35.000|73.000,46.000|62.000,7.000|0.000,0.000|0.000,0.000|0.000,0.000|0.000,0.000|0.000,0.000|54.000,56.000|49.000,17.000|49.000,9.000|40.000,69.000|99.000,99.000|35.000,60.000|60.000,0.000|31.000,2.000|97.000,46.000|84.000,17.000
[2024-02-25 19:25:06] SEND
[2024-02-25 19:25:06] O[20] 14.000,78.000|43.000,37.000|53.000,35.000|73.000,46.000|62.000,7.000|0.000,0.000|0.000,0.000|0.000,0.000|0.000,0.000|0.000,0.000|54.000,56.000|49.000,17.000|49.000,9.000|40.000,69.000|99.000,99.000|35.000,60.000|60.000,0.000|31.000,2.000|97.000,46.000|84.000,17.000
[2024-02-25 19:25:06] ECHO
[2024-02-25 19:25:06] O[20] 14.000,78.000|43.000,37.000|53.000,35.000|73.000,46.000|62.000,7.000|0.000,0.000|0.000,0.000|0.000,0.000|0.000,0.000|0.000,0.000|54.000,56.000|49.000,17.000|49.000,9.000|40.000,69.000|99.000,99.000|35.000,60.000|60.000,0.000|31.000,2.000|97.000,46.000|84.000,17.000
[2024-02-25 19:25:06] SEND
[2024-02-25 19:25:06] O[20] 14.000,78.000|43.000,37.000|53.000,35.000|73.000,46.000|62.000,7.000|0.000,0.000|0.000,0.000|0.000,0.000|0.000,0.000|0.000,0.000|54.000,56.000|49.000,17.000|49.000,9.000|40.000,69.000|99.000,99.000|35.000,60.000|60.000,0.000|31.000,2.000|97.000,46.000|84.000,17.000
[2024-02-25 19:25:06] ECHO
[2024-02-25 19:25:06] O[20] 14.000,78.000|43.000,37.000|53.000,35.000|73.000,46.000|62.000,7.000|0.000,0.000|0.000,0.000|0.000,0.000|0.000,0.000|0.000,0.000|54.000,56.000|49.000,17.000|49.000,9.000|40.000,69.000|99.000,99.000|35.000,60.000|60.000,0.000|31.000,2.000|97.000,46.000|84.000,17.000
[2024-02-25 19:25:06] SEND
[2024-02-25 19:25:06] O[20] 14.000,78.000|43.000,37.000|53.000,35.000|73.000,46.000|62.000,7.000|0.000,0.000|0.000,0.000|0.000,0.000|0.000,0.000|0.000,0.000|54.000,56.000|49.000,17.000|49.000,9.000|40.000,69.000|99.000,99.000|35.000,60.000|60.000,0.000|31.000,2.000|97.000,46.000|84.000,17.000
[2024-02-25 19:25:06] ECHO
[2024-02-25 19:25:06] O[20] 14.000,78.000|43.000,37.000|53.000,35.000|73.000,46.000|62.000,7.000|0.000,0.000|0.000,0.000|0.000,0.000|0.000,0.000|0.000,0.000|54.000,56.000|49.000,17.000|49.000,9.000|40.000,69.000|99.000,99.000|35.000,60.000|60.000,0.000|31.000,2.000|97.000,46.000|84.000,17.000
[2024-02-25 19:25:07] SEND
[2024-02-25 19:25:07] O[20] 14.000,78.000|43.000,37.000|53.000,35.000|73.000,46.000|62.000,7.000|0.000,0.000|0.000,0.000|0.000,0.000|0.000,0.000|0.000,0.000|54.000,56.000|49.000,17.000|49.000,9.000|40.000,69.000|99.000,99.000|35.000,60.000|60.000,0.000|31.000,2.000|97.000,46.000|84.000,17.000
[2024-02-25 19:25:07] ECHO
[2024-02-25 19:25:07] O[20] 14.000,78.000|43.000,37.000|53.000,35.000|73.000,46.000|62.000,7.000|0.000,0.000|0.000,0.000|0.000,0.000|0.000,0.000|0.000,0.000|54.000,56.000|49.000,17.000|49.000,9.000|40.000,69.000|99.000,99.000|35.000,60.000|60.000,0.000|31.000,2.000|97.000,46.000|84.000,17.000
[2024-02-25 19:25:07] SEND
[2024-02-25 19:25:07] O[20] 14.000,78.000|43.000,37.000|53.000,35.000|73.000,46.000|62.000,7.000|0.000,0.000|0.000,0.000|0.000,0.000|0.000,0.000|0.000,0.000|54.000,56.000|49.000,17.000|49.000,9.000|40.000,69.000|99.000,99.000|35.000,60.000|60.000,0.000|31.000,2.000|97.000,46.000|84.000,17.000
[2024-02-25 19:25:07] ECHO
[2024-02-25 19:25:07] O[20] 14.000,78.000|43.000,37.000|53.000,35.000|73.000,46.000|62.000,7.000|0.000,0.000|0.000,0.000|0.000,0.000|0.000,0.000|0.000,0.000|54.000,56.000|49.000,17.000|49.000,9.000|40.000,69.000|99.000,99.000|35.000,60.000|60.000,0.000|31.000,2.000|97.000,46.000|84.000,17.000
[2024-02-25 19:25:07] SEND
[2024-02-25 19:25:07] O[20] 14.000,78.000|43.000,37.000|53.000,35.000|73.000,46.000|62.000,7.000|0.000,0.000|0.000,0.000|0.000,0.000|0.000,0.000|0.000,0.000|54.000,56.000|49.000,17.000|49.000,9.000|40.000,69.000|99.000,99.000|35.000,60.000|60.000,0.000|31.000,2.000|97.000,46.000|84.000,17.000
[2024-02-25 19:25:07] ECHO
[2024-02-25 19:25:07] O[20] 14.000,78.000|43.000,37.000|53.000,35.000|73.000,46.000|62.000,7.000|0.000,0.000|0.000,0.000|0.000,0.000|0.000,0.000|0.000,0.000|54.000,56.000|49.000,17.000|49.000,9.000|40.000,69.000|99.000,99.000|35.000,60.000|60.000,0.000|31.000,2.000|97.000,46.000|84.000,17.000
[2024-02-25 19:25:07] SEND
[2024-02-25 19:25:07] O[20] 14.000,78.000|43.000,37.000|53.000,35.000|73.000,46.000|62.000,7.000|0.000,0.000|0.000,0.000|0.000,0.000|0.000,0.000|0.000,0.000|54.000,56.000|49.000,17.000|49.000,9.000|40.000,69.000|99.000,99.000|35.000,60.000|60.000,0.000|31.000,2.000|97.000,46.000|84.000,17.000
[2024-02-25 19:25:07] ECHO
[2024-02-25 19:25:07] O[20] 14.000,78.000|43.000,37.000|53.000,35.000|73.000,46.000|62.000,7.000|0.000,0.000|0.000,0.000|0.000,0.000|0.000,0.000|0.000,0.000|54.000,56.000|49.000,17.000|49.000,9.000|40.000,69.000|99.000,99.000|35.000,60.000|60.000,0.000|31.000,2.000|97.000,46.000|84.000,17.000
[2024-02-25 19:25:07] SEND
[2024-02-25 19:25:07] O[20] 14.000,78.000|43.000,37.000|53.000,35.000|73.000,46.000|62.000,7.000|0.000,0.000|0.000,0.000|0.000,0.000|0.000,0.000|0.000,0.000|54.000,56.000|49.000,17.000|49.000,9.000|40.000,69.000|99.000,99.000|35.000,60.000|60.000,0.000|31.000,2.000|97.000,46.000|84.000,17.000
[2024-02-25 19:25:07] ECHO
[2024-02-25 19:25:07] O[20] 14.000,78.000|43.000,37.000|53.000,35.000|73.000,46.000|62.000,7.000|0.000,0.000|0.000,0.000|0.000,0.000|0.000,0.000|0.000,0.000|54.000,56.000|49.000,17.000|49.000,9.000|40.000,69.000|99.000,99.000|35.000,60.000|60.000,0.000|31.000,2.000|97.000,46.000|84.000,17.000
[2024-02-25 19:25:07] SEND
[2024-02-25 19:25:07] O[20] 14.000,78.000|43.000,37.000|53.000,35.000|73.000,46.000|62.000,7.000|0.000,0.000|0.000,0.000|0.000,0.000|0.000,0.000|0.000,0.000|54.000,56.000|49.000,17.000|49.000,9.000|40.000,69.000|99.000,99.000|35.000,60.000|60.000,0.000|31.000,2.000|97.000,46.000|84.000,17.000
[2024-02-25 19:25:07] ECHO
[2024-02-25 19:25:07] O[20] 14.000,78.000|43.000,37.000|53.000,35.000|73.000,46.000|62.000,7.000|0.000,0.000|0.000,0.000|0.000,0.000|0.000,0.000|0.000,0.000|54.000,56.000|49.000,17.000|49.000,9.000|40.000,69.000|99.000,99.000|35.000,60.000|60.000,0.000|31.000,2.000|97.000,46.000|84.000,17.000
[2024-02-25 19:25:07] SEND
[2024-02-25 19:25:07] O[20] 14.000,78.000|43.000,37.000|53.000,35.000|73.000,46.000|62.000,7.000|0.000,0.000|0.000,0.000|0.000,0.000|0.000,0.000|0.000,0.000|54.000,56.000|49.000,17.000|49.000,9.000|40.000,69.000|99.000,99.000|35.000,60.000|60.000,0.000|31.000,2.000|97.000,46.000|84.000,17.000
[2024-02-25 19:25:07] ECHO
[2024-02-25 19:25:07] O[20] 14.000,78.000|43.000,37.000|53.000,35.000|73.000,46.000|62.000,7.000|0.000,0.000|0.000,0.000|0.000,0.000|0.000,0.000|0.000,0.000|54.000,56.000|49.000,17.000|49.000,9.000|40.000,69.000|99.000,99.000|35.000,60.000|60.000,0.000|31.000,2.000|97.000,46.000|84.000,17.000
[2024-02-25 19:25:07] SEND
[2024-02-25 19:25:07] O[20] 14.000,78.000|43.000,37.000|53.000,35.000|73.000,46.000|62.000,7.000|0.000,0.000|0.000,0.000|0.000,0.000|0.000,0.000|0.000,0.000|54.000,56.000|49.000,17.000|49.000,9.000|40.000,69.000|99.000,99.000|35.000,60.000|60.000,0.000|31.000,2.000|97.000,46.000|84.000,17.000
[2024-02-25 19:25:07] ECHO
[2024-02-25 19:25:07] O[20] 14.000,78.000|43.000,37.000|53.000,35.000|73.000,46.000|62.000,7.000|0.000,0.000|0.000,0.000|0.000,0.000|0.000,0.000|0.000,0.000|54.000,56.000|49.000,17.000|49.000,9.000|40.000,69.000|99.000,99.000|35.000,60.000|60.000,0.000|31.000,2.000|97.000,46.000|84.000,17.000
[2024-02-25 19:25:07] SEND
[2024-02-25 19:25:07] O[20] 14.000,78.000|43.000,37.000|53.000,35.000|73.000,46.000|62.000,7.000|0.000,0.000|0.000,0.000|0.000,0.000|0.000,0.000|0.000,0.000|54.000,56.000|49.000,17.000|49.000,9.000|40.000,69.000|99.000,99.000|35.000,60.000|60.000,0.000|31.000,2.000|97.000,46.000|84.000,17.000
[2024-02-25 19:25:07] ECHO
[2024-02-25 19:25:07] O[20] 14.000,78.000|43.000,37.000|53.000,35.000|73.000,46.000|62.000,7.000|0.000,0.000|0.000,0.000|0.000,0.000|0.000,0.000|0.000,0.000|54.000,56.000|49.000,17.000|49.000,9.000|40.000,69.000|99.000,99.000|35.000,60.000|60.000,0.000|31.000,2.000|97.000,46.000|84.000,17.000
[2024-02-25 19:25:07] SEND
[2024-02-25 19:25:07] O[20] 14.000,78.000|43.000,37.000|53.000,35.000|73.000,46.000|62.000,7.000|0.000,0.000|0.000,0.000|0.000,0.000|0.000,0.000|0.000,0.000|54.000,56.000|49.000,17.000|49.000,9.000|40.000,69.000|99.000,99.000|35.000,60.000|60.000,0.000|31.000,2.000|97.000,46.000|84.000,17.000
[2024-02-25 19:25:07] ECHO
[2024-02-25 19:25:07] O[20] 14.000,78.000|43.000,37.000|53.000,35.000|73.000,46.000|62.000,7.000|0.000,0.000|0.000,0.000|0.000,0.000|0.000,0.000|0.000,0.000|54.000,56.000|49.000,17.000|49.000,9.000|40.000,69.000|99.000,99.000|35.000,60.000|60.000,0.000|31.000,2.000|97.000,46.000|84.000,17.000
[2024-02-25 19:25:07] SEND
[2024-02-25 19:25:07] O[20] 14.000,78.000|43.000,37.000|53.000,35.000|73.000,46.000|62.000,7.000|0.000,0.000|0.000,0.000|0.000,0.000|0.000,0.000|0.000,0.000|54.000,56.000|49.000,17.000|49.000,9.000|40.000,69.000|99.000,99.000|35.000,60.000|60.000,0.000|31.000,2.000|97.000,46.000|84.000,17.000
[2024-02-25 19:25:07] ECHO
[2024-02-25 19:25:07] O[20] 14.000,78.000|43.000,37.000|53.000,35.000|73.000,46.000|62.000,7.000|0.000,0.000|0.000,0.000|0.000,0.000|0.000,0.000|0.000,0.000|54.000,56.000|49.000,17.000|49.000,9.000|40.000,69.000|99.000,99.000|35.000,60.000|60.000,0.000|31.000,2.000|97.000,46.000|84.000,17.000
[2024-02-25 19:25:07] SEND
[2024-02-25 19:25:07] O[20] 14.000,78.000|43.000,37.000|53.000,35.000|73.000,46.000|62.000,7.000|0.000,0.000|0.000,0.000|0.000,0.000|0.000,0.000|0.000,0.000|54.000,56.000|49.000,17.000|49.000,9.000|40.000,69.000|99.000,99.000|35.000,60.000|60.000,0.000|31.000,2.000|97.000,46.000|84.000,17.000
[2024-02-25 19:25:07] ECHO
[2024-02-25 19:25:07] O[20] 14.000,78.000|43.000,37.000|53.000,35.000|73.000,46.000|62.000,7.000|0.000,0.000|0.000,0.000|0.000,0.000|0.000,0.000|0.000,0.000|54.000,56.000|49.000,17.000|49.000,9.000|40.000,69.000|99.000,99.000|35.000,60.000|60.000,0.000|31.000,2.000|97.000,46.000|84.000,17.000
[2024-02-25 19:25:07] SEND
[2024-02-25 19:25:07] O[20] 14.000,78.000|43.000,37.000|53.000,35.000|73.000,46.000|62.000,7.000|0.000,0.000|0.000,0.000|0.000,0.000|0.000,0.000|0.000,0.000|54.000,56.000|49.000,17.000|49.000,9.000|40.000,69.000|99.000,99.000|35.000,60.000|60.000,0.000|31.000,2.000|97.000,46.000|84.000,17.000
[2024-02-25 19:25:07] ECHO
[2024-02-25 19:25:07] O[20] 14.000,78.000|43.000,37.000|53.000,35.000|73.000,46.000|62.000,7.000|0.000,0.000|0.000,0.000|0.000,0.000|0.000,0.000|0.000,0.000|54.000,56.000|49.000,17.000|49.000,9.000|40.000,69.000|99.000,99.000|35.000,60.000|60.000,0.000|31.000,2.000|97.000,46.000|84.000,17.000
[2024-02-25 19:25:07] SEND
[2024-02-25 19:25:07] O[20] 14.000,78.000|43.000,37.000|53.000,35.000|73.000,46.000|62.000,7.000|0.000,0.000|0.000,0.000|0.000,0.000|0.000,0.000|0.000,0.000|54.000,56.000|49.000,17.000|49.000,9.000|40.000,69.000|99.000,99.000|35.000,60.000|60.000,0.000|31.000,2.000|97.000,46.000|84.000,17.000
[2024-02-25 19:25:07] ECHO
[2024-02-25 19:25:07] O[20] 14.000,78.000|43.000,37.000|53.000,35.000|73.000,46.000|62.000,7.000|0.000,0.000|0.000,0.000|0.000,0.000|0.000,0.000|0.000,0.000|54.000,56.000|49.000,17.000|49.000,9.000|40.000,69.000|99.000,99.000|35.000,60.000|60.000,0.000|31.000,2.000|97.000,46.000|84.000,17.000
[2024-02-25 19:25:07] SEND
[2024-02-25 19:25:07] O[20] 14.000,78.000|43.000,37.000|53.000,35.000|73.000,46.000|62.000,7.000|0.000,0.000|0.000,0.000|0.000,0.000|0.000,0.000|0.000,0.000|54.000,56.000|49.000,17.000|49.000,9.000|40.000,69.000|99.000,99.000|35.000,60.000|60.000,0.000|31.000,2.000|97.000,46.000|84.000,17.000
[2024-02-25 19:25:07] ECHO
[2024-02-25 19:25:07] O[20] 14.000,78.000|43.000,37.000|53.000,35.000|73.000,46.000|62.000,7.000|0.000,0.000|0.000,0.000|0.000,0.000|0.000,0.000|0.000,0.000|54.000,56.000|49.000,17.000|49.000,9.000|40.000,69.000|99.000,99.000|35.000,60.000|60.000,0.000|31.000,2.000|97.000,46.000|84.000,17.000
[2024-02-25 19:25:07] SEND
[2024-02-25 19:25:07] O[20] 14.000,78.000|43.000,37.000|53.000,35.000|73.000,46.000|62.000,7.000|0.000,0.000|0.000,0.000|0.000,0.000|0.000,0.000|0.000,0.000|54.000,56.000|49.000,17.000|49.000,9.000|40.000,69.000|99.000,99.000|35.000,60.000|60.000,0.000|31.000,2.000|97.000,46.000|84.000,17.000
[2024-02-25 19:25:07] ECHO
[2024-02-25 19:25:07] O[20] 14.000,78.000|43.000,37.000|53.000,35.000|73.000,46.000|62.000,7.000|0.000,0.000|0.000,0.000|0.000,0.000|0.000,0.000|0.000,0.000|54.000,56.000|49.000,17.000|49.000,9.000|40.000,69.000|99.000,99.000|35.000,60.000|60.000,0.000|31.000,2.000|97.000,46.000|84.000,17.000
[2024-02-25 19:25:07] SEND
[2024-02-25 19:25:07] O[20] 14.000,78.000|43.000,37.000|53.000,35.000|73.000,46.000|62.000,7.000|0.000,0.000|0.000,0.000|0.000,0.000|0.000,0.000|0.000,0.000|54.000,56.000|49.000,17.000|49.000,9.000|40.000,69.000|99.000,99.000|35.000,60.000|60.000,0.000|31.000,2.000|97.000,46.000|84.000,17.000
[2024-02-25 19:25:07] ECHO
[2024-02-25 19:25:07] O[20] 14.000,78.000|43.000,37.000|53.000,35.000|73.000,46.000|62.000,7.000|0.000,0.000|0.000,0.000|0.000,0.000|0.000,0.000|0.000,0.000|54.000,56.000|49.000,17.000|49.000,9.000|40.000,69.000|99.000,99.000|35.000,60.000|60.000,0.000|31.000,2.000|97.000,46.000|84.000,17.000
[2024-02-25 19:25:07] SEND
[2024-02-25 19:25:07] O[20] 14.000,78.000|43.000,37.000|53.000,35.000|73.000,46.000|62.000,7.000|0.000,0.000|0.000,0.000|0.000,0.000|0.000,0.000|0.000,0.000|54.000,56.000|49.000,17.000|49.000,9.000|40.000,69.000|99.000,99.000|35.000,60.000|60.000,0.000|31.000,2.000|97.000,46.000|84.000,17.000
[2024-02-25 19:25:07] ECHO
[2024-02-25 19:25:07] O[20] 14.000,78.000|43.000,37.000|53.000,35.000|73.000,46.000|62.000,7.000|0.000,0.000|0.000,0.000|0.000,0.000|0.000,0.000|0.000,0.000|54.000,56.000|49.000,17.000|49.000,9.000|40.000,69.000|99.000,99.000|35.000,60.000|60.000,0.000|31.000,2.000|97.000,46.000|84.000,17.000
[2024-02-25 19:25:07] SEND
[2024-02-25 19:25:07] O[20] 14.000,78.000|43.000,37.000|53.000,35.000|73.000,46.000|62.000,7.000|0.000,0.000|0.000,0.000|0.000,0.000|0.000,0.000|0.000,0.000|54.000,56.000|49.000,17.000|49.000,9.000|40.000,69.000|99.000,99.000|35.000,60.000|60.000,0.000|31.000,2.000|97.000,46.000|84.000,17.000
[2024-02-25 19:25:07] ECHO
[2024-02-25 19:25:07] O[20] 14.000,78.000|43.000,37.000|53.000,35.000|73.000,46.000|62.000,7.000|0.000,0.000|0.000,0.000|0.000,0.000|0.000,0.000|0.000,0.000|54.000,56.000|49.000,17.000|49.000,9.000|40.000,69.000|99.000,99.000|35.000,60.000|60.000,0.000|31.000,2.000|97.000,46.000|84.000,17.000
[2024-02-25 19:25:07] SEND
[2024-02-25 19:25:07] O[20] 14.000,78.000|43.000,37.000|53.000,35.000|73.000,46.000|62.000,7.000|0.000,0.000|0.000,0.000|0.000,0.000|0.000,0.000|0.000,0.000|54.000,56.000|49.000,17.000|49.000,9.000|40.000,69.000|99.000,99.000|35.000,60.000|60.000,0.000|31.000,2.000|97.000,46.000|84.000,17.000
[2024-02-25 19:25:07] ECHO
[2024-02-25 19:25:07] O[20] 14.000,78.000|43.000,37.000|53.000,35.000|73.000,46.000|62.000,7.000|0.000,0.000|0.000,0.000|0.000,0.000|0.000,0.000|0.000,0.000|54.000,56.000|49.000,17.000|49.000,9.000|40.000,69.000|99.000,99.000|35.000,60.000|60.000,0.000|31.000,2.000|97.000,46.000|84.000,17.000
[2024-02-25 19:25:08] SEND
[2024-02-25 19:25:08] O[20] 14.000,78.000|43.000,37.000|53.000,35.000|73.000,46.000|62.000,7.000|0.000,0.000|0.000,0.000|0.000,0.000|0.000,0.000|0.000,0.000|54.000,56.000|49.000,17.000|49.000,9.000|40.000,69.000|99.000,99.000|35.000,60.000|60.000,0.000|31.000,2.000|97.000,46.000|84.000,17.000
[2024-02-25 19:25:08] ECHO
[2024-02-25 19:25:08] O[20] 14.000,78.000|43.000,37.000|53.000,35.000|73.000,46.000|62.000,7.000|0.000,0.000|0.000,0.000|0.000,0.000|0.000,0.000|0.000,0.000|54.000,56.000|49.000,17.000|49.000,9.000|40.000,69.000|99.000,99.000|35.000,60.000|60.000,0.000|31.000,2.000|97.000,46.000|84.000,17.000
[2024-02-25 19:25:08] SEND
[2024-02-25 19:25:08] O[20] 14.000,78.000|43.000,37.000|53.000,35.000|73.000,46.000|62.000,7.000|0.000,0.000|0.000,0.000|0.000,0.000|0.000,0.000|0.000,0.000|54.000,56.000|49.000,17.000|49.000,9.000|40.000,69.000|99.000,99.000|35.000,60.000|60.000,0.000|31.000,2.000|97.000,46.000|84.000,17.000
[2024-02-25 19:25:08] ECHO
[2024-02-25 19:25:08] O[20] 14.000,78.000|43.000,37.000|53.000,35.000|73.000,46.000|62.000,7.000|0.000,0.000|0.000,0.000|0.000,0.000|0.000,0.000|0.000,0.000|54.000,56.000|49.000,17.000|49.000,9.000|40.000,69.000|99.000,99.000|35.000,60.000|60.000,0.000|31.000,2.000|97.000,46.000|84.000,17.000
[2024-02-25 19:25:08] SEND
[2024-02-25 19:25:08] O[20] 14.000,78.000|43.000,37.000|53.000,35.000|73.000,46.000|62.000,7.000|0.000,0.000|0.000,0.000|0.000,0.000|0.000,0.000|0.000,0.000|54.000,56.000|49.000,17.000|49.000,9.000|40.000,69.000|99.000,99.000|35.000,60.000|60.000,0.000|31.000,2.000|97.000,46.000|84.000,17.000
[2024-02-25 19:25:08] ECHO
[2024-02-25 19:25:08] O[20] 14.000,78.000|43.000,37.000|53.000,35.000|73.000,46.000|62.000,7.000|0.000,0.000|0.000,0.000|0.000,0.000|0.000,0.000|0.000,0.000|54.000,56.000|49.000,17.000|49.000,9.000|40.000,69.000|99.000,99.000|35.000,60.000|60.000,0.000|31.000,2.000|97.000,46.000|84.000,17.000
[2024-02-25 19:25:08] SEND
[2024-02-25 19:25:08] O[20] 14.000,78.000|43.000,37.000|53.000,35.000|73.000,46.000|62.000,7.000|0.000,0.000|0.000,0.000|0.000,0.000|0.000,0.000|0.000,0.000|54.000,56.000|49.000,17.000|49.000,9.000|40.000,69.000|99.000,99.000|35.000,60.000|60.000,0.000|31.000,2.000|97.000,46.000|84.000,17.000
[2024-02-25 19:25:08] ECHO
[2024-02-25 19:25:08] O[20] 14.000,78.000|43.000,37.000|53.000,35.000|73.000,46.000|62.000,7.000|0.000,0.000|0.000,0.000|0.000,0.000|0.000,0.000|0.000,0.000|54.000,56.000|49.000,17.000|49.000,9.000|40.000,69.000|99.000,99.000|35.000,60.000|60.000,0.000|31.000,2.000|97.000,46.000|84.000,17.000
[2024-02-25 19:25:08] SEND
[2024-02-25 19:25:08] O[20] 14.000,78.000|43.000,37.000|53.000,35.000|73.000,46.000|62.000,7.000|0.000,0.000|0.000,0.000|0.000,0.000|0.000,0.000|0.000,0.000|54.000,56.000|49.000,17.000|49.000,9.000|40.000,69.000|99.000,99.000|35.000,60.000|60.000,0.000|31.000,2.000|97.000,46.000|84.000,17.000
[2024-02-25 19:25:08] ECHO
[2024-02-25 19:25:08] O[20] 14.000,78.000|43.000,37.000|53.000,35.000|73.000,46.000|62.000,7.000|0.000,0.000|0.000,0.000|0.000,0.000|0.000,0.000|0.000,0.000|54.000,56.000|49.000,17.000|49.000,9.000|40.000,69.000|99.000,99.000|35.000,60.000|60.000,0.000|31.000,2.000|97.000,46.000|84.000,17.000
[2024-02-25 19:25:08] SEND
[2024-02-25 19:25:08] O[20] 14.000,78.000|43.000,37.000|53.000,35.000|73.000,46.000|62.000,7.000|0.000,0.000|0.000,0.000|0.000,0.000|0.000,0.000|0.000,0.000|54.000,56.000|49.000,17.000|49.000,9.000|40.000,69.000|99.000,99.000|35.000,60.000|60.000,0.000|31.000,2.000|97.000,46.000|84.000,17.000
[2024-02-25 19:25:08] ECHO
[2024-02-25 19:25:08] O[20] 14.000,78.000|43.000,37.000|53.000,35.000|73.000,46.000|62.000,7.000|0.000,0.000|0.000,0.000|0.000,0.000|0.000,0.000|0.000,0.000|54.000,56.000|49.000,17.000|49.000,9.000|40.000,69.000|99.000,99.000|35.000,60.000|60.000,0.000|31.000,2.000|97.000,46.000|84.000,17.000
[2024-02-25 19:25:08] SEND
[2024-02-25 19:25:08] O[20] 14.000,78.000|43.000,37.000|53.000,35.000|73.000,46.000|62.000,7.000|0.000,0.000|0.000,0.000|0.000,0.000|0.000,0.000|0.000,0.000|54.000,56.000|49.000,17.000|49.000,9.000|40.000,69.000|99.000,99.000|35.000,60.000|60.000,0.000|31.000,2.000|97.000,46.000|84.000,17.000
[2024-02-25 19:25:08] ECHO
[2024-02-25 19:25:08] O[20] 14.000,78.000|43.000,37.000|53.000,35.000|73.000,46.000|62.000,7.000|0.000,0.000|0.000,0.000|0.000,0.000|0.000,0.000|0.000,0.000|54.000,56.000|49.000,17.000|49.000,9.000|40.000,69.000|99.000,99.000|35.000,60.000|60.000,0.000|31.000,2.000|97.000,46.000|84.000,17.000
[2024-02-25 19:25:08] SEND
[2024-02-25 19:25:08] O[20] 14.000,78.000|43.000,37.000|53.000,35.000|73.000,46.000|62.000,7.000|0.000,0.000|0.000,0.000|0.000,0.000|0.000,0.000|0.000,0.000|54.000,56.000|49.000,17.000|49.000,9.000|40.000,69.000|99.000,99.000|35.000,60.000|60.000,0.000|31.000,2.000|97.000,46.000|84.000,17.000
[2024-02-25 19:25:08] ECHO
[2024-02-25 19:25:08] O[20] 14.000,78.000|43.000,37.000|53.000,35.000|73.000,46.000|62.000,7.000|0.000,0.000|0.000,0.000|0.000,0.000|0.000,0.000|0.000,0.000|54.000,56.000|49.000,17.000|49.000,9.000|40.000,69.000|99.000,99.000|35.000,60.000|60.000,0.000|31.000,2.000|97.000,46.000|84.000,17.000
[2024-02-25 19:25:08] SEND
[2024-02-25 19:25:08] O[20] 14.000,78.000|43.000,37.000|53.000,35.000|73.000,46.000|62.000,7.000|0.000,0.000|0.000,0.000|0.000,0.000|0.000,0.000|0.000,0.000|54.000,56.000|49.000,17.000|49.000,9.000|40.000,69.000|99.000,99.000|35.000,60.000|60.000,0.000|31.000,2.000|97.000,46.000|84.000,17.000
[2024-02-25 19:25:08] ECHO
[2024-02-25 19:25:08] O[20] 14.000,78.000|43.000,37.000|53.000,35.000|73.000,46.000|62.000,7.000|0.000,0.000|0.000,0.000|0.000,0.000|0.000,0.000|0.000,0.000|54.000,56.000|49.000,17.000|49.000,9.000|40.000,69.000|99.000,99.000|35.000,60.000|60.000,0.000|31.000,2.000|97.000,46.000|84.000,17.000
[2024-02-25 19:25:08] SEND
[2024-02-25 19:25:08] O[20] 14.000,78.000|43.000,37.000|53.000,35.000|73.000,46.000|62.000,7.000|0.000,0.000|0.000,0.000|0.000,0.000|0.000,0.000|0.000,0.000|54.000,56.000|49.000,17.000|49.000,9.000|40.000,69.000|99.000,99.000|35.000,60.000|60.000,0.000|31.000,2.000|97.000,46.000|84.000,17.000
[2024-02-25 19:25:08] ECHO
[2024-02-25 19:25:08] O[20] 14.000,78.000|43.000,37.000|53.000,35.000|73.000,46.000|62.000,7.000|0.000,0.000|0.000,0.000|0.000,0.000|0.000,0.000|0.000,0.000|54.000,56.000|49.000,17.000|49.000,9.000|40.000,69.000|99.000,99.000|35.000,60.000|60.000,0.000|31.000,2.000|97.000,46.000|84.000,17.000
[2024-02-25 19:25:08] SEND
[2024-02-25 19:25:08] O[20] 14.000,78.000|43.000,37.000|53.000,35.000|73.000,46.000|62.000,7.000|0.000,0.000|0.000,0.000|0.000,0.000|0.000,0.000|0.000,0.000|54.000,56.000|49.000,17.000|49.000,9.000|40.000,69.000|99.000,99.000|35.000,60.000|60.000,0.000|31.000,2.000|97.000,46.000|84.000,17.000
[2024-02-25 19:25:08] ECHO
[2024-02-25 19:25:08] O[20] 14.000,78.000|43.000,37.000|53.000,35.000|73.000,46.000|62.000,7.000|0.000,0.000|0.000,0.000|0.000,0.000|0.000,0.000|0.000,0.000|54.000,56.000|49.000,17.000|49.000,9.000|40.000,69.000|99.000,99.000|35.000,60.000|60.000,0.000|31.000,2.000|97.000,46.000|84.000,17.000
[2024-02-25 19:25:08] SEND
[2024-02-25 19:25:08] O[20] 14.000,78.000|43.000,37.000|53.000,35.000|73.000,46.000|62.000,7.000|0.000,0.000|0.000,0.000|0.000,0.000|0.000,0.000|0.000,0.000|54.000,56.000|49.000,17.000|49.000,9.000|40.000,69.000|99.000,99.000|35.000,60.000|60.000,0.000|31.000,2.000|97.000,46.000|84.000,17.000
[2024-02-25 19:25:08] ECHO
[2024-02-25 19:25:08] O[20] 14.000,78.000|43.000,37.000|53.000,35.000|73.000,46.000|62.000,7.000|0.000,0.000|0.000,0.000|0.000,0.000|0.000,0.000|0.000,0.000|54.000,56.000|49.000,17.000|49.000,9.000|40.000,69.000|99.000,99.000|35.000,60.000|60.000,0.000|31.000,2.000|97.000,46.000|84.000,17.000
[2024-02-25 19:25:08] SEND
[2024-02-25 19:25:08] O[20] 14.000,78.000|43.000,37.000|53.000,35.000|73.000,46.000|62.000,7.000|0.000,0.000|0.000,0.000|0.000,0.000|0.000,0.000|0.000,0.000|54.000,56.000|49.000,17.000|49.000,9.000|40.000,69.000|99.000,99.000|35.000,60.000|60.000,0.000|31.000,2.000|97.000,46.000|84.000,17.000
[2024-02-25 19:25:08] ECHO
[2024-02-25 19:25:08] O[20] 14.000,78.000|43.000,37.000|53.000,35.000|73.000,46.000|62.000,7.000|0.000,0.000|0.000,0.000|0.000,0.000|0.000,0.000|0.000,0.000|54.000,56.000|49.000,17.000|49.000,9.000|40.000,69.000|99.000,99.000|35.000,60.000|60.000,0.000|31.000,2.000|97.000,46.000|84.000,17.000
[2024-02-25 19:25:08] SEND
[2024-02-25 19:25:08] O[20] 14.000,78.000|43.000,37.000|53.000,35.000|73.000,46.000|62.000,7.000|0.000,0.000|0.000,0.000|0.000,0.000|0.000,0.000|0.000,0.000|54.000,56.000|49.000,17.000|49.000,9.000|40.000,69.000|99.000,99.000|35.000,60.000|60.000,0.000|31.000,2.000|97.000,46.000|84.000,17.000
[2024-02-25 19:25:08] ECHO
[2024-02-25 19:25:08] O[20] 14.000,78.000|43.000,37.000|53.000,35.000|73.000,46.000|62.000,7.000|0.000,0.000|0.000,0.000|0.000,0.000|0.000,0.000|0.000,0.000|54.000,56.000|49.000,17.000|49.000,9.000|40.000,69.000|99.000,99.000|35.000,60.000|60.000,0.000|31.000,2.000|97.000,46.000|84.000,17.000
[2024-02-25 19:25:08] SEND
[2024-02-25 19:25:08] O[20] 14.000,78.000|43.000,37.000|53.000,35.000|73.000,46.000|62.000,7.000|0.000,0.000|0.000,0.000|0.000,0.000|0.000,0.000|0.000,0.000|54.000,56.000|49.000,17.000|49.000,9.000|40.000,69.000|99.000,99.000|35.000,60.000|60.000,0.000|31.000,2.000|97.000,46.000|84.000,17.000
[2024-02-25 19:25:08] ECHO
[2024-02-25 19:25:08] O[20] 14.000,78.000|43.000,37.000|53.000,35.000|73.000,46.000|62.000,7.000|0.000,0.000|0.000,0.000|0.000,0.000|0.000,0.000|0.000,0.000|54.000,56.000|49.000,17.000|49.000,9.000|40.000,69.000|99.000,99.000|35.000,60.000|60.000,0.000|31.000,2.000|97.000,46.000|84.000,17.000
[2024-02-25 19:25:08] SEND
[2024-02-25 19:25:08] O[20] 14.000,78.000|43.000,37.000|53.000,35.000|73.000,46.000|62.000,7.000|0.000,0.000|0.000,0.000|0.000,0.000|0.000,0.000|0.000,0.000|54.000,56.000|49.000,17.000|49.000,9.000|40.000,69.000|99.000,99.000|35.000,60.000|60.000,0.000|31.000,2.000|97.000,46.000|84.000,17.000
[2024-02-25 19:25:08] ECHO
[2024-02-25 19:25:08] O[20] 14.000,78.000|43.000,37.000|53.000,35.000|73.000,46.000|62.000,7.000|0.000,0.000|0.000,0.000|0.000,0.000|0.000,0.000|0.000,0.000|54.000,56.000|49.000,17.000|49.000,9.000|40.000,69.000|99.000,99.000|35.000,60.000|60.000,0.000|31.000,2.000|97.000,46.000|84.000,17.000
[2024-02-25 19:25:08] SEND
[2024-02-25 19:25:08] O[20] 14.000,78.000|43.000,37.000|53.000,35.000|73.000,46.000|62.000,7.000|0.000,0.000|0.000,0.000|0.000,0.000|0.000,0.000|0.000,0.000|54.000,56.000|49.000,17.000|49.000,9.000|40.000,69.000|99.000,99.000|35.000,60.000|60.000,0.000|31.000,2.000|97.000,46.000|84.000,17.000
[2024-02-25 19:25:08] ECHO
[2024-02-25 19:25:08] O[20] 14.000,78.000|43.000,37.000|53.000,35.000|73.000,46.000|62.000,7.000|0.000,0.000|0.000,0.000|0.000,0.000|0.000,0.000|0.000,0.000|54.000,56.000|49.000,17.000|49.000,9.000|40.000,69.000|99.000,99.000|35.000,60.000|60.000,0.000|31.000,2.000|97.000,46.000|84.000,17.000
[2024-02-25 19:25:08] SEND
[2024-02-25 19:25:08] O[20] 14.000,78.000|43.000,37.000|53.000,35.000|73.000,46.000|62.000,7.000|0.000,0.000|0.000,0.000|0.000,0.000|0.000,0.000|0.000,0.000|54.000,56.000|49.000,17.000|49.000,9.000|40.000,69.000|99.000,99.000|35.000,60.000|60.000,0.000|31.000,2.000|97.000,46.000|84.000,17.000
[2024-02-25 19:25:08] ECHO
[2024-02-25 19:25:08] O[20] 14.000,78.000|43.000,37.000|53.000,35.000|73.000,46.000|62.000,7.000|0.000,0.000|0.000,0.000|0.000,0.000|0.000,0.000|0.000,0.000|54.000,56.000|49.000,17.000|49.000,9.000|40.000,69.000|99.000,99.000|35.000,60.000|60.000,0.000|31.000,2.000|97.000,46.000|84.000,17.000
[2024-02-25 19:25:08] SEND
[2024-02-25 19:25:08] O[20] 14.000,78.000|43.000,37.000|53.000,35.000|73.000,46.000|62.000,7.000|0.000,0.000|0.000,0.000|0.000,0.000|0.000,0.000|0.000,0.000|54.000,56.000|49.000,17.000|49.000,9.000|40.000,69.000|99.000,99.000|35.000,60.000|60.000,0.000|31.000,2.000|97.000,46.000|84.000,17.000
[2024-02-25 19:25:08] ECHO
[2024-02-25 19:25:08] O[20] 14.000,78.000|43.000,37.000|53.000,35.000|73.000,46.000|62.000,7.000|0.000,0.000|0.000,0.000|0.000,0.000|0.000,0.000|0.000,0.000|54.000,56.000|49.000,17.000|49.000,9.000|40.000,69.000|99.000,99.000|35.000,60.000|60.000,0.000|31.000,2.000|97.000,46.000|84.000,17.000
[2024-02-25 19:25:08] SEND
[2024-02-25 19:25:08] O[20] 14.000,78.000|43.000,37.000|53.000,35.000|73.000,46.000|62.000,7.000|0.000,0.000|0.000,0.000|0.000,0.000|0.000,0.000|0.000,0.000|54.000,56.000|49.000,17.000|49.000,9.000|40.000,69.000|99.000,99.000|35.000,60.000|60.000,0.000|31.000,2.000|97.000,46.000|84.000,17.000
[2024-02-25 19:25:08] ECHO
[2024-02-25 19:25:08] O[20] 14.000,78.000|43.000,37.000|53.000,35.000|73.000,46.000|62.000,7.000|0.000,0.000|0.000,0.000|0.000,0.000|0.000,0.000|0.000,0.000|54.000,56.000|49.000,17.000|49.000,9.000|40.000,69.000|99.000,99.000|35.000,60.000|60.000,0.000|31.000,2.000|97.000,46.000|84.000,17.000
[2024-02-25 19:25:09] SEND
[2024-02-25 19:25:09] O[20] 14.000,78.000|43.000,37.000|53.000,35.000|73.000,46.000|62.000,7.000|0.000,0.000|0.000,0.000|0.000,0.000|0.000,0.000|0.000,0.000|54.000,56.000|49.000,17.000|49.000,9.000|40.000,69.000|99.000,99.000|35.000,60.000|60.000,0.000|31.000,2.000|97.000,46.000|84.000,17.000
[2024-02-25 19:25:09] ECHO
[2024-02-25 19:25:09] O[20] 14.000,78.000|43.000,37.000|53.000,35.000|73.000,46.000|62.000,7.000|0.000,0.000|0.000,0.000|0.000,0.000|0.000,0.000|0.000,0.000|54.000,56.000|49.000,17.000|49.000,9.000|40.000,69.000|99.000,99.000|35.000,60.000|60.000,0.000|31.000,2.000|97.000,46.000|84.000,17.000
[2024-02-25 19:25:09] SEND
[2024-02-25 19:25:09] O[20] 14.000,78.000|43.000,37.000|53.000,35.000|73.000,46.000|62.000,7.000|0.000,0.000|0.000,0.000|0.000,0.000|0.000,0.000|0.000,0.000|54.000,56.000|49.000,17.000|49.000,9.000|40.000,69.000|99.000,99.000|35.000,60.000|60.000,0.000|31.000,2.000|97.000,46.000|84.000,17.000
[2024-02-25 19:25:09] ECHO
[2024-02-25 19:25:09] O[20] 14.000,78.000|43.000,37.000|53.000,35.000|73.000,46.000|62.000,7.000|0.000,0.000|0.000,0.000|0.000,0.000|0.000,0.000|0.000,0.000|54.000,56.000|49.000,17.000|49.000,9.000|40.000,69.000|99.000,99.000|35.000,60.000|60.000,0.000|31.000,2.000|97.000,46.000|84.000,17.000
[2024-02-25 19:25:09] SEND
[2024-02-25 19:25:09] O[20] 14.000,78.000|43.000,37.000|53.000,35.000|73.000,46.000|62.000,7.000|0.000,0.000|0.000,0.000|0.000,0.000|0.000,0.000|0.000,0.000|54.000,56.000|49.000,17.000|49.000,9.000|40.000,69.000|99.000,99.000|35.000,60.000|60.000,0.000|31.000,2.000|97.000,46.000|84.000,17.000
[2024-02-25 19:25:09] ECHO
[2024-02-25 19:25:09] O[20] 14.000,78.000|43.000,37.000|53.000,35.000|73.000,46.000|62.000,7.000|0.000,0.000|0.000,0.000|0.000,0.000|0.000,0.000|0.000,0.000|54.000,56.000|49.000,17.000|49.000,9.000|40.000,69.000|99.000,99.000|35.000,60.000|60.000,0.000|31.000,2.000|97.000,46.000|84.000,17.000
[2024-02-25 19:25:09] SEND
[2024-02-25 19:25:09] O[20] 14.000,78.000|43.000,37.000|53.000,35.000|73.000,46.000|62.000,7.000|0.000,0.000|0.000,0.000|0.000,0.000|0.000,0.000|0.000,0.000|54.000,56.000|49.000,17.000|49.000,9.000|40.000,69.000|99.000,99.000|35.000,60.000|60.000,0.000|31.000,2.000|97.000,46.000|84.000,17.000
[2024-02-25 19:25:09] ECHO
[2024-02-25 19:25:09] O[20] 14.000,78.000|43.000,37.000|53.000,35.000|73.000,46.000|62.000,7.000|0.000,0.000|0.000,0.000|0.000,0.000|0.000,0.000|0.000,0.000|54.000,56.000|49.000,17.000|49.000,9.000|40.000,69.000|99.000,99.000|35.000,60.000|60.000,0.000|31.000,2.000|97.000,46.000|84.000,17.000
[2024-02-25 19:25:09] SEND
[2024-02-25 19:25:09] O[20] 14.000,78.000|43.000,37.000|53.000,35.000|73.000,46.000|62.000,7.000|0.000,0.000|0.000,0.000|0.000,0.000|0.000,0.000|0.000,0.000|54.000,56.000|49.000,17.000|49.000,9.000|40.000,69.000|99.000,99.000|35.000,60.000|60.000,0.000|31.000,2.000|97.000,46.000|84.000,17.000
[2024-02-25 19:25:09] ECHO
[2024-02-25 19:25:09] O[20] 14.000,78.000|43.000,37.000|53.000,35.000|73.000,46.000|62.000,7.000|0.000,0.000|0.000,0.000|0.000,0.000|0.000,0.000|0.000,0.000|54.000,56.000|49.000,17.000|49.000,9.000|40.000,69.000|99.000,99.000|35.000,60.000|60.000,0.000|31.000,2.000|97.000,46.000|84.000,17.000
[2024-02-25 19:25:09] SEND
[2024-02-25 19:25:09] O[20] 14.000,78.000|43.000,37.000|53.000,35.000|73.000,46.000|62.000,7.000|0.000,0.000|0.000,0.000|0.000,0.000|0.000,0.000|0.000,0.000|54.000,56.000|49.000,17.000|49.000,9.000|40.000,69.000|99.000,99.000|35.000,60.000|60.000,0.000|31.000,2.000|97.000,46.000|84.000,17.000
[2024-02-25 19:25:09] ECHO
[2024-02-25 19:25:09] O[20] 14.000,78.000|43.000,37.000|53.000,35.000|73.000,46.000|62.000,7.000|0.000,0.000|0.000,0.000|0.000,0.000|0.000,0.000|0.000,0.000|54.000,56.000|49.000,17.000|49.000,9.000|40.000,69.000|99.000,99.000|35.000,60.000|60.000,0.000|31.000,2.000|97.000,46.000|84.000,17.000
[2024-02-25 19:25:09] SEND
[2024-02-25 19:25:09] O[20] 14.000,78.000|43.000,37.000|53.000,35.000|73.000,46.000|62.000,7.000|0.000,0.000|0.000,0.000|0.000,0.000|0.000,0.000|0.000,0.000|54.000,56.000|49.000,17.000|49.000,9.000|40.000,69.000|99.000,99.000|35.000,60.000|60.000,0.000|31.000,2.000|97.000,46.000|84.000,17.000
[2024-02-25 19:25:09] ECHO
[2024-02-25 19:25:09] O[20] 14.000,78.000|43.000,37.000|53.000,35.000|73.000,46.000|62.000,7.000|0.000,0.000|0.000,0.000|0.000,0.000|0.000,0.000|0.000,0.000|54.000,56.000|49.000,17.000|49.000,9.000|40.000,69.000|99.000,99.000|35.000,60.000|60.000,0.000|31.000,2.000|97.000,46.000|84.000,17.000
[2024-02-25 19:25:09] SEND
[2024-02-25 19:25:09] O[20] 14.000,78.000|43.000,37.000|53.000,35.000|73.000,46.000|62.000,7.000|0.000,0.000|0.000,0.000|0.000,0.000|0.000,0.000|0.000,0.000|54.000,56.000|49.000,17.000|49.000,9.000|40.000,69.000|99.000,99.000|35.000,60.000|60.000,0.000|31.000,2.000|97.000,46.000|84.000,17.000
[2024-02-25 19:25:09] ECHO
[2024-02-25 19:25:09] O[20] 14.000,78.000|43.000,37.000|53.000,35.000|73.000,46.000|62.000,7.000|0.000,0.000|0.000,0.000|0.000,0.000|0.000,0.000|0.000,0.000|54.000,56.000|49.000,17.000|49.000,9.000|40.000,69.000|99.000,99.000|35.000,60.000|60.000,0.000|31.000,2.000|97.000,46.000|84.000,17.000
[2024-02-25 19:25:09] SEND
[2024-02-25 19:25:09] O[20] 14.000,78.000|43.000,37.000|53.000,35.000|73.000,46.000|62.000,7.000|0.000,0.000|0.000,0.000|0.000,0.000|0.000,0.000|0.000,0.000|54.000,56.000|49.000,17.000|49.000,9.000|40.000,69.000|99.000,99.000|35.000,60.000|60.000,0.000|31.000,2.000|97.000,46.000|84.000,17.000
[2024-02-25 19:25:09] ECHO
[2024-02-25 19:25:09] O[20] 14.000,78.000|43.000,37.000|53.000,35.000|73.000,46.000|62.000,7.000|0.000,0.000|0.000,0.000|0.000,0.000|0.000,0.000|0.000,0.000|54.000,56.000|49.000,17.000|49.000,9.000|40.000,69.000|99.000,99.000|35.000,60.000|60.000,0.000|31.000,2.000|97.000,46.000|84.000,17.000
[2024-02-25 19:25:09] SEND
[2024-02-25 19:25:09] O[20] 14.000,78.000|43.000,37.000|53.000,35.000|73.000,46.000|62.000,7.000|0.000,0.000|0.000,0.000|0.000,0.000|0.000,0.000|0.000,0.000|54.000,56.000|49.000,17.000|49.000,9.000|40.000,69.000|99.000,99.000|35.000,60.000|60.000,0.000|31.000,2.000|97.000,46.000|84.000,17.000
[2024-02-25 19:25:09] ECHO
[2024-02-25 19:25:09] O[20] 14.000,78.000|43.000,37.000|53.000,35.000|73.000,46.000|62.000,7.000|0.000,0.000|0.000,0.000|0.000,0.000|0.000,0.000|0.000,0.000|54.000,56.000|49.000,17.000|49.000,9.000|40.000,69.000|99.000,99.000|35.000,60.000|60.000,0.000|31.000,2.000|97.000,46.000|84.000,17.000
[2024-02-25 19:25:09] SEND
[2024-02-25 19:25:09] O[20] 14.000,78.000|43.000,37.000|53.000,35.000|73.000,46.000|62.000,7.000|0.000,0.000|0.000,0.000|0.000,0.000|0.000,0.000|0.000,0.000|54.000,56.000|49.000,17.000|49.000,9.000|40.000,69.000|99.000,99.000|35.000,60.000|60.000,0.000|31.000,2.000|97.000,46.000|84.000,17.000
[2024-02-25 19:25:09] ECHO
[2024-02-25 19:25:09] O[20] 14.000,78.000|43.000,37.000|53.000,35.000|73.000,46.000|62.000,7.000|0.000,0.000|0.000,0.000|0.000,0.000|0.000,0.000|0.000,0.000|54.000,56.000|49.000,17.000|49.000,9.000|40.000,69.000|99.000,99.000|35.000,60.000|60.000,0.000|31.000,2.000|97.000,46.000|84.000,17.000
[2024-02-25 19:25:09] SEND
[2024-02-25 19:25:09] O[20] 14.000,78.000|43.000,37.000|53.000,35.000|73.000,46.000|62.000,7.000|0.000,0.000|0.000,0.000|0.000,0.000|0.000,0.000|0.000,0.000|54.000,56.000|49.000,17.000|49.000,9.000|40.000,69.000|99.000,99.000|35.000,60.000|60.000,0.000|31.000,2.000|97.000,46.000|84.000,17.000
[2024-02-25 19:25:09] ECHO
[2024-02-25 19:25:09] O[20] 14.000,78.000|43.000,37.000|53.000,35.000|73.000,46.000|62.000,7.000|0.000,0.000|0.000,0.000|0.000,0.000|0.000,0.000|0.000,0.000|54.000,56.000|49.000,17.000|49.000,9.000|40.000,69.000|99.000,99.000|35.000,60.000|60.000,0.000|31.000,2.000|97.000,46.000|84.000,17.000
[2024-02-25 19:25:09] SEND
[2024-02-25 19:25:09] O[20] 14.000,78.000|43.000,37.000|53.000,35.000|73.000,46.000|62.000,7.000|0.000,0.000|0.000,0.000|0.000,0.000|0.000,0.000|0.000,0.000|54.000,56.000|49.000,17.000|49.000,9.000|40.000,69.000|99.000,99.000|35.000,60.000|60.000,0.000|31.000,2.000|97.000,46.000|84.000,17.000
[2024-02-25 19:25:09] ECHO
[2024-02-25 19:25:09] O[20] 14.000,78.000|43.000,37.000|53.000,35.000|73.000,46.000|62.000,7.000|0.000,0.000|0.000,0.000|0.000,0.000|0.000,0.000|0.000,0.000|54.000,56.000|49.000,17.000|49.000,9.000|40.000,69.000|99.000,99.000|35.000,60.000|60.000,0.000|31.000,2.000|97.000,46.000|84.000,17.000
[2024-02-25 19:25:09] SEND
[2024-02-25 19:25:09] O[20] 14.000,78.000|43.000,37.000|53.000,35.000|73.000,46.000|62.000,7.000|0.000,0.000|0.000,0.000|0.000,0.000|0.000,0.000|0.000,0.000|54.000,56.000|49.000,17.000|49.000,9.000|40.000,69.000|99.000,99.000|35.000,60.000|60.000,0.000|31.000,2.000|97.000,46.000|84.000,17.000
[2024-02-25 19:25:09] ECHO
[2024-02-25 19:25:09] O[20] 14.000,78.000|43.000,37.000|53.000,35.000|73.000,46.000|62.000,7.000|0.000,0.000|0.000,0.000|0.000,0.000|0.000,0.000|0.000,0.000|54.000,56.000|49.000,17.000|49.000,9.000|40.000,69.000|99.000,99.000|35.000,60.000|60.000,0.000|31.000,2.000|97.000,46.000|84.000,17.000
[2024-02-25 19:25:09] SEND
[2024-02-25 19:25:09] O[20] 14.000,78.000|43.000,37.000|53.000,35.000|73.000,46.000|62.000,7.000|0.000,0.000|0.000,0.000|0.000,0.000|0.000,0.000|0.000,0.000|54.000,56.000|49.000,17.000|49.000,9.000|40.000,69.000|99.000,99.000|35.000,60.000|60.000,0.000|31.000,2.000|97.000,46.000|84.000,17.000
[2024-02-25 19:25:09] ECHO
[2024-02-25 19:25:09] O[20] 14.000,78.000|43.000,37.000|53.000,35.000|73.000,46.000|62.000,7.000|0.000,0.000|0.000,0.000|0.000,0.000|0.000,0.000|0.000,0.000|54.000,56.000|49.000,17.000|49.000,9.000|40.000,69.000|99.000,99.000|35.000,60.000|60.000,0.000|31.000,2.000|97.000,46.000|84.000,17.000
[2024-02-25 19:25:09] SEND
[2024-02-25 19:25:09] O[20] 14.000,78.000|43.000,37.000|53.000,35.000|73.000,46.000|62.000,7.000|0.000,0.000|0.000,0.000|0.000,0.000|0.000,0.000|0.000,0.000|54.000,56.000|49.000,17.000|49.000,9.000|40.000,69.000|99.000,99.000|35.000,60.000|60.000,0.000|31.000,2.000|97.000,46.000|84.000,17.000
[2024-02-25 19:25:09] ECHO
[2024-02-25 19:25:09] O[20] 14.000,78.000|43.000,37.000|53.000,35.000|73.000,46.000|62.000,7.000|0.000,0.000|0.000,0.000|0.000,0.000|0.000,0.000|0.000,0.000|54.000,56.000|49.000,17.000|49.000,9.000|40.000,69.000|99.000,99.000|35.000,60.000|60.000,0.000|31.000,2.000|97.000,46.000|84.000,17.000
[2024-02-25 19:25:09] SEND
[2024-02-25 19:25:09] O[20] 14.000,78.000|43.000,37.000|53.000,35.000|73.000,46.000|62.000,7.000|0.000,0.000|0.000,0.000|0.000,0.000|0.000,0.000|0.000,0.000|54.000,56.000|49.000,17.000|49.000,9.000|40.000,69.000|99.000,99.000|35.000,60.000|60.000,0.000|31.000,2.000|97.000,46.000|84.000,17.000
[2024-02-25 19:25:09] ECHO
[2024-02-25 19:25:09] O[20] 14.000,78.000|43.000,37.000|53.000,35.000|73.000,46.000|62.000,7.000|0.000,0.000|0.000,0.000|0.000,0.000|0.000,0.000|0.000,0.000|54.000,56.000|49.000,17.000|49.000,9.000|40.000,69.000|99.000,99.000|35.000,60.000|60.000,0.000|31.000,2.000|97.000,46.000|84.000,17.000
[2024-02-25 19:25:09] SEND
[2024-02-25 19:25:09] O[20] 14.000,78.000|43.000,37.000|53.000,35.000|73.000,46.000|62.000,7.000|0.000,0.000|0.000,0.000|0.000,0.000|0.000,0.000|0.000,0.000|54.000,56.000|49.000,17.000|49.000,9.000|40.000,69.000|99.000,99.000|35.000,60.000|60.000,0.000|31.000,2.000|97.000,46.000|84.000,17.000
[2024-02-25 19:25:09] ECHO
[2024-02-25 19:25:09] O[20] 14.000,78.000|43.000,37.000|53.000,35.000|73.000,46.000|62.000,7.000|0.000,0.000|0.000,0.000|0.000,0.000|0.000,0.000|0.000,0.000|54.000,56.000|49.000,17.000|49.000,9.000|40.000,69.000|99.000,99.000|35.000,60.000|60.000,0.000|31.000,2.000|97.000,46.000|84.000,17.000
[2024-02-25 19:25:09] SEND
[2024-02-25 19:25:09] O[20] 14.000,78.000|43.000,37.000|53.000,35.000|73.000,46.000|62.000,7.000|0.000,0.000|0.000,0.000|0.000,0.000|0.000,0.000|0.000,0.000|54.000,56.000|49.000,17.000|49.000,9.000|40.000,69.000|99.000,99.000|35.000,60.000|60.000,0.000|31.000,2.000|97.000,46.000|84.000,17.000
[2024-02-25 19:25:09] ECHO
[2024-02-25 19:25:09] O[20] 14.000,78.000|43.000,37.000|53.000,35.000|73.000,46.000|62.000,7.000|0.000,0.000|0.000,0.000|0.000,0.000|0.000,0.000|0.000,0.000|54.000,56.000|49.000,17.000|49.000,9.000|40.000,69.000|99.000,99.000|35.000,60.000|60.000,0.000|31.000,2.000|97.000,46.000|84.000,17.000
[2024-02-25 19:25:09] SEND
[2024-02-25 19:25:09] O[20] 14.000,78.000|43.000,37.000|53.000,35.000|73.000,46.000|62.000,7.000|0.000,0.000|0.000,0.000|0.000,0.000|0.000,0.000|0.000,0.000|54.000,56.000|49.000,17.000|49.000,9.000|40.000,69.000|99.000,99.000|35.000,60.000|60.000,0.000|31.000,2.000|97.000,46.000|84.000,17.000
[2024-02-25 19:25:09] ECHO
[2024-02-25 19:25:09] O[20] 14.000,78.000|43.000,37.000|53.000,35.000|73.000,46.000|62.000,7.000|0.000,0.000|0.000,0.000|0.000,0.000|0.000,0.000|0.000,0.000|54.000,56.000|49.000,17.000|49.000,9.000|40.000,69.000|99.000,99.000|35.000,60.000|60.000,0.000|31.000,2.000|97.000,46.000|84.000,17.000
[2024-02-25 19:25:10] SEND
[2024-02-25 19:25:10] O[20] 14.000,78.000|43.000,37.000|53.000,35.000|73.000,46.000|62.000,7.000|0.000,0.000|0.000,0.000|0.000,0.000|0.000,0.000|0.000,0.000|54.000,56.000|49.000,17.000|49.000,9.000|40.000,69.000|99.000,99.000|35.000,60.000|60.000,0.000|31.000,2.000|97.000,46.000|84.000,17.000
[2024-02-25 19:25:10] ECHO
[2024-02-25 19:25:10] O[20] 14.000,78.000|43.000,37.000|53.000,35.000|73.000,46.000|62.000,7.000|0.000,0.000|0.000,0.000|0.000,0.000|0.000,0.000|0.000,0.000|54.000,56.000|49.000,17.000|49.000,9.000|40.000,69.000|99.000,99.000|35.000,60.000|60.000,0.000|31.000,2.000|97.000,46.000|84.000,17.000
[2024-02-25 19:25:10] SEND
[2024-02-25 19:25:10] O[20] 14.000,78.000|43.000,37.000|53.000,35.000|73.000,46.000|62.000,7.000|0.000,0.000|0.000,0.000|0.000,0.000|0.000,0.000|0.000,0.000|54.000,56.000|49.000,17.000|49.000,9.000|40.000,69.000|99.000,99.000|35.000,60.000|60.000,0.000|31.000,2.000|97.000,46.000|84.000,17.000
[2024-02-25 19:25:10] ECHO
[2024-02-25 19:25:10] O[20] 14.000,78.000|43.000,37.000|53.000,35.000|73.000,46.000|62.000,7.000|0.000,0.000|0.000,0.000|0.000,0.000|0.000,0.000|0.000,0.000|54.000,56.000|49.000,17.000|49.000,9.000|40.000,69.000|99.000,99.000|35.000,60.000|60.000,0.000|31.000,2.000|97.000,46.000|84.000,17.000
[2024-02-25 19:25:10] SEND
[2024-02-25 19:25:10] O[20] 14.000,78.000|43.000,37.000|53.000,35.000|73.000,46.000|62.000,7.000|0.000,0.000|0.000,0.000|0.000,0.000|0.000,0.000|0.000,0.000|54.000,56.000|49.000,17.000|49.000,9.000|40.000,69.000|99.000,99.000|35.000,60.000|60.000,0.000|31.000,2.000|97.000,46.000|84.000,17.000
[2024-02-25 19:25:10] ECHO
[2024-02-25 19:25:10] O[20] 14.000,78.000|43.000,37.000|53.000,35.000|73.000,46.000|62.000,7.000|0.000,0.000|0.000,0.000|0.000,0.000|0.000,0.000|0.000,0.000|54.000,56.000|49.000,17.000|49.000,9.000|40.000,69.000|99.000,99.000|35.000,60.000|60.000,0.000|31.000,2.000|97.000,46.000|84.000,17.000
[2024-02-25 19:25:10] SEND
[2024-02-25 19:25:10] O[20] 14.000,78.000|43.000,37.000|53.000,35.000|73.000,46.000|62.000,7.000|0.000,0.000|0.000,0.000|0.000,0.000|0.000,0.000|0.000,0.000|54.000,56.000|49.000,17.000|49.000,9.000|40.000,69.000|99.000,99.000|35.000,60.000|60.000,0.000|31.000,2.000|97.000,46.000|84.000,17.000
[2024-02-25 19:25:10] ECHO
[2024-02-25 19:25:10] O[20] 14.000,78.000|43.000,37.000|53.000,35.000|73.000,46.000|62.000,7.000|0.000,0.000|0.000,0.000|0.000,0.000|0.000,0.000|0.000,0.000|54.000,56.000|49.000,17.000|49.000,9.000|40.000,69.000|99.000,99.000|35.000,60.000|60.000,0.000|31.000,2.000|97.000,46.000|84.000,17.000
[2024-02-25 19:25:10] SEND
[2024-02-25 19:25:10] O[20] 14.000,78.000|43.000,37.000|53.000,35.000|73.000,46.000|62.000,7.000|0.000,0.000|0.000,0.000|0.000,0.000|0.000,0.000|0.000,0.000|54.000,56.000|49.000,17.000|49.000,9.000|40.000,69.000|99.000,99.000|35.000,60.000|60.000,0.000|31.000,2.000|97.000,46.000|84.000,17.000
[2024-02-25 19:25:10] ECHO
[2024-02-25 19:25:10] O[20] 14.000,78.000|43.000,37.000|53.000,35.000|73.000,46.000|62.000,7.000|0.000,0.000|0.000,0.000|0.000,0.000|0.000,0.000|0.000,0.000|54.000,56.000|49.000,17.000|49.000,9.000|40.000,69.000|99.000,99.000|35.000,60.000|60.000,0.000|31.000,2.000|97.000,46.000|84.000,17.000
[2024-02-25 19:25:10] SEND
[2024-02-25 19:25:10] O[20] 14.000,78.000|43.000,37.000|53.000,35.000|73.000,46.000|62.000,7.000|0.000,0.000|0.000,0.000|0.000,0.000|0.000,0.000|0.000,0.000|54.000,56.000|49.000,17.000|49.000,9.000|40.000,69.000|99.000,99.000|35.000,60.000|60.000,0.000|31.000,2.000|97.000,46.000|84.000,17.000
[2024-02-25 19:25:10] ECHO
[2024-02-25 19:25:10] O[20] 14.000,78.000|43.000,37.000|53.000,35.000|73.000,46.000|62.000,7.000|0.000,0.000|0.000,0.000|0.000,0.000|0.000,0.000|0.000,0.000|54.000,56.000|49.000,17.000|49.000,9.000|40.000,69.000|99.000,99.000|35.000,60.000|60.000,0.000|31.000,2.000|97.000,46.000|84.000,17.000
[2024-02-25 19:25:10] SEND
[2024-02-25 19:25:10] O[20] 14.000,78.000|43.000,37.000|53.000,35.000|73.000,46.000|62.000,7.000|0.000,0.000|0.000,0.000|0.000,0.000|0.000,0.000|0.000,0.000|54.000,56.000|49.000,17.000|49.000,9.000|40.000,69.000|99.000,99.000|35.000,60.000|60.000,0.000|31.000,2.000|97.000,46.000|84.000,17.000
[2024-02-25 19:25:10] ECHO
[2024-02-25 19:25:10] O[20] 14.000,78.000|43.000,37.000|53.000,35.000|73.000,46.000|62.000,7.000|0.000,0.000|0.000,0.000|0.000,0.000|0.000,0.000|0.000,0.000|54.000,56.000|49.000,17.000|49.000,9.000|40.000,69.000|99.000,99.000|35.000,60.000|60.000,0.000|31.000,2.000|97.000,46.000|84.000,17.000
[2024-02-25 19:25:10] SEND
[2024-02-25 19:25:10] O[20] 14.000,78.000|43.000,37.000|53.000,35.000|73.000,46.000|62.000,7.000|0.000,0.000|0.000,0.000|0.000,0.000|0.000,0.000|0.000,0.000|54.000,56.000|49.000,17.000|49.000,9.000|40.000,69.000|99.000,99.000|35.000,60.000|60.000,0.000|31.000,2.000|97.000,46.000|84.000,17.000
[2024-02-25 19:25:10] ECHO
[2024-02-25 19:25:10] O[20] 14.000,78.000|43.000,37.000|53.000,35.000|73.000,46.000|62.000,7.000|0.000,0.000|0.000,0.000|0.000,0.000|0.000,0.000|0.000,0.000|54.000,56.000|49.000,17.000|49.000,9.000|40.000,69.000|99.000,99.000|35.000,60.000|60.000,0.000|31.000,2.000|97.000,46.000|84.000,17.000
[2024-02-25 19:25:10] SEND
[2024-02-25 19:25:10] O[20] 14.000,78.000|43.000,37.000|53.000,35.000|73.000,46.000|62.000,7.000|0.000,0.000|0.000,0.000|0.000,0.000|0.000,0.000|0.000,0.000|54.000,56.000|49.000,17.000|49.000,9.000|40.000,69.000|99.000,99.000|35.000,60.000|60.000,0.000|31.000,2.000|97.000,46.000|84.000,17.000
[2024-02-25 19:25:10] ECHO
[2024-02-25 19:25:10] O[20] 14.000,78.000|43.000,37.000|53.000,35.000|73.000,46.000|62.000,7.000|0.000,0.000|0.000,0.000|0.000,0.000|0.000,0.000|0.000,0.000|54.000,56.000|49.000,17.000|49.000,9.000|40.000,69.000|99.000,99.000|35.000,60.000|60.000,0.000|31.000,2.000|97.000,46.000|84.000,17.000
[2024-02-25 19:25:10] SEND
[2024-02-25 19:25:10] O[20] 14.000,78.000|43.000,37.000|53.000,35.000|73.000,46.000|62.000,7.000|0.000,0.000|0.000,0.000|0.000,0.000|0.000,0.000|0.000,0.000|54.000,56.000|49.000,17.000|49.000,9.000|40.000,69.000|99.000,99.000|35.000,60.000|60.000,0.000|31.000,2.000|97.000,46.000|84.000,17.000
[2024-02-25 19:25:10] ECHO
[2024-02-25 19:25:10] O[20] 14.000,78.000|43.000,37.000|53.000,35.000|73.000,46.000|62.000,7.000|0.000,0.000|0.000,0.000|0.000,0.000|0.000,0.000|0.000,0.000|54.000,56.000|49.000,17.000|49.000,9.000|40.000,69.000|99.000,99.000|35.000,60.000|60.000,0.000|31.000,2.000|97.000,46.000|84.000,17.000
[2024-02-25 19:25:10] SEND
[2024-02-25 19:25:10] O[20] 14.000,78.000|43.000,37.000|53.000,35.000|73.000,46.000|62.000,7.000|0.000,0.000|0.000,0.000|0.000,0.000|0.000,0.000|0.000,0.000|54.000,56.000|49.000,17.000|49.000,9.000|40.000,69.000|99.000,99.000|35.000,60.000|60.000,0.000|31.000,2.000|97.000,46.000|84.000,17.000
[2024-02-25 19:25:10] ECHO
[2024-02-25 19:25:10] O[20] 14.000,78.000|43.000,37.000|53.000,35.000|73.000,46.000|62.000,7.000|0.000,0.000|0.000,0.000|0.000,0.000|0.000,0.000|0.000,0.000|54.000,56.000|49.000,17.000|49.000,9.000|40.000,69.000|99.000,99.000|35.000,60.000|60.000,0.000|31.000,2.000|97.000,46.000|84.000,17.000
[2024-02-25 19:25:10] SEND
[2024-02-25 19:25:10] O[20] 14.000,78.000|43.000,37.000|53.000,35.000|73.000,46.000|62.000,7.000|0.000,0.000|0.000,0.000|0.000,0.000|0.000,0.000|0.000,0.000|54.000,56.000|49.000,17.000|49.000,9.000|40.000,69.000|99.000,99.000|35.000,60.000|60.000,0.000|31.000,2.000|97.000,46.000|84.000,17.000
[2024-02-25 19:25:10] ECHO
[2024-02-25 19:25:10] O[20] 14.000,78.000|43.000,37.000|53.000,35.000|73.000,46.000|62.000,7.000|0.000,0.000|0.000,0.000|0.000,0.000|0.000,0.000|0.000,0.000|54.000,56.000|49.000,17.000|49.000,9.000|40.000,69.000|99.000,99.000|35.000,60.000|60.000,0.000|31.000,2.000|97.000,46.000|84.000,17.000
[2024-02-25 19:25:10] SEND
[2024-02-25 19:25:10] O[20] 14.000,78.000|43.000,37.000|53.000,35.000|73.000,46.000|62.000,7.000|0.000,0.000|0.000,0.000|0.000,0.000|0.000,0.000|0.000,0.000|54.000,56.000|49.000,17.000|49.000,9.000|40.000,69.000|99.000,99.000|35.000,60.000|60.000,0.000|31.000,2.000|97.000,46.000|84.000,17.000
[2024-02-25 19:25:10] ECHO
[2024-02-25 19:25:10] O[20] 14.000,78.000|43.000,37.000|53.000,35.000|73.000,46.000|62.000,7.000|0.000,0.000|0.000,0.000|0.000,0.000|0.000,0.000|0.000,0.000|54.000,56.000|49.000,17.000|49.000,9.000|40.000,69.000|99.000,99.000|35.000,60.000|60.000,0.000|31.000,2.000|97.000,46.000|84.000,17.000
[2024-02-25 19:25:10] SEND
[2024-02-25 19:25:10] O[20] 14.000,78.000|43.000,37.000|53.000,35.000|73.000,46.000|62.000,7.000|0.000,0.000|0.000,0.000|0.000,0.000|0.000,0.000|0.000,0.000|54.000,56.000|49.000,17.000|49.000,9.000|40.000,69.000|99.000,99.000|35.000,60.000|60.000,0.000|31.000,2.000|97.000,46.000|84.000,17.000
[2024-02-25 19:25:10] ECHO
[2024-02-25 19:25:10] O[20] 14.000,78.000|43.000,37.000|53.000,35.000|73.000,46.000|62.000,7.000|0.000,0.000|0.000,0.000|0.000,0.000|0.000,0.000|0.000,0.000|54.000,56.000|49.000,17.000|49.000,9.000|40.000,69.000|99.000,99.000|35.000,60.000|60.000,0.000|31.000,2.000|97.000,46.000|84.000,17.000
[2024-02-25 19:25:10] SEND
[2024-02-25 19:25:10] O[20] 14.000,78.000|43.000,37.000|53.000,35.000|73.000,46.000|62.000,7.000|0.000,0.000|0.000,0.000|0.000,0.000|0.000,0.000|0.000,0.000|54.000,56.000|49.000,17.000|49.000,9.000|40.000,69.000|99.000,99.000|35.000,60.000|60.000,0.000|31.000,2.000|97.000,46.000|84.000,17.000
[2024-02-25 19:25:10] ECHO
[2024-02-25 19:25:10] O[20] 14.000,78.000|43.000,37.000|53.000,35.000|73.000,46.000|62.000,7.000|0.000,0.000|0.000,0.000|0.000,0.000|0.000,0.000|0.000,0.000|54.000,56.000|49.000,17.000|49.000,9.000|40.000,69.000|99.000,99.000|35.000,60.000|60.000,0.000|31.000,2.000|97.000,46.000|84.000,17.000
[2024-02-25 19:25:10] SEND
[2024-02-25 19:25:10] O[20] 14.000,78.000|43.000,37.000|53.000,35.000|73.000,46.000|62.000,7.000|0.000,0.000|0.000,0.000|0.000,0.000|0.000,0.000|0.000,0.000|54.000,56.000|49.000,17.000|49.000,9.000|40.000,69.000|99.000,99.000|35.000,60.000|60.000,0.000|31.000,2.000|97.000,46.000|84.000,17.000
[2024-02-25 19:25:10] ECHO
[2024-02-25 19:25:10] O[20] 14.000,78.000|43.000,37.000|53.000,35.000|73.000,46.000|62.000,7.000|0.000,0.000|0.000,0.000|0.000,0.000|0.000,0.000|0.000,0.000|54.000,56.000|49.000,17.000|49.000,9.000|40.000,69.000|99.000,99.000|35.000,60.000|60.000,0.000|31.000,2.000|97.000,46.000|84.000,17.000
[2024-02-25 19:25:10] SEND
[2024-02-25 19:25:10] O[20] 14.000,78.000|43.000,37.000|53.000,35.000|73.000,46.000|62.000,7.000|0.000,0.000|0.000,0.000|0.000,0.000|0.000,0.000|0.000,0.000|54.000,56.000|49.000,17.000|49.000,9.000|40.000,69.000|99.000,99.000|35.000,60.000|60.000,0.000|31.000,2.000|97.000,46.000|84.000,17.000
[2024-02-25 19:25:10] ECHO
[2024-02-25 19:25:10] O[20] 14.000,78.000|43.000,37.000|53.000,35.000|73.000,46.000|62.000,7.000|0.000,0.000|0.000,0.000|0.000,0.000|0.000,0.000|0.000,0.000|54.000,56.000|49.000,17.000|49.000,9.000|40.000,69.000|99.000,99.000|35.000,60.000|60.000,0.000|31.000,2.000|97.000,46.000|84.000,17.000
[2024-02-25 19:25:10] SEND
[2024-02-25 19:25:10] O[20] 14.000,78.000|43.000,37.000|53.000,35.000|73.000,46.000|62.000,7.000|0.000,0.000|0.000,0.000|0.000,0.000|0.000,0.000|0.000,0.000|54.000,56.000|49.000,17.000|49.000,9.000|40.000,69.000|99.000,99.000|35.000,60.000|60.000,0.000|31.000,2.000|97.000,46.000|84.000,17.000
[2024-02-25 19:25:10] ECHO
[2024-02-25 19:25:10] O[20] 14.000,78.000|43.000,37.000|53.000,35.000|73.000,46.000|62.000,7.000|0.000,0.000|0.000,0.000|0.000,0.000|0.000,0.000|0.000,0.000|54.000,56.000|49.000,17.000|49.000,9.000|40.000,69.000|99.000,99.000|35.000,60.000|60.000,0.000|31.000,2.000|97.000,46.000|84.000,17.000
[2024-02-25 19:25:10] SEND
[2024-02-25 19:25:10] O[20] 14.000,78.000|43.000,37.000|53.000,35.000|73.000,46.000|62.000,7.000|0.000,0.000|0.000,0.000|0.000,0.000|0.000,0.000|0.000,0.000|54.000,56.000|49.000,17.000|49.000,9.000|40.000,69.000|99.000,99.000|35.000,60.000|60.000,0.000|31.000,2.000|97.000,46.000|84.000,17.000
[2024-02-25 19:25:10] ECHO
[2024-02-25 19:25:10] O[20] 14.000,78.000|43.000,37.000|53.000,35.000|73.000,46.000|62.000,7.000|0.000,0.000|0.000,0.000|0.000,0.000|0.000,0.000|0.000,0.000|54.000,56.000|49.000,17.000|49.000,9.000|40.000,69.000|99.000,99.000|35.000,60.000|60.000,0.000|31.000,2.000|97.000,46.000|84.000,17.000
[2024-02-25 19:25:10] SEND
[2024-02-25 19:25:10] O[20] 14.000,78.000|43.000,37.000|53.000,35.000|73.000,46.000|62.000,7.000|0.000,0.000|0.000,0.000|0.000,0.000|0.000,0.000|0.000,0.000|54.000,56.000|49.000,17.000|49.000,9.000|40.000,69.000|99.000,99.000|35.000,60.000|60.000,0.000|31.000,2.000|97.000,46.000|84.000,17.000
[2024-02-25 19:25:10] ECHO
[2024-02-25 19:25:10] O[20] 14.000,78.000|43.000,37.000|53.000,35.000|73.000,46.000|62.000,7.000|0.000,0.000|0.000,0.000|0.000,0.000|0.000,0.000|0.000,0.000|54.000,56.000|49.000,17.000|49.000,9.000|40.000,69.000|99.000,99.000|35.000,60.000|60.000,0.000|31.000,2.000|97.000,46.000|84.000,17.000
[2024-02-25 19:25:11] SEND
[2024-02-25 19:25:11] O[20] 14.000,78.000|43.000,37.000|53.000,35.000|73.000,46.000|62.000,7.000|0.000,0.000|0.000,0.000|0.000,0.000|0.000,0.000|0.000,0.000|54.000,56.000|49.000,17.000|49.000,9.000|40.000,69.000|99.000,99.000|35.000,60.000|60.000,0.000|31.000,2.000|97.000,46.000|84.000,17.000
[2024-02-25 19:25:11] ECHO
[2024-02-25 19:25:11] O[20] 14.000,78.000|43.000,37.000|53.000,35.000|73.000,46.000|62.000,7.000|0.000,0.000|0.000,0.000|0.000,0.000|0.000,0.000|0.000,0.000|54.000,56.000|49.000,17.000|49.000,9.000|40.000,69.000|99.000,99.000|35.000,60.000|60.000,0.000|31.000,2.000|97.000,46.000|84.000,17.000
[2024-02-25 19:25:11] SEND
[2024-02-25 19:25:11] O[20] 14.000,78.000|43.000,37.000|53.000,35.000|73.000,46.000|62.000,7.000|0.000,0.000|0.000,0.000|0.000,0.000|0.000,0.000|0.000,0.000|54.000,56.000|49.000,17.000|49.000,9.000|40.000,69.000|99.000,99.000|35.000,60.000|60.000,0.000|31.000,2.000|97.000,46.000|84.000,17.000
[2024-02-25 19:25:11] ECHO
[2024-02-25 19:25:11] O[20] 14.000,78.000|43.000,37.000|53.000,35.000|73.000,46.000|62.000,7.000|0.000,0.000|0.000,0.000|0.000,0.000|0.000,0.000|0.000,0.000|54.000,56.000|49.000,17.000|49.000,9.000|40.000,69.000|99.000,99.000|35.000,60.000|60.000,0.000|31.000,2.000|97.000,46.000|84.000,17.000
[2024-02-25 19:25:11] SEND
[2024-02-25 19:25:11] O[20] 14.000,78.000|43.000,37.000|53.000,35.000|73.000,46.000|62.000,7.000|0.000,0.000|0.000,0.000|0.000,0.000|0.000,0.000|0.000,0.000|54.000,56.000|49.000,17.000|49.000,9.000|40.000,69.000|99.000,99.000|35.000,60.000|60.000,0.000|31.000,2.000|97.000,46.000|84.000,17.000
[2024-02-25 19:25:11] ECHO
[2024-02-25 19:25:11] O[20] 14.000,78.000|43.000,37.000|53.000,35.000|73.000,46.000|62.000,7.000|0.000,0.000|0.000,0.000|0.000,0.000|0.000,0.000|0.000,0.000|54.000,56.000|49.000,17.000|49.000,9.000|40.000,69.000|99.000,99.000|35.000,60.000|60.000,0.000|31.000,2.000|97.000,46.000|84.000,17.000
[2024-02-25 19:25:11] SEND
[2024-02-25 19:25:11] O[20] 14.000,78.000|43.000,37.000|53.000,35.000|73.000,46.000|62.000,7.000|0.000,0.000|0.000,0.000|0.000,0.000|0.000,0.000|0.000,0.000|54.000,56.000|49.000,17.000|49.000,9.000|40.000,69.000|99.000,99.000|35.000,60.000|60.000,0.000|31.000,2.000|97.000,46.000|84.000,17.000
[2024-02-25 19:25:11] ECHO
[2024-02-25 19:25:11] O[20] 14.000,78.000|43.000,37.000|53.000,35.000|73.000,46.000|62.000,7.000|0.000,0.000|0.000,0.000|0.000,0.000|0.000,0.000|0.000,0.000|54.000,56.000|49.000,17.000|49.000,9.000|40.000,69.000|99.000,99.000|35.000,60.000|60.000,0.000|31.000,2.000|97.000,46.000|84.000,17.000
[2024-02-25 19:25:11] SEND
[2024-02-25 19:25:11] O[20] 14.000,78.000|43.000,37.000|53.000,35.000|73.000,46.000|62.000,7.000|0.000,0.000|0.000,0.000|0.000,0.000|0.000,0.000|0.000,0.000|54.000,56.000|49.000,17.000|49.000,9.000|40.000,69.000|99.000,99.000|35.000,60.000|60.000,0.000|31.000,2.000|97.000,46.000|84.000,17.000
[2024-02-25 19:25:11] ECHO
[2024-02-25 19:25:11] O[20] 14.000,78.000|43.000,37.000|53.000,35.000|73.000,46.000|62.000,7.000|0.000,0.000|0.000,0.000|0.000,0.000|0.000,0.000|0.000,0.000|54.000,56.000|49.000,17.000|49.000,9.000|40.000,69.000|99.000,99.000|35.000,60.000|60.000,0.000|31.000,2.000|97.000,46.000|84.000,17.000
[2024-02-25 19:25:11] SEND
[2024-02-25 19:25:11] O[20] 14.000,78.000|43.000,37.000|53.000,35.000|73.000,46.000|62.000,7.000|0.000,0.000|0.000,0.000|0.000,0.000|0.000,0.000|0.000,0.000|54.000,56.000|49.000,17.000|49.000,9.000|40.000,69.000|99.000,99.000|35.000,60.000|60.000,0.000|31.000,2.000|97.000,46.000|84.000,17.000
[2024-02-25 19:25:11] ECHO
[2024-02-25 19:25:11] O[20] 14.000,78.000|43.000,37.000|53.000,35.000|73.000,46.000|62.000,7.000|0.000,0.000|0.000,0.000|0.000,0.000|0.000,0.000|0.000,0.000|54.000,56.000|49.000,17.000|49.000,9.000|40.000,69.000|99.000,99.000|35.000,60.000|60.000,0.000|31.000,2.000|97.000,46.000|84.000,17.000
[2024-02-25 19:25:11] SEND
[2024-02-25 19:25:11] O[20] 14.000,78.000|43.000,37.000|53.000,35.000|73.000,46.000|62.000,7.000|0.000,0.000|0.000,0.000|0.000,0.000|0.000,0.000|0.000,0.000|54.000,56.000|49.000,17.000|49.000,9.000|40.000,69.000|99.000,99.000|35.000,60.000|60.000,0.000|31.000,2.000|97.000,46.000|84.000,17.000
[2024-02-25 19:25:11] ECHO
[2024-02-25 19:25:11] O[20] 14.000,78.000|43.000,37.000|53.000,35.000|73.000,46.000|62.000,7.000|0.000,0.000|0.000,0.000|0.000,0.000|0.000,0.000|0.000,0.000|54.000,56.000|49.000,17.000|49.000,9.000|40.000,69.000|99.000,99.000|35.000,60.000|60.000,0.000|31.000,2.000|97.000,46.000|84.000,17.000
[2024-02-25 19:25:11] SEND
[2024-02-25 19:25:11] O[20] 14.000,78.000|43.000,37.000|53.000,35.000|73.000,46.000|62.000,7.000|0.000,0.000|0.000,0.000|0.000,0.000|0.000,0.000|0.000,0.000|54.000,56.000|49.000,17.000|49.000,9.000|40.000,69.000|99.000,99.000|35.000,60.000|60.000,0.000|31.000,2.000|97.000,46.000|84.000,17.000
[2024-02-25 19:25:11] ECHO
[2024-02-25 19:25:11] O[20] 14.000,78.000|43.000,37.000|53.000,35.000|73.000,46.000|62.000,7.000|0.000,0.000|0.000,0.000|0.000,0.000|0.000,0.000|0.000,0.000|54.000,56.000|49.000,17.000|49.000,9.000|40.000,69.000|99.000,99.000|35.000,60.000|60.000,0.000|31.000,2.000|97.000,46.000|84.000,17.000
[2024-02-25 19:25:11] SEND
[2024-02-25 19:25:11] O[20] 14.000,78.000|43.000,37.000|53.000,35.000|73.000,46.000|62.000,7.000|0.000,0.000|0.000,0.000|0.000,0.000|0.000,0.000|0.000,0.000|54.000,56.000|49.000,17.000|49.000,9.000|40.000,69.000|99.000,99.000|35.000,60.000|60.000,0.000|31.000,2.000|97.000,46.000|84.000,17.000
[2024-02-25 19:25:11] ECHO
[2024-02-25 19:25:11] O[20] 14.000,78.000|43.000,37.000|53.000,35.000|73.000,46.000|62.000,7.000|0.000,0.000|0.000,0.000|0.000,0.000|0.000,0.000|0.000,0.000|54.000,56.000|49.000,17.000|49.000,9.000|40.000,69.000|99.000,99.000|35.000,60.000|60.000,0.000|31.000,2.000|97.000,46.000|84.000,17.000
[2024-02-25 19:25:11] SEND
[2024-02-25 19:25:11] O[20] 14.000,78.000|43.000,37.000|53.000,35.000|73.000,46.000|62.000,7.000|0.000,0.000|0.000,0.000|0.000,0.000|0.000,0.000|0.000,0.000|54.000,56.000|49.000,17.000|49.000,9.000|40.000,69.000|99.000,99.000|35.000,60.000|60.000,0.000|31.000,2.000|97.000,46.000|84.000,17.000
[2024-02-25 19:25:11] ECHO
[2024-02-25 19:25:11] O[20] 14.000,78.000|43.000,37.000|53.000,35.000|73.000,46.000|62.000,7.000|0.000,0.000|0.000,0.000|0.000,0.000|0.000,0.000|0.000,0.000|54.000,56.000|49.000,17.000|49.000,9.000|40.000,69.000|99.000,99.000|35.000,60.000|60.000,0.000|31.000,2.000|97.000,46.000|84.000,17.000
