[2024-02-20 16:01:36] SERVER: Pid recieved
[2024-02-20 16:01:36] SERVER: Pid recieved
[2024-02-20 16:01:36] SERVER: Pid recieved
[2024-02-20 16:01:36] PID = 77544

[2024-02-20 16:01:36] SERVER: Pid sent to watchdog
[2024-02-20 16:01:36] SERVER: Created socket instance
[2024-02-20 16:01:36] port number = 8080

[2024-02-20 16:01:36] SERVER:  Listening
[2024-02-20 16:01:40] FD_ISSET

[2024-02-20 16:01:40] NEW CONNECTION

[2024-02-20 16:01:40] New connection established

[2024-02-20 16:01:40] FD_ISSET

[2024-02-20 16:01:40] Connected to client

[2024-02-20 16:01:40] target position: OBSTACLE

[2024-02-20 16:01:40] Drone: New drone_pos received from drone
[2024-02-20 16:01:40] FD_ISSET

[2024-02-20 16:01:40] NEW CONNECTION

[2024-02-20 16:01:40] New connection established

[2024-02-20 16:01:40] FD_ISSET

[2024-02-20 16:01:40] FD_ISSET

[2024-02-20 16:01:40] Connected to client

[2024-02-20 16:01:40] target position: @

[2024-02-20 16:01:40] NEW CONNECTION

[2024-02-20 16:01:40] FD_ISSET

[2024-02-20 16:01:40] Connected to client

[2024-02-20 16:01:40] target position: 84.02 39.44 78.31 79.84 91.16 19.76 33.52 76.82 2

[2024-02-20 16:01:40] FD_ISSET

[2024-02-20 16:01:40] Connected to client

[2024-02-20 16:01:40] target position: 7.78 55.40

[2024-02-20 16:01:40] FD_ISSET

[2024-02-20 16:01:40] Connected to client

[2024-02-20 16:01:40] target position: 

