[2024-02-25 19:25:02] generated targets
[2024-02-25 19:25:02] 54.000000 56.000000
[2024-02-25 19:25:02] sent targets to obstacle
[2024-02-25 19:25:02] 54.000000 56.000000
[2024-02-25 19:25:02] 49.000000 17.000000
[2024-02-25 19:25:02] 49.000000 9.000000
[2024-02-25 19:25:02] 40.000000 69.000000
[2024-02-25 19:25:02] 99.000000 99.000000
[2024-02-25 19:25:02] 35.000000 60.000000
[2024-02-25 19:25:02] 60.000000 0.000000
[2024-02-25 19:25:02] 31.000000 2.000000
[2024-02-25 19:25:02] 97.000000 46.000000
[2024-02-25 19:25:02] 84.000000 17.000000
[2024-02-25 19:25:02] SEND
[2024-02-25 19:25:02] T[20] 54.000,56.000|49.000,17.000|49.000,9.000|40.000,69.000|99.000,99.000|35.000,60.000|60.000,0.000|31.000,2.000|97.000,46.000|84.000,17.000|
[2024-02-25 19:25:02] ECHO
[2024-02-25 19:25:02] TI
[2024-02-25 19:25:07] 54.000000 56.000000
[2024-02-25 19:25:07] 49.000000 17.000000
[2024-02-25 19:25:07] 49.000000 9.000000
[2024-02-25 19:25:07] 40.000000 69.000000
[2024-02-25 19:25:07] 99.000000 99.000000
[2024-02-25 19:25:07] 35.000000 60.000000
[2024-02-25 19:25:07] 60.000000 0.000000
[2024-02-25 19:25:07] 31.000000 2.000000
[2024-02-25 19:25:07] 97.000000 46.000000
[2024-02-25 19:25:07] 84.000000 17.000000
[2024-02-25 19:25:07] SEND
[2024-02-25 19:25:07] T[20] 54.000,56.000|49.000,17.000|49.000,9.000|40.000,69.000|99.000,99.000|35.000,60.000|60.000,0.000|31.000,2.000|97.000,46.000|84.000,17.000|
[2024-02-25 19:25:07] ECHO
[2024-02-25 19:25:07] T[20] 54.000,56.000|49.000,17.000|49.000,9.000|40.000,69.000|99.000,99.000|35.000,60.000|60.000,0.000|31.000,2.000|97.000,46.000|84.000,17.000|
