[2024-02-25 19:25:01] PID = 147945

[2024-02-25 19:25:03] WINDOW: Drone_pos, Target_pos, Obst_pos received from server
[2024-02-25 19:25:03] T:0.000000 0.000000 O:0.000000 0.000000
[2024-02-25 19:25:03] WINDOW: Drone_pos, Target_pos, Obst_pos received from server
[2024-02-25 19:25:03] T:54.000000 56.000000 O:14.000000 78.000000
[2024-02-25 19:25:03] STARTED
[2024-02-25 19:25:03] WINDOW: Drone_pos, Target_pos, Obst_pos received from server
[2024-02-25 19:25:03] T:54.000000 56.000000 O:14.000000 78.000000
[2024-02-25 19:25:03] STARTED
[2024-02-25 19:25:03] WINDOW: Drone_pos, Target_pos, Obst_pos received from server
[2024-02-25 19:25:03] T:54.000000 56.000000 O:14.000000 78.000000
[2024-02-25 19:25:03] STARTED
[2024-02-25 19:25:03] WINDOW: Drone_pos, Target_pos, Obst_pos received from server
[2024-02-25 19:25:03] T:54.000000 56.000000 O:14.000000 78.000000
[2024-02-25 19:25:03] STARTED
[2024-02-25 19:25:03] WINDOW: Drone_pos, Target_pos, Obst_pos received from server
[2024-02-25 19:25:03] T:54.000000 56.000000 O:14.000000 78.000000
[2024-02-25 19:25:03] STARTED
[2024-02-25 19:25:03] WINDOW: Drone_pos, Target_pos, Obst_pos received from server
[2024-02-25 19:25:03] T:54.000000 56.000000 O:14.000000 78.000000
[2024-02-25 19:25:03] STARTED
[2024-02-25 19:25:03] WINDOW: Drone_pos, Target_pos, Obst_pos received from server
[2024-02-25 19:25:03] T:54.000000 56.000000 O:14.000000 78.000000
[2024-02-25 19:25:03] STARTED
[2024-02-25 19:25:04] WINDOW: Drone_pos, Target_pos, Obst_pos received from server
[2024-02-25 19:25:04] T:54.000000 56.000000 O:14.000000 78.000000
[2024-02-25 19:25:04] STARTED
[2024-02-25 19:25:04] WINDOW: Drone_pos, Target_pos, Obst_pos received from server
[2024-02-25 19:25:04] T:54.000000 56.000000 O:14.000000 78.000000
[2024-02-25 19:25:04] STARTED
[2024-02-25 19:25:04] WINDOW: Drone_pos, Target_pos, Obst_pos received from server
[2024-02-25 19:25:04] T:54.000000 56.000000 O:14.000000 78.000000
[2024-02-25 19:25:04] STARTED
[2024-02-25 19:25:04] WINDOW: Drone_pos, Target_pos, Obst_pos received from server
[2024-02-25 19:25:04] T:54.000000 56.000000 O:14.000000 78.000000
[2024-02-25 19:25:04] STARTED
[2024-02-25 19:25:04] WINDOW: Drone_pos, Target_pos, Obst_pos received from server
[2024-02-25 19:25:04] T:54.000000 56.000000 O:14.000000 78.000000
[2024-02-25 19:25:04] STARTED
[2024-02-25 19:25:04] WINDOW: Drone_pos, Target_pos, Obst_pos received from server
[2024-02-25 19:25:04] T:54.000000 56.000000 O:14.000000 78.000000
[2024-02-25 19:25:04] STARTED
[2024-02-25 19:25:04] WINDOW: Drone_pos, Target_pos, Obst_pos received from server
[2024-02-25 19:25:04] T:54.000000 56.000000 O:14.000000 78.000000
[2024-02-25 19:25:04] STARTED
[2024-02-25 19:25:04] WINDOW: Drone_pos, Target_pos, Obst_pos received from server
[2024-02-25 19:25:04] T:54.000000 56.000000 O:14.000000 78.000000
[2024-02-25 19:25:04] STARTED
[2024-02-25 19:25:04] WINDOW: Drone_pos, Target_pos, Obst_pos received from server
[2024-02-25 19:25:04] T:54.000000 56.000000 O:14.000000 78.000000
[2024-02-25 19:25:04] STARTED
[2024-02-25 19:25:04] WINDOW: Drone_pos, Target_pos, Obst_pos received from server
[2024-02-25 19:25:04] T:54.000000 56.000000 O:14.000000 78.000000
[2024-02-25 19:25:04] STARTED
[2024-02-25 19:25:04] WINDOW: Drone_pos, Target_pos, Obst_pos received from server
[2024-02-25 19:25:04] T:54.000000 56.000000 O:14.000000 78.000000
[2024-02-25 19:25:04] STARTED
[2024-02-25 19:25:04] WINDOW: Drone_pos, Target_pos, Obst_pos received from server
[2024-02-25 19:25:04] T:54.000000 56.000000 O:14.000000 78.000000
[2024-02-25 19:25:04] STARTED
[2024-02-25 19:25:04] WINDOW: Drone_pos, Target_pos, Obst_pos received from server
[2024-02-25 19:25:04] T:54.000000 56.000000 O:14.000000 78.000000
[2024-02-25 19:25:04] STARTED
[2024-02-25 19:25:04] WINDOW: Drone_pos, Target_pos, Obst_pos received from server
[2024-02-25 19:25:04] T:54.000000 56.000000 O:14.000000 78.000000
[2024-02-25 19:25:04] STARTED
[2024-02-25 19:25:04] WINDOW: Drone_pos, Target_pos, Obst_pos received from server
[2024-02-25 19:25:04] T:54.000000 56.000000 O:14.000000 78.000000
[2024-02-25 19:25:04] STARTED
[2024-02-25 19:25:04] WINDOW: Drone_pos, Target_pos, Obst_pos received from server
[2024-02-25 19:25:04] T:54.000000 56.000000 O:14.000000 78.000000
[2024-02-25 19:25:04] STARTED
[2024-02-25 19:25:04] WINDOW: Drone_pos, Target_pos, Obst_pos received from server
[2024-02-25 19:25:04] T:54.000000 56.000000 O:14.000000 78.000000
[2024-02-25 19:25:04] STARTED
[2024-02-25 19:25:04] WINDOW: Drone_pos, Target_pos, Obst_pos received from server
[2024-02-25 19:25:04] T:54.000000 56.000000 O:14.000000 78.000000
[2024-02-25 19:25:04] STARTED
[2024-02-25 19:25:04] WINDOW: Drone_pos, Target_pos, Obst_pos received from server
[2024-02-25 19:25:04] T:54.000000 56.000000 O:14.000000 78.000000
[2024-02-25 19:25:04] STARTED
[2024-02-25 19:25:04] WINDOW: Drone_pos, Target_pos, Obst_pos received from server
[2024-02-25 19:25:04] T:54.000000 56.000000 O:14.000000 78.000000
[2024-02-25 19:25:04] STARTED
[2024-02-25 19:25:05] WINDOW: Drone_pos, Target_pos, Obst_pos received from server
[2024-02-25 19:25:05] T:54.000000 56.000000 O:14.000000 78.000000
[2024-02-25 19:25:05] STARTED
[2024-02-25 19:25:05] WINDOW: Drone_pos, Target_pos, Obst_pos received from server
[2024-02-25 19:25:05] T:54.000000 56.000000 O:14.000000 78.000000
[2024-02-25 19:25:05] STARTED
[2024-02-25 19:25:05] WINDOW: Drone_pos, Target_pos, Obst_pos received from server
[2024-02-25 19:25:05] T:54.000000 56.000000 O:14.000000 78.000000
[2024-02-25 19:25:05] STARTED
[2024-02-25 19:25:05] WINDOW: Drone_pos, Target_pos, Obst_pos received from server
[2024-02-25 19:25:05] T:54.000000 56.000000 O:14.000000 78.000000
[2024-02-25 19:25:05] STARTED
[2024-02-25 19:25:05] WINDOW: Drone_pos, Target_pos, Obst_pos received from server
[2024-02-25 19:25:05] T:54.000000 56.000000 O:14.000000 78.000000
[2024-02-25 19:25:05] STARTED
[2024-02-25 19:25:05] WINDOW: Drone_pos, Target_pos, Obst_pos received from server
[2024-02-25 19:25:05] T:54.000000 56.000000 O:14.000000 78.000000
[2024-02-25 19:25:05] STARTED
[2024-02-25 19:25:05] WINDOW: Drone_pos, Target_pos, Obst_pos received from server
[2024-02-25 19:25:05] T:54.000000 56.000000 O:14.000000 78.000000
[2024-02-25 19:25:05] STARTED
[2024-02-25 19:25:05] WINDOW: Drone_pos, Target_pos, Obst_pos received from server
[2024-02-25 19:25:05] T:54.000000 56.000000 O:14.000000 78.000000
[2024-02-25 19:25:05] STARTED
[2024-02-25 19:25:05] WINDOW: Drone_pos, Target_pos, Obst_pos received from server
[2024-02-25 19:25:05] T:54.000000 56.000000 O:14.000000 78.000000
[2024-02-25 19:25:05] STARTED
[2024-02-25 19:25:05] WINDOW: Drone_pos, Target_pos, Obst_pos received from server
[2024-02-25 19:25:05] T:54.000000 56.000000 O:14.000000 78.000000
[2024-02-25 19:25:05] STARTED
[2024-02-25 19:25:05] WINDOW: User input sent to server
[2024-02-25 19:25:05] WINDOW: Drone_pos, Target_pos, Obst_pos received from server
[2024-02-25 19:25:05] T:54.000000 56.000000 O:14.000000 78.000000
[2024-02-25 19:25:05] STARTED
[2024-02-25 19:25:05] WINDOW: Drone_pos, Target_pos, Obst_pos received from server
[2024-02-25 19:25:05] T:54.000000 56.000000 O:14.000000 78.000000
[2024-02-25 19:25:05] STARTED
[2024-02-25 19:25:05] WINDOW: Drone_pos, Target_pos, Obst_pos received from server
[2024-02-25 19:25:05] T:54.000000 56.000000 O:14.000000 78.000000
[2024-02-25 19:25:05] STARTED
[2024-02-25 19:25:05] WINDOW: Drone_pos, Target_pos, Obst_pos received from server
[2024-02-25 19:25:05] T:54.000000 56.000000 O:14.000000 78.000000
[2024-02-25 19:25:05] STARTED
[2024-02-25 19:25:05] WINDOW: Drone_pos, Target_pos, Obst_pos received from server
[2024-02-25 19:25:05] T:54.000000 56.000000 O:14.000000 78.000000
[2024-02-25 19:25:05] STARTED
[2024-02-25 19:25:05] WINDOW: Drone_pos, Target_pos, Obst_pos received from server
[2024-02-25 19:25:05] T:54.000000 56.000000 O:14.000000 78.000000
[2024-02-25 19:25:05] STARTED
[2024-02-25 19:25:05] WINDOW: Drone_pos, Target_pos, Obst_pos received from server
[2024-02-25 19:25:05] T:54.000000 56.000000 O:14.000000 78.000000
[2024-02-25 19:25:05] STARTED
[2024-02-25 19:25:05] WINDOW: Drone_pos, Target_pos, Obst_pos received from server
[2024-02-25 19:25:05] T:54.000000 56.000000 O:14.000000 78.000000
[2024-02-25 19:25:05] STARTED
[2024-02-25 19:25:05] WINDOW: Drone_pos, Target_pos, Obst_pos received from server
[2024-02-25 19:25:05] T:54.000000 56.000000 O:14.000000 78.000000
[2024-02-25 19:25:05] STARTED
[2024-02-25 19:25:05] WINDOW: Drone_pos, Target_pos, Obst_pos received from server
[2024-02-25 19:25:05] T:54.000000 56.000000 O:14.000000 78.000000
[2024-02-25 19:25:05] STARTED
[2024-02-25 19:25:05] WINDOW: User input sent to server
[2024-02-25 19:25:05] WINDOW: Drone_pos, Target_pos, Obst_pos received from server
[2024-02-25 19:25:05] T:54.000000 56.000000 O:14.000000 78.000000
[2024-02-25 19:25:05] STARTED
[2024-02-25 19:25:05] WINDOW: Drone_pos, Target_pos, Obst_pos received from server
[2024-02-25 19:25:05] T:54.000000 56.000000 O:14.000000 78.000000
[2024-02-25 19:25:05] STARTED
[2024-02-25 19:25:06] WINDOW: Drone_pos, Target_pos, Obst_pos received from server
[2024-02-25 19:25:06] T:54.000000 56.000000 O:14.000000 78.000000
[2024-02-25 19:25:06] STARTED
[2024-02-25 19:25:06] WINDOW: Drone_pos, Target_pos, Obst_pos received from server
[2024-02-25 19:25:06] T:54.000000 56.000000 O:14.000000 78.000000
[2024-02-25 19:25:06] STARTED
[2024-02-25 19:25:06] WINDOW: Drone_pos, Target_pos, Obst_pos received from server
[2024-02-25 19:25:06] T:54.000000 56.000000 O:14.000000 78.000000
[2024-02-25 19:25:06] STARTED
[2024-02-25 19:25:06] WINDOW: Drone_pos, Target_pos, Obst_pos received from server
[2024-02-25 19:25:06] T:54.000000 56.000000 O:14.000000 78.000000
[2024-02-25 19:25:06] STARTED
[2024-02-25 19:25:06] WINDOW: Drone_pos, Target_pos, Obst_pos received from server
[2024-02-25 19:25:06] T:54.000000 56.000000 O:14.000000 78.000000
[2024-02-25 19:25:06] STARTED
[2024-02-25 19:25:06] WINDOW: Drone_pos, Target_pos, Obst_pos received from server
[2024-02-25 19:25:06] T:54.000000 56.000000 O:14.000000 78.000000
[2024-02-25 19:25:06] STARTED
[2024-02-25 19:25:06] WINDOW: Drone_pos, Target_pos, Obst_pos received from server
[2024-02-25 19:25:06] T:54.000000 56.000000 O:14.000000 78.000000
[2024-02-25 19:25:06] STARTED
[2024-02-25 19:25:06] WINDOW: Drone_pos, Target_pos, Obst_pos received from server
[2024-02-25 19:25:06] T:54.000000 56.000000 O:14.000000 78.000000
[2024-02-25 19:25:06] STARTED
[2024-02-25 19:25:06] WINDOW: Drone_pos, Target_pos, Obst_pos received from server
[2024-02-25 19:25:06] T:54.000000 56.000000 O:14.000000 78.000000
[2024-02-25 19:25:06] STARTED
[2024-02-25 19:25:06] WINDOW: Drone_pos, Target_pos, Obst_pos received from server
[2024-02-25 19:25:06] T:54.000000 56.000000 O:14.000000 78.000000
[2024-02-25 19:25:06] STARTED
[2024-02-25 19:25:06] WINDOW: Drone_pos, Target_pos, Obst_pos received from server
[2024-02-25 19:25:06] T:54.000000 56.000000 O:14.000000 78.000000
[2024-02-25 19:25:06] STARTED
[2024-02-25 19:25:06] WINDOW: Drone_pos, Target_pos, Obst_pos received from server
[2024-02-25 19:25:06] T:54.000000 56.000000 O:14.000000 78.000000
[2024-02-25 19:25:06] STARTED
[2024-02-25 19:25:06] WINDOW: User input sent to server
[2024-02-25 19:25:06] WINDOW: Drone_pos, Target_pos, Obst_pos received from server
[2024-02-25 19:25:06] T:54.000000 56.000000 O:14.000000 78.000000
[2024-02-25 19:25:06] STARTED
[2024-02-25 19:25:06] WINDOW: Drone_pos, Target_pos, Obst_pos received from server
[2024-02-25 19:25:06] T:54.000000 56.000000 O:14.000000 78.000000
[2024-02-25 19:25:06] STARTED
[2024-02-25 19:25:06] WINDOW: Drone_pos, Target_pos, Obst_pos received from server
[2024-02-25 19:25:06] T:54.000000 56.000000 O:14.000000 78.000000
[2024-02-25 19:25:06] STARTED
[2024-02-25 19:25:06] WINDOW: Drone_pos, Target_pos, Obst_pos received from server
[2024-02-25 19:25:06] T:54.000000 56.000000 O:14.000000 78.000000
[2024-02-25 19:25:06] STARTED
[2024-02-25 19:25:06] WINDOW: Drone_pos, Target_pos, Obst_pos received from server
[2024-02-25 19:25:06] T:54.000000 56.000000 O:14.000000 78.000000
[2024-02-25 19:25:06] STARTED
[2024-02-25 19:25:06] WINDOW: Drone_pos, Target_pos, Obst_pos received from server
[2024-02-25 19:25:06] T:54.000000 56.000000 O:14.000000 78.000000
[2024-02-25 19:25:06] STARTED
[2024-02-25 19:25:06] WINDOW: Drone_pos, Target_pos, Obst_pos received from server
[2024-02-25 19:25:06] T:54.000000 56.000000 O:14.000000 78.000000
[2024-02-25 19:25:06] STARTED
[2024-02-25 19:25:06] WINDOW: User input sent to server
[2024-02-25 19:25:06] WINDOW: Drone_pos, Target_pos, Obst_pos received from server
[2024-02-25 19:25:06] T:54.000000 56.000000 O:14.000000 78.000000
[2024-02-25 19:25:06] STARTED
[2024-02-25 19:25:06] WINDOW: Drone_pos, Target_pos, Obst_pos received from server
[2024-02-25 19:25:06] T:54.000000 56.000000 O:14.000000 78.000000
[2024-02-25 19:25:06] STARTED
[2024-02-25 19:25:07] WINDOW: Drone_pos, Target_pos, Obst_pos received from server
[2024-02-25 19:25:07] T:54.000000 56.000000 O:14.000000 78.000000
[2024-02-25 19:25:07] STARTED
[2024-02-25 19:25:07] WINDOW: Drone_pos, Target_pos, Obst_pos received from server
[2024-02-25 19:25:07] T:54.000000 56.000000 O:14.000000 78.000000
[2024-02-25 19:25:07] STARTED
[2024-02-25 19:25:07] WINDOW: Drone_pos, Target_pos, Obst_pos received from server
[2024-02-25 19:25:07] T:54.000000 56.000000 O:14.000000 78.000000
[2024-02-25 19:25:07] STARTED
[2024-02-25 19:25:07] WINDOW: Drone_pos, Target_pos, Obst_pos received from server
[2024-02-25 19:25:07] T:54.000000 56.000000 O:14.000000 78.000000
[2024-02-25 19:25:07] STARTED
[2024-02-25 19:25:07] WINDOW: Drone_pos, Target_pos, Obst_pos received from server
[2024-02-25 19:25:07] T:54.000000 56.000000 O:14.000000 78.000000
[2024-02-25 19:25:07] STARTED
[2024-02-25 19:25:07] WINDOW: Drone_pos, Target_pos, Obst_pos received from server
[2024-02-25 19:25:07] T:54.000000 56.000000 O:14.000000 78.000000
[2024-02-25 19:25:07] STARTED
[2024-02-25 19:25:07] WINDOW: Drone_pos, Target_pos, Obst_pos received from server
[2024-02-25 19:25:07] T:54.000000 56.000000 O:14.000000 78.000000
[2024-02-25 19:25:07] STARTED
[2024-02-25 19:25:07] WINDOW: Drone_pos, Target_pos, Obst_pos received from server
[2024-02-25 19:25:07] T:54.000000 56.000000 O:14.000000 78.000000
[2024-02-25 19:25:07] STARTED
[2024-02-25 19:25:07] WINDOW: Drone_pos, Target_pos, Obst_pos received from server
[2024-02-25 19:25:07] T:54.000000 56.000000 O:14.000000 78.000000
[2024-02-25 19:25:07] STARTED
[2024-02-25 19:25:07] WINDOW: Drone_pos, Target_pos, Obst_pos received from server
[2024-02-25 19:25:07] T:54.000000 56.000000 O:14.000000 78.000000
[2024-02-25 19:25:07] STARTED
[2024-02-25 19:25:07] WINDOW: Drone_pos, Target_pos, Obst_pos received from server
[2024-02-25 19:25:07] T:54.000000 56.000000 O:14.000000 78.000000
[2024-02-25 19:25:07] STARTED
[2024-02-25 19:25:07] WINDOW: Drone_pos, Target_pos, Obst_pos received from server
[2024-02-25 19:25:07] T:54.000000 56.000000 O:14.000000 78.000000
[2024-02-25 19:25:07] STARTED
[2024-02-25 19:25:07] WINDOW: Drone_pos, Target_pos, Obst_pos received from server
[2024-02-25 19:25:07] T:54.000000 56.000000 O:14.000000 78.000000
[2024-02-25 19:25:07] STARTED
[2024-02-25 19:25:07] WINDOW: Drone_pos, Target_pos, Obst_pos received from server
[2024-02-25 19:25:07] T:54.000000 56.000000 O:14.000000 78.000000
[2024-02-25 19:25:07] STARTED
[2024-02-25 19:25:07] WINDOW: Drone_pos, Target_pos, Obst_pos received from server
[2024-02-25 19:25:07] T:54.000000 56.000000 O:14.000000 78.000000
[2024-02-25 19:25:07] STARTED
[2024-02-25 19:25:07] WINDOW: Drone_pos, Target_pos, Obst_pos received from server
[2024-02-25 19:25:07] T:54.000000 56.000000 O:14.000000 78.000000
[2024-02-25 19:25:07] STARTED
[2024-02-25 19:25:07] WINDOW: Drone_pos, Target_pos, Obst_pos received from server
[2024-02-25 19:25:07] T:54.000000 56.000000 O:14.000000 78.000000
[2024-02-25 19:25:07] STARTED
[2024-02-25 19:25:07] WINDOW: Drone_pos, Target_pos, Obst_pos received from server
[2024-02-25 19:25:07] T:54.000000 56.000000 O:14.000000 78.000000
[2024-02-25 19:25:07] STARTED
[2024-02-25 19:25:07] WINDOW: Drone_pos, Target_pos, Obst_pos received from server
[2024-02-25 19:25:07] T:54.000000 56.000000 O:14.000000 78.000000
[2024-02-25 19:25:07] STARTED
[2024-02-25 19:25:07] WINDOW: Drone_pos, Target_pos, Obst_pos received from server
[2024-02-25 19:25:07] T:54.000000 56.000000 O:14.000000 78.000000
[2024-02-25 19:25:07] STARTED
[2024-02-25 19:25:07] WINDOW: User input sent to server
[2024-02-25 19:25:07] WINDOW: Drone_pos, Target_pos, Obst_pos received from server
[2024-02-25 19:25:07] T:54.000000 56.000000 O:14.000000 78.000000
[2024-02-25 19:25:07] STARTED
[2024-02-25 19:25:07] WINDOW: Drone_pos, Target_pos, Obst_pos received from server
[2024-02-25 19:25:07] T:54.000000 56.000000 O:14.000000 78.000000
[2024-02-25 19:25:07] STARTED
[2024-02-25 19:25:08] WINDOW: Drone_pos, Target_pos, Obst_pos received from server
[2024-02-25 19:25:08] T:54.000000 56.000000 O:14.000000 78.000000
[2024-02-25 19:25:08] STARTED
[2024-02-25 19:25:08] WINDOW: Drone_pos, Target_pos, Obst_pos received from server
[2024-02-25 19:25:08] T:54.000000 56.000000 O:14.000000 78.000000
[2024-02-25 19:25:08] STARTED
[2024-02-25 19:25:08] WINDOW: Drone_pos, Target_pos, Obst_pos received from server
[2024-02-25 19:25:08] T:54.000000 56.000000 O:14.000000 78.000000
[2024-02-25 19:25:08] STARTED
[2024-02-25 19:25:08] WINDOW: Drone_pos, Target_pos, Obst_pos received from server
[2024-02-25 19:25:08] T:54.000000 56.000000 O:14.000000 78.000000
[2024-02-25 19:25:08] STARTED
[2024-02-25 19:25:08] WINDOW: Drone_pos, Target_pos, Obst_pos received from server
[2024-02-25 19:25:08] T:54.000000 56.000000 O:14.000000 78.000000
[2024-02-25 19:25:08] STARTED
[2024-02-25 19:25:08] WINDOW: Drone_pos, Target_pos, Obst_pos received from server
[2024-02-25 19:25:08] T:54.000000 56.000000 O:14.000000 78.000000
[2024-02-25 19:25:08] STARTED
[2024-02-25 19:25:08] WINDOW: Drone_pos, Target_pos, Obst_pos received from server
[2024-02-25 19:25:08] T:54.000000 56.000000 O:14.000000 78.000000
[2024-02-25 19:25:08] STARTED
[2024-02-25 19:25:08] WINDOW: Drone_pos, Target_pos, Obst_pos received from server
[2024-02-25 19:25:08] T:54.000000 56.000000 O:14.000000 78.000000
[2024-02-25 19:25:08] STARTED
[2024-02-25 19:25:08] WINDOW: Drone_pos, Target_pos, Obst_pos received from server
[2024-02-25 19:25:08] T:54.000000 56.000000 O:14.000000 78.000000
[2024-02-25 19:25:08] STARTED
[2024-02-25 19:25:08] WINDOW: User input sent to server
[2024-02-25 19:25:08] WINDOW: Drone_pos, Target_pos, Obst_pos received from server
[2024-02-25 19:25:08] T:54.000000 56.000000 O:14.000000 78.000000
[2024-02-25 19:25:08] STARTED
[2024-02-25 19:25:08] WINDOW: Drone_pos, Target_pos, Obst_pos received from server
[2024-02-25 19:25:08] T:54.000000 56.000000 O:14.000000 78.000000
[2024-02-25 19:25:08] STARTED
[2024-02-25 19:25:08] WINDOW: Drone_pos, Target_pos, Obst_pos received from server
[2024-02-25 19:25:08] T:54.000000 56.000000 O:14.000000 78.000000
[2024-02-25 19:25:08] STARTED
[2024-02-25 19:25:08] WINDOW: Drone_pos, Target_pos, Obst_pos received from server
[2024-02-25 19:25:08] T:54.000000 56.000000 O:14.000000 78.000000
[2024-02-25 19:25:08] STARTED
[2024-02-25 19:25:08] WINDOW: Drone_pos, Target_pos, Obst_pos received from server
[2024-02-25 19:25:08] T:54.000000 56.000000 O:14.000000 78.000000
[2024-02-25 19:25:08] STARTED
[2024-02-25 19:25:08] WINDOW: User input sent to server
[2024-02-25 19:25:08] WINDOW: Drone_pos, Target_pos, Obst_pos received from server
[2024-02-25 19:25:08] T:54.000000 56.000000 O:14.000000 78.000000
[2024-02-25 19:25:08] STARTED
[2024-02-25 19:25:08] WINDOW: Drone_pos, Target_pos, Obst_pos received from server
[2024-02-25 19:25:08] T:54.000000 56.000000 O:14.000000 78.000000
[2024-02-25 19:25:08] STARTED
[2024-02-25 19:25:08] WINDOW: Drone_pos, Target_pos, Obst_pos received from server
[2024-02-25 19:25:08] T:54.000000 56.000000 O:14.000000 78.000000
[2024-02-25 19:25:08] STARTED
[2024-02-25 19:25:08] WINDOW: Drone_pos, Target_pos, Obst_pos received from server
[2024-02-25 19:25:08] T:54.000000 56.000000 O:14.000000 78.000000
[2024-02-25 19:25:08] STARTED
[2024-02-25 19:25:08] WINDOW: Drone_pos, Target_pos, Obst_pos received from server
[2024-02-25 19:25:08] T:54.000000 56.000000 O:14.000000 78.000000
[2024-02-25 19:25:08] STARTED
[2024-02-25 19:25:08] WINDOW: Drone_pos, Target_pos, Obst_pos received from server
[2024-02-25 19:25:08] T:54.000000 56.000000 O:14.000000 78.000000
[2024-02-25 19:25:08] STARTED
[2024-02-25 19:25:08] WINDOW: Drone_pos, Target_pos, Obst_pos received from server
[2024-02-25 19:25:08] T:54.000000 56.000000 O:14.000000 78.000000
[2024-02-25 19:25:08] STARTED
[2024-02-25 19:25:08] WINDOW: Drone_pos, Target_pos, Obst_pos received from server
[2024-02-25 19:25:08] T:54.000000 56.000000 O:14.000000 78.000000
[2024-02-25 19:25:08] STARTED
[2024-02-25 19:25:09] WINDOW: Drone_pos, Target_pos, Obst_pos received from server
[2024-02-25 19:25:09] T:54.000000 56.000000 O:14.000000 78.000000
[2024-02-25 19:25:09] STARTED
[2024-02-25 19:25:09] WINDOW: Drone_pos, Target_pos, Obst_pos received from server
[2024-02-25 19:25:09] T:54.000000 56.000000 O:14.000000 78.000000
[2024-02-25 19:25:09] STARTED
[2024-02-25 19:25:09] WINDOW: Drone_pos, Target_pos, Obst_pos received from server
[2024-02-25 19:25:09] T:54.000000 56.000000 O:14.000000 78.000000
[2024-02-25 19:25:09] STARTED
[2024-02-25 19:25:09] WINDOW: Drone_pos, Target_pos, Obst_pos received from server
[2024-02-25 19:25:09] T:54.000000 56.000000 O:14.000000 78.000000
[2024-02-25 19:25:09] STARTED
[2024-02-25 19:25:09] WINDOW: Drone_pos, Target_pos, Obst_pos received from server
[2024-02-25 19:25:09] T:54.000000 56.000000 O:14.000000 78.000000
[2024-02-25 19:25:09] STARTED
[2024-02-25 19:25:09] WINDOW: Drone_pos, Target_pos, Obst_pos received from server
[2024-02-25 19:25:09] T:54.000000 56.000000 O:14.000000 78.000000
[2024-02-25 19:25:09] STARTED
[2024-02-25 19:25:09] WINDOW: User input sent to server
[2024-02-25 19:25:09] WINDOW: Drone_pos, Target_pos, Obst_pos received from server
[2024-02-25 19:25:09] T:54.000000 56.000000 O:14.000000 78.000000
[2024-02-25 19:25:09] STARTED
[2024-02-25 19:25:09] WINDOW: Drone_pos, Target_pos, Obst_pos received from server
[2024-02-25 19:25:09] T:54.000000 56.000000 O:14.000000 78.000000
[2024-02-25 19:25:09] STARTED
[2024-02-25 19:25:09] WINDOW: Drone_pos, Target_pos, Obst_pos received from server
[2024-02-25 19:25:09] T:54.000000 56.000000 O:14.000000 78.000000
[2024-02-25 19:25:09] STARTED
[2024-02-25 19:25:09] WINDOW: Drone_pos, Target_pos, Obst_pos received from server
[2024-02-25 19:25:09] T:54.000000 56.000000 O:14.000000 78.000000
[2024-02-25 19:25:09] STARTED
[2024-02-25 19:25:09] WINDOW: Drone_pos, Target_pos, Obst_pos received from server
[2024-02-25 19:25:09] T:54.000000 56.000000 O:14.000000 78.000000
[2024-02-25 19:25:09] STARTED
[2024-02-25 19:25:09] WINDOW: Drone_pos, Target_pos, Obst_pos received from server
[2024-02-25 19:25:09] T:54.000000 56.000000 O:14.000000 78.000000
[2024-02-25 19:25:09] STARTED
[2024-02-25 19:25:09] WINDOW: Drone_pos, Target_pos, Obst_pos received from server
[2024-02-25 19:25:09] T:54.000000 56.000000 O:14.000000 78.000000
[2024-02-25 19:25:09] STARTED
[2024-02-25 19:25:09] WINDOW: Drone_pos, Target_pos, Obst_pos received from server
[2024-02-25 19:25:09] T:54.000000 56.000000 O:14.000000 78.000000
[2024-02-25 19:25:09] STARTED
[2024-02-25 19:25:09] WINDOW: Drone_pos, Target_pos, Obst_pos received from server
[2024-02-25 19:25:09] T:54.000000 56.000000 O:14.000000 78.000000
[2024-02-25 19:25:09] STARTED
[2024-02-25 19:25:09] WINDOW: Drone_pos, Target_pos, Obst_pos received from server
[2024-02-25 19:25:09] T:54.000000 56.000000 O:14.000000 78.000000
[2024-02-25 19:25:09] STARTED
[2024-02-25 19:25:09] WINDOW: Drone_pos, Target_pos, Obst_pos received from server
[2024-02-25 19:25:09] T:54.000000 56.000000 O:14.000000 78.000000
[2024-02-25 19:25:09] STARTED
[2024-02-25 19:25:09] WINDOW: Drone_pos, Target_pos, Obst_pos received from server
[2024-02-25 19:25:09] T:54.000000 56.000000 O:14.000000 78.000000
[2024-02-25 19:25:09] STARTED
[2024-02-25 19:25:09] WINDOW: Drone_pos, Target_pos, Obst_pos received from server
[2024-02-25 19:25:09] T:54.000000 56.000000 O:14.000000 78.000000
[2024-02-25 19:25:09] STARTED
[2024-02-25 19:25:09] WINDOW: Drone_pos, Target_pos, Obst_pos received from server
[2024-02-25 19:25:09] T:54.000000 56.000000 O:14.000000 78.000000
[2024-02-25 19:25:09] STARTED
[2024-02-25 19:25:09] WINDOW: Drone_pos, Target_pos, Obst_pos received from server
[2024-02-25 19:25:09] T:54.000000 56.000000 O:14.000000 78.000000
[2024-02-25 19:25:09] STARTED
[2024-02-25 19:25:10] WINDOW: Drone_pos, Target_pos, Obst_pos received from server
[2024-02-25 19:25:10] T:54.000000 56.000000 O:14.000000 78.000000
[2024-02-25 19:25:10] STARTED
[2024-02-25 19:25:10] WINDOW: Drone_pos, Target_pos, Obst_pos received from server
[2024-02-25 19:25:10] T:54.000000 56.000000 O:14.000000 78.000000
[2024-02-25 19:25:10] STARTED
[2024-02-25 19:25:10] WINDOW: Drone_pos, Target_pos, Obst_pos received from server
[2024-02-25 19:25:10] T:54.000000 56.000000 O:14.000000 78.000000
[2024-02-25 19:25:10] STARTED
[2024-02-25 19:25:10] WINDOW: Drone_pos, Target_pos, Obst_pos received from server
[2024-02-25 19:25:10] T:54.000000 56.000000 O:14.000000 78.000000
[2024-02-25 19:25:10] STARTED
[2024-02-25 19:25:10] WINDOW: User input sent to server
