[2024-02-26 02:22:50] PID = 181291

[2024-02-26 02:22:50] DRONE: Initial drone_pos sent to server
[2024-02-26 02:22:55] T:0.000000 0.000000 O:0.000000 0.000000
[2024-02-26 02:22:55] DRONE: Command_force received from server
[2024-02-26 02:22:55] Drone pos:50.000000 50.000000 50.000000 50.000000
[2024-02-26 02:22:55] T:0.000000 0.000000 0.000000 0.000000
[2024-02-26 02:22:55] DRONE: Drone_pos sent to server
[2024-02-26 02:22:55] T:0.000000 0.000000 O:0.000000 0.000000
[2024-02-26 02:22:55] DRONE: Command_force received from server
[2024-02-26 02:22:55] Drone pos:50.000000 50.000000 50.000000 50.000000
[2024-02-26 02:22:55] T:0.000000 0.000000 0.000000 0.000000
[2024-02-26 02:22:55] DRONE: Drone_pos sent to server
[2024-02-26 02:22:55] T:2.000000 0.000000 O:0.000000 0.000000
[2024-02-26 02:22:55] DRONE: Command_force received from server
[2024-02-26 02:22:55] Drone pos:50.000000 50.000000 50.000000 50.000000
[2024-02-26 02:22:55] T:2.000000 0.000000 0.000000 0.000000
[2024-02-26 02:22:55] DRONE: Drone_pos sent to server
[2024-02-26 02:22:55] T:8.000000 10.000000 O:0.000000 0.000000
[2024-02-26 02:22:55] DRONE: Command_force received from server
[2024-02-26 02:22:55] Drone pos:50.000000 50.000000 50.000000 50.000000
[2024-02-26 02:22:55] T:8.000000 10.000000 63.000000 21.000000
[2024-02-26 02:22:55] DRONE: Drone_pos sent to server
[2024-02-26 02:22:55] T:8.000000 10.000000 O:2.000000 0.000000
[2024-02-26 02:22:55] DRONE: Command_force received from server
[2024-02-26 02:22:55] Drone pos:50.000000 50.000000 50.000000 50.000000
[2024-02-26 02:22:55] T:8.000000 10.000000 63.000000 21.000000
[2024-02-26 02:22:55] DRONE: Drone_pos sent to server
[2024-02-26 02:22:55] T:8.000000 10.000000 O:86.000000 1.000000
[2024-02-26 02:22:55] DRONE: Command_force received from server
[2024-02-26 02:22:55] Drone pos:50.000000 50.000000 50.000000 50.000000
[2024-02-26 02:22:55] T:8.000000 10.000000 63.000000 21.000000
[2024-02-26 02:22:55] DRONE: Drone_pos sent to server
[2024-02-26 02:22:55] T:8.000000 10.000000 O:86.000000 1.000000
[2024-02-26 02:22:55] DRONE: Command_force received from server
[2024-02-26 02:22:55] Drone pos:50.000000 50.000000 50.000000 50.000000
[2024-02-26 02:22:55] T:8.000000 10.000000 63.000000 21.000000
[2024-02-26 02:22:55] DRONE: Drone_pos sent to server
[2024-02-26 02:22:55] T:8.000000 10.000000 O:86.000000 1.000000
[2024-02-26 02:22:55] DRONE: Command_force received from server
[2024-02-26 02:22:55] Drone pos:50.000000 50.000000 50.000000 50.000000
[2024-02-26 02:22:55] T:8.000000 10.000000 63.000000 21.000000
[2024-02-26 02:22:55] DRONE: Drone_pos sent to server
[2024-02-26 02:22:55] T:8.000000 10.000000 O:86.000000 1.000000
[2024-02-26 02:22:55] DRONE: Command_force received from server
[2024-02-26 02:22:55] Drone pos:50.000000 50.000000 50.000000 50.000000
[2024-02-26 02:22:55] T:8.000000 10.000000 63.000000 21.000000
[2024-02-26 02:22:55] DRONE: Drone_pos sent to server
[2024-02-26 02:22:55] T:8.000000 10.000000 O:86.000000 1.000000
[2024-02-26 02:22:55] DRONE: Command_force received from server
[2024-02-26 02:22:55] Drone pos:50.000000 50.000000 50.000000 50.000000
[2024-02-26 02:22:55] T:8.000000 10.000000 63.000000 21.000000
[2024-02-26 02:22:55] DRONE: Drone_pos sent to server
[2024-02-26 02:22:55] T:8.000000 10.000000 O:86.000000 1.000000
[2024-02-26 02:22:55] DRONE: Command_force received from server
[2024-02-26 02:22:55] Drone pos:50.000000 50.000000 50.000000 50.000000
[2024-02-26 02:22:55] T:8.000000 10.000000 63.000000 21.000000
[2024-02-26 02:22:55] DRONE: Drone_pos sent to server
[2024-02-26 02:22:55] T:8.000000 10.000000 O:86.000000 1.000000
[2024-02-26 02:22:55] DRONE: Command_force received from server
[2024-02-26 02:22:55] Drone pos:50.000000 50.000000 50.000000 50.000000
[2024-02-26 02:22:55] T:8.000000 10.000000 63.000000 21.000000
[2024-02-26 02:22:55] DRONE: Drone_pos sent to server
[2024-02-26 02:22:55] T:8.000000 10.000000 O:86.000000 1.000000
[2024-02-26 02:22:55] DRONE: Command_force received from server
[2024-02-26 02:22:55] Drone pos:50.000000 50.000000 50.000000 50.000000
[2024-02-26 02:22:55] T:8.000000 10.000000 63.000000 21.000000
[2024-02-26 02:22:55] DRONE: Drone_pos sent to server
[2024-02-26 02:22:55] T:8.000000 10.000000 O:86.000000 1.000000
[2024-02-26 02:22:55] DRONE: Command_force received from server
[2024-02-26 02:22:55] Drone pos:50.000000 50.000000 50.000000 50.000000
[2024-02-26 02:22:55] T:8.000000 10.000000 63.000000 21.000000
[2024-02-26 02:22:55] DRONE: Drone_pos sent to server
[2024-02-26 02:22:55] T:8.000000 10.000000 O:86.000000 1.000000
[2024-02-26 02:22:55] DRONE: Command_force received from server
[2024-02-26 02:22:55] Drone pos:50.000000 50.000000 50.000000 50.000000
[2024-02-26 02:22:55] T:8.000000 10.000000 63.000000 21.000000
[2024-02-26 02:22:55] DRONE: Drone_pos sent to server
[2024-02-26 02:22:55] T:8.000000 10.000000 O:86.000000 1.000000
[2024-02-26 02:22:55] DRONE: Command_force received from server
[2024-02-26 02:22:55] Drone pos:50.000000 50.000000 50.000000 50.000000
[2024-02-26 02:22:55] T:8.000000 10.000000 63.000000 21.000000
[2024-02-26 02:22:55] DRONE: Drone_pos sent to server
[2024-02-26 02:22:55] T:8.000000 10.000000 O:86.000000 1.000000
[2024-02-26 02:22:55] DRONE: Command_force received from server
[2024-02-26 02:22:55] Drone pos:50.000000 50.000000 50.000000 50.000000
[2024-02-26 02:22:55] T:8.000000 10.000000 63.000000 21.000000
[2024-02-26 02:22:55] DRONE: Drone_pos sent to server
[2024-02-26 02:22:56] T:8.000000 10.000000 O:86.000000 1.000000
[2024-02-26 02:22:56] DRONE: Command_force received from server
[2024-02-26 02:22:56] Drone pos:50.000000 50.000000 50.000000 50.000000
[2024-02-26 02:22:56] T:8.000000 10.000000 63.000000 21.000000
[2024-02-26 02:22:56] DRONE: Drone_pos sent to server
[2024-02-26 02:22:56] T:8.000000 10.000000 O:86.000000 1.000000
[2024-02-26 02:22:56] DRONE: Command_force received from server
[2024-02-26 02:22:56] Drone pos:50.000000 50.000000 50.000000 50.000000
[2024-02-26 02:22:56] T:8.000000 10.000000 63.000000 21.000000
[2024-02-26 02:22:56] DRONE: Drone_pos sent to server
[2024-02-26 02:22:56] T:8.000000 10.000000 O:86.000000 1.000000
[2024-02-26 02:22:56] DRONE: Command_force received from server
[2024-02-26 02:22:56] Drone pos:50.000000 50.000000 50.000000 50.000000
[2024-02-26 02:22:56] T:8.000000 10.000000 63.000000 21.000000
[2024-02-26 02:22:56] DRONE: Drone_pos sent to server
[2024-02-26 02:22:56] T:8.000000 10.000000 O:86.000000 1.000000
[2024-02-26 02:22:56] DRONE: Command_force received from server
[2024-02-26 02:22:56] Drone pos:50.000000 50.000000 50.000000 50.000000
[2024-02-26 02:22:56] T:8.000000 10.000000 63.000000 21.000000
[2024-02-26 02:22:56] DRONE: Drone_pos sent to server
[2024-02-26 02:22:56] T:8.000000 10.000000 O:86.000000 1.000000
[2024-02-26 02:22:56] DRONE: Command_force received from server
[2024-02-26 02:22:56] Drone pos:50.000000 50.000000 50.000000 50.000000
[2024-02-26 02:22:56] T:8.000000 10.000000 63.000000 21.000000
[2024-02-26 02:22:56] DRONE: Drone_pos sent to server
[2024-02-26 02:22:56] T:8.000000 10.000000 O:86.000000 1.000000
[2024-02-26 02:22:56] DRONE: Command_force received from server
[2024-02-26 02:22:56] Drone pos:50.000000 50.000000 50.000000 50.000000
[2024-02-26 02:22:56] T:8.000000 10.000000 63.000000 21.000000
[2024-02-26 02:22:56] DRONE: Drone_pos sent to server
[2024-02-26 02:22:56] T:8.000000 10.000000 O:86.000000 1.000000
[2024-02-26 02:22:56] DRONE: Command_force received from server
[2024-02-26 02:22:56] Drone pos:50.000000 50.000000 50.000000 50.000000
[2024-02-26 02:22:56] T:8.000000 10.000000 63.000000 21.000000
[2024-02-26 02:22:56] DRONE: Drone_pos sent to server
[2024-02-26 02:22:56] T:8.000000 10.000000 O:86.000000 1.000000
[2024-02-26 02:22:56] DRONE: Command_force received from server
[2024-02-26 02:22:56] Drone pos:50.000000 50.000000 50.000000 50.000000
[2024-02-26 02:22:56] T:8.000000 10.000000 63.000000 21.000000
[2024-02-26 02:22:56] DRONE: Drone_pos sent to server
[2024-02-26 02:22:56] T:8.000000 10.000000 O:86.000000 1.000000
[2024-02-26 02:22:56] DRONE: Command_force received from server
[2024-02-26 02:22:56] Drone pos:50.000000 50.000000 50.000000 50.000000
[2024-02-26 02:22:56] T:8.000000 10.000000 63.000000 21.000000
[2024-02-26 02:22:56] DRONE: Drone_pos sent to server
[2024-02-26 02:22:56] T:8.000000 10.000000 O:86.000000 1.000000
[2024-02-26 02:22:56] DRONE: Command_force received from server
[2024-02-26 02:22:56] Drone pos:50.000000 50.000000 50.000000 50.000000
[2024-02-26 02:22:56] T:8.000000 10.000000 63.000000 21.000000
[2024-02-26 02:22:56] DRONE: Drone_pos sent to server
[2024-02-26 02:22:56] T:8.000000 10.000000 O:86.000000 1.000000
[2024-02-26 02:22:56] DRONE: Command_force received from server
[2024-02-26 02:22:56] Drone pos:50.000000 50.000000 50.000000 50.000000
[2024-02-26 02:22:56] T:8.000000 10.000000 63.000000 21.000000
[2024-02-26 02:22:56] DRONE: Drone_pos sent to server
[2024-02-26 02:22:56] T:8.000000 10.000000 O:86.000000 1.000000
[2024-02-26 02:22:56] DRONE: Command_force received from server
[2024-02-26 02:22:56] Drone pos:50.000000 50.000000 50.000000 50.000000
[2024-02-26 02:22:56] T:8.000000 10.000000 63.000000 21.000000
[2024-02-26 02:22:56] DRONE: Drone_pos sent to server
[2024-02-26 02:22:56] T:8.000000 10.000000 O:86.000000 1.000000
[2024-02-26 02:22:56] DRONE: Command_force received from server
[2024-02-26 02:22:56] Drone pos:50.000000 50.000000 50.000000 50.000000
[2024-02-26 02:22:56] T:8.000000 10.000000 63.000000 21.000000
[2024-02-26 02:22:56] DRONE: Drone_pos sent to server
[2024-02-26 02:22:56] T:8.000000 10.000000 O:86.000000 1.000000
[2024-02-26 02:22:56] DRONE: Command_force received from server
[2024-02-26 02:22:56] Drone pos:50.000000 50.000000 50.000000 50.000000
[2024-02-26 02:22:56] T:8.000000 10.000000 63.000000 21.000000
[2024-02-26 02:22:56] DRONE: Drone_pos sent to server
[2024-02-26 02:22:56] T:8.000000 10.000000 O:86.000000 1.000000
[2024-02-26 02:22:56] DRONE: Command_force received from server
[2024-02-26 02:22:56] Drone pos:50.000000 50.000000 50.000000 50.000000
[2024-02-26 02:22:56] T:8.000000 10.000000 63.000000 21.000000
[2024-02-26 02:22:56] DRONE: Drone_pos sent to server
[2024-02-26 02:22:56] T:8.000000 10.000000 O:86.000000 1.000000
[2024-02-26 02:22:56] DRONE: Command_force received from server
[2024-02-26 02:22:56] Drone pos:50.000000 50.000000 50.000000 50.000000
[2024-02-26 02:22:56] T:8.000000 10.000000 63.000000 21.000000
[2024-02-26 02:22:56] DRONE: Drone_pos sent to server
[2024-02-26 02:22:56] T:8.000000 10.000000 O:86.000000 1.000000
[2024-02-26 02:22:56] DRONE: Command_force received from server
[2024-02-26 02:22:56] Drone pos:50.000000 50.000000 50.000000 50.000000
[2024-02-26 02:22:56] T:8.000000 10.000000 63.000000 21.000000
[2024-02-26 02:22:56] DRONE: Drone_pos sent to server
[2024-02-26 02:22:56] T:8.000000 10.000000 O:86.000000 1.000000
[2024-02-26 02:22:56] DRONE: Command_force received from server
[2024-02-26 02:22:56] Drone pos:50.000000 50.000000 50.000000 50.000000
[2024-02-26 02:22:56] T:8.000000 10.000000 63.000000 21.000000
[2024-02-26 02:22:56] DRONE: Drone_pos sent to server
[2024-02-26 02:22:56] T:8.000000 10.000000 O:86.000000 1.000000
[2024-02-26 02:22:56] DRONE: Command_force received from server
[2024-02-26 02:22:56] Drone pos:50.000000 50.000000 50.000000 50.000000
[2024-02-26 02:22:56] T:8.000000 10.000000 63.000000 21.000000
[2024-02-26 02:22:56] DRONE: Drone_pos sent to server
[2024-02-26 02:22:56] T:8.000000 10.000000 O:86.000000 1.000000
[2024-02-26 02:22:56] DRONE: Command_force received from server
[2024-02-26 02:22:56] Drone pos:50.000000 50.000000 50.000000 50.000000
[2024-02-26 02:22:56] T:8.000000 10.000000 63.000000 21.000000
[2024-02-26 02:22:56] DRONE: Drone_pos sent to server
[2024-02-26 02:22:57] T:8.000000 10.000000 O:86.000000 1.000000
[2024-02-26 02:22:57] DRONE: Command_force received from server
[2024-02-26 02:22:57] Drone pos:50.000000 50.000000 50.000000 50.000000
[2024-02-26 02:22:57] T:8.000000 10.000000 63.000000 21.000000
[2024-02-26 02:22:57] DRONE: Drone_pos sent to server
[2024-02-26 02:22:57] T:8.000000 10.000000 O:86.000000 1.000000
[2024-02-26 02:22:57] DRONE: Command_force received from server
[2024-02-26 02:22:57] Drone pos:50.000000 50.000000 50.000000 50.000000
[2024-02-26 02:22:57] T:8.000000 10.000000 63.000000 21.000000
[2024-02-26 02:22:57] DRONE: Drone_pos sent to server
[2024-02-26 02:22:57] T:8.000000 10.000000 O:86.000000 1.000000
[2024-02-26 02:22:57] DRONE: Command_force received from server
[2024-02-26 02:22:57] Drone pos:50.000000 50.000000 50.000000 50.000000
[2024-02-26 02:22:57] T:8.000000 10.000000 63.000000 21.000000
[2024-02-26 02:22:57] DRONE: Drone_pos sent to server
[2024-02-26 02:22:57] T:8.000000 10.000000 O:86.000000 1.000000
[2024-02-26 02:22:57] DRONE: Command_force received from server
[2024-02-26 02:22:57] Drone pos:50.000000 50.000000 50.000000 50.000000
[2024-02-26 02:22:57] T:8.000000 10.000000 63.000000 21.000000
[2024-02-26 02:22:57] DRONE: Drone_pos sent to server
[2024-02-26 02:22:57] T:8.000000 10.000000 O:86.000000 1.000000
[2024-02-26 02:22:57] DRONE: Command_force received from server
[2024-02-26 02:22:57] Drone pos:50.000000 50.000000 50.000000 50.000000
[2024-02-26 02:22:57] T:8.000000 10.000000 63.000000 21.000000
[2024-02-26 02:22:57] DRONE: Drone_pos sent to server
[2024-02-26 02:22:57] T:8.000000 10.000000 O:86.000000 1.000000
[2024-02-26 02:22:57] DRONE: Command_force received from server
[2024-02-26 02:22:57] Drone pos:50.000000 50.000000 50.000000 50.000000
[2024-02-26 02:22:57] T:8.000000 10.000000 63.000000 21.000000
[2024-02-26 02:22:57] DRONE: Drone_pos sent to server
[2024-02-26 02:22:57] T:8.000000 10.000000 O:86.000000 1.000000
[2024-02-26 02:22:57] DRONE: Command_force received from server
[2024-02-26 02:22:57] Drone pos:50.000000 50.000000 50.000000 50.000000
[2024-02-26 02:22:57] T:8.000000 10.000000 63.000000 21.000000
[2024-02-26 02:22:57] DRONE: Drone_pos sent to server
[2024-02-26 02:22:57] T:8.000000 10.000000 O:86.000000 1.000000
[2024-02-26 02:22:57] DRONE: Command_force received from server
[2024-02-26 02:22:57] Drone pos:50.000000 50.000000 50.000000 50.000000
[2024-02-26 02:22:57] T:8.000000 10.000000 63.000000 21.000000
[2024-02-26 02:22:57] DRONE: Drone_pos sent to server
[2024-02-26 02:22:57] T:8.000000 10.000000 O:86.000000 1.000000
[2024-02-26 02:22:57] DRONE: Command_force received from server
[2024-02-26 02:22:57] Drone pos:50.000000 50.000000 50.000000 50.000000
[2024-02-26 02:22:57] T:8.000000 10.000000 63.000000 21.000000
[2024-02-26 02:22:57] DRONE: Drone_pos sent to server
[2024-02-26 02:22:57] T:8.000000 10.000000 O:86.000000 1.000000
[2024-02-26 02:22:57] DRONE: Command_force received from server
[2024-02-26 02:22:57] Drone pos:50.000000 50.000000 50.000000 50.000000
[2024-02-26 02:22:57] T:8.000000 10.000000 63.000000 21.000000
[2024-02-26 02:22:57] DRONE: Drone_pos sent to server
[2024-02-26 02:22:57] T:8.000000 10.000000 O:86.000000 1.000000
[2024-02-26 02:22:57] DRONE: Command_force received from server
[2024-02-26 02:22:57] Drone pos:50.000000 50.000000 50.000000 50.000000
[2024-02-26 02:22:57] T:8.000000 10.000000 63.000000 21.000000
[2024-02-26 02:22:57] DRONE: Drone_pos sent to server
[2024-02-26 02:22:57] T:8.000000 10.000000 O:86.000000 1.000000
[2024-02-26 02:22:57] DRONE: Command_force received from server
[2024-02-26 02:22:57] Drone pos:50.000000 50.000000 50.000000 50.000000
[2024-02-26 02:22:57] T:8.000000 10.000000 63.000000 21.000000
[2024-02-26 02:22:57] DRONE: Drone_pos sent to server
[2024-02-26 02:22:57] T:8.000000 10.000000 O:86.000000 1.000000
[2024-02-26 02:22:57] DRONE: Command_force received from server
[2024-02-26 02:22:57] Drone pos:50.000000 50.000000 50.000000 50.000000
[2024-02-26 02:22:57] T:8.000000 10.000000 63.000000 21.000000
[2024-02-26 02:22:57] DRONE: Drone_pos sent to server
[2024-02-26 02:22:57] T:8.000000 10.000000 O:86.000000 1.000000
[2024-02-26 02:22:57] DRONE: Command_force received from server
[2024-02-26 02:22:57] Drone pos:50.000000 50.000000 50.000000 50.000000
[2024-02-26 02:22:57] T:8.000000 10.000000 63.000000 21.000000
[2024-02-26 02:22:57] DRONE: Drone_pos sent to server
[2024-02-26 02:22:57] T:8.000000 10.000000 O:86.000000 1.000000
[2024-02-26 02:22:57] DRONE: Command_force received from server
[2024-02-26 02:22:57] Drone pos:50.000000 50.000000 50.000000 50.000000
[2024-02-26 02:22:57] T:8.000000 10.000000 63.000000 21.000000
[2024-02-26 02:22:57] DRONE: Drone_pos sent to server
[2024-02-26 02:22:57] T:8.000000 10.000000 O:86.000000 1.000000
[2024-02-26 02:22:57] DRONE: Command_force received from server
[2024-02-26 02:22:57] Drone pos:50.000000 50.000000 50.000000 50.000000
[2024-02-26 02:22:57] T:8.000000 10.000000 63.000000 21.000000
[2024-02-26 02:22:57] DRONE: Drone_pos sent to server
[2024-02-26 02:22:57] T:8.000000 10.000000 O:86.000000 1.000000
[2024-02-26 02:22:57] DRONE: Command_force received from server
[2024-02-26 02:22:57] Drone pos:50.000000 50.000000 50.000000 50.000000
[2024-02-26 02:22:57] T:8.000000 10.000000 63.000000 21.000000
[2024-02-26 02:22:57] DRONE: Drone_pos sent to server
[2024-02-26 02:22:57] T:8.000000 10.000000 O:86.000000 1.000000
[2024-02-26 02:22:57] DRONE: Command_force received from server
[2024-02-26 02:22:57] Drone pos:50.000000 50.000000 50.000000 50.000000
[2024-02-26 02:22:57] T:8.000000 10.000000 63.000000 21.000000
[2024-02-26 02:22:57] DRONE: Drone_pos sent to server
[2024-02-26 02:22:57] T:8.000000 10.000000 O:86.000000 1.000000
[2024-02-26 02:22:57] DRONE: Command_force received from server
[2024-02-26 02:22:57] Drone pos:50.000000 50.000000 50.000000 50.000000
[2024-02-26 02:22:57] T:8.000000 10.000000 63.000000 21.000000
[2024-02-26 02:22:57] DRONE: Drone_pos sent to server
[2024-02-26 02:22:57] T:8.000000 10.000000 O:86.000000 1.000000
[2024-02-26 02:22:57] DRONE: Command_force received from server
[2024-02-26 02:22:57] Drone pos:50.000000 50.000000 50.000000 50.000000
[2024-02-26 02:22:57] T:8.000000 10.000000 63.000000 21.000000
[2024-02-26 02:22:57] DRONE: Drone_pos sent to server
[2024-02-26 02:22:58] T:8.000000 10.000000 O:86.000000 1.000000
[2024-02-26 02:22:58] DRONE: Command_force received from server
[2024-02-26 02:22:58] Drone pos:50.000000 50.000000 50.000000 50.000000
[2024-02-26 02:22:58] T:8.000000 10.000000 63.000000 21.000000
[2024-02-26 02:22:58] DRONE: Drone_pos sent to server
[2024-02-26 02:22:58] T:8.000000 10.000000 O:86.000000 1.000000
[2024-02-26 02:22:58] DRONE: Command_force received from server
[2024-02-26 02:22:58] Drone pos:50.000000 50.000000 50.000000 50.000000
[2024-02-26 02:22:58] T:8.000000 10.000000 63.000000 21.000000
[2024-02-26 02:22:58] DRONE: Drone_pos sent to server
[2024-02-26 02:22:58] T:8.000000 10.000000 O:86.000000 1.000000
[2024-02-26 02:22:58] DRONE: Command_force received from server
[2024-02-26 02:22:58] Drone pos:50.000000 50.000000 50.000000 50.000000
[2024-02-26 02:22:58] T:8.000000 10.000000 63.000000 21.000000
[2024-02-26 02:22:58] DRONE: Drone_pos sent to server
[2024-02-26 02:22:58] T:8.000000 10.000000 O:86.000000 1.000000
[2024-02-26 02:22:58] DRONE: Command_force received from server
[2024-02-26 02:22:58] REP x: -0.000000, REP y: -0.000000, Sumx: 0.000000, Sumy: 0.000000
[2024-02-26 02:22:58] REP x: -0.000000, REP y: -0.000000, Sumx: 0.000000, Sumy: 0.000000
[2024-02-26 02:22:58] DRONE x: 50.000000, DRONE y: 50.000000, COMMAND x: -1, COMMAND y: 0, REP x: -0.000000, REP y: -0.000000
[2024-02-26 02:22:58] Drone pos:50.000000 50.000000 50.000000 50.000000
[2024-02-26 02:22:58] T:8.000000 10.000000 63.000000 21.000000
[2024-02-26 02:22:58] DRONE: Drone_pos sent to server
[2024-02-26 02:22:58] T:8.000000 10.000000 O:86.000000 1.000000
[2024-02-26 02:22:58] DRONE: Command_force received from server
[2024-02-26 02:22:58] REP x: -0.000000, REP y: -0.000000, Sumx: 0.000000, Sumy: 0.000000
[2024-02-26 02:22:58] REP x: -0.000000, REP y: -0.000000, Sumx: 0.000000, Sumy: 0.000000
[2024-02-26 02:22:58] DRONE x: 49.500000, DRONE y: 50.000000, COMMAND x: -1, COMMAND y: 0, REP x: -0.000000, REP y: -0.000000
[2024-02-26 02:22:58] Drone pos:50.000000 50.000000 49.500000 50.000000
[2024-02-26 02:22:58] T:8.000000 10.000000 63.000000 21.000000
[2024-02-26 02:22:58] DRONE: Drone_pos sent to server
[2024-02-26 02:22:58] T:8.000000 10.000000 O:86.000000 1.000000
[2024-02-26 02:22:58] DRONE: Command_force received from server
[2024-02-26 02:22:58] REP x: -0.000000, REP y: -0.000000, Sumx: 0.000000, Sumy: 0.000000
[2024-02-26 02:22:58] REP x: -0.000000, REP y: -0.000000, Sumx: 0.000000, Sumy: 0.000000
[2024-02-26 02:22:58] DRONE x: 48.750000, DRONE y: 50.000000, COMMAND x: -1, COMMAND y: 0, REP x: -0.000000, REP y: -0.000000
[2024-02-26 02:22:58] Drone pos:49.500000 50.000000 48.750000 50.000000
[2024-02-26 02:22:58] T:8.000000 10.000000 63.000000 21.000000
[2024-02-26 02:22:58] DRONE: Drone_pos sent to server
[2024-02-26 02:22:58] T:8.000000 10.000000 O:86.000000 1.000000
[2024-02-26 02:22:58] DRONE: Command_force received from server
[2024-02-26 02:22:58] REP x: -0.000000, REP y: -0.000000, Sumx: 0.000000, Sumy: 0.000000
[2024-02-26 02:22:58] REP x: -0.000000, REP y: -0.000000, Sumx: 0.000000, Sumy: 0.000000
[2024-02-26 02:22:58] DRONE x: 47.875000, DRONE y: 50.000000, COMMAND x: -1, COMMAND y: 0, REP x: -0.000000, REP y: -0.000000
[2024-02-26 02:22:58] Drone pos:48.750000 50.000000 47.875000 50.000000
[2024-02-26 02:22:58] T:8.000000 10.000000 63.000000 21.000000
[2024-02-26 02:22:58] DRONE: Drone_pos sent to server
[2024-02-26 02:22:58] T:8.000000 10.000000 O:86.000000 1.000000
[2024-02-26 02:22:58] DRONE: Command_force received from server
[2024-02-26 02:22:58] REP x: -0.000000, REP y: -0.000000, Sumx: 0.000000, Sumy: 0.000000
[2024-02-26 02:22:58] REP x: -0.000000, REP y: -0.000000, Sumx: 0.000000, Sumy: 0.000000
[2024-02-26 02:22:58] DRONE x: 46.937500, DRONE y: 50.000000, COMMAND x: -1, COMMAND y: 0, REP x: -0.000000, REP y: -0.000000
[2024-02-26 02:22:58] Drone pos:47.875000 50.000000 46.937500 50.000000
[2024-02-26 02:22:58] T:8.000000 10.000000 63.000000 21.000000
[2024-02-26 02:22:58] DRONE: Drone_pos sent to server
[2024-02-26 02:22:58] T:8.000000 10.000000 O:86.000000 1.000000
[2024-02-26 02:22:58] DRONE: Command_force received from server
[2024-02-26 02:22:58] REP x: -0.000000, REP y: -0.000000, Sumx: 0.000000, Sumy: 0.000000
[2024-02-26 02:22:58] REP x: -0.000000, REP y: -0.000000, Sumx: 0.000000, Sumy: 0.000000
[2024-02-26 02:22:58] DRONE x: 45.968750, DRONE y: 50.000000, COMMAND x: -1, COMMAND y: 0, REP x: -0.000000, REP y: -0.000000
[2024-02-26 02:22:58] Drone pos:46.937500 50.000000 45.968750 50.000000
[2024-02-26 02:22:58] T:8.000000 10.000000 63.000000 21.000000
[2024-02-26 02:22:58] DRONE: Drone_pos sent to server
[2024-02-26 02:22:58] T:8.000000 10.000000 O:86.000000 1.000000
[2024-02-26 02:22:58] DRONE: Command_force received from server
[2024-02-26 02:22:58] REP x: -0.000000, REP y: -0.000000, Sumx: 0.000000, Sumy: 0.000000
[2024-02-26 02:22:58] REP x: -0.000000, REP y: -0.000000, Sumx: 0.000000, Sumy: 0.000000
[2024-02-26 02:22:58] DRONE x: 44.984375, DRONE y: 50.000000, COMMAND x: -1, COMMAND y: 0, REP x: -0.000000, REP y: -0.000000
[2024-02-26 02:22:58] Drone pos:45.968750 50.000000 44.984375 50.000000
[2024-02-26 02:22:58] T:8.000000 10.000000 63.000000 21.000000
[2024-02-26 02:22:58] DRONE: Drone_pos sent to server
[2024-02-26 02:22:58] T:8.000000 10.000000 O:86.000000 1.000000
[2024-02-26 02:22:58] DRONE: Command_force received from server
[2024-02-26 02:22:58] REP x: -0.000000, REP y: -0.000000, Sumx: 0.000000, Sumy: 0.000000
[2024-02-26 02:22:58] REP x: -0.000000, REP y: -0.000000, Sumx: 0.000000, Sumy: 0.000000
[2024-02-26 02:22:58] DRONE x: 43.992188, DRONE y: 50.000000, COMMAND x: -1, COMMAND y: 0, REP x: -0.000000, REP y: -0.000000
[2024-02-26 02:22:58] Drone pos:44.984375 50.000000 43.992188 50.000000
[2024-02-26 02:22:58] T:8.000000 10.000000 63.000000 21.000000
[2024-02-26 02:22:58] DRONE: Drone_pos sent to server
[2024-02-26 02:22:58] T:8.000000 10.000000 O:86.000000 1.000000
[2024-02-26 02:22:58] DRONE: Command_force received from server
[2024-02-26 02:22:58] REP x: -0.000000, REP y: -0.000000, Sumx: 0.000000, Sumy: 0.000000
[2024-02-26 02:22:58] REP x: -0.000000, REP y: -0.000000, Sumx: 0.000000, Sumy: 0.000000
[2024-02-26 02:22:58] DRONE x: 42.996094, DRONE y: 50.000000, COMMAND x: -1, COMMAND y: 0, REP x: -0.000000, REP y: -0.000000
[2024-02-26 02:22:58] Drone pos:43.992188 50.000000 42.996094 50.000000
[2024-02-26 02:22:58] T:8.000000 10.000000 63.000000 21.000000
[2024-02-26 02:22:58] DRONE: Drone_pos sent to server
[2024-02-26 02:22:58] T:8.000000 10.000000 O:86.000000 1.000000
[2024-02-26 02:22:58] DRONE: Command_force received from server
[2024-02-26 02:22:58] REP x: -0.000000, REP y: -0.000000, Sumx: 0.000000, Sumy: 0.000000
[2024-02-26 02:22:58] REP x: -0.000000, REP y: -0.000000, Sumx: 0.000000, Sumy: 0.000000
[2024-02-26 02:22:58] DRONE x: 41.998047, DRONE y: 50.000000, COMMAND x: -1, COMMAND y: 0, REP x: -0.000000, REP y: -0.000000
[2024-02-26 02:22:58] Drone pos:42.996094 50.000000 41.998047 50.000000
[2024-02-26 02:22:58] T:8.000000 10.000000 63.000000 21.000000
[2024-02-26 02:22:58] DRONE: Drone_pos sent to server
[2024-02-26 02:22:58] T:8.000000 10.000000 O:86.000000 1.000000
[2024-02-26 02:22:58] DRONE: Command_force received from server
[2024-02-26 02:22:58] REP x: -0.000000, REP y: -0.000000, Sumx: 0.000000, Sumy: 0.000000
[2024-02-26 02:22:58] REP x: -0.000000, REP y: -0.000000, Sumx: 0.000000, Sumy: 0.000000
[2024-02-26 02:22:58] DRONE x: 40.999023, DRONE y: 50.000000, COMMAND x: -1, COMMAND y: 0, REP x: -0.000000, REP y: -0.000000
[2024-02-26 02:22:58] Drone pos:41.998047 50.000000 40.999023 50.000000
[2024-02-26 02:22:58] T:8.000000 10.000000 63.000000 21.000000
[2024-02-26 02:22:58] DRONE: Drone_pos sent to server
[2024-02-26 02:22:58] T:8.000000 10.000000 O:86.000000 1.000000
[2024-02-26 02:22:58] DRONE: Command_force received from server
[2024-02-26 02:22:58] REP x: -0.000000, REP y: -0.000000, Sumx: 0.000000, Sumy: 0.000000
[2024-02-26 02:22:58] REP x: -0.000000, REP y: -0.000000, Sumx: 0.000000, Sumy: 0.000000
[2024-02-26 02:22:58] DRONE x: 39.999512, DRONE y: 50.000000, COMMAND x: -1, COMMAND y: 0, REP x: -0.000000, REP y: -0.000000
[2024-02-26 02:22:58] Drone pos:40.999023 50.000000 39.999512 50.000000
[2024-02-26 02:22:58] T:8.000000 10.000000 63.000000 21.000000
[2024-02-26 02:22:58] DRONE: Drone_pos sent to server
[2024-02-26 02:22:58] T:8.000000 10.000000 O:86.000000 1.000000
[2024-02-26 02:22:58] DRONE: Command_force received from server
[2024-02-26 02:22:58] REP x: -0.000000, REP y: -0.000000, Sumx: 0.000000, Sumy: 0.000000
[2024-02-26 02:22:58] REP x: -0.000000, REP y: -0.000000, Sumx: 0.000000, Sumy: 0.000000
[2024-02-26 02:22:58] DRONE x: 38.999756, DRONE y: 50.000000, COMMAND x: -1, COMMAND y: 0, REP x: -0.000000, REP y: -0.000000
[2024-02-26 02:22:58] Drone pos:39.999512 50.000000 38.999756 50.000000
[2024-02-26 02:22:58] T:8.000000 10.000000 63.000000 21.000000
[2024-02-26 02:22:58] DRONE: Drone_pos sent to server
[2024-02-26 02:22:58] T:8.000000 10.000000 O:86.000000 1.000000
[2024-02-26 02:22:58] DRONE: Command_force received from server
[2024-02-26 02:22:58] REP x: -0.000000, REP y: -0.000000, Sumx: 0.000000, Sumy: 0.000000
[2024-02-26 02:22:58] REP x: -0.000000, REP y: -0.000000, Sumx: 0.000000, Sumy: 0.000000
[2024-02-26 02:22:58] DRONE x: 37.999878, DRONE y: 50.000000, COMMAND x: -1, COMMAND y: 0, REP x: -0.000000, REP y: -0.000000
[2024-02-26 02:22:58] Drone pos:38.999756 50.000000 37.999878 50.000000
[2024-02-26 02:22:58] T:8.000000 10.000000 63.000000 21.000000
[2024-02-26 02:22:58] DRONE: Drone_pos sent to server
[2024-02-26 02:22:58] T:8.000000 10.000000 O:86.000000 1.000000
[2024-02-26 02:22:58] DRONE: Command_force received from server
[2024-02-26 02:22:58] REP x: -0.000000, REP y: -0.000000, Sumx: 0.000000, Sumy: 0.000000
[2024-02-26 02:22:58] REP x: -0.000000, REP y: -0.000000, Sumx: 0.000000, Sumy: 0.000000
[2024-02-26 02:22:58] DRONE x: 36.999939, DRONE y: 50.000000, COMMAND x: -1, COMMAND y: 0, REP x: -0.000000, REP y: -0.000000
[2024-02-26 02:22:58] Drone pos:37.999878 50.000000 36.999939 50.000000
[2024-02-26 02:22:58] T:8.000000 10.000000 63.000000 21.000000
[2024-02-26 02:22:58] DRONE: Drone_pos sent to server
[2024-02-26 02:22:58] T:8.000000 10.000000 O:86.000000 1.000000
[2024-02-26 02:22:58] DRONE: Command_force received from server
[2024-02-26 02:22:58] REP x: -0.000000, REP y: -0.000000, Sumx: 0.000000, Sumy: 0.000000
[2024-02-26 02:22:58] REP x: -0.000000, REP y: -0.000000, Sumx: 0.000000, Sumy: 0.000000
[2024-02-26 02:22:58] DRONE x: 35.999969, DRONE y: 50.000000, COMMAND x: -1, COMMAND y: 0, REP x: -0.000000, REP y: -0.000000
[2024-02-26 02:22:58] Drone pos:36.999939 50.000000 35.999969 50.000000
[2024-02-26 02:22:58] T:8.000000 10.000000 63.000000 21.000000
[2024-02-26 02:22:58] DRONE: Drone_pos sent to server
[2024-02-26 02:22:58] T:8.000000 10.000000 O:86.000000 1.000000
[2024-02-26 02:22:58] DRONE: Command_force received from server
[2024-02-26 02:22:58] REP x: -0.000000, REP y: -0.000000, Sumx: 0.000000, Sumy: 0.000000
[2024-02-26 02:22:58] REP x: -0.000000, REP y: -0.000000, Sumx: 0.000000, Sumy: 0.000000
[2024-02-26 02:22:58] DRONE x: 34.999985, DRONE y: 50.000000, COMMAND x: -1, COMMAND y: 0, REP x: -0.000000, REP y: -0.000000
[2024-02-26 02:22:58] Drone pos:35.999969 50.000000 34.999985 50.000000
[2024-02-26 02:22:58] T:8.000000 10.000000 63.000000 21.000000
[2024-02-26 02:22:58] DRONE: Drone_pos sent to server
[2024-02-26 02:22:58] T:8.000000 10.000000 O:86.000000 1.000000
[2024-02-26 02:22:58] DRONE: Command_force received from server
[2024-02-26 02:22:58] Drone pos:34.999985 50.000000 33.999992 50.000000
[2024-02-26 02:22:58] T:8.000000 10.000000 63.000000 21.000000
[2024-02-26 02:22:58] DRONE: Drone_pos sent to server
[2024-02-26 02:22:58] T:8.000000 10.000000 O:86.000000 1.000000
[2024-02-26 02:22:58] DRONE: Command_force received from server
[2024-02-26 02:22:58] Drone pos:33.999992 50.000000 33.999992 50.000000
[2024-02-26 02:22:58] T:8.000000 10.000000 63.000000 21.000000
[2024-02-26 02:22:58] DRONE: Drone_pos sent to server
[2024-02-26 02:22:59] T:8.000000 10.000000 O:86.000000 1.000000
[2024-02-26 02:22:59] DRONE: Command_force received from server
[2024-02-26 02:22:59] Drone pos:33.999992 50.000000 33.999992 50.000000
[2024-02-26 02:22:59] T:8.000000 10.000000 63.000000 21.000000
[2024-02-26 02:22:59] DRONE: Drone_pos sent to server
[2024-02-26 02:22:59] T:8.000000 10.000000 O:86.000000 1.000000
[2024-02-26 02:22:59] DRONE: Command_force received from server
[2024-02-26 02:22:59] Drone pos:33.999992 50.000000 33.999992 50.000000
[2024-02-26 02:22:59] T:8.000000 10.000000 63.000000 21.000000
[2024-02-26 02:22:59] DRONE: Drone_pos sent to server
[2024-02-26 02:22:59] T:8.000000 10.000000 O:86.000000 1.000000
[2024-02-26 02:22:59] DRONE: Command_force received from server
[2024-02-26 02:22:59] Drone pos:33.999992 50.000000 33.999992 50.000000
[2024-02-26 02:22:59] T:8.000000 10.000000 63.000000 21.000000
[2024-02-26 02:22:59] DRONE: Drone_pos sent to server
[2024-02-26 02:22:59] T:8.000000 10.000000 O:86.000000 1.000000
[2024-02-26 02:22:59] DRONE: Command_force received from server
[2024-02-26 02:22:59] Drone pos:33.999992 50.000000 33.999992 50.000000
[2024-02-26 02:22:59] T:8.000000 10.000000 63.000000 21.000000
[2024-02-26 02:22:59] DRONE: Drone_pos sent to server
[2024-02-26 02:22:59] T:8.000000 10.000000 O:86.000000 1.000000
[2024-02-26 02:22:59] DRONE: Command_force received from server
[2024-02-26 02:22:59] Drone pos:33.999992 50.000000 33.999992 50.000000
[2024-02-26 02:22:59] T:8.000000 10.000000 63.000000 21.000000
[2024-02-26 02:22:59] DRONE: Drone_pos sent to server
[2024-02-26 02:22:59] T:8.000000 10.000000 O:86.000000 1.000000
[2024-02-26 02:22:59] DRONE: Command_force received from server
[2024-02-26 02:22:59] Drone pos:33.999992 50.000000 33.999992 50.000000
[2024-02-26 02:22:59] T:8.000000 10.000000 63.000000 21.000000
[2024-02-26 02:22:59] DRONE: Drone_pos sent to server
[2024-02-26 02:22:59] T:8.000000 10.000000 O:86.000000 1.000000
[2024-02-26 02:22:59] DRONE: Command_force received from server
[2024-02-26 02:22:59] Drone pos:33.999992 50.000000 33.999992 50.000000
[2024-02-26 02:22:59] T:8.000000 10.000000 63.000000 21.000000
[2024-02-26 02:22:59] DRONE: Drone_pos sent to server
[2024-02-26 02:22:59] T:8.000000 10.000000 O:86.000000 1.000000
[2024-02-26 02:22:59] DRONE: Command_force received from server
[2024-02-26 02:22:59] Drone pos:33.999992 50.000000 33.999992 50.000000
[2024-02-26 02:22:59] T:8.000000 10.000000 63.000000 21.000000
[2024-02-26 02:22:59] DRONE: Drone_pos sent to server
[2024-02-26 02:22:59] T:8.000000 10.000000 O:86.000000 1.000000
[2024-02-26 02:22:59] DRONE: Command_force received from server
[2024-02-26 02:22:59] Drone pos:33.999992 50.000000 33.999992 50.000000
[2024-02-26 02:22:59] T:8.000000 10.000000 63.000000 21.000000
[2024-02-26 02:22:59] DRONE: Drone_pos sent to server
[2024-02-26 02:22:59] T:8.000000 10.000000 O:86.000000 1.000000
[2024-02-26 02:22:59] DRONE: Command_force received from server
[2024-02-26 02:22:59] Drone pos:33.999992 50.000000 33.999992 50.000000
[2024-02-26 02:22:59] T:8.000000 10.000000 63.000000 21.000000
[2024-02-26 02:22:59] DRONE: Drone_pos sent to server
[2024-02-26 02:22:59] T:8.000000 10.000000 O:86.000000 1.000000
[2024-02-26 02:22:59] DRONE: Command_force received from server
[2024-02-26 02:22:59] Drone pos:33.999992 50.000000 33.999992 50.000000
[2024-02-26 02:22:59] T:8.000000 10.000000 63.000000 21.000000
[2024-02-26 02:22:59] DRONE: Drone_pos sent to server
[2024-02-26 02:22:59] T:8.000000 10.000000 O:86.000000 1.000000
[2024-02-26 02:22:59] DRONE: Command_force received from server
[2024-02-26 02:22:59] Drone pos:33.999992 50.000000 33.999992 50.000000
[2024-02-26 02:22:59] T:8.000000 10.000000 63.000000 21.000000
[2024-02-26 02:22:59] DRONE: Drone_pos sent to server
[2024-02-26 02:22:59] T:8.000000 10.000000 O:86.000000 1.000000
[2024-02-26 02:22:59] DRONE: Command_force received from server
[2024-02-26 02:22:59] Drone pos:33.999992 50.000000 33.999992 50.000000
[2024-02-26 02:22:59] T:8.000000 10.000000 63.000000 21.000000
[2024-02-26 02:22:59] DRONE: Drone_pos sent to server
[2024-02-26 02:22:59] T:8.000000 10.000000 O:86.000000 1.000000
[2024-02-26 02:22:59] DRONE: Command_force received from server
[2024-02-26 02:22:59] Drone pos:33.999992 50.000000 33.999992 50.000000
[2024-02-26 02:22:59] T:8.000000 10.000000 63.000000 21.000000
[2024-02-26 02:22:59] DRONE: Drone_pos sent to server
[2024-02-26 02:22:59] T:8.000000 10.000000 O:86.000000 1.000000
[2024-02-26 02:22:59] DRONE: Command_force received from server
[2024-02-26 02:22:59] Drone pos:33.999992 50.000000 33.999992 50.000000
[2024-02-26 02:22:59] T:8.000000 10.000000 63.000000 21.000000
[2024-02-26 02:22:59] DRONE: Drone_pos sent to server
[2024-02-26 02:22:59] T:8.000000 10.000000 O:86.000000 1.000000
[2024-02-26 02:22:59] DRONE: Command_force received from server
[2024-02-26 02:22:59] Drone pos:33.999992 50.000000 33.999992 50.000000
[2024-02-26 02:22:59] T:8.000000 10.000000 63.000000 21.000000
[2024-02-26 02:22:59] DRONE: Drone_pos sent to server
[2024-02-26 02:22:59] T:8.000000 10.000000 O:86.000000 1.000000
[2024-02-26 02:22:59] DRONE: Command_force received from server
[2024-02-26 02:22:59] Drone pos:33.999992 50.000000 33.999992 50.000000
[2024-02-26 02:22:59] T:8.000000 10.000000 63.000000 21.000000
[2024-02-26 02:22:59] DRONE: Drone_pos sent to server
[2024-02-26 02:22:59] T:8.000000 10.000000 O:86.000000 1.000000
[2024-02-26 02:22:59] DRONE: Command_force received from server
[2024-02-26 02:22:59] Drone pos:33.999992 50.000000 33.999992 50.000000
[2024-02-26 02:22:59] T:8.000000 10.000000 63.000000 21.000000
[2024-02-26 02:22:59] DRONE: Drone_pos sent to server
[2024-02-26 02:22:59] T:8.000000 10.000000 O:86.000000 1.000000
[2024-02-26 02:22:59] DRONE: Command_force received from server
[2024-02-26 02:22:59] Drone pos:33.999992 50.000000 33.999992 50.000000
[2024-02-26 02:22:59] T:8.000000 10.000000 63.000000 21.000000
[2024-02-26 02:22:59] DRONE: Drone_pos sent to server
[2024-02-26 02:22:59] T:8.000000 10.000000 O:86.000000 1.000000
[2024-02-26 02:22:59] DRONE: Command_force received from server
[2024-02-26 02:22:59] Drone pos:33.999992 50.000000 33.999992 50.000000
[2024-02-26 02:22:59] T:8.000000 10.000000 63.000000 21.000000
[2024-02-26 02:22:59] DRONE: Drone_pos sent to server
[2024-02-26 02:23:00] T:8.000000 10.000000 O:86.000000 1.000000
[2024-02-26 02:23:00] DRONE: Command_force received from server
[2024-02-26 02:23:00] Drone pos:33.999992 50.000000 33.999992 50.000000
[2024-02-26 02:23:00] T:8.000000 10.000000 63.000000 21.000000
[2024-02-26 02:23:00] DRONE: Drone_pos sent to server
[2024-02-26 02:23:00] T:8.000000 10.000000 O:86.000000 1.000000
[2024-02-26 02:23:00] DRONE: Command_force received from server
[2024-02-26 02:23:00] Drone pos:33.999992 50.000000 33.999992 50.000000
[2024-02-26 02:23:00] T:8.000000 10.000000 63.000000 21.000000
[2024-02-26 02:23:00] DRONE: Drone_pos sent to server
[2024-02-26 02:23:00] T:8.000000 10.000000 O:86.000000 1.000000
[2024-02-26 02:23:00] DRONE: Command_force received from server
[2024-02-26 02:23:00] Drone pos:33.999992 50.000000 33.999992 50.000000
[2024-02-26 02:23:00] T:8.000000 10.000000 63.000000 21.000000
[2024-02-26 02:23:00] DRONE: Drone_pos sent to server
[2024-02-26 02:23:00] T:8.000000 10.000000 O:86.000000 1.000000
[2024-02-26 02:23:00] DRONE: Command_force received from server
[2024-02-26 02:23:00] Drone pos:33.999992 50.000000 33.999992 50.000000
[2024-02-26 02:23:00] T:8.000000 10.000000 63.000000 21.000000
[2024-02-26 02:23:00] DRONE: Drone_pos sent to server
[2024-02-26 02:23:00] T:8.000000 10.000000 O:86.000000 1.000000
[2024-02-26 02:23:00] DRONE: Command_force received from server
[2024-02-26 02:23:00] Drone pos:33.999992 50.000000 33.999992 50.000000
[2024-02-26 02:23:00] T:8.000000 10.000000 63.000000 21.000000
[2024-02-26 02:23:00] DRONE: Drone_pos sent to server
[2024-02-26 02:23:00] T:8.000000 10.000000 O:86.000000 1.000000
[2024-02-26 02:23:00] DRONE: Command_force received from server
[2024-02-26 02:23:00] Drone pos:33.999992 50.000000 33.999992 50.000000
[2024-02-26 02:23:00] T:8.000000 10.000000 63.000000 21.000000
[2024-02-26 02:23:00] DRONE: Drone_pos sent to server
[2024-02-26 02:23:00] T:8.000000 10.000000 O:86.000000 1.000000
[2024-02-26 02:23:00] DRONE: Command_force received from server
[2024-02-26 02:23:00] Drone pos:33.999992 50.000000 33.999992 50.000000
[2024-02-26 02:23:00] T:8.000000 10.000000 63.000000 21.000000
[2024-02-26 02:23:00] DRONE: Drone_pos sent to server
[2024-02-26 02:23:00] T:8.000000 10.000000 O:86.000000 1.000000
[2024-02-26 02:23:00] DRONE: Command_force received from server
[2024-02-26 02:23:00] Drone pos:33.999992 50.000000 33.999992 50.000000
[2024-02-26 02:23:00] T:8.000000 10.000000 63.000000 21.000000
[2024-02-26 02:23:00] DRONE: Drone_pos sent to server
[2024-02-26 02:23:00] T:8.000000 10.000000 O:86.000000 1.000000
[2024-02-26 02:23:00] DRONE: Command_force received from server
[2024-02-26 02:23:00] Drone pos:33.999992 50.000000 33.999992 50.000000
[2024-02-26 02:23:00] T:8.000000 10.000000 63.000000 21.000000
[2024-02-26 02:23:00] DRONE: Drone_pos sent to server
[2024-02-26 02:23:00] T:8.000000 10.000000 O:86.000000 1.000000
[2024-02-26 02:23:00] DRONE: Command_force received from server
[2024-02-26 02:23:00] Drone pos:33.999992 50.000000 33.999992 50.000000
[2024-02-26 02:23:00] T:8.000000 10.000000 63.000000 21.000000
[2024-02-26 02:23:00] DRONE: Drone_pos sent to server
[2024-02-26 02:23:00] T:8.000000 10.000000 O:86.000000 1.000000
[2024-02-26 02:23:00] DRONE: Command_force received from server
[2024-02-26 02:23:00] Drone pos:33.999992 50.000000 33.999992 50.000000
[2024-02-26 02:23:00] T:8.000000 10.000000 63.000000 21.000000
[2024-02-26 02:23:00] DRONE: Drone_pos sent to server
[2024-02-26 02:23:00] T:8.000000 10.000000 O:86.000000 1.000000
[2024-02-26 02:23:00] DRONE: Command_force received from server
[2024-02-26 02:23:00] Drone pos:33.999992 50.000000 33.999992 50.000000
[2024-02-26 02:23:00] T:8.000000 10.000000 63.000000 21.000000
[2024-02-26 02:23:00] DRONE: Drone_pos sent to server
[2024-02-26 02:23:00] T:8.000000 10.000000 O:86.000000 1.000000
[2024-02-26 02:23:00] DRONE: Command_force received from server
[2024-02-26 02:23:00] Drone pos:33.999992 50.000000 33.999992 50.000000
[2024-02-26 02:23:00] T:8.000000 10.000000 63.000000 21.000000
[2024-02-26 02:23:00] DRONE: Drone_pos sent to server
[2024-02-26 02:23:00] T:8.000000 10.000000 O:86.000000 1.000000
[2024-02-26 02:23:00] DRONE: Command_force received from server
[2024-02-26 02:23:00] Drone pos:33.999992 50.000000 33.999992 50.000000
[2024-02-26 02:23:00] T:8.000000 10.000000 63.000000 21.000000
[2024-02-26 02:23:00] DRONE: Drone_pos sent to server
[2024-02-26 02:23:01] killed
