[2024-02-26 13:01:26] START
[2024-02-26 13:01:27] WINDOWSIZE
[2024-02-26 13:01:27] 100 22
[2024-02-26 13:01:27] got pipes
[2024-02-26 13:01:27] 30.000000 0.000000
[2024-02-26 13:01:27] generated obstacles
[2024-02-26 13:01:27] SEND
[2024-02-26 13:01:27] O[20] 20.000,11.000|64.000,3.000|73.000,18.000|77.000,0.000|73.000,16.000|72.000,7.000|8.000,20.000|0.000,13.000|76.000,11.000|36.000,5.000|30.000,0.000|97.000,15.000|21.000,1.000|89.000,11.000|30.000,18.000|64.000,13.000|73.000,15.000|67.000,14.000|48.000,6.000|56.000,21.000
[2024-02-26 13:01:27] SEND
[2024-02-26 13:01:27] O[20] 20.000,11.000|64.000,3.000|73.000,18.000|77.000,0.000|73.000,16.000|72.000,7.000|8.000,20.000|0.000,13.000|76.000,11.000|36.000,5.000|30.000,0.000|97.000,15.000|21.000,1.000|89.000,11.000|30.000,18.000|64.000,13.000|73.000,15.000|67.000,14.000|48.000,6.000|56.000,21.000
[2024-02-26 13:01:27] SEND
[2024-02-26 13:01:27] O[20] 20.000,11.000|64.000,3.000|73.000,18.000|77.000,0.000|73.000,16.000|72.000,7.000|8.000,20.000|0.000,13.000|76.000,11.000|36.000,5.000|30.000,0.000|97.000,15.000|21.000,1.000|89.000,11.000|30.000,18.000|64.000,13.000|73.000,15.000|67.000,14.000|48.000,6.000|56.000,21.000
[2024-02-26 13:01:27] SEND
[2024-02-26 13:01:27] O[20] 20.000,11.000|64.000,3.000|73.000,18.000|77.000,0.000|73.000,16.000|72.000,7.000|8.000,20.000|0.000,13.000|76.000,11.000|36.000,5.000|30.000,0.000|97.000,15.000|21.000,1.000|89.000,11.000|30.000,18.000|64.000,13.000|73.000,15.000|67.000,14.000|48.000,6.000|56.000,21.000
[2024-02-26 13:01:27] SEND
[2024-02-26 13:01:27] O[20] 20.000,11.000|64.000,3.000|73.000,18.000|77.000,0.000|73.000,16.000|72.000,7.000|8.000,20.000|0.000,13.000|76.000,11.000|36.000,5.000|30.000,0.000|97.000,15.000|21.000,1.000|89.000,11.000|30.000,18.000|64.000,13.000|73.000,15.000|67.000,14.000|48.000,6.000|56.000,21.000
[2024-02-26 13:01:27] SEND
[2024-02-26 13:01:27] O[20] 20.000,11.000|64.000,3.000|73.000,18.000|77.000,0.000|73.000,16.000|72.000,7.000|8.000,20.000|0.000,13.000|76.000,11.000|36.000,5.000|30.000,0.000|97.000,15.000|21.000,1.000|89.000,11.000|30.000,18.000|64.000,13.000|73.000,15.000|67.000,14.000|48.000,6.000|56.000,21.000
[2024-02-26 13:01:27] SEND
[2024-02-26 13:01:27] O[20] 20.000,11.000|64.000,3.000|73.000,18.000|77.000,0.000|73.000,16.000|72.000,7.000|8.000,20.000|0.000,13.000|76.000,11.000|36.000,5.000|30.000,0.000|97.000,15.000|21.000,1.000|89.000,11.000|30.000,18.000|64.000,13.000|73.000,15.000|67.000,14.000|48.000,6.000|56.000,21.000
[2024-02-26 13:01:27] SEND
[2024-02-26 13:01:27] O[20] 20.000,11.000|64.000,3.000|73.000,18.000|77.000,0.000|73.000,16.000|72.000,7.000|8.000,20.000|0.000,13.000|76.000,11.000|36.000,5.000|30.000,0.000|97.000,15.000|21.000,1.000|89.000,11.000|30.000,18.000|64.000,13.000|73.000,15.000|67.000,14.000|48.000,6.000|56.000,21.000
[2024-02-26 13:01:27] SEND
[2024-02-26 13:01:27] O[20] 20.000,11.000|64.000,3.000|73.000,18.000|77.000,0.000|73.000,16.000|72.000,7.000|8.000,20.000|0.000,13.000|76.000,11.000|36.000,5.000|30.000,0.000|97.000,15.000|21.000,1.000|89.000,11.000|30.000,18.000|64.000,13.000|73.000,15.000|67.000,14.000|48.000,6.000|56.000,21.000
[2024-02-26 13:01:27] SEND
[2024-02-26 13:01:27] O[20] 20.000,11.000|64.000,3.000|73.000,18.000|77.000,0.000|73.000,16.000|72.000,7.000|8.000,20.000|0.000,13.000|76.000,11.000|36.000,5.000|30.000,0.000|97.000,15.000|21.000,1.000|89.000,11.000|30.000,18.000|64.000,13.000|73.000,15.000|67.000,14.000|48.000,6.000|56.000,21.000
[2024-02-26 13:01:27] SEND
[2024-02-26 13:01:27] O[20] 20.000,11.000|64.000,3.000|73.000,18.000|77.000,0.000|73.000,16.000|72.000,7.000|8.000,20.000|0.000,13.000|76.000,11.000|36.000,5.000|30.000,0.000|97.000,15.000|21.000,1.000|89.000,11.000|30.000,18.000|64.000,13.000|73.000,15.000|67.000,14.000|48.000,6.000|56.000,21.000
[2024-02-26 13:01:27] SEND
[2024-02-26 13:01:27] O[20] 20.000,11.000|64.000,3.000|73.000,18.000|77.000,0.000|73.000,16.000|72.000,7.000|8.000,20.000|0.000,13.000|76.000,11.000|36.000,5.000|30.000,0.000|97.000,15.000|21.000,1.000|89.000,11.000|30.000,18.000|64.000,13.000|73.000,15.000|67.000,14.000|48.000,6.000|56.000,21.000
[2024-02-26 13:01:27] SEND
[2024-02-26 13:01:27] O[20] 20.000,11.000|64.000,3.000|73.000,18.000|77.000,0.000|73.000,16.000|72.000,7.000|8.000,20.000|0.000,13.000|76.000,11.000|36.000,5.000|30.000,0.000|97.000,15.000|21.000,1.000|89.000,11.000|30.000,18.000|64.000,13.000|73.000,15.000|67.000,14.000|48.000,6.000|56.000,21.000
[2024-02-26 13:01:28] SEND
[2024-02-26 13:01:28] O[20] 20.000,11.000|64.000,3.000|73.000,18.000|77.000,0.000|73.000,16.000|72.000,7.000|8.000,20.000|0.000,13.000|76.000,11.000|36.000,5.000|30.000,0.000|97.000,15.000|21.000,1.000|89.000,11.000|30.000,18.000|64.000,13.000|73.000,15.000|67.000,14.000|48.000,6.000|56.000,21.000
[2024-02-26 13:01:28] SEND
[2024-02-26 13:01:28] O[20] 20.000,11.000|64.000,3.000|73.000,18.000|77.000,0.000|73.000,16.000|72.000,7.000|8.000,20.000|0.000,13.000|76.000,11.000|36.000,5.000|30.000,0.000|97.000,15.000|21.000,1.000|89.000,11.000|30.000,18.000|64.000,13.000|73.000,15.000|67.000,14.000|48.000,6.000|56.000,21.000
[2024-02-26 13:01:28] SEND
[2024-02-26 13:01:28] O[20] 20.000,11.000|64.000,3.000|73.000,18.000|77.000,0.000|73.000,16.000|72.000,7.000|8.000,20.000|0.000,13.000|76.000,11.000|36.000,5.000|30.000,0.000|97.000,15.000|21.000,1.000|89.000,11.000|30.000,18.000|64.000,13.000|73.000,15.000|67.000,14.000|48.000,6.000|56.000,21.000
[2024-02-26 13:01:28] SEND
[2024-02-26 13:01:28] O[20] 20.000,11.000|64.000,3.000|73.000,18.000|77.000,0.000|73.000,16.000|72.000,7.000|8.000,20.000|0.000,13.000|76.000,11.000|36.000,5.000|30.000,0.000|97.000,15.000|21.000,1.000|89.000,11.000|30.000,18.000|64.000,13.000|73.000,15.000|67.000,14.000|48.000,6.000|56.000,21.000
[2024-02-26 13:01:28] SEND
[2024-02-26 13:01:28] O[20] 20.000,11.000|64.000,3.000|73.000,18.000|77.000,0.000|73.000,16.000|72.000,7.000|8.000,20.000|0.000,13.000|76.000,11.000|36.000,5.000|30.000,0.000|97.000,15.000|21.000,1.000|89.000,11.000|30.000,18.000|64.000,13.000|73.000,15.000|67.000,14.000|48.000,6.000|56.000,21.000
[2024-02-26 13:01:28] SEND
[2024-02-26 13:01:28] O[20] 20.000,11.000|64.000,3.000|73.000,18.000|77.000,0.000|73.000,16.000|72.000,7.000|8.000,20.000|0.000,13.000|76.000,11.000|36.000,5.000|30.000,0.000|97.000,15.000|21.000,1.000|89.000,11.000|30.000,18.000|64.000,13.000|73.000,15.000|67.000,14.000|48.000,6.000|56.000,21.000
[2024-02-26 13:01:28] SEND
[2024-02-26 13:01:28] O[20] 20.000,11.000|64.000,3.000|73.000,18.000|77.000,0.000|73.000,16.000|72.000,7.000|8.000,20.000|0.000,13.000|76.000,11.000|36.000,5.000|30.000,0.000|97.000,15.000|21.000,1.000|89.000,11.000|30.000,18.000|64.000,13.000|73.000,15.000|67.000,14.000|48.000,6.000|56.000,21.000
[2024-02-26 13:01:28] SEND
[2024-02-26 13:01:28] O[20] 20.000,11.000|64.000,3.000|73.000,18.000|77.000,0.000|73.000,16.000|72.000,7.000|8.000,20.000|0.000,13.000|76.000,11.000|36.000,5.000|30.000,0.000|97.000,15.000|21.000,1.000|89.000,11.000|30.000,18.000|64.000,13.000|73.000,15.000|67.000,14.000|48.000,6.000|56.000,21.000
[2024-02-26 13:01:28] SEND
[2024-02-26 13:01:28] O[20] 20.000,11.000|64.000,3.000|73.000,18.000|77.000,0.000|73.000,16.000|72.000,7.000|8.000,20.000|0.000,13.000|76.000,11.000|36.000,5.000|30.000,0.000|97.000,15.000|21.000,1.000|89.000,11.000|30.000,18.000|64.000,13.000|73.000,15.000|67.000,14.000|48.000,6.000|56.000,21.000
[2024-02-26 13:01:28] SEND
[2024-02-26 13:01:28] O[20] 20.000,11.000|64.000,3.000|73.000,18.000|77.000,0.000|73.000,16.000|72.000,7.000|8.000,20.000|0.000,13.000|76.000,11.000|36.000,5.000|30.000,0.000|97.000,15.000|21.000,1.000|89.000,11.000|30.000,18.000|64.000,13.000|73.000,15.000|67.000,14.000|48.000,6.000|56.000,21.000
[2024-02-26 13:01:28] SEND
[2024-02-26 13:01:28] O[20] 20.000,11.000|64.000,3.000|73.000,18.000|77.000,0.000|73.000,16.000|72.000,7.000|8.000,20.000|0.000,13.000|76.000,11.000|36.000,5.000|30.000,0.000|97.000,15.000|21.000,1.000|89.000,11.000|30.000,18.000|64.000,13.000|73.000,15.000|67.000,14.000|48.000,6.000|56.000,21.000
[2024-02-26 13:01:28] SEND
[2024-02-26 13:01:28] O[20] 20.000,11.000|64.000,3.000|73.000,18.000|77.000,0.000|73.000,16.000|72.000,7.000|8.000,20.000|0.000,13.000|76.000,11.000|36.000,5.000|30.000,0.000|97.000,15.000|21.000,1.000|89.000,11.000|30.000,18.000|64.000,13.000|73.000,15.000|67.000,14.000|48.000,6.000|56.000,21.000
[2024-02-26 13:01:28] SEND
[2024-02-26 13:01:28] O[20] 20.000,11.000|64.000,3.000|73.000,18.000|77.000,0.000|73.000,16.000|72.000,7.000|8.000,20.000|0.000,13.000|76.000,11.000|36.000,5.000|30.000,0.000|97.000,15.000|21.000,1.000|89.000,11.000|30.000,18.000|64.000,13.000|73.000,15.000|67.000,14.000|48.000,6.000|56.000,21.000
[2024-02-26 13:01:28] SEND
[2024-02-26 13:01:28] O[20] 20.000,11.000|64.000,3.000|73.000,18.000|77.000,0.000|73.000,16.000|72.000,7.000|8.000,20.000|0.000,13.000|76.000,11.000|36.000,5.000|30.000,0.000|97.000,15.000|21.000,1.000|89.000,11.000|30.000,18.000|64.000,13.000|73.000,15.000|67.000,14.000|48.000,6.000|56.000,21.000
[2024-02-26 13:01:28] SEND
[2024-02-26 13:01:28] O[20] 20.000,11.000|64.000,3.000|73.000,18.000|77.000,0.000|73.000,16.000|72.000,7.000|8.000,20.000|0.000,13.000|76.000,11.000|36.000,5.000|30.000,0.000|97.000,15.000|21.000,1.000|89.000,11.000|30.000,18.000|64.000,13.000|73.000,15.000|67.000,14.000|48.000,6.000|56.000,21.000
[2024-02-26 13:01:28] SEND
[2024-02-26 13:01:28] O[20] 20.000,11.000|64.000,3.000|73.000,18.000|77.000,0.000|73.000,16.000|72.000,7.000|8.000,20.000|0.000,13.000|76.000,11.000|36.000,5.000|30.000,0.000|97.000,15.000|21.000,1.000|89.000,11.000|30.000,18.000|64.000,13.000|73.000,15.000|67.000,14.000|48.000,6.000|56.000,21.000
[2024-02-26 13:01:28] SEND
[2024-02-26 13:01:28] O[20] 20.000,11.000|64.000,3.000|73.000,18.000|77.000,0.000|73.000,16.000|72.000,7.000|8.000,20.000|0.000,13.000|76.000,11.000|36.000,5.000|30.000,0.000|97.000,15.000|21.000,1.000|89.000,11.000|30.000,18.000|64.000,13.000|73.000,15.000|67.000,14.000|48.000,6.000|56.000,21.000
[2024-02-26 13:01:28] SEND
[2024-02-26 13:01:28] O[20] 20.000,11.000|64.000,3.000|73.000,18.000|77.000,0.000|73.000,16.000|72.000,7.000|8.000,20.000|0.000,13.000|76.000,11.000|36.000,5.000|30.000,0.000|97.000,15.000|21.000,1.000|89.000,11.000|30.000,18.000|64.000,13.000|73.000,15.000|67.000,14.000|48.000,6.000|56.000,21.000
[2024-02-26 13:01:28] SEND
[2024-02-26 13:01:28] O[20] 20.000,11.000|64.000,3.000|73.000,18.000|77.000,0.000|73.000,16.000|72.000,7.000|8.000,20.000|0.000,13.000|76.000,11.000|36.000,5.000|30.000,0.000|97.000,15.000|21.000,1.000|89.000,11.000|30.000,18.000|64.000,13.000|73.000,15.000|67.000,14.000|48.000,6.000|56.000,21.000
[2024-02-26 13:01:28] SEND
[2024-02-26 13:01:28] O[20] 20.000,11.000|64.000,3.000|73.000,18.000|77.000,0.000|73.000,16.000|72.000,7.000|8.000,20.000|0.000,13.000|76.000,11.000|36.000,5.000|30.000,0.000|97.000,15.000|21.000,1.000|89.000,11.000|30.000,18.000|64.000,13.000|73.000,15.000|67.000,14.000|48.000,6.000|56.000,21.000
[2024-02-26 13:01:29] SEND
[2024-02-26 13:01:29] O[20] 20.000,11.000|64.000,3.000|73.000,18.000|77.000,0.000|73.000,16.000|72.000,7.000|8.000,20.000|0.000,13.000|76.000,11.000|36.000,5.000|30.000,0.000|97.000,15.000|21.000,1.000|89.000,11.000|30.000,18.000|64.000,13.000|73.000,15.000|67.000,14.000|48.000,6.000|56.000,21.000
[2024-02-26 13:01:29] SEND
[2024-02-26 13:01:29] O[20] 20.000,11.000|64.000,3.000|73.000,18.000|77.000,0.000|73.000,16.000|72.000,7.000|8.000,20.000|0.000,13.000|76.000,11.000|36.000,5.000|30.000,0.000|97.000,15.000|21.000,1.000|89.000,11.000|30.000,18.000|64.000,13.000|73.000,15.000|67.000,14.000|48.000,6.000|56.000,21.000
[2024-02-26 13:01:29] SEND
[2024-02-26 13:01:29] O[20] 20.000,11.000|64.000,3.000|73.000,18.000|77.000,0.000|73.000,16.000|72.000,7.000|8.000,20.000|0.000,13.000|76.000,11.000|36.000,5.000|30.000,0.000|97.000,15.000|21.000,1.000|89.000,11.000|30.000,18.000|64.000,13.000|73.000,15.000|67.000,14.000|48.000,6.000|56.000,21.000
[2024-02-26 13:01:29] SEND
[2024-02-26 13:01:29] O[20] 20.000,11.000|64.000,3.000|73.000,18.000|77.000,0.000|73.000,16.000|72.000,7.000|8.000,20.000|0.000,13.000|76.000,11.000|36.000,5.000|30.000,0.000|97.000,15.000|21.000,1.000|89.000,11.000|30.000,18.000|64.000,13.000|73.000,15.000|67.000,14.000|48.000,6.000|56.000,21.000
[2024-02-26 13:01:29] SEND
[2024-02-26 13:01:29] O[20] 20.000,11.000|64.000,3.000|73.000,18.000|77.000,0.000|73.000,16.000|72.000,7.000|8.000,20.000|0.000,13.000|76.000,11.000|36.000,5.000|30.000,0.000|97.000,15.000|21.000,1.000|89.000,11.000|30.000,18.000|64.000,13.000|73.000,15.000|67.000,14.000|48.000,6.000|56.000,21.000
[2024-02-26 13:01:29] SEND
[2024-02-26 13:01:29] O[20] 20.000,11.000|64.000,3.000|73.000,18.000|77.000,0.000|73.000,16.000|72.000,7.000|8.000,20.000|0.000,13.000|76.000,11.000|36.000,5.000|30.000,0.000|97.000,15.000|21.000,1.000|89.000,11.000|30.000,18.000|64.000,13.000|73.000,15.000|67.000,14.000|48.000,6.000|56.000,21.000
[2024-02-26 13:01:29] SEND
[2024-02-26 13:01:29] O[20] 20.000,11.000|64.000,3.000|73.000,18.000|77.000,0.000|73.000,16.000|72.000,7.000|8.000,20.000|0.000,13.000|76.000,11.000|36.000,5.000|30.000,0.000|97.000,15.000|21.000,1.000|89.000,11.000|30.000,18.000|64.000,13.000|73.000,15.000|67.000,14.000|48.000,6.000|56.000,21.000
[2024-02-26 13:01:29] SEND
[2024-02-26 13:01:29] O[20] 20.000,11.000|64.000,3.000|73.000,18.000|77.000,0.000|73.000,16.000|72.000,7.000|8.000,20.000|0.000,13.000|76.000,11.000|36.000,5.000|30.000,0.000|97.000,15.000|21.000,1.000|89.000,11.000|30.000,18.000|64.000,13.000|73.000,15.000|67.000,14.000|48.000,6.000|56.000,21.000
[2024-02-26 13:01:29] SEND
[2024-02-26 13:01:29] O[20] 20.000,11.000|64.000,3.000|73.000,18.000|77.000,0.000|73.000,16.000|72.000,7.000|8.000,20.000|0.000,13.000|76.000,11.000|36.000,5.000|30.000,0.000|97.000,15.000|21.000,1.000|89.000,11.000|30.000,18.000|64.000,13.000|73.000,15.000|67.000,14.000|48.000,6.000|56.000,21.000
[2024-02-26 13:01:29] SEND
[2024-02-26 13:01:29] O[20] 20.000,11.000|64.000,3.000|73.000,18.000|77.000,0.000|73.000,16.000|72.000,7.000|8.000,20.000|0.000,13.000|76.000,11.000|36.000,5.000|30.000,0.000|97.000,15.000|21.000,1.000|89.000,11.000|30.000,18.000|64.000,13.000|73.000,15.000|67.000,14.000|48.000,6.000|56.000,21.000
[2024-02-26 13:01:29] SEND
[2024-02-26 13:01:29] O[20] 20.000,11.000|64.000,3.000|73.000,18.000|77.000,0.000|73.000,16.000|72.000,7.000|8.000,20.000|0.000,13.000|76.000,11.000|36.000,5.000|30.000,0.000|97.000,15.000|21.000,1.000|89.000,11.000|30.000,18.000|64.000,13.000|73.000,15.000|67.000,14.000|48.000,6.000|56.000,21.000
[2024-02-26 13:01:29] SEND
[2024-02-26 13:01:29] O[20] 20.000,11.000|64.000,3.000|73.000,18.000|77.000,0.000|73.000,16.000|72.000,7.000|8.000,20.000|0.000,13.000|76.000,11.000|36.000,5.000|30.000,0.000|97.000,15.000|21.000,1.000|89.000,11.000|30.000,18.000|64.000,13.000|73.000,15.000|67.000,14.000|48.000,6.000|56.000,21.000
[2024-02-26 13:01:29] SEND
[2024-02-26 13:01:29] O[20] 20.000,11.000|64.000,3.000|73.000,18.000|77.000,0.000|73.000,16.000|72.000,7.000|8.000,20.000|0.000,13.000|76.000,11.000|36.000,5.000|30.000,0.000|97.000,15.000|21.000,1.000|89.000,11.000|30.000,18.000|64.000,13.000|73.000,15.000|67.000,14.000|48.000,6.000|56.000,21.000
[2024-02-26 13:01:29] SEND
[2024-02-26 13:01:29] O[20] 20.000,11.000|64.000,3.000|73.000,18.000|77.000,0.000|73.000,16.000|72.000,7.000|8.000,20.000|0.000,13.000|76.000,11.000|36.000,5.000|30.000,0.000|97.000,15.000|21.000,1.000|89.000,11.000|30.000,18.000|64.000,13.000|73.000,15.000|67.000,14.000|48.000,6.000|56.000,21.000
[2024-02-26 13:01:29] SEND
[2024-02-26 13:01:29] O[20] 20.000,11.000|64.000,3.000|73.000,18.000|77.000,0.000|73.000,16.000|72.000,7.000|8.000,20.000|0.000,13.000|76.000,11.000|36.000,5.000|30.000,0.000|97.000,15.000|21.000,1.000|89.000,11.000|30.000,18.000|64.000,13.000|73.000,15.000|67.000,14.000|48.000,6.000|56.000,21.000
[2024-02-26 13:01:29] SEND
[2024-02-26 13:01:29] O[20] 20.000,11.000|64.000,3.000|73.000,18.000|77.000,0.000|73.000,16.000|72.000,7.000|8.000,20.000|0.000,13.000|76.000,11.000|36.000,5.000|30.000,0.000|97.000,15.000|21.000,1.000|89.000,11.000|30.000,18.000|64.000,13.000|73.000,15.000|67.000,14.000|48.000,6.000|56.000,21.000
[2024-02-26 13:01:29] SEND
[2024-02-26 13:01:29] O[20] 20.000,11.000|64.000,3.000|73.000,18.000|77.000,0.000|73.000,16.000|72.000,7.000|8.000,20.000|0.000,13.000|76.000,11.000|36.000,5.000|30.000,0.000|97.000,15.000|21.000,1.000|89.000,11.000|30.000,18.000|64.000,13.000|73.000,15.000|67.000,14.000|48.000,6.000|56.000,21.000
[2024-02-26 13:01:29] SEND
[2024-02-26 13:01:29] O[20] 20.000,11.000|64.000,3.000|73.000,18.000|77.000,0.000|73.000,16.000|72.000,7.000|8.000,20.000|0.000,13.000|76.000,11.000|36.000,5.000|30.000,0.000|97.000,15.000|21.000,1.000|89.000,11.000|30.000,18.000|64.000,13.000|73.000,15.000|67.000,14.000|48.000,6.000|56.000,21.000
[2024-02-26 13:01:29] SEND
[2024-02-26 13:01:29] O[20] 20.000,11.000|64.000,3.000|73.000,18.000|77.000,0.000|73.000,16.000|72.000,7.000|8.000,20.000|0.000,13.000|76.000,11.000|36.000,5.000|30.000,0.000|97.000,15.000|21.000,1.000|89.000,11.000|30.000,18.000|64.000,13.000|73.000,15.000|67.000,14.000|48.000,6.000|56.000,21.000
[2024-02-26 13:01:29] SEND
[2024-02-26 13:01:29] O[20] 20.000,11.000|64.000,3.000|73.000,18.000|77.000,0.000|73.000,16.000|72.000,7.000|8.000,20.000|0.000,13.000|76.000,11.000|36.000,5.000|30.000,0.000|97.000,15.000|21.000,1.000|89.000,11.000|30.000,18.000|64.000,13.000|73.000,15.000|67.000,14.000|48.000,6.000|56.000,21.000
[2024-02-26 13:01:30] SEND
[2024-02-26 13:01:30] O[20] 20.000,11.000|64.000,3.000|73.000,18.000|77.000,0.000|73.000,16.000|72.000,7.000|8.000,20.000|0.000,13.000|76.000,11.000|36.000,5.000|30.000,0.000|97.000,15.000|21.000,1.000|89.000,11.000|30.000,18.000|64.000,13.000|73.000,15.000|67.000,14.000|48.000,6.000|56.000,21.000
[2024-02-26 13:01:30] SEND
[2024-02-26 13:01:30] O[20] 20.000,11.000|64.000,3.000|73.000,18.000|77.000,0.000|73.000,16.000|72.000,7.000|8.000,20.000|0.000,13.000|76.000,11.000|36.000,5.000|30.000,0.000|97.000,15.000|21.000,1.000|89.000,11.000|30.000,18.000|64.000,13.000|73.000,15.000|67.000,14.000|48.000,6.000|56.000,21.000
[2024-02-26 13:01:30] SEND
[2024-02-26 13:01:30] O[20] 20.000,11.000|64.000,3.000|73.000,18.000|77.000,0.000|73.000,16.000|72.000,7.000|8.000,20.000|0.000,13.000|76.000,11.000|36.000,5.000|30.000,0.000|97.000,15.000|21.000,1.000|89.000,11.000|30.000,18.000|64.000,13.000|73.000,15.000|67.000,14.000|48.000,6.000|56.000,21.000
[2024-02-26 13:01:30] SEND
[2024-02-26 13:01:30] O[20] 20.000,11.000|64.000,3.000|73.000,18.000|77.000,0.000|73.000,16.000|72.000,7.000|8.000,20.000|0.000,13.000|76.000,11.000|36.000,5.000|30.000,0.000|97.000,15.000|21.000,1.000|89.000,11.000|30.000,18.000|64.000,13.000|73.000,15.000|67.000,14.000|48.000,6.000|56.000,21.000
[2024-02-26 13:01:30] SEND
[2024-02-26 13:01:30] O[20] 20.000,11.000|64.000,3.000|73.000,18.000|77.000,0.000|73.000,16.000|72.000,7.000|8.000,20.000|0.000,13.000|76.000,11.000|36.000,5.000|30.000,0.000|97.000,15.000|21.000,1.000|89.000,11.000|30.000,18.000|64.000,13.000|73.000,15.000|67.000,14.000|48.000,6.000|56.000,21.000
[2024-02-26 13:01:30] SEND
[2024-02-26 13:01:30] O[20] 20.000,11.000|64.000,3.000|73.000,18.000|77.000,0.000|73.000,16.000|72.000,7.000|8.000,20.000|0.000,13.000|76.000,11.000|36.000,5.000|30.000,0.000|97.000,15.000|21.000,1.000|89.000,11.000|30.000,18.000|64.000,13.000|73.000,15.000|67.000,14.000|48.000,6.000|56.000,21.000
[2024-02-26 13:01:30] SEND
[2024-02-26 13:01:30] O[20] 20.000,11.000|64.000,3.000|73.000,18.000|77.000,0.000|73.000,16.000|72.000,7.000|8.000,20.000|0.000,13.000|76.000,11.000|36.000,5.000|30.000,0.000|97.000,15.000|21.000,1.000|89.000,11.000|30.000,18.000|64.000,13.000|73.000,15.000|67.000,14.000|48.000,6.000|56.000,21.000
[2024-02-26 13:01:30] SEND
[2024-02-26 13:01:30] O[20] 20.000,11.000|64.000,3.000|73.000,18.000|77.000,0.000|73.000,16.000|72.000,7.000|8.000,20.000|0.000,13.000|76.000,11.000|36.000,5.000|30.000,0.000|97.000,15.000|21.000,1.000|89.000,11.000|30.000,18.000|64.000,13.000|73.000,15.000|67.000,14.000|48.000,6.000|56.000,21.000
[2024-02-26 13:01:30] SEND
[2024-02-26 13:01:30] O[20] 20.000,11.000|64.000,3.000|73.000,18.000|77.000,0.000|73.000,16.000|72.000,7.000|8.000,20.000|0.000,13.000|76.000,11.000|36.000,5.000|30.000,0.000|97.000,15.000|21.000,1.000|89.000,11.000|30.000,18.000|64.000,13.000|73.000,15.000|67.000,14.000|48.000,6.000|56.000,21.000
[2024-02-26 13:01:30] SEND
[2024-02-26 13:01:30] O[20] 20.000,11.000|64.000,3.000|73.000,18.000|77.000,0.000|73.000,16.000|72.000,7.000|8.000,20.000|0.000,13.000|76.000,11.000|36.000,5.000|30.000,0.000|97.000,15.000|21.000,1.000|89.000,11.000|30.000,18.000|64.000,13.000|73.000,15.000|67.000,14.000|48.000,6.000|56.000,21.000
[2024-02-26 13:01:30] SEND
[2024-02-26 13:01:30] O[20] 20.000,11.000|64.000,3.000|73.000,18.000|77.000,0.000|73.000,16.000|72.000,7.000|8.000,20.000|0.000,13.000|76.000,11.000|36.000,5.000|30.000,0.000|97.000,15.000|21.000,1.000|89.000,11.000|30.000,18.000|64.000,13.000|73.000,15.000|67.000,14.000|48.000,6.000|56.000,21.000
[2024-02-26 13:01:30] SEND
[2024-02-26 13:01:30] O[20] 20.000,11.000|64.000,3.000|73.000,18.000|77.000,0.000|73.000,16.000|72.000,7.000|8.000,20.000|0.000,13.000|76.000,11.000|36.000,5.000|30.000,0.000|97.000,15.000|21.000,1.000|89.000,11.000|30.000,18.000|64.000,13.000|73.000,15.000|67.000,14.000|48.000,6.000|56.000,21.000
[2024-02-26 13:01:30] SEND
[2024-02-26 13:01:30] O[20] 20.000,11.000|64.000,3.000|73.000,18.000|77.000,0.000|73.000,16.000|72.000,7.000|8.000,20.000|0.000,13.000|76.000,11.000|36.000,5.000|30.000,0.000|97.000,15.000|21.000,1.000|89.000,11.000|30.000,18.000|64.000,13.000|73.000,15.000|67.000,14.000|48.000,6.000|56.000,21.000
[2024-02-26 13:01:30] SEND
[2024-02-26 13:01:30] O[20] 20.000,11.000|64.000,3.000|73.000,18.000|77.000,0.000|73.000,16.000|72.000,7.000|8.000,20.000|0.000,13.000|76.000,11.000|36.000,5.000|30.000,0.000|97.000,15.000|21.000,1.000|89.000,11.000|30.000,18.000|64.000,13.000|73.000,15.000|67.000,14.000|48.000,6.000|56.000,21.000
[2024-02-26 13:01:30] SEND
[2024-02-26 13:01:30] O[20] 20.000,11.000|64.000,3.000|73.000,18.000|77.000,0.000|73.000,16.000|72.000,7.000|8.000,20.000|0.000,13.000|76.000,11.000|36.000,5.000|30.000,0.000|97.000,15.000|21.000,1.000|89.000,11.000|30.000,18.000|64.000,13.000|73.000,15.000|67.000,14.000|48.000,6.000|56.000,21.000
[2024-02-26 13:01:30] SEND
[2024-02-26 13:01:30] O[20] 20.000,11.000|64.000,3.000|73.000,18.000|77.000,0.000|73.000,16.000|72.000,7.000|8.000,20.000|0.000,13.000|76.000,11.000|36.000,5.000|30.000,0.000|97.000,15.000|21.000,1.000|89.000,11.000|30.000,18.000|64.000,13.000|73.000,15.000|67.000,14.000|48.000,6.000|56.000,21.000
[2024-02-26 13:01:30] SEND
[2024-02-26 13:01:30] O[20] 20.000,11.000|64.000,3.000|73.000,18.000|77.000,0.000|73.000,16.000|72.000,7.000|8.000,20.000|0.000,13.000|76.000,11.000|36.000,5.000|30.000,0.000|97.000,15.000|21.000,1.000|89.000,11.000|30.000,18.000|64.000,13.000|73.000,15.000|67.000,14.000|48.000,6.000|56.000,21.000
[2024-02-26 13:01:30] SEND
[2024-02-26 13:01:30] O[20] 20.000,11.000|64.000,3.000|73.000,18.000|77.000,0.000|73.000,16.000|72.000,7.000|8.000,20.000|0.000,13.000|76.000,11.000|36.000,5.000|30.000,0.000|97.000,15.000|21.000,1.000|89.000,11.000|30.000,18.000|64.000,13.000|73.000,15.000|67.000,14.000|48.000,6.000|56.000,21.000
[2024-02-26 13:01:30] SEND
[2024-02-26 13:01:30] O[20] 20.000,11.000|64.000,3.000|73.000,18.000|77.000,0.000|73.000,16.000|72.000,7.000|8.000,20.000|0.000,13.000|76.000,11.000|36.000,5.000|30.000,0.000|97.000,15.000|21.000,1.000|89.000,11.000|30.000,18.000|64.000,13.000|73.000,15.000|67.000,14.000|48.000,6.000|56.000,21.000
[2024-02-26 13:01:30] SEND
[2024-02-26 13:01:30] O[20] 20.000,11.000|64.000,3.000|73.000,18.000|77.000,0.000|73.000,16.000|72.000,7.000|8.000,20.000|0.000,13.000|76.000,11.000|36.000,5.000|30.000,0.000|97.000,15.000|21.000,1.000|89.000,11.000|30.000,18.000|64.000,13.000|73.000,15.000|67.000,14.000|48.000,6.000|56.000,21.000
[2024-02-26 13:01:31] SEND
[2024-02-26 13:01:31] O[20] 20.000,11.000|64.000,3.000|73.000,18.000|77.000,0.000|73.000,16.000|72.000,7.000|8.000,20.000|0.000,13.000|76.000,11.000|36.000,5.000|30.000,0.000|97.000,15.000|21.000,1.000|89.000,11.000|30.000,18.000|64.000,13.000|73.000,15.000|67.000,14.000|48.000,6.000|56.000,21.000
[2024-02-26 13:01:31] SEND
[2024-02-26 13:01:31] O[20] 20.000,11.000|64.000,3.000|73.000,18.000|77.000,0.000|73.000,16.000|72.000,7.000|8.000,20.000|0.000,13.000|76.000,11.000|36.000,5.000|30.000,0.000|97.000,15.000|21.000,1.000|89.000,11.000|30.000,18.000|64.000,13.000|73.000,15.000|67.000,14.000|48.000,6.000|56.000,21.000
[2024-02-26 13:01:31] SEND
[2024-02-26 13:01:31] O[20] 20.000,11.000|64.000,3.000|73.000,18.000|77.000,0.000|73.000,16.000|72.000,7.000|8.000,20.000|0.000,13.000|76.000,11.000|36.000,5.000|30.000,0.000|97.000,15.000|21.000,1.000|89.000,11.000|30.000,18.000|64.000,13.000|73.000,15.000|67.000,14.000|48.000,6.000|56.000,21.000
[2024-02-26 13:01:31] SEND
[2024-02-26 13:01:31] O[20] 20.000,11.000|64.000,3.000|73.000,18.000|77.000,0.000|73.000,16.000|72.000,7.000|8.000,20.000|0.000,13.000|76.000,11.000|36.000,5.000|30.000,0.000|97.000,15.000|21.000,1.000|89.000,11.000|30.000,18.000|64.000,13.000|73.000,15.000|67.000,14.000|48.000,6.000|56.000,21.000
[2024-02-26 13:01:31] SEND
[2024-02-26 13:01:31] O[20] 20.000,11.000|64.000,3.000|73.000,18.000|77.000,0.000|73.000,16.000|72.000,7.000|8.000,20.000|0.000,13.000|76.000,11.000|36.000,5.000|30.000,0.000|97.000,15.000|21.000,1.000|89.000,11.000|30.000,18.000|64.000,13.000|73.000,15.000|67.000,14.000|48.000,6.000|56.000,21.000
[2024-02-26 13:01:31] SEND
[2024-02-26 13:01:31] O[20] 20.000,11.000|64.000,3.000|73.000,18.000|77.000,0.000|73.000,16.000|72.000,7.000|8.000,20.000|0.000,13.000|76.000,11.000|36.000,5.000|30.000,0.000|97.000,15.000|21.000,1.000|89.000,11.000|30.000,18.000|64.000,13.000|73.000,15.000|67.000,14.000|48.000,6.000|56.000,21.000
[2024-02-26 13:01:31] SEND
[2024-02-26 13:01:31] O[20] 20.000,11.000|64.000,3.000|73.000,18.000|77.000,0.000|73.000,16.000|72.000,7.000|8.000,20.000|0.000,13.000|76.000,11.000|36.000,5.000|30.000,0.000|97.000,15.000|21.000,1.000|89.000,11.000|30.000,18.000|64.000,13.000|73.000,15.000|67.000,14.000|48.000,6.000|56.000,21.000
[2024-02-26 13:01:31] SEND
[2024-02-26 13:01:31] O[20] 20.000,11.000|64.000,3.000|73.000,18.000|77.000,0.000|73.000,16.000|72.000,7.000|8.000,20.000|0.000,13.000|76.000,11.000|36.000,5.000|30.000,0.000|97.000,15.000|21.000,1.000|89.000,11.000|30.000,18.000|64.000,13.000|73.000,15.000|67.000,14.000|48.000,6.000|56.000,21.000
[2024-02-26 13:01:31] SEND
[2024-02-26 13:01:31] O[20] 20.000,11.000|64.000,3.000|73.000,18.000|77.000,0.000|73.000,16.000|72.000,7.000|8.000,20.000|0.000,13.000|76.000,11.000|36.000,5.000|30.000,0.000|97.000,15.000|21.000,1.000|89.000,11.000|30.000,18.000|64.000,13.000|73.000,15.000|67.000,14.000|48.000,6.000|56.000,21.000
[2024-02-26 13:01:31] SEND
[2024-02-26 13:01:31] O[20] 20.000,11.000|64.000,3.000|73.000,18.000|77.000,0.000|73.000,16.000|72.000,7.000|8.000,20.000|0.000,13.000|76.000,11.000|36.000,5.000|30.000,0.000|97.000,15.000|21.000,1.000|89.000,11.000|30.000,18.000|64.000,13.000|73.000,15.000|67.000,14.000|48.000,6.000|56.000,21.000
[2024-02-26 13:01:31] SEND
[2024-02-26 13:01:31] O[20] 20.000,11.000|64.000,3.000|73.000,18.000|77.000,0.000|73.000,16.000|72.000,7.000|8.000,20.000|0.000,13.000|76.000,11.000|36.000,5.000|30.000,0.000|97.000,15.000|21.000,1.000|89.000,11.000|30.000,18.000|64.000,13.000|73.000,15.000|67.000,14.000|48.000,6.000|56.000,21.000
[2024-02-26 13:01:31] SEND
[2024-02-26 13:01:31] O[20] 20.000,11.000|64.000,3.000|73.000,18.000|77.000,0.000|73.000,16.000|72.000,7.000|8.000,20.000|0.000,13.000|76.000,11.000|36.000,5.000|30.000,0.000|97.000,15.000|21.000,1.000|89.000,11.000|30.000,18.000|64.000,13.000|73.000,15.000|67.000,14.000|48.000,6.000|56.000,21.000
[2024-02-26 13:01:31] SEND
[2024-02-26 13:01:31] O[20] 20.000,11.000|64.000,3.000|73.000,18.000|77.000,0.000|73.000,16.000|72.000,7.000|8.000,20.000|0.000,13.000|76.000,11.000|36.000,5.000|30.000,0.000|97.000,15.000|21.000,1.000|89.000,11.000|30.000,18.000|64.000,13.000|73.000,15.000|67.000,14.000|48.000,6.000|56.000,21.000
[2024-02-26 13:01:31] SEND
[2024-02-26 13:01:31] O[20] 20.000,11.000|64.000,3.000|73.000,18.000|77.000,0.000|73.000,16.000|72.000,7.000|8.000,20.000|0.000,13.000|76.000,11.000|36.000,5.000|30.000,0.000|97.000,15.000|21.000,1.000|89.000,11.000|30.000,18.000|64.000,13.000|73.000,15.000|67.000,14.000|48.000,6.000|56.000,21.000
[2024-02-26 13:01:31] SEND
[2024-02-26 13:01:31] O[20] 20.000,11.000|64.000,3.000|73.000,18.000|77.000,0.000|73.000,16.000|72.000,7.000|8.000,20.000|0.000,13.000|76.000,11.000|36.000,5.000|30.000,0.000|97.000,15.000|21.000,1.000|89.000,11.000|30.000,18.000|64.000,13.000|73.000,15.000|67.000,14.000|48.000,6.000|56.000,21.000
[2024-02-26 13:01:31] SEND
[2024-02-26 13:01:31] O[20] 20.000,11.000|64.000,3.000|73.000,18.000|77.000,0.000|73.000,16.000|72.000,7.000|8.000,20.000|0.000,13.000|76.000,11.000|36.000,5.000|30.000,0.000|97.000,15.000|21.000,1.000|89.000,11.000|30.000,18.000|64.000,13.000|73.000,15.000|67.000,14.000|48.000,6.000|56.000,21.000
[2024-02-26 13:01:31] SEND
[2024-02-26 13:01:31] O[20] 20.000,11.000|64.000,3.000|73.000,18.000|77.000,0.000|73.000,16.000|72.000,7.000|8.000,20.000|0.000,13.000|76.000,11.000|36.000,5.000|30.000,0.000|97.000,15.000|21.000,1.000|89.000,11.000|30.000,18.000|64.000,13.000|73.000,15.000|67.000,14.000|48.000,6.000|56.000,21.000
[2024-02-26 13:01:31] SEND
[2024-02-26 13:01:31] O[20] 20.000,11.000|64.000,3.000|73.000,18.000|77.000,0.000|73.000,16.000|72.000,7.000|8.000,20.000|0.000,13.000|76.000,11.000|36.000,5.000|30.000,0.000|97.000,15.000|21.000,1.000|89.000,11.000|30.000,18.000|64.000,13.000|73.000,15.000|67.000,14.000|48.000,6.000|56.000,21.000
[2024-02-26 13:01:31] SEND
[2024-02-26 13:01:31] O[20] 20.000,11.000|64.000,3.000|73.000,18.000|77.000,0.000|73.000,16.000|72.000,7.000|8.000,20.000|0.000,13.000|76.000,11.000|36.000,5.000|30.000,0.000|97.000,15.000|21.000,1.000|89.000,11.000|30.000,18.000|64.000,13.000|73.000,15.000|67.000,14.000|48.000,6.000|56.000,21.000
[2024-02-26 13:01:31] SEND
[2024-02-26 13:01:31] O[20] 20.000,11.000|64.000,3.000|73.000,18.000|77.000,0.000|73.000,16.000|72.000,7.000|8.000,20.000|0.000,13.000|76.000,11.000|36.000,5.000|30.000,0.000|97.000,15.000|21.000,1.000|89.000,11.000|30.000,18.000|64.000,13.000|73.000,15.000|67.000,14.000|48.000,6.000|56.000,21.000
[2024-02-26 13:01:32] SEND
[2024-02-26 13:01:32] O[20] 20.000,11.000|64.000,3.000|73.000,18.000|77.000,0.000|73.000,16.000|72.000,7.000|8.000,20.000|0.000,13.000|76.000,11.000|36.000,5.000|30.000,0.000|97.000,15.000|21.000,1.000|89.000,11.000|30.000,18.000|64.000,13.000|73.000,15.000|67.000,14.000|48.000,6.000|56.000,21.000
[2024-02-26 13:01:32] SEND
[2024-02-26 13:01:32] O[20] 20.000,11.000|64.000,3.000|73.000,18.000|77.000,0.000|73.000,16.000|72.000,7.000|8.000,20.000|0.000,13.000|76.000,11.000|36.000,5.000|30.000,0.000|97.000,15.000|21.000,1.000|89.000,11.000|30.000,18.000|64.000,13.000|73.000,15.000|67.000,14.000|48.000,6.000|56.000,21.000
[2024-02-26 13:01:32] SEND
[2024-02-26 13:01:32] O[20] 20.000,11.000|64.000,3.000|73.000,18.000|77.000,0.000|73.000,16.000|72.000,7.000|8.000,20.000|0.000,13.000|76.000,11.000|36.000,5.000|30.000,0.000|97.000,15.000|21.000,1.000|89.000,11.000|30.000,18.000|64.000,13.000|73.000,15.000|67.000,14.000|48.000,6.000|56.000,21.000
[2024-02-26 13:01:32] SEND
[2024-02-26 13:01:32] O[20] 20.000,11.000|64.000,3.000|73.000,18.000|77.000,0.000|73.000,16.000|72.000,7.000|8.000,20.000|0.000,13.000|76.000,11.000|36.000,5.000|30.000,0.000|97.000,15.000|21.000,1.000|89.000,11.000|30.000,18.000|64.000,13.000|73.000,15.000|67.000,14.000|48.000,6.000|56.000,21.000
[2024-02-26 13:01:32] SEND
[2024-02-26 13:01:32] O[20] 20.000,11.000|64.000,3.000|73.000,18.000|77.000,0.000|73.000,16.000|72.000,7.000|8.000,20.000|0.000,13.000|76.000,11.000|36.000,5.000|30.000,0.000|97.000,15.000|21.000,1.000|89.000,11.000|30.000,18.000|64.000,13.000|73.000,15.000|67.000,14.000|48.000,6.000|56.000,21.000
[2024-02-26 13:01:32] SEND
[2024-02-26 13:01:32] O[20] 20.000,11.000|64.000,3.000|73.000,18.000|77.000,0.000|73.000,16.000|72.000,7.000|8.000,20.000|0.000,13.000|76.000,11.000|36.000,5.000|30.000,0.000|97.000,15.000|21.000,1.000|89.000,11.000|30.000,18.000|64.000,13.000|73.000,15.000|67.000,14.000|48.000,6.000|56.000,21.000
[2024-02-26 13:01:32] SEND
[2024-02-26 13:01:32] O[20] 20.000,11.000|64.000,3.000|73.000,18.000|77.000,0.000|73.000,16.000|72.000,7.000|8.000,20.000|0.000,13.000|76.000,11.000|36.000,5.000|30.000,0.000|97.000,15.000|21.000,1.000|89.000,11.000|30.000,18.000|64.000,13.000|73.000,15.000|67.000,14.000|48.000,6.000|56.000,21.000
[2024-02-26 13:01:32] SEND
[2024-02-26 13:01:32] O[20] 20.000,11.000|64.000,3.000|73.000,18.000|77.000,0.000|73.000,16.000|72.000,7.000|8.000,20.000|0.000,13.000|76.000,11.000|36.000,5.000|30.000,0.000|97.000,15.000|21.000,1.000|89.000,11.000|30.000,18.000|64.000,13.000|73.000,15.000|67.000,14.000|48.000,6.000|56.000,21.000
[2024-02-26 13:01:32] SEND
[2024-02-26 13:01:32] O[20] 20.000,11.000|64.000,3.000|73.000,18.000|77.000,0.000|73.000,16.000|72.000,7.000|8.000,20.000|0.000,13.000|76.000,11.000|36.000,5.000|30.000,0.000|97.000,15.000|21.000,1.000|89.000,11.000|30.000,18.000|64.000,13.000|73.000,15.000|67.000,14.000|48.000,6.000|56.000,21.000
[2024-02-26 13:01:32] SEND
[2024-02-26 13:01:32] O[20] 20.000,11.000|64.000,3.000|73.000,18.000|77.000,0.000|73.000,16.000|72.000,7.000|8.000,20.000|0.000,13.000|76.000,11.000|36.000,5.000|30.000,0.000|97.000,15.000|21.000,1.000|89.000,11.000|30.000,18.000|64.000,13.000|73.000,15.000|67.000,14.000|48.000,6.000|56.000,21.000
[2024-02-26 13:01:32] SEND
[2024-02-26 13:01:32] O[20] 20.000,11.000|64.000,3.000|73.000,18.000|77.000,0.000|73.000,16.000|72.000,7.000|8.000,20.000|0.000,13.000|76.000,11.000|36.000,5.000|30.000,0.000|97.000,15.000|21.000,1.000|89.000,11.000|30.000,18.000|64.000,13.000|73.000,15.000|67.000,14.000|48.000,6.000|56.000,21.000
[2024-02-26 13:01:32] SEND
[2024-02-26 13:01:32] O[20] 20.000,11.000|64.000,3.000|73.000,18.000|77.000,0.000|73.000,16.000|72.000,7.000|8.000,20.000|0.000,13.000|76.000,11.000|36.000,5.000|30.000,0.000|97.000,15.000|21.000,1.000|89.000,11.000|30.000,18.000|64.000,13.000|73.000,15.000|67.000,14.000|48.000,6.000|56.000,21.000
[2024-02-26 13:01:32] SEND
[2024-02-26 13:01:32] O[20] 20.000,11.000|64.000,3.000|73.000,18.000|77.000,0.000|73.000,16.000|72.000,7.000|8.000,20.000|0.000,13.000|76.000,11.000|36.000,5.000|30.000,0.000|97.000,15.000|21.000,1.000|89.000,11.000|30.000,18.000|64.000,13.000|73.000,15.000|67.000,14.000|48.000,6.000|56.000,21.000
[2024-02-26 13:01:32] SEND
[2024-02-26 13:01:32] O[20] 20.000,11.000|64.000,3.000|73.000,18.000|77.000,0.000|73.000,16.000|72.000,7.000|8.000,20.000|0.000,13.000|76.000,11.000|36.000,5.000|30.000,0.000|97.000,15.000|21.000,1.000|89.000,11.000|30.000,18.000|64.000,13.000|73.000,15.000|67.000,14.000|48.000,6.000|56.000,21.000
[2024-02-26 13:01:32] SEND
[2024-02-26 13:01:32] O[20] 20.000,11.000|64.000,3.000|73.000,18.000|77.000,0.000|73.000,16.000|72.000,7.000|8.000,20.000|0.000,13.000|76.000,11.000|36.000,5.000|30.000,0.000|97.000,15.000|21.000,1.000|89.000,11.000|30.000,18.000|64.000,13.000|73.000,15.000|67.000,14.000|48.000,6.000|56.000,21.000
[2024-02-26 13:01:32] SEND
[2024-02-26 13:01:32] O[20] 20.000,11.000|64.000,3.000|73.000,18.000|77.000,0.000|73.000,16.000|72.000,7.000|8.000,20.000|0.000,13.000|76.000,11.000|36.000,5.000|30.000,0.000|97.000,15.000|21.000,1.000|89.000,11.000|30.000,18.000|64.000,13.000|73.000,15.000|67.000,14.000|48.000,6.000|56.000,21.000
[2024-02-26 13:01:32] SEND
[2024-02-26 13:01:32] O[20] 20.000,11.000|64.000,3.000|73.000,18.000|77.000,0.000|73.000,16.000|72.000,7.000|8.000,20.000|0.000,13.000|76.000,11.000|36.000,5.000|30.000,0.000|97.000,15.000|21.000,1.000|89.000,11.000|30.000,18.000|64.000,13.000|73.000,15.000|67.000,14.000|48.000,6.000|56.000,21.000
[2024-02-26 13:01:32] SEND
[2024-02-26 13:01:32] O[20] 20.000,11.000|64.000,3.000|73.000,18.000|77.000,0.000|73.000,16.000|72.000,7.000|8.000,20.000|0.000,13.000|76.000,11.000|36.000,5.000|30.000,0.000|97.000,15.000|21.000,1.000|89.000,11.000|30.000,18.000|64.000,13.000|73.000,15.000|67.000,14.000|48.000,6.000|56.000,21.000
[2024-02-26 13:01:32] SEND
[2024-02-26 13:01:32] O[20] 20.000,11.000|64.000,3.000|73.000,18.000|77.000,0.000|73.000,16.000|72.000,7.000|8.000,20.000|0.000,13.000|76.000,11.000|36.000,5.000|30.000,0.000|97.000,15.000|21.000,1.000|89.000,11.000|30.000,18.000|64.000,13.000|73.000,15.000|67.000,14.000|48.000,6.000|56.000,21.000
[2024-02-26 13:01:32] SEND
[2024-02-26 13:01:32] O[20] 20.000,11.000|64.000,3.000|73.000,18.000|77.000,0.000|73.000,16.000|72.000,7.000|8.000,20.000|0.000,13.000|76.000,11.000|36.000,5.000|30.000,0.000|97.000,15.000|21.000,1.000|89.000,11.000|30.000,18.000|64.000,13.000|73.000,15.000|67.000,14.000|48.000,6.000|56.000,21.000
[2024-02-26 13:01:33] SEND
[2024-02-26 13:01:33] O[20] 20.000,11.000|64.000,3.000|73.000,18.000|77.000,0.000|73.000,16.000|72.000,7.000|8.000,20.000|0.000,13.000|76.000,11.000|36.000,5.000|30.000,0.000|97.000,15.000|21.000,1.000|89.000,11.000|30.000,18.000|64.000,13.000|73.000,15.000|67.000,14.000|48.000,6.000|56.000,21.000
[2024-02-26 13:01:33] SEND
[2024-02-26 13:01:33] O[20] 20.000,11.000|64.000,3.000|73.000,18.000|77.000,0.000|73.000,16.000|72.000,7.000|8.000,20.000|0.000,13.000|76.000,11.000|36.000,5.000|30.000,0.000|97.000,15.000|21.000,1.000|89.000,11.000|30.000,18.000|64.000,13.000|73.000,15.000|67.000,14.000|48.000,6.000|56.000,21.000
[2024-02-26 13:01:33] SEND
[2024-02-26 13:01:33] O[20] 20.000,11.000|64.000,3.000|73.000,18.000|77.000,0.000|73.000,16.000|72.000,7.000|8.000,20.000|0.000,13.000|76.000,11.000|36.000,5.000|30.000,0.000|97.000,15.000|21.000,1.000|89.000,11.000|30.000,18.000|64.000,13.000|73.000,15.000|67.000,14.000|48.000,6.000|56.000,21.000
[2024-02-26 13:01:33] SEND
[2024-02-26 13:01:33] O[20] 20.000,11.000|64.000,3.000|73.000,18.000|77.000,0.000|73.000,16.000|72.000,7.000|8.000,20.000|0.000,13.000|76.000,11.000|36.000,5.000|30.000,0.000|97.000,15.000|21.000,1.000|89.000,11.000|30.000,18.000|64.000,13.000|73.000,15.000|67.000,14.000|48.000,6.000|56.000,21.000
[2024-02-26 13:01:33] SEND
[2024-02-26 13:01:33] O[20] 20.000,11.000|64.000,3.000|73.000,18.000|77.000,0.000|73.000,16.000|72.000,7.000|8.000,20.000|0.000,13.000|76.000,11.000|36.000,5.000|30.000,0.000|97.000,15.000|21.000,1.000|89.000,11.000|30.000,18.000|64.000,13.000|73.000,15.000|67.000,14.000|48.000,6.000|56.000,21.000
[2024-02-26 13:01:33] SEND
[2024-02-26 13:01:33] O[20] 20.000,11.000|64.000,3.000|73.000,18.000|77.000,0.000|73.000,16.000|72.000,7.000|8.000,20.000|0.000,13.000|76.000,11.000|36.000,5.000|30.000,0.000|97.000,15.000|21.000,1.000|89.000,11.000|30.000,18.000|64.000,13.000|73.000,15.000|67.000,14.000|48.000,6.000|56.000,21.000
[2024-02-26 13:01:33] SEND
[2024-02-26 13:01:33] O[20] 20.000,11.000|64.000,3.000|73.000,18.000|77.000,0.000|73.000,16.000|72.000,7.000|8.000,20.000|0.000,13.000|76.000,11.000|36.000,5.000|30.000,0.000|97.000,15.000|21.000,1.000|89.000,11.000|30.000,18.000|64.000,13.000|73.000,15.000|67.000,14.000|48.000,6.000|56.000,21.000
[2024-02-26 13:01:33] SEND
[2024-02-26 13:01:33] O[20] 20.000,11.000|64.000,3.000|73.000,18.000|77.000,0.000|73.000,16.000|72.000,7.000|8.000,20.000|0.000,13.000|76.000,11.000|36.000,5.000|30.000,0.000|97.000,15.000|21.000,1.000|89.000,11.000|30.000,18.000|64.000,13.000|73.000,15.000|67.000,14.000|48.000,6.000|56.000,21.000
[2024-02-26 13:01:33] SEND
[2024-02-26 13:01:33] O[20] 20.000,11.000|64.000,3.000|73.000,18.000|77.000,0.000|73.000,16.000|72.000,7.000|8.000,20.000|0.000,13.000|76.000,11.000|36.000,5.000|30.000,0.000|97.000,15.000|21.000,1.000|89.000,11.000|30.000,18.000|64.000,13.000|73.000,15.000|67.000,14.000|48.000,6.000|56.000,21.000
[2024-02-26 13:01:33] SEND
[2024-02-26 13:01:33] O[20] 20.000,11.000|64.000,3.000|73.000,18.000|77.000,0.000|73.000,16.000|72.000,7.000|8.000,20.000|0.000,13.000|76.000,11.000|36.000,5.000|30.000,0.000|97.000,15.000|21.000,1.000|89.000,11.000|30.000,18.000|64.000,13.000|73.000,15.000|67.000,14.000|48.000,6.000|56.000,21.000
[2024-02-26 13:01:33] SEND
[2024-02-26 13:01:33] O[20] 20.000,11.000|64.000,3.000|73.000,18.000|77.000,0.000|73.000,16.000|72.000,7.000|8.000,20.000|0.000,13.000|76.000,11.000|36.000,5.000|30.000,0.000|97.000,15.000|21.000,1.000|89.000,11.000|30.000,18.000|64.000,13.000|73.000,15.000|67.000,14.000|48.000,6.000|56.000,21.000
[2024-02-26 13:01:33] SEND
[2024-02-26 13:01:33] O[20] 20.000,11.000|64.000,3.000|73.000,18.000|77.000,0.000|73.000,16.000|72.000,7.000|8.000,20.000|0.000,13.000|76.000,11.000|36.000,5.000|30.000,0.000|97.000,15.000|21.000,1.000|89.000,11.000|30.000,18.000|64.000,13.000|73.000,15.000|67.000,14.000|48.000,6.000|56.000,21.000
[2024-02-26 13:01:33] SEND
[2024-02-26 13:01:33] O[20] 20.000,11.000|64.000,3.000|73.000,18.000|77.000,0.000|73.000,16.000|72.000,7.000|8.000,20.000|0.000,13.000|76.000,11.000|36.000,5.000|30.000,0.000|97.000,15.000|21.000,1.000|89.000,11.000|30.000,18.000|64.000,13.000|73.000,15.000|67.000,14.000|48.000,6.000|56.000,21.000
[2024-02-26 13:01:33] SEND
[2024-02-26 13:01:33] O[20] 20.000,11.000|64.000,3.000|73.000,18.000|77.000,0.000|73.000,16.000|72.000,7.000|8.000,20.000|0.000,13.000|76.000,11.000|36.000,5.000|30.000,0.000|97.000,15.000|21.000,1.000|89.000,11.000|30.000,18.000|64.000,13.000|73.000,15.000|67.000,14.000|48.000,6.000|56.000,21.000
[2024-02-26 13:01:33] SEND
[2024-02-26 13:01:33] O[20] 20.000,11.000|64.000,3.000|73.000,18.000|77.000,0.000|73.000,16.000|72.000,7.000|8.000,20.000|0.000,13.000|76.000,11.000|36.000,5.000|30.000,0.000|97.000,15.000|21.000,1.000|89.000,11.000|30.000,18.000|64.000,13.000|73.000,15.000|67.000,14.000|48.000,6.000|56.000,21.000
[2024-02-26 13:01:33] SEND
[2024-02-26 13:01:33] O[20] 20.000,11.000|64.000,3.000|73.000,18.000|77.000,0.000|73.000,16.000|72.000,7.000|8.000,20.000|0.000,13.000|76.000,11.000|36.000,5.000|30.000,0.000|97.000,15.000|21.000,1.000|89.000,11.000|30.000,18.000|64.000,13.000|73.000,15.000|67.000,14.000|48.000,6.000|56.000,21.000
[2024-02-26 13:01:33] SEND
[2024-02-26 13:01:33] O[20] 20.000,11.000|64.000,3.000|73.000,18.000|77.000,0.000|73.000,16.000|72.000,7.000|8.000,20.000|0.000,13.000|76.000,11.000|36.000,5.000|30.000,0.000|97.000,15.000|21.000,1.000|89.000,11.000|30.000,18.000|64.000,13.000|73.000,15.000|67.000,14.000|48.000,6.000|56.000,21.000
[2024-02-26 13:01:33] SEND
[2024-02-26 13:01:33] O[20] 20.000,11.000|64.000,3.000|73.000,18.000|77.000,0.000|73.000,16.000|72.000,7.000|8.000,20.000|0.000,13.000|76.000,11.000|36.000,5.000|30.000,0.000|97.000,15.000|21.000,1.000|89.000,11.000|30.000,18.000|64.000,13.000|73.000,15.000|67.000,14.000|48.000,6.000|56.000,21.000
[2024-02-26 13:01:33] SEND
[2024-02-26 13:01:33] O[20] 20.000,11.000|64.000,3.000|73.000,18.000|77.000,0.000|73.000,16.000|72.000,7.000|8.000,20.000|0.000,13.000|76.000,11.000|36.000,5.000|30.000,0.000|97.000,15.000|21.000,1.000|89.000,11.000|30.000,18.000|64.000,13.000|73.000,15.000|67.000,14.000|48.000,6.000|56.000,21.000
[2024-02-26 13:01:33] SEND
[2024-02-26 13:01:33] O[20] 20.000,11.000|64.000,3.000|73.000,18.000|77.000,0.000|73.000,16.000|72.000,7.000|8.000,20.000|0.000,13.000|76.000,11.000|36.000,5.000|30.000,0.000|97.000,15.000|21.000,1.000|89.000,11.000|30.000,18.000|64.000,13.000|73.000,15.000|67.000,14.000|48.000,6.000|56.000,21.000
[2024-02-26 13:01:34] SEND
[2024-02-26 13:01:34] O[20] 20.000,11.000|64.000,3.000|73.000,18.000|77.000,0.000|73.000,16.000|72.000,7.000|8.000,20.000|0.000,13.000|76.000,11.000|36.000,5.000|30.000,0.000|97.000,15.000|21.000,1.000|89.000,11.000|30.000,18.000|64.000,13.000|73.000,15.000|67.000,14.000|48.000,6.000|56.000,21.000
[2024-02-26 13:01:34] SEND
[2024-02-26 13:01:34] O[20] 20.000,11.000|64.000,3.000|73.000,18.000|77.000,0.000|73.000,16.000|72.000,7.000|8.000,20.000|0.000,13.000|76.000,11.000|36.000,5.000|30.000,0.000|97.000,15.000|21.000,1.000|89.000,11.000|30.000,18.000|64.000,13.000|73.000,15.000|67.000,14.000|48.000,6.000|56.000,21.000
[2024-02-26 13:01:34] SEND
[2024-02-26 13:01:34] O[20] 20.000,11.000|64.000,3.000|73.000,18.000|77.000,0.000|73.000,16.000|72.000,7.000|8.000,20.000|0.000,13.000|76.000,11.000|36.000,5.000|30.000,0.000|97.000,15.000|21.000,1.000|89.000,11.000|30.000,18.000|64.000,13.000|73.000,15.000|67.000,14.000|48.000,6.000|56.000,21.000
[2024-02-26 13:01:34] SEND
[2024-02-26 13:01:34] O[20] 20.000,11.000|64.000,3.000|73.000,18.000|77.000,0.000|73.000,16.000|72.000,7.000|8.000,20.000|0.000,13.000|76.000,11.000|36.000,5.000|30.000,0.000|97.000,15.000|21.000,1.000|89.000,11.000|30.000,18.000|64.000,13.000|73.000,15.000|67.000,14.000|48.000,6.000|56.000,21.000
[2024-02-26 13:01:34] SEND
[2024-02-26 13:01:34] O[20] 20.000,11.000|64.000,3.000|73.000,18.000|77.000,0.000|73.000,16.000|72.000,7.000|8.000,20.000|0.000,13.000|76.000,11.000|36.000,5.000|30.000,0.000|97.000,15.000|21.000,1.000|89.000,11.000|30.000,18.000|64.000,13.000|73.000,15.000|67.000,14.000|48.000,6.000|56.000,21.000
[2024-02-26 13:01:34] SEND
[2024-02-26 13:01:34] O[20] 20.000,11.000|64.000,3.000|73.000,18.000|77.000,0.000|73.000,16.000|72.000,7.000|8.000,20.000|0.000,13.000|76.000,11.000|36.000,5.000|30.000,0.000|97.000,15.000|21.000,1.000|89.000,11.000|30.000,18.000|64.000,13.000|73.000,15.000|67.000,14.000|48.000,6.000|56.000,21.000
[2024-02-26 13:01:34] SEND
[2024-02-26 13:01:34] O[20] 20.000,11.000|64.000,3.000|73.000,18.000|77.000,0.000|73.000,16.000|72.000,7.000|8.000,20.000|0.000,13.000|76.000,11.000|36.000,5.000|30.000,0.000|97.000,15.000|21.000,1.000|89.000,11.000|30.000,18.000|64.000,13.000|73.000,15.000|67.000,14.000|48.000,6.000|56.000,21.000
[2024-02-26 13:01:34] SEND
[2024-02-26 13:01:34] O[20] 20.000,11.000|64.000,3.000|73.000,18.000|77.000,0.000|73.000,16.000|72.000,7.000|8.000,20.000|0.000,13.000|76.000,11.000|36.000,5.000|30.000,0.000|97.000,15.000|21.000,1.000|89.000,11.000|30.000,18.000|64.000,13.000|73.000,15.000|67.000,14.000|48.000,6.000|56.000,21.000
[2024-02-26 13:01:34] SEND
[2024-02-26 13:01:34] O[20] 20.000,11.000|64.000,3.000|73.000,18.000|77.000,0.000|73.000,16.000|72.000,7.000|8.000,20.000|0.000,13.000|76.000,11.000|36.000,5.000|30.000,0.000|97.000,15.000|21.000,1.000|89.000,11.000|30.000,18.000|64.000,13.000|73.000,15.000|67.000,14.000|48.000,6.000|56.000,21.000
[2024-02-26 13:01:34] SEND
[2024-02-26 13:01:34] O[20] 20.000,11.000|64.000,3.000|73.000,18.000|77.000,0.000|73.000,16.000|72.000,7.000|8.000,20.000|0.000,13.000|76.000,11.000|36.000,5.000|30.000,0.000|97.000,15.000|21.000,1.000|89.000,11.000|30.000,18.000|64.000,13.000|73.000,15.000|67.000,14.000|48.000,6.000|56.000,21.000
[2024-02-26 13:01:34] SEND
[2024-02-26 13:01:34] O[20] 20.000,11.000|64.000,3.000|73.000,18.000|77.000,0.000|73.000,16.000|72.000,7.000|8.000,20.000|0.000,13.000|76.000,11.000|36.000,5.000|30.000,0.000|97.000,15.000|21.000,1.000|89.000,11.000|30.000,18.000|64.000,13.000|73.000,15.000|67.000,14.000|48.000,6.000|56.000,21.000
[2024-02-26 13:01:34] SEND
[2024-02-26 13:01:34] O[20] 20.000,11.000|64.000,3.000|73.000,18.000|77.000,0.000|73.000,16.000|72.000,7.000|8.000,20.000|0.000,13.000|76.000,11.000|36.000,5.000|30.000,0.000|97.000,15.000|21.000,1.000|89.000,11.000|30.000,18.000|64.000,13.000|73.000,15.000|67.000,14.000|48.000,6.000|56.000,21.000
[2024-02-26 13:01:34] SEND
[2024-02-26 13:01:34] O[20] 20.000,11.000|64.000,3.000|73.000,18.000|77.000,0.000|73.000,16.000|72.000,7.000|8.000,20.000|0.000,13.000|76.000,11.000|36.000,5.000|30.000,0.000|97.000,15.000|21.000,1.000|89.000,11.000|30.000,18.000|64.000,13.000|73.000,15.000|67.000,14.000|48.000,6.000|56.000,21.000
[2024-02-26 13:01:34] SEND
[2024-02-26 13:01:34] O[20] 20.000,11.000|64.000,3.000|73.000,18.000|77.000,0.000|73.000,16.000|72.000,7.000|8.000,20.000|0.000,13.000|76.000,11.000|36.000,5.000|30.000,0.000|97.000,15.000|21.000,1.000|89.000,11.000|30.000,18.000|64.000,13.000|73.000,15.000|67.000,14.000|48.000,6.000|56.000,21.000
[2024-02-26 13:01:34] SEND
[2024-02-26 13:01:34] O[20] 20.000,11.000|64.000,3.000|73.000,18.000|77.000,0.000|73.000,16.000|72.000,7.000|8.000,20.000|0.000,13.000|76.000,11.000|36.000,5.000|30.000,0.000|97.000,15.000|21.000,1.000|89.000,11.000|30.000,18.000|64.000,13.000|73.000,15.000|67.000,14.000|48.000,6.000|56.000,21.000
[2024-02-26 13:01:34] SEND
[2024-02-26 13:01:34] O[20] 20.000,11.000|64.000,3.000|73.000,18.000|77.000,0.000|73.000,16.000|72.000,7.000|8.000,20.000|0.000,13.000|76.000,11.000|36.000,5.000|30.000,0.000|97.000,15.000|21.000,1.000|89.000,11.000|30.000,18.000|64.000,13.000|73.000,15.000|67.000,14.000|48.000,6.000|56.000,21.000
[2024-02-26 13:01:34] SEND
[2024-02-26 13:01:34] O[20] 20.000,11.000|64.000,3.000|73.000,18.000|77.000,0.000|73.000,16.000|72.000,7.000|8.000,20.000|0.000,13.000|76.000,11.000|36.000,5.000|30.000,0.000|97.000,15.000|21.000,1.000|89.000,11.000|30.000,18.000|64.000,13.000|73.000,15.000|67.000,14.000|48.000,6.000|56.000,21.000
[2024-02-26 13:01:34] SEND
[2024-02-26 13:01:34] O[20] 20.000,11.000|64.000,3.000|73.000,18.000|77.000,0.000|73.000,16.000|72.000,7.000|8.000,20.000|0.000,13.000|76.000,11.000|36.000,5.000|30.000,0.000|97.000,15.000|21.000,1.000|89.000,11.000|30.000,18.000|64.000,13.000|73.000,15.000|67.000,14.000|48.000,6.000|56.000,21.000
[2024-02-26 13:01:34] SEND
[2024-02-26 13:01:34] O[20] 20.000,11.000|64.000,3.000|73.000,18.000|77.000,0.000|73.000,16.000|72.000,7.000|8.000,20.000|0.000,13.000|76.000,11.000|36.000,5.000|30.000,0.000|97.000,15.000|21.000,1.000|89.000,11.000|30.000,18.000|64.000,13.000|73.000,15.000|67.000,14.000|48.000,6.000|56.000,21.000
[2024-02-26 13:01:34] SEND
[2024-02-26 13:01:34] O[20] 20.000,11.000|64.000,3.000|73.000,18.000|77.000,0.000|73.000,16.000|72.000,7.000|8.000,20.000|0.000,13.000|76.000,11.000|36.000,5.000|30.000,0.000|97.000,15.000|21.000,1.000|89.000,11.000|30.000,18.000|64.000,13.000|73.000,15.000|67.000,14.000|48.000,6.000|56.000,21.000
[2024-02-26 13:01:35] SEND
[2024-02-26 13:01:35] O[20] 20.000,11.000|64.000,3.000|73.000,18.000|77.000,0.000|73.000,16.000|72.000,7.000|8.000,20.000|0.000,13.000|76.000,11.000|36.000,5.000|30.000,0.000|97.000,15.000|21.000,1.000|89.000,11.000|30.000,18.000|64.000,13.000|73.000,15.000|67.000,14.000|48.000,6.000|56.000,21.000
[2024-02-26 13:01:35] SEND
[2024-02-26 13:01:35] O[20] 20.000,11.000|64.000,3.000|73.000,18.000|77.000,0.000|73.000,16.000|72.000,7.000|8.000,20.000|0.000,13.000|76.000,11.000|36.000,5.000|30.000,0.000|97.000,15.000|21.000,1.000|89.000,11.000|30.000,18.000|64.000,13.000|73.000,15.000|67.000,14.000|48.000,6.000|56.000,21.000
[2024-02-26 13:01:35] SEND
[2024-02-26 13:01:35] O[20] 20.000,11.000|64.000,3.000|73.000,18.000|77.000,0.000|73.000,16.000|72.000,7.000|8.000,20.000|0.000,13.000|76.000,11.000|36.000,5.000|30.000,0.000|97.000,15.000|21.000,1.000|89.000,11.000|30.000,18.000|64.000,13.000|73.000,15.000|67.000,14.000|48.000,6.000|56.000,21.000
[2024-02-26 13:01:35] SEND
[2024-02-26 13:01:35] O[20] 20.000,11.000|64.000,3.000|73.000,18.000|77.000,0.000|73.000,16.000|72.000,7.000|8.000,20.000|0.000,13.000|76.000,11.000|36.000,5.000|30.000,0.000|97.000,15.000|21.000,1.000|89.000,11.000|30.000,18.000|64.000,13.000|73.000,15.000|67.000,14.000|48.000,6.000|56.000,21.000
[2024-02-26 13:01:35] SEND
[2024-02-26 13:01:35] O[20] 20.000,11.000|64.000,3.000|73.000,18.000|77.000,0.000|73.000,16.000|72.000,7.000|8.000,20.000|0.000,13.000|76.000,11.000|36.000,5.000|30.000,0.000|97.000,15.000|21.000,1.000|89.000,11.000|30.000,18.000|64.000,13.000|73.000,15.000|67.000,14.000|48.000,6.000|56.000,21.000
[2024-02-26 13:01:35] SEND
[2024-02-26 13:01:35] O[20] 20.000,11.000|64.000,3.000|73.000,18.000|77.000,0.000|73.000,16.000|72.000,7.000|8.000,20.000|0.000,13.000|76.000,11.000|36.000,5.000|30.000,0.000|97.000,15.000|21.000,1.000|89.000,11.000|30.000,18.000|64.000,13.000|73.000,15.000|67.000,14.000|48.000,6.000|56.000,21.000
[2024-02-26 13:01:35] SEND
[2024-02-26 13:01:35] O[20] 20.000,11.000|64.000,3.000|73.000,18.000|77.000,0.000|73.000,16.000|72.000,7.000|8.000,20.000|0.000,13.000|76.000,11.000|36.000,5.000|30.000,0.000|97.000,15.000|21.000,1.000|89.000,11.000|30.000,18.000|64.000,13.000|73.000,15.000|67.000,14.000|48.000,6.000|56.000,21.000
[2024-02-26 13:01:35] SEND
[2024-02-26 13:01:35] O[20] 20.000,11.000|64.000,3.000|73.000,18.000|77.000,0.000|73.000,16.000|72.000,7.000|8.000,20.000|0.000,13.000|76.000,11.000|36.000,5.000|30.000,0.000|97.000,15.000|21.000,1.000|89.000,11.000|30.000,18.000|64.000,13.000|73.000,15.000|67.000,14.000|48.000,6.000|56.000,21.000
[2024-02-26 13:01:35] SEND
[2024-02-26 13:01:35] O[20] 20.000,11.000|64.000,3.000|73.000,18.000|77.000,0.000|73.000,16.000|72.000,7.000|8.000,20.000|0.000,13.000|76.000,11.000|36.000,5.000|30.000,0.000|97.000,15.000|21.000,1.000|89.000,11.000|30.000,18.000|64.000,13.000|73.000,15.000|67.000,14.000|48.000,6.000|56.000,21.000
[2024-02-26 13:01:35] SEND
[2024-02-26 13:01:35] O[20] 20.000,11.000|64.000,3.000|73.000,18.000|77.000,0.000|73.000,16.000|72.000,7.000|8.000,20.000|0.000,13.000|76.000,11.000|36.000,5.000|30.000,0.000|97.000,15.000|21.000,1.000|89.000,11.000|30.000,18.000|64.000,13.000|73.000,15.000|67.000,14.000|48.000,6.000|56.000,21.000
[2024-02-26 13:01:35] SEND
[2024-02-26 13:01:35] O[20] 20.000,11.000|64.000,3.000|73.000,18.000|77.000,0.000|73.000,16.000|72.000,7.000|8.000,20.000|0.000,13.000|76.000,11.000|36.000,5.000|30.000,0.000|97.000,15.000|21.000,1.000|89.000,11.000|30.000,18.000|64.000,13.000|73.000,15.000|67.000,14.000|48.000,6.000|56.000,21.000
[2024-02-26 13:01:35] SEND
[2024-02-26 13:01:35] O[20] 20.000,11.000|64.000,3.000|73.000,18.000|77.000,0.000|73.000,16.000|72.000,7.000|8.000,20.000|0.000,13.000|76.000,11.000|36.000,5.000|30.000,0.000|97.000,15.000|21.000,1.000|89.000,11.000|30.000,18.000|64.000,13.000|73.000,15.000|67.000,14.000|48.000,6.000|56.000,21.000
[2024-02-26 13:01:35] SEND
[2024-02-26 13:01:35] O[20] 20.000,11.000|64.000,3.000|73.000,18.000|77.000,0.000|73.000,16.000|72.000,7.000|8.000,20.000|0.000,13.000|76.000,11.000|36.000,5.000|30.000,0.000|97.000,15.000|21.000,1.000|89.000,11.000|30.000,18.000|64.000,13.000|73.000,15.000|67.000,14.000|48.000,6.000|56.000,21.000
[2024-02-26 13:01:35] SEND
[2024-02-26 13:01:35] O[20] 20.000,11.000|64.000,3.000|73.000,18.000|77.000,0.000|73.000,16.000|72.000,7.000|8.000,20.000|0.000,13.000|76.000,11.000|36.000,5.000|30.000,0.000|97.000,15.000|21.000,1.000|89.000,11.000|30.000,18.000|64.000,13.000|73.000,15.000|67.000,14.000|48.000,6.000|56.000,21.000
[2024-02-26 13:01:35] SEND
[2024-02-26 13:01:35] O[20] 20.000,11.000|64.000,3.000|73.000,18.000|77.000,0.000|73.000,16.000|72.000,7.000|8.000,20.000|0.000,13.000|76.000,11.000|36.000,5.000|30.000,0.000|97.000,15.000|21.000,1.000|89.000,11.000|30.000,18.000|64.000,13.000|73.000,15.000|67.000,14.000|48.000,6.000|56.000,21.000
[2024-02-26 13:01:35] SEND
[2024-02-26 13:01:35] O[20] 20.000,11.000|64.000,3.000|73.000,18.000|77.000,0.000|73.000,16.000|72.000,7.000|8.000,20.000|0.000,13.000|76.000,11.000|36.000,5.000|30.000,0.000|97.000,15.000|21.000,1.000|89.000,11.000|30.000,18.000|64.000,13.000|73.000,15.000|67.000,14.000|48.000,6.000|56.000,21.000
[2024-02-26 13:01:35] SEND
[2024-02-26 13:01:35] O[20] 20.000,11.000|64.000,3.000|73.000,18.000|77.000,0.000|73.000,16.000|72.000,7.000|8.000,20.000|0.000,13.000|76.000,11.000|36.000,5.000|30.000,0.000|97.000,15.000|21.000,1.000|89.000,11.000|30.000,18.000|64.000,13.000|73.000,15.000|67.000,14.000|48.000,6.000|56.000,21.000
[2024-02-26 13:01:35] SEND
[2024-02-26 13:01:35] O[20] 20.000,11.000|64.000,3.000|73.000,18.000|77.000,0.000|73.000,16.000|72.000,7.000|8.000,20.000|0.000,13.000|76.000,11.000|36.000,5.000|30.000,0.000|97.000,15.000|21.000,1.000|89.000,11.000|30.000,18.000|64.000,13.000|73.000,15.000|67.000,14.000|48.000,6.000|56.000,21.000
[2024-02-26 13:01:35] SEND
[2024-02-26 13:01:35] O[20] 20.000,11.000|64.000,3.000|73.000,18.000|77.000,0.000|73.000,16.000|72.000,7.000|8.000,20.000|0.000,13.000|76.000,11.000|36.000,5.000|30.000,0.000|97.000,15.000|21.000,1.000|89.000,11.000|30.000,18.000|64.000,13.000|73.000,15.000|67.000,14.000|48.000,6.000|56.000,21.000
[2024-02-26 13:01:36] SEND
[2024-02-26 13:01:36] O[20] 20.000,11.000|64.000,3.000|73.000,18.000|77.000,0.000|73.000,16.000|72.000,7.000|8.000,20.000|0.000,13.000|76.000,11.000|36.000,5.000|30.000,0.000|97.000,15.000|21.000,1.000|89.000,11.000|30.000,18.000|64.000,13.000|73.000,15.000|67.000,14.000|48.000,6.000|56.000,21.000
[2024-02-26 13:01:36] SEND
[2024-02-26 13:01:36] O[20] 20.000,11.000|64.000,3.000|73.000,18.000|77.000,0.000|73.000,16.000|72.000,7.000|8.000,20.000|0.000,13.000|76.000,11.000|36.000,5.000|30.000,0.000|97.000,15.000|21.000,1.000|89.000,11.000|30.000,18.000|64.000,13.000|73.000,15.000|67.000,14.000|48.000,6.000|56.000,21.000
[2024-02-26 13:01:36] SEND
[2024-02-26 13:01:36] O[20] 20.000,11.000|64.000,3.000|73.000,18.000|77.000,0.000|73.000,16.000|72.000,7.000|8.000,20.000|0.000,13.000|76.000,11.000|36.000,5.000|30.000,0.000|97.000,15.000|21.000,1.000|89.000,11.000|30.000,18.000|64.000,13.000|73.000,15.000|67.000,14.000|48.000,6.000|56.000,21.000
[2024-02-26 13:01:36] SEND
[2024-02-26 13:01:36] O[20] 20.000,11.000|64.000,3.000|73.000,18.000|77.000,0.000|73.000,16.000|72.000,7.000|8.000,20.000|0.000,13.000|76.000,11.000|36.000,5.000|30.000,0.000|97.000,15.000|21.000,1.000|89.000,11.000|30.000,18.000|64.000,13.000|73.000,15.000|67.000,14.000|48.000,6.000|56.000,21.000
[2024-02-26 13:01:36] SEND
[2024-02-26 13:01:36] O[20] 20.000,11.000|64.000,3.000|73.000,18.000|77.000,0.000|73.000,16.000|72.000,7.000|8.000,20.000|0.000,13.000|76.000,11.000|36.000,5.000|30.000,0.000|97.000,15.000|21.000,1.000|89.000,11.000|30.000,18.000|64.000,13.000|73.000,15.000|67.000,14.000|48.000,6.000|56.000,21.000
[2024-02-26 13:01:36] SEND
[2024-02-26 13:01:36] O[20] 20.000,11.000|64.000,3.000|73.000,18.000|77.000,0.000|73.000,16.000|72.000,7.000|8.000,20.000|0.000,13.000|76.000,11.000|36.000,5.000|30.000,0.000|97.000,15.000|21.000,1.000|89.000,11.000|30.000,18.000|64.000,13.000|73.000,15.000|67.000,14.000|48.000,6.000|56.000,21.000
[2024-02-26 13:01:36] SEND
[2024-02-26 13:01:36] O[20] 20.000,11.000|64.000,3.000|73.000,18.000|77.000,0.000|73.000,16.000|72.000,7.000|8.000,20.000|0.000,13.000|76.000,11.000|36.000,5.000|30.000,0.000|97.000,15.000|21.000,1.000|89.000,11.000|30.000,18.000|64.000,13.000|73.000,15.000|67.000,14.000|48.000,6.000|56.000,21.000
[2024-02-26 13:01:36] SEND
[2024-02-26 13:01:36] O[20] 20.000,11.000|64.000,3.000|73.000,18.000|77.000,0.000|73.000,16.000|72.000,7.000|8.000,20.000|0.000,13.000|76.000,11.000|36.000,5.000|30.000,0.000|97.000,15.000|21.000,1.000|89.000,11.000|30.000,18.000|64.000,13.000|73.000,15.000|67.000,14.000|48.000,6.000|56.000,21.000
[2024-02-26 13:01:36] SEND
[2024-02-26 13:01:36] O[20] 20.000,11.000|64.000,3.000|73.000,18.000|77.000,0.000|73.000,16.000|72.000,7.000|8.000,20.000|0.000,13.000|76.000,11.000|36.000,5.000|30.000,0.000|97.000,15.000|21.000,1.000|89.000,11.000|30.000,18.000|64.000,13.000|73.000,15.000|67.000,14.000|48.000,6.000|56.000,21.000
[2024-02-26 13:01:36] SEND
[2024-02-26 13:01:36] O[20] 20.000,11.000|64.000,3.000|73.000,18.000|77.000,0.000|73.000,16.000|72.000,7.000|8.000,20.000|0.000,13.000|76.000,11.000|36.000,5.000|30.000,0.000|97.000,15.000|21.000,1.000|89.000,11.000|30.000,18.000|64.000,13.000|73.000,15.000|67.000,14.000|48.000,6.000|56.000,21.000
[2024-02-26 13:01:36] SEND
[2024-02-26 13:01:36] O[20] 20.000,11.000|64.000,3.000|73.000,18.000|77.000,0.000|73.000,16.000|72.000,7.000|8.000,20.000|0.000,13.000|76.000,11.000|36.000,5.000|30.000,0.000|97.000,15.000|21.000,1.000|89.000,11.000|30.000,18.000|64.000,13.000|73.000,15.000|67.000,14.000|48.000,6.000|56.000,21.000
[2024-02-26 13:01:36] SEND
[2024-02-26 13:01:36] O[20] 20.000,11.000|64.000,3.000|73.000,18.000|77.000,0.000|73.000,16.000|72.000,7.000|8.000,20.000|0.000,13.000|76.000,11.000|36.000,5.000|30.000,0.000|97.000,15.000|21.000,1.000|89.000,11.000|30.000,18.000|64.000,13.000|73.000,15.000|67.000,14.000|48.000,6.000|56.000,21.000
[2024-02-26 13:01:36] SEND
[2024-02-26 13:01:36] O[20] 20.000,11.000|64.000,3.000|73.000,18.000|77.000,0.000|73.000,16.000|72.000,7.000|8.000,20.000|0.000,13.000|76.000,11.000|36.000,5.000|30.000,0.000|97.000,15.000|21.000,1.000|89.000,11.000|30.000,18.000|64.000,13.000|73.000,15.000|67.000,14.000|48.000,6.000|56.000,21.000
[2024-02-26 13:01:36] SEND
[2024-02-26 13:01:36] O[20] 20.000,11.000|64.000,3.000|73.000,18.000|77.000,0.000|73.000,16.000|72.000,7.000|8.000,20.000|0.000,13.000|76.000,11.000|36.000,5.000|30.000,0.000|97.000,15.000|21.000,1.000|89.000,11.000|30.000,18.000|64.000,13.000|73.000,15.000|67.000,14.000|48.000,6.000|56.000,21.000
[2024-02-26 13:01:36] SEND
[2024-02-26 13:01:36] O[20] 20.000,11.000|64.000,3.000|73.000,18.000|77.000,0.000|73.000,16.000|72.000,7.000|8.000,20.000|0.000,13.000|76.000,11.000|36.000,5.000|30.000,0.000|97.000,15.000|21.000,1.000|89.000,11.000|30.000,18.000|64.000,13.000|73.000,15.000|67.000,14.000|48.000,6.000|56.000,21.000
[2024-02-26 13:01:36] SEND
[2024-02-26 13:01:36] O[20] 20.000,11.000|64.000,3.000|73.000,18.000|77.000,0.000|73.000,16.000|72.000,7.000|8.000,20.000|0.000,13.000|76.000,11.000|36.000,5.000|30.000,0.000|97.000,15.000|21.000,1.000|89.000,11.000|30.000,18.000|64.000,13.000|73.000,15.000|67.000,14.000|48.000,6.000|56.000,21.000
[2024-02-26 13:01:36] SEND
[2024-02-26 13:01:36] O[20] 20.000,11.000|64.000,3.000|73.000,18.000|77.000,0.000|73.000,16.000|72.000,7.000|8.000,20.000|0.000,13.000|76.000,11.000|36.000,5.000|30.000,0.000|97.000,15.000|21.000,1.000|89.000,11.000|30.000,18.000|64.000,13.000|73.000,15.000|67.000,14.000|48.000,6.000|56.000,21.000
[2024-02-26 13:01:36] SEND
[2024-02-26 13:01:36] O[20] 20.000,11.000|64.000,3.000|73.000,18.000|77.000,0.000|73.000,16.000|72.000,7.000|8.000,20.000|0.000,13.000|76.000,11.000|36.000,5.000|30.000,0.000|97.000,15.000|21.000,1.000|89.000,11.000|30.000,18.000|64.000,13.000|73.000,15.000|67.000,14.000|48.000,6.000|56.000,21.000
[2024-02-26 13:01:36] SEND
[2024-02-26 13:01:36] O[20] 20.000,11.000|64.000,3.000|73.000,18.000|77.000,0.000|73.000,16.000|72.000,7.000|8.000,20.000|0.000,13.000|76.000,11.000|36.000,5.000|30.000,0.000|97.000,15.000|21.000,1.000|89.000,11.000|30.000,18.000|64.000,13.000|73.000,15.000|67.000,14.000|48.000,6.000|56.000,21.000
[2024-02-26 13:01:36] SEND
[2024-02-26 13:01:36] O[20] 20.000,11.000|64.000,3.000|73.000,18.000|77.000,0.000|73.000,16.000|72.000,7.000|8.000,20.000|0.000,13.000|76.000,11.000|36.000,5.000|30.000,0.000|97.000,15.000|21.000,1.000|89.000,11.000|30.000,18.000|64.000,13.000|73.000,15.000|67.000,14.000|48.000,6.000|56.000,21.000
[2024-02-26 13:01:37] regenerated targets
[2024-02-26 13:01:37] SEND
[2024-02-26 13:01:37] O[20] 9.000,6.000|58.000,2.000|14.000,10.000|76.000,16.000|84.000,2.000|79.000,14.000|29.000,6.000|9.000,19.000|74.000,0.000|95.000,0.000|30.000,0.000|97.000,15.000|21.000,1.000|89.000,11.000|30.000,18.000|64.000,13.000|73.000,15.000|67.000,14.000|48.000,6.000|56.000,21.000
[2024-02-26 13:01:37] SEND
[2024-02-26 13:01:37] O[20] 9.000,6.000|58.000,2.000|14.000,10.000|76.000,16.000|84.000,2.000|79.000,14.000|29.000,6.000|9.000,19.000|74.000,0.000|95.000,0.000|30.000,0.000|97.000,15.000|21.000,1.000|89.000,11.000|30.000,18.000|64.000,13.000|73.000,15.000|67.000,14.000|48.000,6.000|56.000,21.000
[2024-02-26 13:01:37] SEND
[2024-02-26 13:01:37] O[20] 9.000,6.000|58.000,2.000|14.000,10.000|76.000,16.000|84.000,2.000|79.000,14.000|29.000,6.000|9.000,19.000|74.000,0.000|95.000,0.000|30.000,0.000|97.000,15.000|21.000,1.000|89.000,11.000|30.000,18.000|64.000,13.000|73.000,15.000|67.000,14.000|48.000,6.000|56.000,21.000
[2024-02-26 13:01:37] SEND
[2024-02-26 13:01:37] O[20] 9.000,6.000|58.000,2.000|14.000,10.000|76.000,16.000|84.000,2.000|79.000,14.000|29.000,6.000|9.000,19.000|74.000,0.000|95.000,0.000|30.000,0.000|97.000,15.000|21.000,1.000|89.000,11.000|30.000,18.000|64.000,13.000|73.000,15.000|67.000,14.000|48.000,6.000|56.000,21.000
[2024-02-26 13:01:37] SEND
[2024-02-26 13:01:37] O[20] 9.000,6.000|58.000,2.000|14.000,10.000|76.000,16.000|84.000,2.000|79.000,14.000|29.000,6.000|9.000,19.000|74.000,0.000|95.000,0.000|30.000,0.000|97.000,15.000|21.000,1.000|89.000,11.000|30.000,18.000|64.000,13.000|73.000,15.000|67.000,14.000|48.000,6.000|56.000,21.000
[2024-02-26 13:01:37] SEND
[2024-02-26 13:01:37] O[20] 9.000,6.000|58.000,2.000|14.000,10.000|76.000,16.000|84.000,2.000|79.000,14.000|29.000,6.000|9.000,19.000|74.000,0.000|95.000,0.000|30.000,0.000|97.000,15.000|21.000,1.000|89.000,11.000|30.000,18.000|64.000,13.000|73.000,15.000|67.000,14.000|48.000,6.000|56.000,21.000
[2024-02-26 13:01:37] SEND
[2024-02-26 13:01:37] O[20] 9.000,6.000|58.000,2.000|14.000,10.000|76.000,16.000|84.000,2.000|79.000,14.000|29.000,6.000|9.000,19.000|74.000,0.000|95.000,0.000|30.000,0.000|97.000,15.000|21.000,1.000|89.000,11.000|30.000,18.000|64.000,13.000|73.000,15.000|67.000,14.000|48.000,6.000|56.000,21.000
[2024-02-26 13:01:37] SEND
[2024-02-26 13:01:37] O[20] 9.000,6.000|58.000,2.000|14.000,10.000|76.000,16.000|84.000,2.000|79.000,14.000|29.000,6.000|9.000,19.000|74.000,0.000|95.000,0.000|30.000,0.000|97.000,15.000|21.000,1.000|89.000,11.000|30.000,18.000|64.000,13.000|73.000,15.000|67.000,14.000|48.000,6.000|56.000,21.000
[2024-02-26 13:01:37] SEND
[2024-02-26 13:01:37] O[20] 9.000,6.000|58.000,2.000|14.000,10.000|76.000,16.000|84.000,2.000|79.000,14.000|29.000,6.000|9.000,19.000|74.000,0.000|95.000,0.000|30.000,0.000|97.000,15.000|21.000,1.000|89.000,11.000|30.000,18.000|64.000,13.000|73.000,15.000|67.000,14.000|48.000,6.000|56.000,21.000
[2024-02-26 13:01:37] SEND
[2024-02-26 13:01:37] O[20] 9.000,6.000|58.000,2.000|14.000,10.000|76.000,16.000|84.000,2.000|79.000,14.000|29.000,6.000|9.000,19.000|74.000,0.000|95.000,0.000|30.000,0.000|97.000,15.000|21.000,1.000|89.000,11.000|30.000,18.000|64.000,13.000|73.000,15.000|67.000,14.000|48.000,6.000|56.000,21.000
[2024-02-26 13:01:37] SEND
[2024-02-26 13:01:37] O[20] 9.000,6.000|58.000,2.000|14.000,10.000|76.000,16.000|84.000,2.000|79.000,14.000|29.000,6.000|9.000,19.000|74.000,0.000|95.000,0.000|30.000,0.000|97.000,15.000|21.000,1.000|89.000,11.000|30.000,18.000|64.000,13.000|73.000,15.000|67.000,14.000|48.000,6.000|56.000,21.000
[2024-02-26 13:01:37] SEND
[2024-02-26 13:01:37] O[20] 9.000,6.000|58.000,2.000|14.000,10.000|76.000,16.000|84.000,2.000|79.000,14.000|29.000,6.000|9.000,19.000|74.000,0.000|95.000,0.000|30.000,0.000|97.000,15.000|21.000,1.000|89.000,11.000|30.000,18.000|64.000,13.000|73.000,15.000|67.000,14.000|48.000,6.000|56.000,21.000
[2024-02-26 13:01:37] SEND
[2024-02-26 13:01:37] O[20] 9.000,6.000|58.000,2.000|14.000,10.000|76.000,16.000|84.000,2.000|79.000,14.000|29.000,6.000|9.000,19.000|74.000,0.000|95.000,0.000|30.000,0.000|97.000,15.000|21.000,1.000|89.000,11.000|30.000,18.000|64.000,13.000|73.000,15.000|67.000,14.000|48.000,6.000|56.000,21.000
[2024-02-26 13:01:37] SEND
[2024-02-26 13:01:37] O[20] 9.000,6.000|58.000,2.000|14.000,10.000|76.000,16.000|84.000,2.000|79.000,14.000|29.000,6.000|9.000,19.000|74.000,0.000|95.000,0.000|30.000,0.000|97.000,15.000|21.000,1.000|89.000,11.000|30.000,18.000|64.000,13.000|73.000,15.000|67.000,14.000|48.000,6.000|56.000,21.000
[2024-02-26 13:01:37] SEND
[2024-02-26 13:01:37] O[20] 9.000,6.000|58.000,2.000|14.000,10.000|76.000,16.000|84.000,2.000|79.000,14.000|29.000,6.000|9.000,19.000|74.000,0.000|95.000,0.000|30.000,0.000|97.000,15.000|21.000,1.000|89.000,11.000|30.000,18.000|64.000,13.000|73.000,15.000|67.000,14.000|48.000,6.000|56.000,21.000
[2024-02-26 13:01:37] SEND
[2024-02-26 13:01:37] O[20] 9.000,6.000|58.000,2.000|14.000,10.000|76.000,16.000|84.000,2.000|79.000,14.000|29.000,6.000|9.000,19.000|74.000,0.000|95.000,0.000|30.000,0.000|97.000,15.000|21.000,1.000|89.000,11.000|30.000,18.000|64.000,13.000|73.000,15.000|67.000,14.000|48.000,6.000|56.000,21.000
[2024-02-26 13:01:38] SEND
[2024-02-26 13:01:38] O[20] 9.000,6.000|58.000,2.000|14.000,10.000|76.000,16.000|84.000,2.000|79.000,14.000|29.000,6.000|9.000,19.000|74.000,0.000|95.000,0.000|30.000,0.000|97.000,15.000|21.000,1.000|89.000,11.000|30.000,18.000|64.000,13.000|73.000,15.000|67.000,14.000|48.000,6.000|56.000,21.000
[2024-02-26 13:01:38] GAME TERMINATED
