[2024-02-26 02:22:50] SERVER: Pid recieved
[2024-02-26 02:22:50] SERVER: Pid recieved
[2024-02-26 02:22:50] SERVER: Pid recieved
[2024-02-26 02:22:50] PID = 181316

[2024-02-26 02:22:50] SERVER: Pid sent to watchdog
[2024-02-26 02:22:50] SERVER:  Listening
[2024-02-26 02:22:55] Window: User input received
[2024-02-26 02:22:55] Drone: New drone_pos received from drone
[2024-02-26 02:22:55] Window size100 22
[2024-02-26 02:22:55] WROTE WINDOW SIZE TO CLIENT
[2024-02-26 02:22:55] Keyboard: Command force received from keyboard
[2024-02-26 02:22:55] Window: User input received
[2024-02-26 02:22:55] Drone: New drone_pos received from drone
[2024-02-26 02:22:55] Keyboard: Command force received from keyboard
[2024-02-26 02:22:55] Drone: New drone_pos received from drone
[2024-02-26 02:22:55] 100 22
[2024-02-26 02:22:55] T:2.000000 0.000000 O:0.000000 0.000000
[2024-02-26 02:22:55] Drone: New drone_pos received from drone
[2024-02-26 02:22:55] T[20] 8.000,10.000|63.000,21.000|67.000,7.000|99.000,4.000|14.000,13.000|65.000,4.000|69.000,6.000|73.000,13.000|22.000,4.000|31.000,15.000|
[2024-02-26 02:22:55] T:8.000000 10.000000 O:0.000000 0.000000
[2024-02-26 02:22:55] Drone: New drone_pos received from drone
[2024-02-26 02:22:55] 100 22
[2024-02-26 02:22:55] T:8.000000 10.000000 O:2.000000 0.000000
[2024-02-26 02:22:55] O[20] 86.000,1.000|40.000,7.000|36.000,15.000|60.000,6.000|81.000,13.000|89.000,9.000|11.000,3.000|95.000,17.000|89.000,18.000|46.000,18.000|8.000,10.000|63.000,21.000|67.000,7.000|99.000,4.000|14.000,13.000|65.000,4.000|69.000,6.000|73.000,13.000|22.000,4.000|31.000,15.000
[2024-02-26 02:22:55] T:8.000000 10.000000 O:86.000000 1.000000
[2024-02-26 02:22:55] Drone: New drone_pos received from drone
[2024-02-26 02:22:55] Drone: New drone_pos received from drone
[2024-02-26 02:22:55] Window: User input received
[2024-02-26 02:22:55] Window: User input received
[2024-02-26 02:22:55] Window: User input received
[2024-02-26 02:22:55] Keyboard: Command force received from keyboard
[2024-02-26 02:22:55] Keyboard: Command force received from keyboard
[2024-02-26 02:22:55] Keyboard: Command force received from keyboard
[2024-02-26 02:22:55] Drone: New drone_pos received from drone
[2024-02-26 02:22:55] Drone: New drone_pos received from drone
[2024-02-26 02:22:55] Drone: New drone_pos received from drone
[2024-02-26 02:22:55] O[20] 86.000,1.000|40.000,7.000|36.000,15.000|60.000,6.000|81.000,13.000|89.000,9.000|11.000,3.000|95.000,17.000|89.000,18.000|46.000,18.000|8.000,10.000|63.000,21.000|67.000,7.000|99.000,4.000|14.000,13.000|65.000,4.000|69.000,6.000|73.000,13.000|22.000,4.000|31.000,15.000
[2024-02-26 02:22:55] T:8.000000 10.000000 O:86.000000 1.000000
[2024-02-26 02:22:55] Drone: New drone_pos received from drone
[2024-02-26 02:22:55] O[20] 86.000,1.000|40.000,7.000|36.000,15.000|60.000,6.000|81.000,13.000|89.000,9.000|11.000,3.000|95.000,17.000|89.000,18.000|46.000,18.000|8.000,10.000|63.000,21.000|67.000,7.000|99.000,4.000|14.000,13.000|65.000,4.000|69.000,6.000|73.000,13.000|22.000,4.000|31.000,15.000
[2024-02-26 02:22:55] T:8.000000 10.000000 O:86.000000 1.000000
[2024-02-26 02:22:55] Drone: New drone_pos received from drone
[2024-02-26 02:22:55] O[20] 86.000,1.000|40.000,7.000|36.000,15.000|60.000,6.000|81.000,13.000|89.000,9.000|11.000,3.000|95.000,17.000|89.000,18.000|46.000,18.000|8.000,10.000|63.000,21.000|67.000,7.000|99.000,4.000|14.000,13.000|65.000,4.000|69.000,6.000|73.000,13.000|22.000,4.000|31.000,15.000
[2024-02-26 02:22:55] T:8.000000 10.000000 O:86.000000 1.000000
[2024-02-26 02:22:55] Drone: New drone_pos received from drone
[2024-02-26 02:22:55] O[20] 86.000,1.000|40.000,7.000|36.000,15.000|60.000,6.000|81.000,13.000|89.000,9.000|11.000,3.000|95.000,17.000|89.000,18.000|46.000,18.000|8.000,10.000|63.000,21.000|67.000,7.000|99.000,4.000|14.000,13.000|65.000,4.000|69.000,6.000|73.000,13.000|22.000,4.000|31.000,15.000
[2024-02-26 02:22:55] T:8.000000 10.000000 O:86.000000 1.000000
[2024-02-26 02:22:55] Drone: New drone_pos received from drone
[2024-02-26 02:22:55] O[20] 86.000,1.000|40.000,7.000|36.000,15.000|60.000,6.000|81.000,13.000|89.000,9.000|11.000,3.000|95.000,17.000|89.000,18.000|46.000,18.000|8.000,10.000|63.000,21.000|67.000,7.000|99.000,4.000|14.000,13.000|65.000,4.000|69.000,6.000|73.000,13.000|22.000,4.000|31.000,15.000
[2024-02-26 02:22:55] T:8.000000 10.000000 O:86.000000 1.000000
[2024-02-26 02:22:55] Drone: New drone_pos received from drone
[2024-02-26 02:22:55] O[20] 86.000,1.000|40.000,7.000|36.000,15.000|60.000,6.000|81.000,13.000|89.000,9.000|11.000,3.000|95.000,17.000|89.000,18.000|46.000,18.000|8.000,10.000|63.000,21.000|67.000,7.000|99.000,4.000|14.000,13.000|65.000,4.000|69.000,6.000|73.000,13.000|22.000,4.000|31.000,15.000
[2024-02-26 02:22:55] T:8.000000 10.000000 O:86.000000 1.000000
[2024-02-26 02:22:55] Drone: New drone_pos received from drone
[2024-02-26 02:22:55] O[20] 86.000,1.000|40.000,7.000|36.000,15.000|60.000,6.000|81.000,13.000|89.000,9.000|11.000,3.000|95.000,17.000|89.000,18.000|46.000,18.000|8.000,10.000|63.000,21.000|67.000,7.000|99.000,4.000|14.000,13.000|65.000,4.000|69.000,6.000|73.000,13.000|22.000,4.000|31.000,15.000
[2024-02-26 02:22:55] T:8.000000 10.000000 O:86.000000 1.000000
[2024-02-26 02:22:55] Drone: New drone_pos received from drone
[2024-02-26 02:22:55] O[20] 86.000,1.000|40.000,7.000|36.000,15.000|60.000,6.000|81.000,13.000|89.000,9.000|11.000,3.000|95.000,17.000|89.000,18.000|46.000,18.000|8.000,10.000|63.000,21.000|67.000,7.000|99.000,4.000|14.000,13.000|65.000,4.000|69.000,6.000|73.000,13.000|22.000,4.000|31.000,15.000
[2024-02-26 02:22:55] T:8.000000 10.000000 O:86.000000 1.000000
[2024-02-26 02:22:55] Drone: New drone_pos received from drone
[2024-02-26 02:22:56] O[20] 86.000,1.000|40.000,7.000|36.000,15.000|60.000,6.000|81.000,13.000|89.000,9.000|11.000,3.000|95.000,17.000|89.000,18.000|46.000,18.000|8.000,10.000|63.000,21.000|67.000,7.000|99.000,4.000|14.000,13.000|65.000,4.000|69.000,6.000|73.000,13.000|22.000,4.000|31.000,15.000
[2024-02-26 02:22:56] T:8.000000 10.000000 O:86.000000 1.000000
[2024-02-26 02:22:56] Drone: New drone_pos received from drone
[2024-02-26 02:22:56] O[20] 86.000,1.000|40.000,7.000|36.000,15.000|60.000,6.000|81.000,13.000|89.000,9.000|11.000,3.000|95.000,17.000|89.000,18.000|46.000,18.000|8.000,10.000|63.000,21.000|67.000,7.000|99.000,4.000|14.000,13.000|65.000,4.000|69.000,6.000|73.000,13.000|22.000,4.000|31.000,15.000
[2024-02-26 02:22:56] T:8.000000 10.000000 O:86.000000 1.000000
[2024-02-26 02:22:56] Drone: New drone_pos received from drone
[2024-02-26 02:22:56] O[20] 86.000,1.000|40.000,7.000|36.000,15.000|60.000,6.000|81.000,13.000|89.000,9.000|11.000,3.000|95.000,17.000|89.000,18.000|46.000,18.000|8.000,10.000|63.000,21.000|67.000,7.000|99.000,4.000|14.000,13.000|65.000,4.000|69.000,6.000|73.000,13.000|22.000,4.000|31.000,15.000
[2024-02-26 02:22:56] T:8.000000 10.000000 O:86.000000 1.000000
[2024-02-26 02:22:56] Drone: New drone_pos received from drone
[2024-02-26 02:22:56] O[20] 86.000,1.000|40.000,7.000|36.000,15.000|60.000,6.000|81.000,13.000|89.000,9.000|11.000,3.000|95.000,17.000|89.000,18.000|46.000,18.000|8.000,10.000|63.000,21.000|67.000,7.000|99.000,4.000|14.000,13.000|65.000,4.000|69.000,6.000|73.000,13.000|22.000,4.000|31.000,15.000
[2024-02-26 02:22:56] T:8.000000 10.000000 O:86.000000 1.000000
[2024-02-26 02:22:56] Drone: New drone_pos received from drone
[2024-02-26 02:22:56] O[20] 86.000,1.000|40.000,7.000|36.000,15.000|60.000,6.000|81.000,13.000|89.000,9.000|11.000,3.000|95.000,17.000|89.000,18.000|46.000,18.000|8.000,10.000|63.000,21.000|67.000,7.000|99.000,4.000|14.000,13.000|65.000,4.000|69.000,6.000|73.000,13.000|22.000,4.000|31.000,15.000
[2024-02-26 02:22:56] T:8.000000 10.000000 O:86.000000 1.000000
[2024-02-26 02:22:56] Drone: New drone_pos received from drone
[2024-02-26 02:22:56] O[20] 86.000,1.000|40.000,7.000|36.000,15.000|60.000,6.000|81.000,13.000|89.000,9.000|11.000,3.000|95.000,17.000|89.000,18.000|46.000,18.000|8.000,10.000|63.000,21.000|67.000,7.000|99.000,4.000|14.000,13.000|65.000,4.000|69.000,6.000|73.000,13.000|22.000,4.000|31.000,15.000
[2024-02-26 02:22:56] T:8.000000 10.000000 O:86.000000 1.000000
[2024-02-26 02:22:56] Drone: New drone_pos received from drone
[2024-02-26 02:22:56] O[20] 86.000,1.000|40.000,7.000|36.000,15.000|60.000,6.000|81.000,13.000|89.000,9.000|11.000,3.000|95.000,17.000|89.000,18.000|46.000,18.000|8.000,10.000|63.000,21.000|67.000,7.000|99.000,4.000|14.000,13.000|65.000,4.000|69.000,6.000|73.000,13.000|22.000,4.000|31.000,15.000
[2024-02-26 02:22:56] T:8.000000 10.000000 O:86.000000 1.000000
[2024-02-26 02:22:56] Drone: New drone_pos received from drone
[2024-02-26 02:22:56] O[20] 86.000,1.000|40.000,7.000|36.000,15.000|60.000,6.000|81.000,13.000|89.000,9.000|11.000,3.000|95.000,17.000|89.000,18.000|46.000,18.000|8.000,10.000|63.000,21.000|67.000,7.000|99.000,4.000|14.000,13.000|65.000,4.000|69.000,6.000|73.000,13.000|22.000,4.000|31.000,15.000
[2024-02-26 02:22:56] T:8.000000 10.000000 O:86.000000 1.000000
[2024-02-26 02:22:56] Drone: New drone_pos received from drone
[2024-02-26 02:22:56] O[20] 86.000,1.000|40.000,7.000|36.000,15.000|60.000,6.000|81.000,13.000|89.000,9.000|11.000,3.000|95.000,17.000|89.000,18.000|46.000,18.000|8.000,10.000|63.000,21.000|67.000,7.000|99.000,4.000|14.000,13.000|65.000,4.000|69.000,6.000|73.000,13.000|22.000,4.000|31.000,15.000
[2024-02-26 02:22:56] T:8.000000 10.000000 O:86.000000 1.000000
[2024-02-26 02:22:56] Drone: New drone_pos received from drone
[2024-02-26 02:22:56] O[20] 86.000,1.000|40.000,7.000|36.000,15.000|60.000,6.000|81.000,13.000|89.000,9.000|11.000,3.000|95.000,17.000|89.000,18.000|46.000,18.000|8.000,10.000|63.000,21.000|67.000,7.000|99.000,4.000|14.000,13.000|65.000,4.000|69.000,6.000|73.000,13.000|22.000,4.000|31.000,15.000
[2024-02-26 02:22:56] T:8.000000 10.000000 O:86.000000 1.000000
[2024-02-26 02:22:56] Drone: New drone_pos received from drone
[2024-02-26 02:22:56] O[20] 86.000,1.000|40.000,7.000|36.000,15.000|60.000,6.000|81.000,13.000|89.000,9.000|11.000,3.000|95.000,17.000|89.000,18.000|46.000,18.000|8.000,10.000|63.000,21.000|67.000,7.000|99.000,4.000|14.000,13.000|65.000,4.000|69.000,6.000|73.000,13.000|22.000,4.000|31.000,15.000
[2024-02-26 02:22:56] T:8.000000 10.000000 O:86.000000 1.000000
[2024-02-26 02:22:56] Drone: New drone_pos received from drone
[2024-02-26 02:22:56] O[20] 86.000,1.000|40.000,7.000|36.000,15.000|60.000,6.000|81.000,13.000|89.000,9.000|11.000,3.000|95.000,17.000|89.000,18.000|46.000,18.000|8.000,10.000|63.000,21.000|67.000,7.000|99.000,4.000|14.000,13.000|65.000,4.000|69.000,6.000|73.000,13.000|22.000,4.000|31.000,15.000
[2024-02-26 02:22:56] T:8.000000 10.000000 O:86.000000 1.000000
[2024-02-26 02:22:56] Drone: New drone_pos received from drone
[2024-02-26 02:22:56] O[20] 86.000,1.000|40.000,7.000|36.000,15.000|60.000,6.000|81.000,13.000|89.000,9.000|11.000,3.000|95.000,17.000|89.000,18.000|46.000,18.000|8.000,10.000|63.000,21.000|67.000,7.000|99.000,4.000|14.000,13.000|65.000,4.000|69.000,6.000|73.000,13.000|22.000,4.000|31.000,15.000
[2024-02-26 02:22:56] T:8.000000 10.000000 O:86.000000 1.000000
[2024-02-26 02:22:56] Drone: New drone_pos received from drone
[2024-02-26 02:22:56] O[20] 86.000,1.000|40.000,7.000|36.000,15.000|60.000,6.000|81.000,13.000|89.000,9.000|11.000,3.000|95.000,17.000|89.000,18.000|46.000,18.000|8.000,10.000|63.000,21.000|67.000,7.000|99.000,4.000|14.000,13.000|65.000,4.000|69.000,6.000|73.000,13.000|22.000,4.000|31.000,15.000
[2024-02-26 02:22:56] T:8.000000 10.000000 O:86.000000 1.000000
[2024-02-26 02:22:56] Drone: New drone_pos received from drone
[2024-02-26 02:22:56] O[20] 86.000,1.000|40.000,7.000|36.000,15.000|60.000,6.000|81.000,13.000|89.000,9.000|11.000,3.000|95.000,17.000|89.000,18.000|46.000,18.000|8.000,10.000|63.000,21.000|67.000,7.000|99.000,4.000|14.000,13.000|65.000,4.000|69.000,6.000|73.000,13.000|22.000,4.000|31.000,15.000
[2024-02-26 02:22:56] T:8.000000 10.000000 O:86.000000 1.000000
[2024-02-26 02:22:56] Drone: New drone_pos received from drone
[2024-02-26 02:22:56] O[20] 86.000,1.000|40.000,7.000|36.000,15.000|60.000,6.000|81.000,13.000|89.000,9.000|11.000,3.000|95.000,17.000|89.000,18.000|46.000,18.000|8.000,10.000|63.000,21.000|67.000,7.000|99.000,4.000|14.000,13.000|65.000,4.000|69.000,6.000|73.000,13.000|22.000,4.000|31.000,15.000
[2024-02-26 02:22:56] T:8.000000 10.000000 O:86.000000 1.000000
[2024-02-26 02:22:56] Drone: New drone_pos received from drone
[2024-02-26 02:22:56] O[20] 86.000,1.000|40.000,7.000|36.000,15.000|60.000,6.000|81.000,13.000|89.000,9.000|11.000,3.000|95.000,17.000|89.000,18.000|46.000,18.000|8.000,10.000|63.000,21.000|67.000,7.000|99.000,4.000|14.000,13.000|65.000,4.000|69.000,6.000|73.000,13.000|22.000,4.000|31.000,15.000
[2024-02-26 02:22:56] T:8.000000 10.000000 O:86.000000 1.000000
[2024-02-26 02:22:56] Drone: New drone_pos received from drone
[2024-02-26 02:22:56] O[20] 86.000,1.000|40.000,7.000|36.000,15.000|60.000,6.000|81.000,13.000|89.000,9.000|11.000,3.000|95.000,17.000|89.000,18.000|46.000,18.000|8.000,10.000|63.000,21.000|67.000,7.000|99.000,4.000|14.000,13.000|65.000,4.000|69.000,6.000|73.000,13.000|22.000,4.000|31.000,15.000
[2024-02-26 02:22:56] T:8.000000 10.000000 O:86.000000 1.000000
[2024-02-26 02:22:56] Drone: New drone_pos received from drone
[2024-02-26 02:22:56] O[20] 86.000,1.000|40.000,7.000|36.000,15.000|60.000,6.000|81.000,13.000|89.000,9.000|11.000,3.000|95.000,17.000|89.000,18.000|46.000,18.000|8.000,10.000|63.000,21.000|67.000,7.000|99.000,4.000|14.000,13.000|65.000,4.000|69.000,6.000|73.000,13.000|22.000,4.000|31.000,15.000
[2024-02-26 02:22:56] T:8.000000 10.000000 O:86.000000 1.000000
[2024-02-26 02:22:56] Drone: New drone_pos received from drone
[2024-02-26 02:22:56] O[20] 86.000,1.000|40.000,7.000|36.000,15.000|60.000,6.000|81.000,13.000|89.000,9.000|11.000,3.000|95.000,17.000|89.000,18.000|46.000,18.000|8.000,10.000|63.000,21.000|67.000,7.000|99.000,4.000|14.000,13.000|65.000,4.000|69.000,6.000|73.000,13.000|22.000,4.000|31.000,15.000
[2024-02-26 02:22:56] T:8.000000 10.000000 O:86.000000 1.000000
[2024-02-26 02:22:56] Drone: New drone_pos received from drone
[2024-02-26 02:22:57] O[20] 86.000,1.000|40.000,7.000|36.000,15.000|60.000,6.000|81.000,13.000|89.000,9.000|11.000,3.000|95.000,17.000|89.000,18.000|46.000,18.000|8.000,10.000|63.000,21.000|67.000,7.000|99.000,4.000|14.000,13.000|65.000,4.000|69.000,6.000|73.000,13.000|22.000,4.000|31.000,15.000
[2024-02-26 02:22:57] T:8.000000 10.000000 O:86.000000 1.000000
[2024-02-26 02:22:57] Drone: New drone_pos received from drone
[2024-02-26 02:22:57] O[20] 86.000,1.000|40.000,7.000|36.000,15.000|60.000,6.000|81.000,13.000|89.000,9.000|11.000,3.000|95.000,17.000|89.000,18.000|46.000,18.000|8.000,10.000|63.000,21.000|67.000,7.000|99.000,4.000|14.000,13.000|65.000,4.000|69.000,6.000|73.000,13.000|22.000,4.000|31.000,15.000
[2024-02-26 02:22:57] T:8.000000 10.000000 O:86.000000 1.000000
[2024-02-26 02:22:57] Drone: New drone_pos received from drone
[2024-02-26 02:22:57] O[20] 86.000,1.000|40.000,7.000|36.000,15.000|60.000,6.000|81.000,13.000|89.000,9.000|11.000,3.000|95.000,17.000|89.000,18.000|46.000,18.000|8.000,10.000|63.000,21.000|67.000,7.000|99.000,4.000|14.000,13.000|65.000,4.000|69.000,6.000|73.000,13.000|22.000,4.000|31.000,15.000
[2024-02-26 02:22:57] T:8.000000 10.000000 O:86.000000 1.000000
[2024-02-26 02:22:57] Drone: New drone_pos received from drone
[2024-02-26 02:22:57] O[20] 86.000,1.000|40.000,7.000|36.000,15.000|60.000,6.000|81.000,13.000|89.000,9.000|11.000,3.000|95.000,17.000|89.000,18.000|46.000,18.000|8.000,10.000|63.000,21.000|67.000,7.000|99.000,4.000|14.000,13.000|65.000,4.000|69.000,6.000|73.000,13.000|22.000,4.000|31.000,15.000
[2024-02-26 02:22:57] T:8.000000 10.000000 O:86.000000 1.000000
[2024-02-26 02:22:57] Drone: New drone_pos received from drone
[2024-02-26 02:22:57] O[20] 86.000,1.000|40.000,7.000|36.000,15.000|60.000,6.000|81.000,13.000|89.000,9.000|11.000,3.000|95.000,17.000|89.000,18.000|46.000,18.000|8.000,10.000|63.000,21.000|67.000,7.000|99.000,4.000|14.000,13.000|65.000,4.000|69.000,6.000|73.000,13.000|22.000,4.000|31.000,15.000
[2024-02-26 02:22:57] T:8.000000 10.000000 O:86.000000 1.000000
[2024-02-26 02:22:57] Drone: New drone_pos received from drone
[2024-02-26 02:22:57] O[20] 86.000,1.000|40.000,7.000|36.000,15.000|60.000,6.000|81.000,13.000|89.000,9.000|11.000,3.000|95.000,17.000|89.000,18.000|46.000,18.000|8.000,10.000|63.000,21.000|67.000,7.000|99.000,4.000|14.000,13.000|65.000,4.000|69.000,6.000|73.000,13.000|22.000,4.000|31.000,15.000
[2024-02-26 02:22:57] T:8.000000 10.000000 O:86.000000 1.000000
[2024-02-26 02:22:57] Drone: New drone_pos received from drone
[2024-02-26 02:22:57] O[20] 86.000,1.000|40.000,7.000|36.000,15.000|60.000,6.000|81.000,13.000|89.000,9.000|11.000,3.000|95.000,17.000|89.000,18.000|46.000,18.000|8.000,10.000|63.000,21.000|67.000,7.000|99.000,4.000|14.000,13.000|65.000,4.000|69.000,6.000|73.000,13.000|22.000,4.000|31.000,15.000
[2024-02-26 02:22:57] T:8.000000 10.000000 O:86.000000 1.000000
[2024-02-26 02:22:57] Drone: New drone_pos received from drone
[2024-02-26 02:22:57] O[20] 86.000,1.000|40.000,7.000|36.000,15.000|60.000,6.000|81.000,13.000|89.000,9.000|11.000,3.000|95.000,17.000|89.000,18.000|46.000,18.000|8.000,10.000|63.000,21.000|67.000,7.000|99.000,4.000|14.000,13.000|65.000,4.000|69.000,6.000|73.000,13.000|22.000,4.000|31.000,15.000
[2024-02-26 02:22:57] T:8.000000 10.000000 O:86.000000 1.000000
[2024-02-26 02:22:57] Drone: New drone_pos received from drone
[2024-02-26 02:22:57] O[20] 86.000,1.000|40.000,7.000|36.000,15.000|60.000,6.000|81.000,13.000|89.000,9.000|11.000,3.000|95.000,17.000|89.000,18.000|46.000,18.000|8.000,10.000|63.000,21.000|67.000,7.000|99.000,4.000|14.000,13.000|65.000,4.000|69.000,6.000|73.000,13.000|22.000,4.000|31.000,15.000
[2024-02-26 02:22:57] T:8.000000 10.000000 O:86.000000 1.000000
[2024-02-26 02:22:57] Drone: New drone_pos received from drone
[2024-02-26 02:22:57] O[20] 86.000,1.000|40.000,7.000|36.000,15.000|60.000,6.000|81.000,13.000|89.000,9.000|11.000,3.000|95.000,17.000|89.000,18.000|46.000,18.000|8.000,10.000|63.000,21.000|67.000,7.000|99.000,4.000|14.000,13.000|65.000,4.000|69.000,6.000|73.000,13.000|22.000,4.000|31.000,15.000
[2024-02-26 02:22:57] T:8.000000 10.000000 O:86.000000 1.000000
[2024-02-26 02:22:57] Drone: New drone_pos received from drone
[2024-02-26 02:22:57] O[20] 86.000,1.000|40.000,7.000|36.000,15.000|60.000,6.000|81.000,13.000|89.000,9.000|11.000,3.000|95.000,17.000|89.000,18.000|46.000,18.000|8.000,10.000|63.000,21.000|67.000,7.000|99.000,4.000|14.000,13.000|65.000,4.000|69.000,6.000|73.000,13.000|22.000,4.000|31.000,15.000
[2024-02-26 02:22:57] T:8.000000 10.000000 O:86.000000 1.000000
[2024-02-26 02:22:57] Drone: New drone_pos received from drone
[2024-02-26 02:22:57] O[20] 86.000,1.000|40.000,7.000|36.000,15.000|60.000,6.000|81.000,13.000|89.000,9.000|11.000,3.000|95.000,17.000|89.000,18.000|46.000,18.000|8.000,10.000|63.000,21.000|67.000,7.000|99.000,4.000|14.000,13.000|65.000,4.000|69.000,6.000|73.000,13.000|22.000,4.000|31.000,15.000
[2024-02-26 02:22:57] T:8.000000 10.000000 O:86.000000 1.000000
[2024-02-26 02:22:57] Drone: New drone_pos received from drone
[2024-02-26 02:22:57] O[20] 86.000,1.000|40.000,7.000|36.000,15.000|60.000,6.000|81.000,13.000|89.000,9.000|11.000,3.000|95.000,17.000|89.000,18.000|46.000,18.000|8.000,10.000|63.000,21.000|67.000,7.000|99.000,4.000|14.000,13.000|65.000,4.000|69.000,6.000|73.000,13.000|22.000,4.000|31.000,15.000
[2024-02-26 02:22:57] T:8.000000 10.000000 O:86.000000 1.000000
[2024-02-26 02:22:57] Drone: New drone_pos received from drone
[2024-02-26 02:22:57] O[20] 86.000,1.000|40.000,7.000|36.000,15.000|60.000,6.000|81.000,13.000|89.000,9.000|11.000,3.000|95.000,17.000|89.000,18.000|46.000,18.000|8.000,10.000|63.000,21.000|67.000,7.000|99.000,4.000|14.000,13.000|65.000,4.000|69.000,6.000|73.000,13.000|22.000,4.000|31.000,15.000
[2024-02-26 02:22:57] T:8.000000 10.000000 O:86.000000 1.000000
[2024-02-26 02:22:57] Drone: New drone_pos received from drone
[2024-02-26 02:22:57] O[20] 86.000,1.000|40.000,7.000|36.000,15.000|60.000,6.000|81.000,13.000|89.000,9.000|11.000,3.000|95.000,17.000|89.000,18.000|46.000,18.000|8.000,10.000|63.000,21.000|67.000,7.000|99.000,4.000|14.000,13.000|65.000,4.000|69.000,6.000|73.000,13.000|22.000,4.000|31.000,15.000
[2024-02-26 02:22:57] T:8.000000 10.000000 O:86.000000 1.000000
[2024-02-26 02:22:57] Drone: New drone_pos received from drone
[2024-02-26 02:22:57] O[20] 86.000,1.000|40.000,7.000|36.000,15.000|60.000,6.000|81.000,13.000|89.000,9.000|11.000,3.000|95.000,17.000|89.000,18.000|46.000,18.000|8.000,10.000|63.000,21.000|67.000,7.000|99.000,4.000|14.000,13.000|65.000,4.000|69.000,6.000|73.000,13.000|22.000,4.000|31.000,15.000
[2024-02-26 02:22:57] T:8.000000 10.000000 O:86.000000 1.000000
[2024-02-26 02:22:57] Drone: New drone_pos received from drone
[2024-02-26 02:22:57] O[20] 86.000,1.000|40.000,7.000|36.000,15.000|60.000,6.000|81.000,13.000|89.000,9.000|11.000,3.000|95.000,17.000|89.000,18.000|46.000,18.000|8.000,10.000|63.000,21.000|67.000,7.000|99.000,4.000|14.000,13.000|65.000,4.000|69.000,6.000|73.000,13.000|22.000,4.000|31.000,15.000
[2024-02-26 02:22:57] T:8.000000 10.000000 O:86.000000 1.000000
[2024-02-26 02:22:57] Drone: New drone_pos received from drone
[2024-02-26 02:22:57] O[20] 86.000,1.000|40.000,7.000|36.000,15.000|60.000,6.000|81.000,13.000|89.000,9.000|11.000,3.000|95.000,17.000|89.000,18.000|46.000,18.000|8.000,10.000|63.000,21.000|67.000,7.000|99.000,4.000|14.000,13.000|65.000,4.000|69.000,6.000|73.000,13.000|22.000,4.000|31.000,15.000
[2024-02-26 02:22:57] T:8.000000 10.000000 O:86.000000 1.000000
[2024-02-26 02:22:57] Drone: New drone_pos received from drone
[2024-02-26 02:22:57] O[20] 86.000,1.000|40.000,7.000|36.000,15.000|60.000,6.000|81.000,13.000|89.000,9.000|11.000,3.000|95.000,17.000|89.000,18.000|46.000,18.000|8.000,10.000|63.000,21.000|67.000,7.000|99.000,4.000|14.000,13.000|65.000,4.000|69.000,6.000|73.000,13.000|22.000,4.000|31.000,15.000
[2024-02-26 02:22:57] T:8.000000 10.000000 O:86.000000 1.000000
[2024-02-26 02:22:57] Drone: New drone_pos received from drone
[2024-02-26 02:22:57] O[20] 86.000,1.000|40.000,7.000|36.000,15.000|60.000,6.000|81.000,13.000|89.000,9.000|11.000,3.000|95.000,17.000|89.000,18.000|46.000,18.000|8.000,10.000|63.000,21.000|67.000,7.000|99.000,4.000|14.000,13.000|65.000,4.000|69.000,6.000|73.000,13.000|22.000,4.000|31.000,15.000
[2024-02-26 02:22:57] T:8.000000 10.000000 O:86.000000 1.000000
[2024-02-26 02:22:57] Drone: New drone_pos received from drone
[2024-02-26 02:22:58] O[20] 86.000,1.000|40.000,7.000|36.000,15.000|60.000,6.000|81.000,13.000|89.000,9.000|11.000,3.000|95.000,17.000|89.000,18.000|46.000,18.000|8.000,10.000|63.000,21.000|67.000,7.000|99.000,4.000|14.000,13.000|65.000,4.000|69.000,6.000|73.000,13.000|22.000,4.000|31.000,15.000
[2024-02-26 02:22:58] T:8.000000 10.000000 O:86.000000 1.000000
[2024-02-26 02:22:58] Drone: New drone_pos received from drone
[2024-02-26 02:22:58] O[20] 86.000,1.000|40.000,7.000|36.000,15.000|60.000,6.000|81.000,13.000|89.000,9.000|11.000,3.000|95.000,17.000|89.000,18.000|46.000,18.000|8.000,10.000|63.000,21.000|67.000,7.000|99.000,4.000|14.000,13.000|65.000,4.000|69.000,6.000|73.000,13.000|22.000,4.000|31.000,15.000
[2024-02-26 02:22:58] T:8.000000 10.000000 O:86.000000 1.000000
[2024-02-26 02:22:58] Drone: New drone_pos received from drone
[2024-02-26 02:22:58] O[20] 86.000,1.000|40.000,7.000|36.000,15.000|60.000,6.000|81.000,13.000|89.000,9.000|11.000,3.000|95.000,17.000|89.000,18.000|46.000,18.000|8.000,10.000|63.000,21.000|67.000,7.000|99.000,4.000|14.000,13.000|65.000,4.000|69.000,6.000|73.000,13.000|22.000,4.000|31.000,15.000
[2024-02-26 02:22:58] T:8.000000 10.000000 O:86.000000 1.000000
[2024-02-26 02:22:58] Drone: New drone_pos received from drone
[2024-02-26 02:22:58] Window: User input received
[2024-02-26 02:22:58] Keyboard: Command force received from keyboard
[2024-02-26 02:22:58] Drone: New drone_pos received from drone
[2024-02-26 02:22:58] O[20] 86.000,1.000|40.000,7.000|36.000,15.000|60.000,6.000|81.000,13.000|89.000,9.000|11.000,3.000|95.000,17.000|89.000,18.000|46.000,18.000|8.000,10.000|63.000,21.000|67.000,7.000|99.000,4.000|14.000,13.000|65.000,4.000|69.000,6.000|73.000,13.000|22.000,4.000|31.000,15.000
[2024-02-26 02:22:58] T:8.000000 10.000000 O:86.000000 1.000000
[2024-02-26 02:22:58] Drone: New drone_pos received from drone
[2024-02-26 02:22:58] O[20] 86.000,1.000|40.000,7.000|36.000,15.000|60.000,6.000|81.000,13.000|89.000,9.000|11.000,3.000|95.000,17.000|89.000,18.000|46.000,18.000|8.000,10.000|63.000,21.000|67.000,7.000|99.000,4.000|14.000,13.000|65.000,4.000|69.000,6.000|73.000,13.000|22.000,4.000|31.000,15.000
[2024-02-26 02:22:58] T:8.000000 10.000000 O:86.000000 1.000000
[2024-02-26 02:22:58] Drone: New drone_pos received from drone
[2024-02-26 02:22:58] O[20] 86.000,1.000|40.000,7.000|36.000,15.000|60.000,6.000|81.000,13.000|89.000,9.000|11.000,3.000|95.000,17.000|89.000,18.000|46.000,18.000|8.000,10.000|63.000,21.000|67.000,7.000|99.000,4.000|14.000,13.000|65.000,4.000|69.000,6.000|73.000,13.000|22.000,4.000|31.000,15.000
[2024-02-26 02:22:58] T:8.000000 10.000000 O:86.000000 1.000000
[2024-02-26 02:22:58] Drone: New drone_pos received from drone
[2024-02-26 02:22:58] O[20] 86.000,1.000|40.000,7.000|36.000,15.000|60.000,6.000|81.000,13.000|89.000,9.000|11.000,3.000|95.000,17.000|89.000,18.000|46.000,18.000|8.000,10.000|63.000,21.000|67.000,7.000|99.000,4.000|14.000,13.000|65.000,4.000|69.000,6.000|73.000,13.000|22.000,4.000|31.000,15.000
[2024-02-26 02:22:58] T:8.000000 10.000000 O:86.000000 1.000000
[2024-02-26 02:22:58] Drone: New drone_pos received from drone
[2024-02-26 02:22:58] O[20] 86.000,1.000|40.000,7.000|36.000,15.000|60.000,6.000|81.000,13.000|89.000,9.000|11.000,3.000|95.000,17.000|89.000,18.000|46.000,18.000|8.000,10.000|63.000,21.000|67.000,7.000|99.000,4.000|14.000,13.000|65.000,4.000|69.000,6.000|73.000,13.000|22.000,4.000|31.000,15.000
[2024-02-26 02:22:58] T:8.000000 10.000000 O:86.000000 1.000000
[2024-02-26 02:22:58] Drone: New drone_pos received from drone
[2024-02-26 02:22:58] O[20] 86.000,1.000|40.000,7.000|36.000,15.000|60.000,6.000|81.000,13.000|89.000,9.000|11.000,3.000|95.000,17.000|89.000,18.000|46.000,18.000|8.000,10.000|63.000,21.000|67.000,7.000|99.000,4.000|14.000,13.000|65.000,4.000|69.000,6.000|73.000,13.000|22.000,4.000|31.000,15.000
[2024-02-26 02:22:58] T:8.000000 10.000000 O:86.000000 1.000000
[2024-02-26 02:22:58] Drone: New drone_pos received from drone
[2024-02-26 02:22:58] O[20] 86.000,1.000|40.000,7.000|36.000,15.000|60.000,6.000|81.000,13.000|89.000,9.000|11.000,3.000|95.000,17.000|89.000,18.000|46.000,18.000|8.000,10.000|63.000,21.000|67.000,7.000|99.000,4.000|14.000,13.000|65.000,4.000|69.000,6.000|73.000,13.000|22.000,4.000|31.000,15.000
[2024-02-26 02:22:58] T:8.000000 10.000000 O:86.000000 1.000000
[2024-02-26 02:22:58] Drone: New drone_pos received from drone
[2024-02-26 02:22:58] O[20] 86.000,1.000|40.000,7.000|36.000,15.000|60.000,6.000|81.000,13.000|89.000,9.000|11.000,3.000|95.000,17.000|89.000,18.000|46.000,18.000|8.000,10.000|63.000,21.000|67.000,7.000|99.000,4.000|14.000,13.000|65.000,4.000|69.000,6.000|73.000,13.000|22.000,4.000|31.000,15.000
[2024-02-26 02:22:58] T:8.000000 10.000000 O:86.000000 1.000000
[2024-02-26 02:22:58] Drone: New drone_pos received from drone
[2024-02-26 02:22:58] O[20] 86.000,1.000|40.000,7.000|36.000,15.000|60.000,6.000|81.000,13.000|89.000,9.000|11.000,3.000|95.000,17.000|89.000,18.000|46.000,18.000|8.000,10.000|63.000,21.000|67.000,7.000|99.000,4.000|14.000,13.000|65.000,4.000|69.000,6.000|73.000,13.000|22.000,4.000|31.000,15.000
[2024-02-26 02:22:58] T:8.000000 10.000000 O:86.000000 1.000000
[2024-02-26 02:22:58] Drone: New drone_pos received from drone
[2024-02-26 02:22:58] O[20] 86.000,1.000|40.000,7.000|36.000,15.000|60.000,6.000|81.000,13.000|89.000,9.000|11.000,3.000|95.000,17.000|89.000,18.000|46.000,18.000|8.000,10.000|63.000,21.000|67.000,7.000|99.000,4.000|14.000,13.000|65.000,4.000|69.000,6.000|73.000,13.000|22.000,4.000|31.000,15.000
[2024-02-26 02:22:58] T:8.000000 10.000000 O:86.000000 1.000000
[2024-02-26 02:22:58] Drone: New drone_pos received from drone
[2024-02-26 02:22:58] O[20] 86.000,1.000|40.000,7.000|36.000,15.000|60.000,6.000|81.000,13.000|89.000,9.000|11.000,3.000|95.000,17.000|89.000,18.000|46.000,18.000|8.000,10.000|63.000,21.000|67.000,7.000|99.000,4.000|14.000,13.000|65.000,4.000|69.000,6.000|73.000,13.000|22.000,4.000|31.000,15.000
[2024-02-26 02:22:58] T:8.000000 10.000000 O:86.000000 1.000000
[2024-02-26 02:22:58] Drone: New drone_pos received from drone
[2024-02-26 02:22:58] O[20] 86.000,1.000|40.000,7.000|36.000,15.000|60.000,6.000|81.000,13.000|89.000,9.000|11.000,3.000|95.000,17.000|89.000,18.000|46.000,18.000|8.000,10.000|63.000,21.000|67.000,7.000|99.000,4.000|14.000,13.000|65.000,4.000|69.000,6.000|73.000,13.000|22.000,4.000|31.000,15.000
[2024-02-26 02:22:58] T:8.000000 10.000000 O:86.000000 1.000000
[2024-02-26 02:22:58] Drone: New drone_pos received from drone
[2024-02-26 02:22:58] O[20] 86.000,1.000|40.000,7.000|36.000,15.000|60.000,6.000|81.000,13.000|89.000,9.000|11.000,3.000|95.000,17.000|89.000,18.000|46.000,18.000|8.000,10.000|63.000,21.000|67.000,7.000|99.000,4.000|14.000,13.000|65.000,4.000|69.000,6.000|73.000,13.000|22.000,4.000|31.000,15.000
[2024-02-26 02:22:58] T:8.000000 10.000000 O:86.000000 1.000000
[2024-02-26 02:22:58] Drone: New drone_pos received from drone
[2024-02-26 02:22:58] O[20] 86.000,1.000|40.000,7.000|36.000,15.000|60.000,6.000|81.000,13.000|89.000,9.000|11.000,3.000|95.000,17.000|89.000,18.000|46.000,18.000|8.000,10.000|63.000,21.000|67.000,7.000|99.000,4.000|14.000,13.000|65.000,4.000|69.000,6.000|73.000,13.000|22.000,4.000|31.000,15.000
[2024-02-26 02:22:58] T:8.000000 10.000000 O:86.000000 1.000000
[2024-02-26 02:22:58] Drone: New drone_pos received from drone
[2024-02-26 02:22:58] O[20] 86.000,1.000|40.000,7.000|36.000,15.000|60.000,6.000|81.000,13.000|89.000,9.000|11.000,3.000|95.000,17.000|89.000,18.000|46.000,18.000|8.000,10.000|63.000,21.000|67.000,7.000|99.000,4.000|14.000,13.000|65.000,4.000|69.000,6.000|73.000,13.000|22.000,4.000|31.000,15.000
[2024-02-26 02:22:58] T:8.000000 10.000000 O:86.000000 1.000000
[2024-02-26 02:22:58] Drone: New drone_pos received from drone
[2024-02-26 02:22:58] O[20] 86.000,1.000|40.000,7.000|36.000,15.000|60.000,6.000|81.000,13.000|89.000,9.000|11.000,3.000|95.000,17.000|89.000,18.000|46.000,18.000|8.000,10.000|63.000,21.000|67.000,7.000|99.000,4.000|14.000,13.000|65.000,4.000|69.000,6.000|73.000,13.000|22.000,4.000|31.000,15.000
[2024-02-26 02:22:58] T:8.000000 10.000000 O:86.000000 1.000000
[2024-02-26 02:22:58] Drone: New drone_pos received from drone
[2024-02-26 02:22:58] Window: User input received
[2024-02-26 02:22:58] Keyboard: Command force received from keyboard
[2024-02-26 02:22:58] Drone: New drone_pos received from drone
[2024-02-26 02:22:58] O[20] 86.000,1.000|40.000,7.000|36.000,15.000|60.000,6.000|81.000,13.000|89.000,9.000|11.000,3.000|95.000,17.000|89.000,18.000|46.000,18.000|8.000,10.000|63.000,21.000|67.000,7.000|99.000,4.000|14.000,13.000|65.000,4.000|69.000,6.000|73.000,13.000|22.000,4.000|31.000,15.000
[2024-02-26 02:22:58] T:8.000000 10.000000 O:86.000000 1.000000
[2024-02-26 02:22:58] Drone: New drone_pos received from drone
[2024-02-26 02:22:59] O[20] 86.000,1.000|40.000,7.000|36.000,15.000|60.000,6.000|81.000,13.000|89.000,9.000|11.000,3.000|95.000,17.000|89.000,18.000|46.000,18.000|8.000,10.000|63.000,21.000|67.000,7.000|99.000,4.000|14.000,13.000|65.000,4.000|69.000,6.000|73.000,13.000|22.000,4.000|31.000,15.000
[2024-02-26 02:22:59] T:8.000000 10.000000 O:86.000000 1.000000
[2024-02-26 02:22:59] Drone: New drone_pos received from drone
[2024-02-26 02:22:59] O[20] 86.000,1.000|40.000,7.000|36.000,15.000|60.000,6.000|81.000,13.000|89.000,9.000|11.000,3.000|95.000,17.000|89.000,18.000|46.000,18.000|8.000,10.000|63.000,21.000|67.000,7.000|99.000,4.000|14.000,13.000|65.000,4.000|69.000,6.000|73.000,13.000|22.000,4.000|31.000,15.000
[2024-02-26 02:22:59] T:8.000000 10.000000 O:86.000000 1.000000
[2024-02-26 02:22:59] Drone: New drone_pos received from drone
[2024-02-26 02:22:59] O[20] 86.000,1.000|40.000,7.000|36.000,15.000|60.000,6.000|81.000,13.000|89.000,9.000|11.000,3.000|95.000,17.000|89.000,18.000|46.000,18.000|8.000,10.000|63.000,21.000|67.000,7.000|99.000,4.000|14.000,13.000|65.000,4.000|69.000,6.000|73.000,13.000|22.000,4.000|31.000,15.000
[2024-02-26 02:22:59] T:8.000000 10.000000 O:86.000000 1.000000
[2024-02-26 02:22:59] Drone: New drone_pos received from drone
[2024-02-26 02:22:59] O[20] 86.000,1.000|40.000,7.000|36.000,15.000|60.000,6.000|81.000,13.000|89.000,9.000|11.000,3.000|95.000,17.000|89.000,18.000|46.000,18.000|8.000,10.000|63.000,21.000|67.000,7.000|99.000,4.000|14.000,13.000|65.000,4.000|69.000,6.000|73.000,13.000|22.000,4.000|31.000,15.000
[2024-02-26 02:22:59] T:8.000000 10.000000 O:86.000000 1.000000
[2024-02-26 02:22:59] Drone: New drone_pos received from drone
[2024-02-26 02:22:59] O[20] 86.000,1.000|40.000,7.000|36.000,15.000|60.000,6.000|81.000,13.000|89.000,9.000|11.000,3.000|95.000,17.000|89.000,18.000|46.000,18.000|8.000,10.000|63.000,21.000|67.000,7.000|99.000,4.000|14.000,13.000|65.000,4.000|69.000,6.000|73.000,13.000|22.000,4.000|31.000,15.000
[2024-02-26 02:22:59] T:8.000000 10.000000 O:86.000000 1.000000
[2024-02-26 02:22:59] Drone: New drone_pos received from drone
[2024-02-26 02:22:59] O[20] 86.000,1.000|40.000,7.000|36.000,15.000|60.000,6.000|81.000,13.000|89.000,9.000|11.000,3.000|95.000,17.000|89.000,18.000|46.000,18.000|8.000,10.000|63.000,21.000|67.000,7.000|99.000,4.000|14.000,13.000|65.000,4.000|69.000,6.000|73.000,13.000|22.000,4.000|31.000,15.000
[2024-02-26 02:22:59] T:8.000000 10.000000 O:86.000000 1.000000
[2024-02-26 02:22:59] Drone: New drone_pos received from drone
[2024-02-26 02:22:59] O[20] 86.000,1.000|40.000,7.000|36.000,15.000|60.000,6.000|81.000,13.000|89.000,9.000|11.000,3.000|95.000,17.000|89.000,18.000|46.000,18.000|8.000,10.000|63.000,21.000|67.000,7.000|99.000,4.000|14.000,13.000|65.000,4.000|69.000,6.000|73.000,13.000|22.000,4.000|31.000,15.000
[2024-02-26 02:22:59] T:8.000000 10.000000 O:86.000000 1.000000
[2024-02-26 02:22:59] Drone: New drone_pos received from drone
[2024-02-26 02:22:59] O[20] 86.000,1.000|40.000,7.000|36.000,15.000|60.000,6.000|81.000,13.000|89.000,9.000|11.000,3.000|95.000,17.000|89.000,18.000|46.000,18.000|8.000,10.000|63.000,21.000|67.000,7.000|99.000,4.000|14.000,13.000|65.000,4.000|69.000,6.000|73.000,13.000|22.000,4.000|31.000,15.000
[2024-02-26 02:22:59] T:8.000000 10.000000 O:86.000000 1.000000
[2024-02-26 02:22:59] Drone: New drone_pos received from drone
[2024-02-26 02:22:59] O[20] 86.000,1.000|40.000,7.000|36.000,15.000|60.000,6.000|81.000,13.000|89.000,9.000|11.000,3.000|95.000,17.000|89.000,18.000|46.000,18.000|8.000,10.000|63.000,21.000|67.000,7.000|99.000,4.000|14.000,13.000|65.000,4.000|69.000,6.000|73.000,13.000|22.000,4.000|31.000,15.000
[2024-02-26 02:22:59] T:8.000000 10.000000 O:86.000000 1.000000
[2024-02-26 02:22:59] Drone: New drone_pos received from drone
[2024-02-26 02:22:59] O[20] 86.000,1.000|40.000,7.000|36.000,15.000|60.000,6.000|81.000,13.000|89.000,9.000|11.000,3.000|95.000,17.000|89.000,18.000|46.000,18.000|8.000,10.000|63.000,21.000|67.000,7.000|99.000,4.000|14.000,13.000|65.000,4.000|69.000,6.000|73.000,13.000|22.000,4.000|31.000,15.000
[2024-02-26 02:22:59] T:8.000000 10.000000 O:86.000000 1.000000
[2024-02-26 02:22:59] Drone: New drone_pos received from drone
[2024-02-26 02:22:59] O[20] 86.000,1.000|40.000,7.000|36.000,15.000|60.000,6.000|81.000,13.000|89.000,9.000|11.000,3.000|95.000,17.000|89.000,18.000|46.000,18.000|8.000,10.000|63.000,21.000|67.000,7.000|99.000,4.000|14.000,13.000|65.000,4.000|69.000,6.000|73.000,13.000|22.000,4.000|31.000,15.000
[2024-02-26 02:22:59] T:8.000000 10.000000 O:86.000000 1.000000
[2024-02-26 02:22:59] Drone: New drone_pos received from drone
[2024-02-26 02:22:59] O[20] 86.000,1.000|40.000,7.000|36.000,15.000|60.000,6.000|81.000,13.000|89.000,9.000|11.000,3.000|95.000,17.000|89.000,18.000|46.000,18.000|8.000,10.000|63.000,21.000|67.000,7.000|99.000,4.000|14.000,13.000|65.000,4.000|69.000,6.000|73.000,13.000|22.000,4.000|31.000,15.000
[2024-02-26 02:22:59] T:8.000000 10.000000 O:86.000000 1.000000
[2024-02-26 02:22:59] Drone: New drone_pos received from drone
[2024-02-26 02:22:59] O[20] 86.000,1.000|40.000,7.000|36.000,15.000|60.000,6.000|81.000,13.000|89.000,9.000|11.000,3.000|95.000,17.000|89.000,18.000|46.000,18.000|8.000,10.000|63.000,21.000|67.000,7.000|99.000,4.000|14.000,13.000|65.000,4.000|69.000,6.000|73.000,13.000|22.000,4.000|31.000,15.000
[2024-02-26 02:22:59] T:8.000000 10.000000 O:86.000000 1.000000
[2024-02-26 02:22:59] Drone: New drone_pos received from drone
[2024-02-26 02:22:59] O[20] 86.000,1.000|40.000,7.000|36.000,15.000|60.000,6.000|81.000,13.000|89.000,9.000|11.000,3.000|95.000,17.000|89.000,18.000|46.000,18.000|8.000,10.000|63.000,21.000|67.000,7.000|99.000,4.000|14.000,13.000|65.000,4.000|69.000,6.000|73.000,13.000|22.000,4.000|31.000,15.000
[2024-02-26 02:22:59] T:8.000000 10.000000 O:86.000000 1.000000
[2024-02-26 02:22:59] Drone: New drone_pos received from drone
[2024-02-26 02:22:59] Window: User input received
[2024-02-26 02:22:59] O[20] 86.000,1.000|40.000,7.000|36.000,15.000|60.000,6.000|81.000,13.000|89.000,9.000|11.000,3.000|95.000,17.000|89.000,18.000|46.000,18.000|8.000,10.000|63.000,21.000|67.000,7.000|99.000,4.000|14.000,13.000|65.000,4.000|69.000,6.000|73.000,13.000|22.000,4.000|31.000,15.000
[2024-02-26 02:22:59] T:8.000000 10.000000 O:86.000000 1.000000
[2024-02-26 02:22:59] Drone: New drone_pos received from drone
[2024-02-26 02:22:59] O[20] 86.000,1.000|40.000,7.000|36.000,15.000|60.000,6.000|81.000,13.000|89.000,9.000|11.000,3.000|95.000,17.000|89.000,18.000|46.000,18.000|8.000,10.000|63.000,21.000|67.000,7.000|99.000,4.000|14.000,13.000|65.000,4.000|69.000,6.000|73.000,13.000|22.000,4.000|31.000,15.000
[2024-02-26 02:22:59] T:8.000000 10.000000 O:86.000000 1.000000
[2024-02-26 02:22:59] Drone: New drone_pos received from drone
[2024-02-26 02:22:59] O[20] 86.000,1.000|40.000,7.000|36.000,15.000|60.000,6.000|81.000,13.000|89.000,9.000|11.000,3.000|95.000,17.000|89.000,18.000|46.000,18.000|8.000,10.000|63.000,21.000|67.000,7.000|99.000,4.000|14.000,13.000|65.000,4.000|69.000,6.000|73.000,13.000|22.000,4.000|31.000,15.000
[2024-02-26 02:22:59] T:8.000000 10.000000 O:86.000000 1.000000
[2024-02-26 02:22:59] Drone: New drone_pos received from drone
[2024-02-26 02:22:59] O[20] 86.000,1.000|40.000,7.000|36.000,15.000|60.000,6.000|81.000,13.000|89.000,9.000|11.000,3.000|95.000,17.000|89.000,18.000|46.000,18.000|8.000,10.000|63.000,21.000|67.000,7.000|99.000,4.000|14.000,13.000|65.000,4.000|69.000,6.000|73.000,13.000|22.000,4.000|31.000,15.000
[2024-02-26 02:22:59] T:8.000000 10.000000 O:86.000000 1.000000
[2024-02-26 02:22:59] Drone: New drone_pos received from drone
[2024-02-26 02:22:59] O[20] 86.000,1.000|40.000,7.000|36.000,15.000|60.000,6.000|81.000,13.000|89.000,9.000|11.000,3.000|95.000,17.000|89.000,18.000|46.000,18.000|8.000,10.000|63.000,21.000|67.000,7.000|99.000,4.000|14.000,13.000|65.000,4.000|69.000,6.000|73.000,13.000|22.000,4.000|31.000,15.000
[2024-02-26 02:22:59] T:8.000000 10.000000 O:86.000000 1.000000
[2024-02-26 02:22:59] Drone: New drone_pos received from drone
[2024-02-26 02:22:59] O[20] 86.000,1.000|40.000,7.000|36.000,15.000|60.000,6.000|81.000,13.000|89.000,9.000|11.000,3.000|95.000,17.000|89.000,18.000|46.000,18.000|8.000,10.000|63.000,21.000|67.000,7.000|99.000,4.000|14.000,13.000|65.000,4.000|69.000,6.000|73.000,13.000|22.000,4.000|31.000,15.000
[2024-02-26 02:22:59] T:8.000000 10.000000 O:86.000000 1.000000
[2024-02-26 02:22:59] Drone: New drone_pos received from drone
[2024-02-26 02:23:00] O[20] 86.000,1.000|40.000,7.000|36.000,15.000|60.000,6.000|81.000,13.000|89.000,9.000|11.000,3.000|95.000,17.000|89.000,18.000|46.000,18.000|8.000,10.000|63.000,21.000|67.000,7.000|99.000,4.000|14.000,13.000|65.000,4.000|69.000,6.000|73.000,13.000|22.000,4.000|31.000,15.000
[2024-02-26 02:23:00] T:8.000000 10.000000 O:86.000000 1.000000
[2024-02-26 02:23:00] Drone: New drone_pos received from drone
[2024-02-26 02:23:00] O[20] 86.000,1.000|40.000,7.000|36.000,15.000|60.000,6.000|81.000,13.000|89.000,9.000|11.000,3.000|95.000,17.000|89.000,18.000|46.000,18.000|8.000,10.000|63.000,21.000|67.000,7.000|99.000,4.000|14.000,13.000|65.000,4.000|69.000,6.000|73.000,13.000|22.000,4.000|31.000,15.000
[2024-02-26 02:23:00] T:8.000000 10.000000 O:86.000000 1.000000
[2024-02-26 02:23:00] Drone: New drone_pos received from drone
[2024-02-26 02:23:00] O[20] 86.000,1.000|40.000,7.000|36.000,15.000|60.000,6.000|81.000,13.000|89.000,9.000|11.000,3.000|95.000,17.000|89.000,18.000|46.000,18.000|8.000,10.000|63.000,21.000|67.000,7.000|99.000,4.000|14.000,13.000|65.000,4.000|69.000,6.000|73.000,13.000|22.000,4.000|31.000,15.000
[2024-02-26 02:23:00] T:8.000000 10.000000 O:86.000000 1.000000
[2024-02-26 02:23:00] Drone: New drone_pos received from drone
[2024-02-26 02:23:00] O[20] 86.000,1.000|40.000,7.000|36.000,15.000|60.000,6.000|81.000,13.000|89.000,9.000|11.000,3.000|95.000,17.000|89.000,18.000|46.000,18.000|8.000,10.000|63.000,21.000|67.000,7.000|99.000,4.000|14.000,13.000|65.000,4.000|69.000,6.000|73.000,13.000|22.000,4.000|31.000,15.000
[2024-02-26 02:23:00] T:8.000000 10.000000 O:86.000000 1.000000
[2024-02-26 02:23:00] Drone: New drone_pos received from drone
[2024-02-26 02:23:00] O[20] 86.000,1.000|40.000,7.000|36.000,15.000|60.000,6.000|81.000,13.000|89.000,9.000|11.000,3.000|95.000,17.000|89.000,18.000|46.000,18.000|8.000,10.000|63.000,21.000|67.000,7.000|99.000,4.000|14.000,13.000|65.000,4.000|69.000,6.000|73.000,13.000|22.000,4.000|31.000,15.000
[2024-02-26 02:23:00] T:8.000000 10.000000 O:86.000000 1.000000
[2024-02-26 02:23:00] Drone: New drone_pos received from drone
[2024-02-26 02:23:00] O[20] 86.000,1.000|40.000,7.000|36.000,15.000|60.000,6.000|81.000,13.000|89.000,9.000|11.000,3.000|95.000,17.000|89.000,18.000|46.000,18.000|8.000,10.000|63.000,21.000|67.000,7.000|99.000,4.000|14.000,13.000|65.000,4.000|69.000,6.000|73.000,13.000|22.000,4.000|31.000,15.000
[2024-02-26 02:23:00] T:8.000000 10.000000 O:86.000000 1.000000
[2024-02-26 02:23:00] Drone: New drone_pos received from drone
[2024-02-26 02:23:00] O[20] 86.000,1.000|40.000,7.000|36.000,15.000|60.000,6.000|81.000,13.000|89.000,9.000|11.000,3.000|95.000,17.000|89.000,18.000|46.000,18.000|8.000,10.000|63.000,21.000|67.000,7.000|99.000,4.000|14.000,13.000|65.000,4.000|69.000,6.000|73.000,13.000|22.000,4.000|31.000,15.000
[2024-02-26 02:23:00] T:8.000000 10.000000 O:86.000000 1.000000
[2024-02-26 02:23:00] Drone: New drone_pos received from drone
[2024-02-26 02:23:00] O[20] 86.000,1.000|40.000,7.000|36.000,15.000|60.000,6.000|81.000,13.000|89.000,9.000|11.000,3.000|95.000,17.000|89.000,18.000|46.000,18.000|8.000,10.000|63.000,21.000|67.000,7.000|99.000,4.000|14.000,13.000|65.000,4.000|69.000,6.000|73.000,13.000|22.000,4.000|31.000,15.000
[2024-02-26 02:23:00] T:8.000000 10.000000 O:86.000000 1.000000
[2024-02-26 02:23:00] Drone: New drone_pos received from drone
[2024-02-26 02:23:00] O[20] 86.000,1.000|40.000,7.000|36.000,15.000|60.000,6.000|81.000,13.000|89.000,9.000|11.000,3.000|95.000,17.000|89.000,18.000|46.000,18.000|8.000,10.000|63.000,21.000|67.000,7.000|99.000,4.000|14.000,13.000|65.000,4.000|69.000,6.000|73.000,13.000|22.000,4.000|31.000,15.000
[2024-02-26 02:23:00] T:8.000000 10.000000 O:86.000000 1.000000
[2024-02-26 02:23:00] Drone: New drone_pos received from drone
[2024-02-26 02:23:00] O[20] 86.000,1.000|40.000,7.000|36.000,15.000|60.000,6.000|81.000,13.000|89.000,9.000|11.000,3.000|95.000,17.000|89.000,18.000|46.000,18.000|8.000,10.000|63.000,21.000|67.000,7.000|99.000,4.000|14.000,13.000|65.000,4.000|69.000,6.000|73.000,13.000|22.000,4.000|31.000,15.000
[2024-02-26 02:23:00] T:8.000000 10.000000 O:86.000000 1.000000
[2024-02-26 02:23:00] Drone: New drone_pos received from drone
[2024-02-26 02:23:00] O[20] 86.000,1.000|40.000,7.000|36.000,15.000|60.000,6.000|81.000,13.000|89.000,9.000|11.000,3.000|95.000,17.000|89.000,18.000|46.000,18.000|8.000,10.000|63.000,21.000|67.000,7.000|99.000,4.000|14.000,13.000|65.000,4.000|69.000,6.000|73.000,13.000|22.000,4.000|31.000,15.000
[2024-02-26 02:23:00] T:8.000000 10.000000 O:86.000000 1.000000
[2024-02-26 02:23:00] Drone: New drone_pos received from drone
[2024-02-26 02:23:00] O[20] 86.000,1.000|40.000,7.000|36.000,15.000|60.000,6.000|81.000,13.000|89.000,9.000|11.000,3.000|95.000,17.000|89.000,18.000|46.000,18.000|8.000,10.000|63.000,21.000|67.000,7.000|99.000,4.000|14.000,13.000|65.000,4.000|69.000,6.000|73.000,13.000|22.000,4.000|31.000,15.000
[2024-02-26 02:23:00] T:8.000000 10.000000 O:86.000000 1.000000
[2024-02-26 02:23:00] Drone: New drone_pos received from drone
[2024-02-26 02:23:00] O[20] 86.000,1.000|40.000,7.000|36.000,15.000|60.000,6.000|81.000,13.000|89.000,9.000|11.000,3.000|95.000,17.000|89.000,18.000|46.000,18.000|8.000,10.000|63.000,21.000|67.000,7.000|99.000,4.000|14.000,13.000|65.000,4.000|69.000,6.000|73.000,13.000|22.000,4.000|31.000,15.000
[2024-02-26 02:23:00] T:8.000000 10.000000 O:86.000000 1.000000
[2024-02-26 02:23:00] Drone: New drone_pos received from drone
[2024-02-26 02:23:00] O[20] 86.000,1.000|40.000,7.000|36.000,15.000|60.000,6.000|81.000,13.000|89.000,9.000|11.000,3.000|95.000,17.000|89.000,18.000|46.000,18.000|8.000,10.000|63.000,21.000|67.000,7.000|99.000,4.000|14.000,13.000|65.000,4.000|69.000,6.000|73.000,13.000|22.000,4.000|31.000,15.000
[2024-02-26 02:23:00] T:8.000000 10.000000 O:86.000000 1.000000
[2024-02-26 02:23:00] Drone: New drone_pos received from drone
