[2024-02-26 17:42:14] WINDOWSIZE
[2024-02-26 17:42:14] 100 22GEGEGEGE
[2024-02-26 17:42:14] 35.000000 21.000000
[2024-02-26 17:42:14] 29.000000 12.000000
[2024-02-26 17:42:14] 38.000000 18.000000
[2024-02-26 17:42:14] 4.000000 20.000000
[2024-02-26 17:42:14] 84.000000 19.000000
[2024-02-26 17:42:14] 24.000000 8.000000
[2024-02-26 17:42:14] 32.000000 1.000000
[2024-02-26 17:42:14] 50.000000 1.000000
[2024-02-26 17:42:14] 4.000000 18.000000
[2024-02-26 17:42:14] 44.000000 12.000000
[2024-02-26 17:42:14] SEND
[2024-02-26 17:42:14] T[20] 35.000,21.000|29.000,12.000|38.000,18.000|4.000,20.000|84.000,19.000|24.000,8.000|32.000,1.000|50.000,1.000|4.000,18.000|44.000,12.000|
[2024-02-26 17:42:14] generated targets
[2024-02-26 17:42:14] 35.000000 21.000000
[2024-02-26 17:42:14] sent targets to obstacle
[2024-02-26 17:42:47] GE
[2024-02-26 17:42:47] 39.000000 3.000000
[2024-02-26 17:42:47] 80.000000 1.000000
[2024-02-26 17:42:47] 5.000000 3.000000
[2024-02-26 17:42:47] 84.000000 14.000000
[2024-02-26 17:42:47] 63.000000 0.000000
[2024-02-26 17:42:47] 93.000000 18.000000
[2024-02-26 17:42:47] 57.000000 4.000000
[2024-02-26 17:42:47] 18.000000 6.000000
[2024-02-26 17:42:47] 95.000000 16.000000
[2024-02-26 17:42:47] 64.000000 7.000000
[2024-02-26 17:42:47] SEND
[2024-02-26 17:42:47] T[20] 39.000,3.000|80.000,1.000|5.000,3.000|84.000,14.000|63.000,0.000|93.000,18.000|57.000,4.000|18.000,6.000|95.000,16.000|64.000,7.000|
[2024-02-26 17:42:50] GAME TERMINATED
