[2024-02-11 13:52:11] WD PID 29212

[2024-02-11 13:52:11] PID 0 = 29236

[2024-02-11 13:52:11] PID 1 = 29210

[2024-02-11 13:52:11] PID 2 = 29211

[2024-02-11 13:52:11] PID 3 = 29230

[2024-02-11 13:52:11] PID 4 = 29212

[2024-02-11 13:52:11] Signal sent to 29236

[2024-02-11 13:52:11] Signal sent to 29210

[2024-02-11 13:52:12] Signal sent to 29211

[2024-02-11 13:52:12] Signal not sent to 29230

[2024-02-11 13:52:12] Signal sent to 29236

[2024-02-11 13:52:12] Signal sent to 29210

[2024-02-11 13:52:12] Signal sent to 29211

[2024-02-11 13:52:12] Signal not sent to 29230

[2024-02-11 13:52:12] Signal sent to 29236

[2024-02-11 13:52:12] Signal sent to 29210

[2024-02-11 13:52:12] Signal sent to 29211

[2024-02-11 13:52:12] Signal not sent to 29230

[2024-02-11 13:52:13] Signal sent to 29236

[2024-02-11 13:52:13] Signal sent to 29210

[2024-02-11 13:52:13] Signal sent to 29211

[2024-02-11 13:52:13] Signal not sent to 29230

[2024-02-11 13:52:13] Exeeded threshold
[2024-02-11 13:52:13] kill all
[2024-02-11 13:52:13] Killed all processes
