[2024-01-14 23:16:28] DRONE: Pid sent to server
[2024-01-14 23:16:28] DRONE: Initial drone_pos sent to server
[2024-01-14 23:16:28] DRONE: Command_force received from server
[2024-01-14 23:16:28] DRONE: Drone_pos sent to server
[2024-01-14 23:16:28] DRONE: Command_force received from server
[2024-01-14 23:16:28] DRONE: Drone_pos sent to server
[2024-01-14 23:16:29] DRONE: Command_force received from server
[2024-01-14 23:16:29] DRONE: Drone_pos sent to server
[2024-01-14 23:16:29] DRONE: Command_force received from server
[2024-01-14 23:16:29] DRONE: Drone_pos sent to server
[2024-01-14 23:16:29] DRONE: Command_force received from server
[2024-01-14 23:16:29] DRONE: Drone_pos sent to server
[2024-01-14 23:16:29] DRONE: Command_force received from server
[2024-01-14 23:16:29] DRONE: Drone_pos sent to server
[2024-01-14 23:16:29] DRONE: Command_force received from server
[2024-01-14 23:16:29] DRONE: Drone_pos sent to server
[2024-01-14 23:16:29] DRONE: Command_force received from server
[2024-01-14 23:16:29] DRONE: Drone_pos sent to server
[2024-01-14 23:16:29] DRONE: Command_force received from server
[2024-01-14 23:16:29] DRONE: Drone_pos sent to server
[2024-01-14 23:16:29] DRONE: Command_force received from server
[2024-01-14 23:16:29] DRONE: Drone_pos sent to server
[2024-01-14 23:16:29] DRONE: Command_force received from server
[2024-01-14 23:16:29] DRONE: Drone_pos sent to server
[2024-01-14 23:16:29] DRONE: Command_force received from server
[2024-01-14 23:16:29] DRONE: Drone_pos sent to server
[2024-01-14 23:16:29] DRONE: Command_force received from server
[2024-01-14 23:16:29] DRONE: Drone_pos sent to server
[2024-01-14 23:16:29] DRONE: Command_force received from server
[2024-01-14 23:16:29] DRONE: Drone_pos sent to server
[2024-01-14 23:16:29] DRONE: Command_force received from server
[2024-01-14 23:16:29] DRONE: Drone_pos sent to server
[2024-01-14 23:16:29] DRONE: Command_force received from server
[2024-01-14 23:16:29] DRONE: Drone_pos sent to server
[2024-01-14 23:16:29] DRONE: Command_force received from server
[2024-01-14 23:16:29] DRONE: Drone_pos sent to server
[2024-01-14 23:16:29] DRONE: Command_force received from server
[2024-01-14 23:16:29] DRONE: Drone_pos sent to server
[2024-01-14 23:16:29] DRONE: Command_force received from server
[2024-01-14 23:16:29] DRONE: Drone_pos sent to server
[2024-01-14 23:16:29] DRONE: Command_force received from server
[2024-01-14 23:16:29] DRONE: Drone_pos sent to server
[2024-01-14 23:16:29] DRONE: Command_force received from server
[2024-01-14 23:16:29] DRONE: Drone_pos sent to server
[2024-01-14 23:16:30] DRONE: Command_force received from server
[2024-01-14 23:16:30] DRONE: Drone_pos sent to server
[2024-01-14 23:16:30] DRONE: Command_force received from server
[2024-01-14 23:16:30] DRONE: Drone_pos sent to server
[2024-01-14 23:16:30] DRONE: Command_force received from server
[2024-01-14 23:16:30] DRONE: Drone_pos sent to server
[2024-01-14 23:16:30] DRONE: Command_force received from server
[2024-01-14 23:16:30] DRONE: Drone_pos sent to server
[2024-01-14 23:16:30] DRONE: Command_force received from server
[2024-01-14 23:16:30] DRONE: Drone_pos sent to server
[2024-01-14 23:16:30] DRONE: Command_force received from server
[2024-01-14 23:16:30] DRONE: Drone_pos sent to server
[2024-01-14 23:16:30] DRONE: Command_force received from server
[2024-01-14 23:16:30] DRONE: Drone_pos sent to server
[2024-01-14 23:16:30] DRONE: Command_force received from server
[2024-01-14 23:16:30] DRONE: Drone_pos sent to server
[2024-01-14 23:16:30] DRONE: Command_force received from server
[2024-01-14 23:16:30] DRONE: Drone_pos sent to server
[2024-01-14 23:16:30] DRONE: Command_force received from server
[2024-01-14 23:16:30] DRONE: Drone_pos sent to server
[2024-01-14 23:16:30] DRONE: Command_force received from server
[2024-01-14 23:16:30] DRONE: Drone_pos sent to server
[2024-01-14 23:16:30] DRONE: Command_force received from server
[2024-01-14 23:16:30] DRONE: Drone_pos sent to server
[2024-01-14 23:16:30] DRONE: Command_force received from server
[2024-01-14 23:16:30] DRONE: Drone_pos sent to server
[2024-01-14 23:16:30] DRONE: Command_force received from server
[2024-01-14 23:16:30] DRONE: Drone_pos sent to server
[2024-01-14 23:16:30] DRONE: Command_force received from server
[2024-01-14 23:16:30] REP x: -0.000000, REP y: -0.000000, Sumx: 0.000000, Sumy: 0.000000
[2024-01-14 23:16:30] REP x: -0.000000, REP y: -0.000000, Sumx: 0.000000, Sumy: 0.000000
[2024-01-14 23:16:30] DRONE x: 50.000000, DRONE y: 50.000000, COMMAND x: 1, COMMAND y: 0, REP x: -0.000000, REP y: -0.000000
[2024-01-14 23:16:30] DRONE: Drone_pos sent to server
[2024-01-14 23:16:30] DRONE: Command_force received from server
[2024-01-14 23:16:30] REP x: -0.000000, REP y: -0.000000, Sumx: 0.000000, Sumy: 0.000000
[2024-01-14 23:16:30] REP x: -0.000000, REP y: -0.000000, Sumx: 0.000000, Sumy: 0.000000
[2024-01-14 23:16:30] DRONE x: 50.500000, DRONE y: 50.000000, COMMAND x: 1, COMMAND y: 0, REP x: -0.000000, REP y: -0.000000
[2024-01-14 23:16:30] DRONE: Drone_pos sent to server
[2024-01-14 23:16:30] DRONE: Command_force received from server
[2024-01-14 23:16:30] REP x: -0.000000, REP y: -0.000000, Sumx: 0.000000, Sumy: 0.000000
[2024-01-14 23:16:30] REP x: -0.000000, REP y: -0.000000, Sumx: 0.000000, Sumy: 0.000000
[2024-01-14 23:16:30] DRONE x: 51.250000, DRONE y: 50.000000, COMMAND x: 1, COMMAND y: 0, REP x: -0.000000, REP y: -0.000000
[2024-01-14 23:16:30] DRONE: Drone_pos sent to server
[2024-01-14 23:16:30] DRONE: Command_force received from server
[2024-01-14 23:16:30] REP x: -0.000000, REP y: -0.000000, Sumx: 0.000000, Sumy: 0.000000
[2024-01-14 23:16:30] REP x: -0.000000, REP y: -0.000000, Sumx: 0.000000, Sumy: 0.000000
[2024-01-14 23:16:30] DRONE x: 52.125000, DRONE y: 50.000000, COMMAND x: 1, COMMAND y: 0, REP x: -0.000000, REP y: -0.000000
[2024-01-14 23:16:30] DRONE: Drone_pos sent to server
[2024-01-14 23:16:30] DRONE: Command_force received from server
[2024-01-14 23:16:30] REP x: -0.000000, REP y: -0.000000, Sumx: 0.000000, Sumy: 0.000000
[2024-01-14 23:16:30] REP x: -0.000000, REP y: -0.000000, Sumx: 0.000000, Sumy: 0.000000
[2024-01-14 23:16:30] DRONE x: 53.062500, DRONE y: 50.000000, COMMAND x: 1, COMMAND y: 0, REP x: -0.000000, REP y: -0.000000
[2024-01-14 23:16:30] DRONE: Drone_pos sent to server
[2024-01-14 23:16:30] DRONE: Command_force received from server
[2024-01-14 23:16:30] REP x: -0.000000, REP y: -0.000000, Sumx: 0.000000, Sumy: 0.000000
[2024-01-14 23:16:30] REP x: -0.000000, REP y: -0.000000, Sumx: 0.000000, Sumy: 0.000000
[2024-01-14 23:16:30] DRONE x: 54.031250, DRONE y: 50.000000, COMMAND x: 1, COMMAND y: 0, REP x: -0.000000, REP y: -0.000000
[2024-01-14 23:16:30] DRONE: Drone_pos sent to server
[2024-01-14 23:16:30] DRONE: Command_force received from server
[2024-01-14 23:16:30] REP x: -0.000000, REP y: -0.000000, Sumx: 0.000000, Sumy: 0.000000
[2024-01-14 23:16:30] REP x: -0.000000, REP y: -0.000000, Sumx: 0.000000, Sumy: 0.000000
[2024-01-14 23:16:30] DRONE x: 55.015625, DRONE y: 50.000000, COMMAND x: 1, COMMAND y: 0, REP x: -0.000000, REP y: -0.000000
[2024-01-14 23:16:30] DRONE: Drone_pos sent to server
[2024-01-14 23:16:31] DRONE: Command_force received from server
[2024-01-14 23:16:31] REP x: -0.000000, REP y: -0.000000, Sumx: 0.000000, Sumy: 0.000000
[2024-01-14 23:16:31] REP x: -0.000000, REP y: -0.000000, Sumx: 0.000000, Sumy: 0.000000
[2024-01-14 23:16:31] DRONE x: 56.007812, DRONE y: 50.000000, COMMAND x: 1, COMMAND y: 0, REP x: -0.000000, REP y: -0.000000
[2024-01-14 23:16:31] DRONE: Drone_pos sent to server
[2024-01-14 23:16:31] DRONE: Command_force received from server
[2024-01-14 23:16:31] REP x: -0.000000, REP y: -0.000000, Sumx: 0.000000, Sumy: 0.000000
[2024-01-14 23:16:31] REP x: -0.000000, REP y: -0.000000, Sumx: 0.000000, Sumy: 0.000000
[2024-01-14 23:16:31] DRONE x: 57.003906, DRONE y: 50.000000, COMMAND x: 2, COMMAND y: -1, REP x: -0.000000, REP y: -0.000000
[2024-01-14 23:16:31] DRONE: Drone_pos sent to server
[2024-01-14 23:16:31] DRONE: Command_force received from server
[2024-01-14 23:16:31] REP x: -0.000000, REP y: -0.000000, Sumx: 0.000000, Sumy: 0.000000
[2024-01-14 23:16:31] REP x: -0.000000, REP y: -0.000000, Sumx: 0.000000, Sumy: 0.000000
[2024-01-14 23:16:31] DRONE x: 58.501953, DRONE y: 49.500000, COMMAND x: 2, COMMAND y: -1, REP x: -0.000000, REP y: -0.000000
[2024-01-14 23:16:31] DRONE: Drone_pos sent to server
[2024-01-14 23:16:31] DRONE: Command_force received from server
[2024-01-14 23:16:31] REP x: -0.000000, REP y: -0.000000, Sumx: 0.000000, Sumy: 0.000000
[2024-01-14 23:16:31] REP x: -0.000000, REP y: -0.000000, Sumx: 0.000000, Sumy: 0.000000
[2024-01-14 23:16:31] DRONE x: 60.250977, DRONE y: 48.750000, COMMAND x: 2, COMMAND y: -1, REP x: -0.000000, REP y: -0.000000
[2024-01-14 23:16:31] DRONE: Drone_pos sent to server
[2024-01-14 23:16:31] DRONE: Command_force received from server
[2024-01-14 23:16:31] OBSTACLE x: 63.755227, OBSTACLE y: 52.428719, DRONE x: 62.125488, DRONE y: 47.875000,
[2024-01-14 23:16:31] REP x: 0.180059, REP y: -0.000000, Sumx: -0.014405, Sumy: 0.000000
[2024-01-14 23:16:31] OBSTACLE x: 63.755227, OBSTACLE y: 52.428719, DRONE x: 62.125488, DRONE y: 47.875000,
[2024-01-14 23:16:31] REP x: 0.180059, REP y: -0.000000, Sumx: -0.014405, Sumy: 0.000000
[2024-01-14 23:16:31] DRONE x: 62.125488, DRONE y: 47.875000, COMMAND x: 2, COMMAND y: -1, REP x: 0.180059, REP y: -0.000000
[2024-01-14 23:16:31] DRONE: Drone_pos sent to server
[2024-01-14 23:16:31] DRONE: Command_force received from server
[2024-01-14 23:16:31] REP x: -0.000000, REP y: -0.000000, Sumx: 0.000000, Sumy: 0.000000
[2024-01-14 23:16:31] REP x: -0.000000, REP y: -0.000000, Sumx: 0.000000, Sumy: 0.000000
[2024-01-14 23:16:31] DRONE x: 63.972714, DRONE y: 46.937500, COMMAND x: 2, COMMAND y: -1, REP x: -0.000000, REP y: -0.000000
[2024-01-14 23:16:31] DRONE: Drone_pos sent to server
[2024-01-14 23:16:31] DRONE: Command_force received from server
[2024-01-14 23:16:31] REP x: -0.000000, REP y: -0.000000, Sumx: 0.000000, Sumy: 0.000000
[2024-01-14 23:16:31] REP x: -0.000000, REP y: -0.000000, Sumx: 0.000000, Sumy: 0.000000
[2024-01-14 23:16:31] DRONE x: 65.896328, DRONE y: 45.968750, COMMAND x: 2, COMMAND y: -1, REP x: -0.000000, REP y: -0.000000
[2024-01-14 23:16:31] DRONE: Drone_pos sent to server
[2024-01-14 23:16:31] DRONE: Command_force received from server
[2024-01-14 23:16:31] REP x: -0.000000, REP y: -0.000000, Sumx: 0.000000, Sumy: 0.000000
[2024-01-14 23:16:31] REP x: -0.000000, REP y: -0.000000, Sumx: 0.000000, Sumy: 0.000000
[2024-01-14 23:16:31] DRONE x: 67.858134, DRONE y: 44.984375, COMMAND x: 2, COMMAND y: -1, REP x: -0.000000, REP y: -0.000000
[2024-01-14 23:16:31] DRONE: Drone_pos sent to server
[2024-01-14 23:16:31] DRONE: Command_force received from server
[2024-01-14 23:16:31] REP x: -0.000000, REP y: -0.000000, Sumx: 0.000000, Sumy: 0.000000
[2024-01-14 23:16:31] REP x: -0.000000, REP y: -0.000000, Sumx: 0.000000, Sumy: 0.000000
[2024-01-14 23:16:31] DRONE x: 69.839037, DRONE y: 43.992188, COMMAND x: 2, COMMAND y: -1, REP x: -0.000000, REP y: -0.000000
[2024-01-14 23:16:31] DRONE: Drone_pos sent to server
[2024-01-14 23:16:31] DRONE: Command_force received from server
[2024-01-14 23:16:31] REP x: -0.000000, REP y: -0.000000, Sumx: 0.000000, Sumy: 0.000000
[2024-01-14 23:16:31] REP x: -0.000000, REP y: -0.000000, Sumx: 0.000000, Sumy: 0.000000
[2024-01-14 23:16:31] DRONE x: 71.829489, DRONE y: 42.996094, COMMAND x: 2, COMMAND y: -1, REP x: -0.000000, REP y: -0.000000
[2024-01-14 23:16:31] DRONE: Drone_pos sent to server
[2024-01-14 23:16:31] DRONE: Command_force received from server
[2024-01-14 23:16:31] REP x: -0.000000, REP y: -0.000000, Sumx: 0.000000, Sumy: 0.000000
[2024-01-14 23:16:31] REP x: -0.000000, REP y: -0.000000, Sumx: 0.000000, Sumy: 0.000000
[2024-01-14 23:16:31] DRONE x: 73.824715, DRONE y: 41.998047, COMMAND x: 2, COMMAND y: -1, REP x: -0.000000, REP y: -0.000000
[2024-01-14 23:16:31] DRONE: Drone_pos sent to server
[2024-01-14 23:16:31] DRONE: Command_force received from server
[2024-01-14 23:16:31] REP x: -0.000000, REP y: -0.000000, Sumx: 0.000000, Sumy: 0.000000
[2024-01-14 23:16:31] REP x: -0.000000, REP y: -0.000000, Sumx: 0.000000, Sumy: 0.000000
[2024-01-14 23:16:31] DRONE x: 75.822328, DRONE y: 40.999023, COMMAND x: 2, COMMAND y: -1, REP x: -0.000000, REP y: -0.000000
[2024-01-14 23:16:31] DRONE: Drone_pos sent to server
[2024-01-14 23:16:31] DRONE: Command_force received from server
[2024-01-14 23:16:31] REP x: -0.000000, REP y: -0.000000, Sumx: 0.000000, Sumy: 0.000000
[2024-01-14 23:16:31] REP x: -0.000000, REP y: -0.000000, Sumx: 0.000000, Sumy: 0.000000
[2024-01-14 23:16:31] DRONE x: 77.821134, DRONE y: 39.999512, COMMAND x: 2, COMMAND y: -1, REP x: -0.000000, REP y: -0.000000
[2024-01-14 23:16:31] DRONE: Drone_pos sent to server
[2024-01-14 23:16:31] DRONE: Command_force received from server
[2024-01-14 23:16:31] REP x: -0.000000, REP y: -0.000000, Sumx: 0.000000, Sumy: 0.000000
[2024-01-14 23:16:31] REP x: -0.000000, REP y: -0.000000, Sumx: 0.000000, Sumy: 0.000000
[2024-01-14 23:16:31] DRONE x: 79.820537, DRONE y: 38.999756, COMMAND x: 2, COMMAND y: -1, REP x: -0.000000, REP y: -0.000000
[2024-01-14 23:16:31] DRONE: Drone_pos sent to server
[2024-01-14 23:16:31] DRONE: Command_force received from server
[2024-01-14 23:16:31] REP x: -0.000000, REP y: -0.000000, Sumx: 0.000000, Sumy: 0.000000
[2024-01-14 23:16:31] REP x: -0.000000, REP y: -0.000000, Sumx: 0.000000, Sumy: 0.000000
[2024-01-14 23:16:31] DRONE x: 81.820239, DRONE y: 37.999878, COMMAND x: 2, COMMAND y: -1, REP x: -0.000000, REP y: -0.000000
[2024-01-14 23:16:31] DRONE: Drone_pos sent to server
[2024-01-14 23:16:31] DRONE: Command_force received from server
[2024-01-14 23:16:31] REP x: -0.000000, REP y: -0.000000, Sumx: 0.000000, Sumy: 0.000000
[2024-01-14 23:16:31] REP x: -0.000000, REP y: -0.000000, Sumx: 0.000000, Sumy: 0.000000
[2024-01-14 23:16:31] DRONE x: 83.820090, DRONE y: 36.999939, COMMAND x: 2, COMMAND y: -1, REP x: -0.000000, REP y: -0.000000
[2024-01-14 23:16:31] DRONE: Drone_pos sent to server
[2024-01-14 23:16:31] DRONE: Command_force received from server
[2024-01-14 23:16:31] REP x: -0.000000, REP y: -0.000000, Sumx: 0.000000, Sumy: 0.000000
[2024-01-14 23:16:31] REP x: -0.000000, REP y: -0.000000, Sumx: 0.000000, Sumy: 0.000000
[2024-01-14 23:16:31] DRONE x: 85.820015, DRONE y: 35.999969, COMMAND x: 2, COMMAND y: -1, REP x: -0.000000, REP y: -0.000000
[2024-01-14 23:16:31] DRONE: Drone_pos sent to server
[2024-01-14 23:16:31] DRONE: Command_force received from server
[2024-01-14 23:16:31] REP x: -0.000000, REP y: -0.000000, Sumx: 0.000000, Sumy: 0.000000
[2024-01-14 23:16:31] REP x: -0.000000, REP y: -0.000000, Sumx: 0.000000, Sumy: 0.000000
[2024-01-14 23:16:31] DRONE x: 87.819978, DRONE y: 34.999985, COMMAND x: 2, COMMAND y: -1, REP x: -0.000000, REP y: -0.000000
[2024-01-14 23:16:31] DRONE: Drone_pos sent to server
[2024-01-14 23:16:31] DRONE: Command_force received from server
[2024-01-14 23:16:31] REP x: -0.000000, REP y: -0.000000, Sumx: 0.000000, Sumy: 0.000000
[2024-01-14 23:16:31] REP x: -0.000000, REP y: -0.000000, Sumx: 0.000000, Sumy: 0.000000
[2024-01-14 23:16:31] DRONE x: 89.819959, DRONE y: 33.999992, COMMAND x: 2, COMMAND y: -1, REP x: -0.000000, REP y: -0.000000
[2024-01-14 23:16:31] DRONE: Drone_pos sent to server
[2024-01-14 23:16:31] DRONE: Command_force received from server
[2024-01-14 23:16:31] REP x: -0.000000, REP y: -0.000000, Sumx: 0.000000, Sumy: 0.000000
[2024-01-14 23:16:31] REP x: -0.000000, REP y: -0.000000, Sumx: 0.000000, Sumy: 0.000000
[2024-01-14 23:16:31] DRONE x: 91.819950, DRONE y: 32.999996, COMMAND x: 2, COMMAND y: -1, REP x: -0.000000, REP y: -0.000000
[2024-01-14 23:16:31] DRONE: Drone_pos sent to server
[2024-01-14 23:16:31] DRONE: Command_force received from server
[2024-01-14 23:16:31] DRONE: Drone_pos sent to server
[2024-01-14 23:16:32] DRONE: Command_force received from server
[2024-01-14 23:16:32] DRONE: Drone_pos sent to server
[2024-01-14 23:16:32] DRONE: Command_force received from server
[2024-01-14 23:16:32] DRONE: Drone_pos sent to server
[2024-01-14 23:16:32] DRONE: Command_force received from server
[2024-01-14 23:16:32] DRONE: Drone_pos sent to server
[2024-01-14 23:16:32] DRONE: Command_force received from server
[2024-01-14 23:16:32] DRONE: Drone_pos sent to server
[2024-01-14 23:16:32] DRONE: Command_force received from server
[2024-01-14 23:16:32] DRONE: Drone_pos sent to server
[2024-01-14 23:16:32] DRONE: Command_force received from server
[2024-01-14 23:16:32] DRONE: Drone_pos sent to server
[2024-01-14 23:16:32] DRONE: Command_force received from server
[2024-01-14 23:16:32] DRONE: Drone_pos sent to server
[2024-01-14 23:16:32] DRONE: Command_force received from server
[2024-01-14 23:16:32] DRONE: Drone_pos sent to server
[2024-01-14 23:16:32] DRONE: Command_force received from server
[2024-01-14 23:16:32] DRONE: Drone_pos sent to server
[2024-01-14 23:16:32] DRONE: Command_force received from server
[2024-01-14 23:16:32] DRONE: Drone_pos sent to server
[2024-01-14 23:16:32] DRONE: Command_force received from server
[2024-01-14 23:16:32] DRONE: Drone_pos sent to server
[2024-01-14 23:16:32] DRONE: Command_force received from server
[2024-01-14 23:16:32] DRONE: Drone_pos sent to server
[2024-01-14 23:16:32] DRONE: Command_force received from server
[2024-01-14 23:16:32] DRONE: Drone_pos sent to server
[2024-01-14 23:16:32] DRONE: Command_force received from server
[2024-01-14 23:16:32] DRONE: Drone_pos sent to server
[2024-01-14 23:16:32] DRONE: Command_force received from server
[2024-01-14 23:16:32] DRONE: Drone_pos sent to server
[2024-01-14 23:16:32] DRONE: Command_force received from server
[2024-01-14 23:16:32] DRONE: Drone_pos sent to server
[2024-01-14 23:16:32] DRONE: Command_force received from server
[2024-01-14 23:16:32] DRONE: Drone_pos sent to server
[2024-01-14 23:16:32] DRONE: Command_force received from server
[2024-01-14 23:16:32] REP x: -0.000000, REP y: -0.000000, Sumx: 0.000000, Sumy: 0.000000
[2024-01-14 23:16:32] REP x: -0.000000, REP y: -0.000000, Sumx: 0.000000, Sumy: 0.000000
[2024-01-14 23:16:32] DRONE x: 93.819945, DRONE y: 31.999998, COMMAND x: 0, COMMAND y: 1, REP x: -0.000000, REP y: -0.000000
[2024-01-14 23:16:32] DRONE: Drone_pos sent to server
[2024-01-14 23:16:32] DRONE: Command_force received from server
[2024-01-14 23:16:32] REP x: -0.000000, REP y: -0.000000, Sumx: 0.000000, Sumy: 0.000000
[2024-01-14 23:16:32] REP x: -0.000000, REP y: -0.000000, Sumx: 0.000000, Sumy: 0.000000
[2024-01-14 23:16:32] DRONE x: 93.819945, DRONE y: 32.499998, COMMAND x: 0, COMMAND y: 1, REP x: -0.000000, REP y: -0.000000
[2024-01-14 23:16:32] DRONE: Drone_pos sent to server
[2024-01-14 23:16:32] DRONE: Command_force received from server
[2024-01-14 23:16:32] REP x: -0.000000, REP y: -0.000000, Sumx: 0.000000, Sumy: 0.000000
[2024-01-14 23:16:32] REP x: -0.000000, REP y: -0.000000, Sumx: 0.000000, Sumy: 0.000000
[2024-01-14 23:16:32] DRONE x: 93.819945, DRONE y: 33.249998, COMMAND x: 0, COMMAND y: 1, REP x: -0.000000, REP y: -0.000000
[2024-01-14 23:16:32] DRONE: Drone_pos sent to server
[2024-01-14 23:16:33] DRONE: Command_force received from server
[2024-01-14 23:16:33] REP x: -0.000000, REP y: -0.000000, Sumx: 0.000000, Sumy: 0.000000
[2024-01-14 23:16:33] REP x: -0.000000, REP y: -0.000000, Sumx: 0.000000, Sumy: 0.000000
[2024-01-14 23:16:33] DRONE x: 93.819945, DRONE y: 34.124998, COMMAND x: 0, COMMAND y: 1, REP x: -0.000000, REP y: -0.000000
[2024-01-14 23:16:33] DRONE: Drone_pos sent to server
[2024-01-14 23:16:33] DRONE: Command_force received from server
[2024-01-14 23:16:33] REP x: -0.000000, REP y: -0.000000, Sumx: 0.000000, Sumy: 0.000000
[2024-01-14 23:16:33] REP x: -0.000000, REP y: -0.000000, Sumx: 0.000000, Sumy: 0.000000
[2024-01-14 23:16:33] DRONE x: 93.819945, DRONE y: 35.062498, COMMAND x: 0, COMMAND y: 1, REP x: -0.000000, REP y: -0.000000
[2024-01-14 23:16:33] DRONE: Drone_pos sent to server
[2024-01-14 23:16:33] DRONE: Command_force received from server
[2024-01-14 23:16:33] REP x: -0.000000, REP y: -0.000000, Sumx: 0.000000, Sumy: 0.000000
[2024-01-14 23:16:33] REP x: -0.000000, REP y: -0.000000, Sumx: 0.000000, Sumy: 0.000000
[2024-01-14 23:16:33] DRONE x: 93.819945, DRONE y: 36.031248, COMMAND x: 0, COMMAND y: 1, REP x: -0.000000, REP y: -0.000000
[2024-01-14 23:16:33] DRONE: Drone_pos sent to server
[2024-01-14 23:16:33] DRONE: Command_force received from server
[2024-01-14 23:16:33] REP x: -0.000000, REP y: -0.000000, Sumx: 0.000000, Sumy: 0.000000
[2024-01-14 23:16:33] REP x: -0.000000, REP y: -0.000000, Sumx: 0.000000, Sumy: 0.000000
[2024-01-14 23:16:33] DRONE x: 93.819945, DRONE y: 37.015623, COMMAND x: 0, COMMAND y: 1, REP x: -0.000000, REP y: -0.000000
[2024-01-14 23:16:33] DRONE: Drone_pos sent to server
[2024-01-14 23:16:33] DRONE: Command_force received from server
[2024-01-14 23:16:33] REP x: -0.000000, REP y: -0.000000, Sumx: 0.000000, Sumy: 0.000000
[2024-01-14 23:16:33] REP x: -0.000000, REP y: -0.000000, Sumx: 0.000000, Sumy: 0.000000
[2024-01-14 23:16:33] DRONE x: 93.819945, DRONE y: 38.007811, COMMAND x: 0, COMMAND y: 1, REP x: -0.000000, REP y: -0.000000
[2024-01-14 23:16:33] DRONE: Drone_pos sent to server
[2024-01-14 23:16:33] DRONE: Command_force received from server
[2024-01-14 23:16:33] REP x: -0.000000, REP y: -0.000000, Sumx: 0.000000, Sumy: 0.000000
[2024-01-14 23:16:33] REP x: -0.000000, REP y: -0.000000, Sumx: 0.000000, Sumy: 0.000000
[2024-01-14 23:16:33] DRONE x: 93.819945, DRONE y: 39.003904, COMMAND x: 0, COMMAND y: 1, REP x: -0.000000, REP y: -0.000000
[2024-01-14 23:16:33] DRONE: Drone_pos sent to server
[2024-01-14 23:16:33] DRONE: Command_force received from server
[2024-01-14 23:16:33] REP x: -0.000000, REP y: -0.000000, Sumx: 0.000000, Sumy: 0.000000
[2024-01-14 23:16:33] REP x: -0.000000, REP y: -0.000000, Sumx: 0.000000, Sumy: 0.000000
[2024-01-14 23:16:33] DRONE x: 93.819945, DRONE y: 40.001951, COMMAND x: 0, COMMAND y: 1, REP x: -0.000000, REP y: -0.000000
[2024-01-14 23:16:33] DRONE: Drone_pos sent to server
[2024-01-14 23:16:33] DRONE: Command_force received from server
[2024-01-14 23:16:33] REP x: -0.000000, REP y: -0.000000, Sumx: 0.000000, Sumy: 0.000000
[2024-01-14 23:16:33] REP x: -0.000000, REP y: -0.000000, Sumx: 0.000000, Sumy: 0.000000
[2024-01-14 23:16:33] DRONE x: 93.819945, DRONE y: 41.000975, COMMAND x: 0, COMMAND y: 1, REP x: -0.000000, REP y: -0.000000
[2024-01-14 23:16:33] DRONE: Drone_pos sent to server
[2024-01-14 23:16:33] DRONE: Command_force received from server
[2024-01-14 23:16:33] REP x: -0.000000, REP y: -0.000000, Sumx: 0.000000, Sumy: 0.000000
[2024-01-14 23:16:33] REP x: -0.000000, REP y: -0.000000, Sumx: 0.000000, Sumy: 0.000000
[2024-01-14 23:16:33] DRONE x: 93.819945, DRONE y: 42.000486, COMMAND x: 0, COMMAND y: 1, REP x: -0.000000, REP y: -0.000000
[2024-01-14 23:16:33] DRONE: Drone_pos sent to server
[2024-01-14 23:16:33] DRONE: Command_force received from server
[2024-01-14 23:16:33] REP x: -0.000000, REP y: -0.000000, Sumx: 0.000000, Sumy: 0.000000
[2024-01-14 23:16:33] REP x: -0.000000, REP y: -0.000000, Sumx: 0.000000, Sumy: 0.000000
[2024-01-14 23:16:33] DRONE x: 93.819945, DRONE y: 43.000242, COMMAND x: 0, COMMAND y: 1, REP x: -0.000000, REP y: -0.000000
[2024-01-14 23:16:33] DRONE: Drone_pos sent to server
[2024-01-14 23:16:33] DRONE: Command_force received from server
[2024-01-14 23:16:33] REP x: -0.000000, REP y: -0.000000, Sumx: 0.000000, Sumy: 0.000000
[2024-01-14 23:16:33] REP x: -0.000000, REP y: -0.000000, Sumx: 0.000000, Sumy: 0.000000
[2024-01-14 23:16:33] DRONE x: 93.819945, DRONE y: 44.000120, COMMAND x: 0, COMMAND y: 1, REP x: -0.000000, REP y: -0.000000
[2024-01-14 23:16:33] DRONE: Drone_pos sent to server
[2024-01-14 23:16:33] DRONE: Command_force received from server
[2024-01-14 23:16:33] REP x: -0.000000, REP y: -0.000000, Sumx: 0.000000, Sumy: 0.000000
[2024-01-14 23:16:33] REP x: -0.000000, REP y: -0.000000, Sumx: 0.000000, Sumy: 0.000000
[2024-01-14 23:16:33] DRONE x: 93.819945, DRONE y: 45.000059, COMMAND x: 0, COMMAND y: 1, REP x: -0.000000, REP y: -0.000000
[2024-01-14 23:16:33] DRONE: Drone_pos sent to server
[2024-01-14 23:16:33] DRONE: Command_force received from server
[2024-01-14 23:16:33] REP x: -0.000000, REP y: -0.000000, Sumx: 0.000000, Sumy: 0.000000
[2024-01-14 23:16:33] REP x: -0.000000, REP y: -0.000000, Sumx: 0.000000, Sumy: 0.000000
[2024-01-14 23:16:33] DRONE x: 93.819945, DRONE y: 46.000029, COMMAND x: 0, COMMAND y: 1, REP x: -0.000000, REP y: -0.000000
[2024-01-14 23:16:33] DRONE: Drone_pos sent to server
[2024-01-14 23:16:33] DRONE: Command_force received from server
[2024-01-14 23:16:33] REP x: -0.000000, REP y: -0.000000, Sumx: 0.000000, Sumy: 0.000000
[2024-01-14 23:16:33] REP x: -0.000000, REP y: -0.000000, Sumx: 0.000000, Sumy: 0.000000
[2024-01-14 23:16:33] DRONE x: 93.819945, DRONE y: 47.000013, COMMAND x: 0, COMMAND y: 1, REP x: -0.000000, REP y: -0.000000
[2024-01-14 23:16:33] DRONE: Drone_pos sent to server
[2024-01-14 23:16:33] DRONE: Command_force received from server
[2024-01-14 23:16:33] REP x: -0.000000, REP y: -0.000000, Sumx: 0.000000, Sumy: 0.000000
[2024-01-14 23:16:33] REP x: -0.000000, REP y: -0.000000, Sumx: 0.000000, Sumy: 0.000000
[2024-01-14 23:16:33] DRONE x: 93.819945, DRONE y: 48.000006, COMMAND x: 0, COMMAND y: 1, REP x: -0.000000, REP y: -0.000000
[2024-01-14 23:16:33] DRONE: Drone_pos sent to server
[2024-01-14 23:16:33] DRONE: Command_force received from server
[2024-01-14 23:16:33] REP x: -0.000000, REP y: -0.000000, Sumx: 0.000000, Sumy: 0.000000
[2024-01-14 23:16:33] REP x: -0.000000, REP y: -0.000000, Sumx: 0.000000, Sumy: 0.000000
[2024-01-14 23:16:33] DRONE x: 93.819945, DRONE y: 49.000002, COMMAND x: 0, COMMAND y: 1, REP x: -0.000000, REP y: -0.000000
[2024-01-14 23:16:33] DRONE: Drone_pos sent to server
[2024-01-14 23:16:33] DRONE: Command_force received from server
[2024-01-14 23:16:33] REP x: -0.000000, REP y: -0.000000, Sumx: 0.000000, Sumy: 0.000000
[2024-01-14 23:16:33] REP x: -0.000000, REP y: -0.000000, Sumx: 0.000000, Sumy: 0.000000
[2024-01-14 23:16:33] DRONE x: 93.819945, DRONE y: 50.000000, COMMAND x: 0, COMMAND y: 1, REP x: -0.000000, REP y: -0.000000
[2024-01-14 23:16:33] DRONE: Drone_pos sent to server
[2024-01-14 23:16:33] DRONE: Command_force received from server
[2024-01-14 23:16:33] REP x: -0.000000, REP y: -0.000000, Sumx: 0.000000, Sumy: 0.000000
[2024-01-14 23:16:33] REP x: -0.000000, REP y: -0.000000, Sumx: 0.000000, Sumy: 0.000000
[2024-01-14 23:16:33] DRONE x: 93.819945, DRONE y: 50.999999, COMMAND x: 0, COMMAND y: 1, REP x: -0.000000, REP y: -0.000000
[2024-01-14 23:16:33] DRONE: Drone_pos sent to server
[2024-01-14 23:16:33] DRONE: Command_force received from server
[2024-01-14 23:16:33] REP x: -0.000000, REP y: -0.000000, Sumx: 0.000000, Sumy: 0.000000
[2024-01-14 23:16:33] REP x: -0.000000, REP y: -0.000000, Sumx: 0.000000, Sumy: 0.000000
[2024-01-14 23:16:33] DRONE x: 93.819945, DRONE y: 51.999999, COMMAND x: -1, COMMAND y: 1, REP x: -0.000000, REP y: -0.000000
[2024-01-14 23:16:33] DRONE: Drone_pos sent to server
[2024-01-14 23:16:33] DRONE: Command_force received from server
[2024-01-14 23:16:33] REP x: -0.000000, REP y: -0.000000, Sumx: 0.000000, Sumy: 0.000000
[2024-01-14 23:16:33] REP x: -0.000000, REP y: -0.000000, Sumx: 0.000000, Sumy: 0.000000
[2024-01-14 23:16:33] DRONE x: 93.319945, DRONE y: 52.999998, COMMAND x: -1, COMMAND y: 1, REP x: -0.000000, REP y: -0.000000
[2024-01-14 23:16:33] DRONE: Drone_pos sent to server
[2024-01-14 23:16:34] DRONE: Command_force received from server
[2024-01-14 23:16:34] REP x: -0.000000, REP y: -0.000000, Sumx: 0.000000, Sumy: 0.000000
[2024-01-14 23:16:34] REP x: -0.000000, REP y: -0.000000, Sumx: 0.000000, Sumy: 0.000000
[2024-01-14 23:16:34] DRONE x: 92.569945, DRONE y: 53.999998, COMMAND x: -1, COMMAND y: 1, REP x: -0.000000, REP y: -0.000000
[2024-01-14 23:16:34] DRONE: Drone_pos sent to server
[2024-01-14 23:16:34] DRONE: Command_force received from server
[2024-01-14 23:16:34] REP x: -0.000000, REP y: -0.000000, Sumx: 0.000000, Sumy: 0.000000
[2024-01-14 23:16:34] REP x: -0.000000, REP y: -0.000000, Sumx: 0.000000, Sumy: 0.000000
[2024-01-14 23:16:34] DRONE x: 91.694945, DRONE y: 54.999998, COMMAND x: -1, COMMAND y: 1, REP x: -0.000000, REP y: -0.000000
[2024-01-14 23:16:34] DRONE: Drone_pos sent to server
[2024-01-14 23:16:34] DRONE: Command_force received from server
[2024-01-14 23:16:34] REP x: -0.000000, REP y: -0.000000, Sumx: 0.000000, Sumy: 0.000000
[2024-01-14 23:16:34] REP x: -0.000000, REP y: -0.000000, Sumx: 0.000000, Sumy: 0.000000
[2024-01-14 23:16:34] DRONE x: 90.757445, DRONE y: 55.999998, COMMAND x: -1, COMMAND y: 1, REP x: -0.000000, REP y: -0.000000
[2024-01-14 23:16:34] DRONE: Drone_pos sent to server
[2024-01-14 23:16:34] DRONE: Command_force received from server
[2024-01-14 23:16:34] REP x: -0.000000, REP y: -0.000000, Sumx: 0.000000, Sumy: 0.000000
[2024-01-14 23:16:34] REP x: -0.000000, REP y: -0.000000, Sumx: 0.000000, Sumy: 0.000000
[2024-01-14 23:16:34] DRONE x: 89.788695, DRONE y: 56.999998, COMMAND x: -1, COMMAND y: 1, REP x: -0.000000, REP y: -0.000000
[2024-01-14 23:16:34] DRONE: Drone_pos sent to server
[2024-01-14 23:16:34] DRONE: Command_force received from server
[2024-01-14 23:16:34] REP x: -0.000000, REP y: -0.000000, Sumx: 0.000000, Sumy: 0.000000
[2024-01-14 23:16:34] REP x: -0.000000, REP y: -0.000000, Sumx: 0.000000, Sumy: 0.000000
[2024-01-14 23:16:34] DRONE x: 88.804320, DRONE y: 57.999998, COMMAND x: -1, COMMAND y: 1, REP x: -0.000000, REP y: -0.000000
[2024-01-14 23:16:34] DRONE: Drone_pos sent to server
[2024-01-14 23:16:34] DRONE: Command_force received from server
[2024-01-14 23:16:34] REP x: -0.000000, REP y: -0.000000, Sumx: 0.000000, Sumy: 0.000000
[2024-01-14 23:16:34] REP x: -0.000000, REP y: -0.000000, Sumx: 0.000000, Sumy: 0.000000
[2024-01-14 23:16:34] DRONE x: 87.812133, DRONE y: 58.999998, COMMAND x: -1, COMMAND y: 1, REP x: -0.000000, REP y: -0.000000
[2024-01-14 23:16:34] DRONE: Drone_pos sent to server
[2024-01-14 23:16:34] DRONE: Command_force received from server
[2024-01-14 23:16:34] REP x: -0.000000, REP y: -0.000000, Sumx: 0.000000, Sumy: 0.000000
[2024-01-14 23:16:34] REP x: -0.000000, REP y: -0.000000, Sumx: 0.000000, Sumy: 0.000000
[2024-01-14 23:16:34] DRONE x: 86.816039, DRONE y: 59.999998, COMMAND x: -1, COMMAND y: 1, REP x: -0.000000, REP y: -0.000000
[2024-01-14 23:16:34] DRONE: Drone_pos sent to server
[2024-01-14 23:16:34] DRONE: Command_force received from server
[2024-01-14 23:16:34] REP x: -0.000000, REP y: -0.000000, Sumx: 0.000000, Sumy: 0.000000
[2024-01-14 23:16:34] REP x: -0.000000, REP y: -0.000000, Sumx: 0.000000, Sumy: 0.000000
[2024-01-14 23:16:34] DRONE x: 85.817992, DRONE y: 60.999998, COMMAND x: -1, COMMAND y: 1, REP x: -0.000000, REP y: -0.000000
[2024-01-14 23:16:34] DRONE: Drone_pos sent to server
[2024-01-14 23:16:34] DRONE: Command_force received from server
[2024-01-14 23:16:34] REP x: -0.000000, REP y: -0.000000, Sumx: 0.000000, Sumy: 0.000000
[2024-01-14 23:16:34] REP x: -0.000000, REP y: -0.000000, Sumx: 0.000000, Sumy: 0.000000
[2024-01-14 23:16:34] DRONE x: 84.818969, DRONE y: 61.999998, COMMAND x: -1, COMMAND y: 1, REP x: -0.000000, REP y: -0.000000
[2024-01-14 23:16:34] DRONE: Drone_pos sent to server
[2024-01-14 23:16:34] DRONE: Command_force received from server
[2024-01-14 23:16:34] REP x: -0.000000, REP y: -0.000000, Sumx: 0.000000, Sumy: 0.000000
[2024-01-14 23:16:34] REP x: -0.000000, REP y: -0.000000, Sumx: 0.000000, Sumy: 0.000000
[2024-01-14 23:16:34] DRONE x: 83.819457, DRONE y: 62.999998, COMMAND x: -1, COMMAND y: 1, REP x: -0.000000, REP y: -0.000000
[2024-01-14 23:16:34] DRONE: Drone_pos sent to server
[2024-01-14 23:16:34] DRONE: Command_force received from server
[2024-01-14 23:16:34] REP x: -0.000000, REP y: -0.000000, Sumx: 0.000000, Sumy: 0.000000
[2024-01-14 23:16:34] REP x: -0.000000, REP y: -0.000000, Sumx: 0.000000, Sumy: 0.000000
[2024-01-14 23:16:34] DRONE x: 82.819701, DRONE y: 63.999998, COMMAND x: -1, COMMAND y: 1, REP x: -0.000000, REP y: -0.000000
[2024-01-14 23:16:34] DRONE: Drone_pos sent to server
[2024-01-14 23:16:34] DRONE: Command_force received from server
[2024-01-14 23:16:34] REP x: -0.000000, REP y: -0.000000, Sumx: 0.000000, Sumy: 0.000000
[2024-01-14 23:16:34] REP x: -0.000000, REP y: -0.000000, Sumx: 0.000000, Sumy: 0.000000
[2024-01-14 23:16:34] DRONE x: 81.819823, DRONE y: 64.999998, COMMAND x: -1, COMMAND y: 1, REP x: -0.000000, REP y: -0.000000
[2024-01-14 23:16:34] DRONE: Drone_pos sent to server
[2024-01-14 23:16:34] DRONE: Command_force received from server
[2024-01-14 23:16:34] REP x: -0.000000, REP y: -0.000000, Sumx: 0.000000, Sumy: 0.000000
[2024-01-14 23:16:34] REP x: -0.000000, REP y: -0.000000, Sumx: 0.000000, Sumy: 0.000000
[2024-01-14 23:16:34] DRONE x: 80.819884, DRONE y: 65.999998, COMMAND x: -1, COMMAND y: 1, REP x: -0.000000, REP y: -0.000000
[2024-01-14 23:16:34] DRONE: Drone_pos sent to server
[2024-01-14 23:16:34] DRONE: Command_force received from server
[2024-01-14 23:16:34] REP x: -0.000000, REP y: -0.000000, Sumx: 0.000000, Sumy: 0.000000
[2024-01-14 23:16:34] REP x: -0.000000, REP y: -0.000000, Sumx: 0.000000, Sumy: 0.000000
[2024-01-14 23:16:34] DRONE x: 79.819915, DRONE y: 66.999998, COMMAND x: -1, COMMAND y: 1, REP x: -0.000000, REP y: -0.000000
[2024-01-14 23:16:34] DRONE: Drone_pos sent to server
[2024-01-14 23:16:34] DRONE: Command_force received from server
[2024-01-14 23:16:34] REP x: -0.000000, REP y: -0.000000, Sumx: 0.000000, Sumy: 0.000000
[2024-01-14 23:16:34] REP x: -0.000000, REP y: -0.000000, Sumx: 0.000000, Sumy: 0.000000
[2024-01-14 23:16:34] DRONE x: 78.819930, DRONE y: 67.999998, COMMAND x: -1, COMMAND y: 1, REP x: -0.000000, REP y: -0.000000
[2024-01-14 23:16:34] DRONE: Drone_pos sent to server
[2024-01-14 23:16:34] DRONE: Command_force received from server
[2024-01-14 23:16:34] DRONE: Drone_pos sent to server
[2024-01-14 23:16:34] DRONE: Command_force received from server
[2024-01-14 23:16:34] DRONE: Drone_pos sent to server
[2024-01-14 23:16:34] DRONE: Command_force received from server
[2024-01-14 23:16:34] DRONE: Drone_pos sent to server
[2024-01-14 23:16:34] DRONE: Command_force received from server
[2024-01-14 23:16:34] DRONE: Drone_pos sent to server
[2024-01-14 23:16:34] DRONE: Command_force received from server
[2024-01-14 23:16:34] DRONE: Drone_pos sent to server
[2024-01-14 23:16:35] DRONE: Command_force received from server
[2024-01-14 23:16:35] DRONE: Drone_pos sent to server
[2024-01-14 23:16:35] DRONE: Command_force received from server
[2024-01-14 23:16:35] DRONE: Drone_pos sent to server
[2024-01-14 23:16:35] DRONE: Command_force received from server
[2024-01-14 23:16:35] REP x: -0.000000, REP y: -0.000000, Sumx: 0.000000, Sumy: 0.000000
[2024-01-14 23:16:35] REP x: -0.000000, REP y: -0.000000, Sumx: 0.000000, Sumy: 0.000000
[2024-01-14 23:16:35] DRONE x: 77.819938, DRONE y: 68.999998, COMMAND x: 0, COMMAND y: 1, REP x: -0.000000, REP y: -0.000000
[2024-01-14 23:16:35] DRONE: Drone_pos sent to server
[2024-01-14 23:16:35] DRONE: Command_force received from server
[2024-01-14 23:16:35] REP x: -0.000000, REP y: -0.000000, Sumx: 0.000000, Sumy: 0.000000
[2024-01-14 23:16:35] REP x: -0.000000, REP y: -0.000000, Sumx: 0.000000, Sumy: 0.000000
[2024-01-14 23:16:35] DRONE x: 77.819938, DRONE y: 69.499998, COMMAND x: 0, COMMAND y: 1, REP x: -0.000000, REP y: -0.000000
[2024-01-14 23:16:35] DRONE: Drone_pos sent to server
[2024-01-14 23:16:35] DRONE: Command_force received from server
[2024-01-14 23:16:35] REP x: -0.000000, REP y: -0.000000, Sumx: 0.000000, Sumy: 0.000000
[2024-01-14 23:16:35] REP x: -0.000000, REP y: -0.000000, Sumx: 0.000000, Sumy: 0.000000
[2024-01-14 23:16:35] DRONE x: 77.819938, DRONE y: 70.249998, COMMAND x: 0, COMMAND y: 1, REP x: -0.000000, REP y: -0.000000
[2024-01-14 23:16:35] DRONE: Drone_pos sent to server
[2024-01-14 23:16:35] DRONE: Command_force received from server
[2024-01-14 23:16:35] REP x: -0.000000, REP y: -0.000000, Sumx: 0.000000, Sumy: 0.000000
[2024-01-14 23:16:35] REP x: -0.000000, REP y: -0.000000, Sumx: 0.000000, Sumy: 0.000000
[2024-01-14 23:16:35] DRONE x: 77.819938, DRONE y: 71.124998, COMMAND x: 0, COMMAND y: 1, REP x: -0.000000, REP y: -0.000000
[2024-01-14 23:16:35] DRONE: Drone_pos sent to server
[2024-01-14 23:16:35] DRONE: Command_force received from server
[2024-01-14 23:16:35] REP x: -0.000000, REP y: -0.000000, Sumx: 0.000000, Sumy: 0.000000
[2024-01-14 23:16:35] REP x: -0.000000, REP y: -0.000000, Sumx: 0.000000, Sumy: 0.000000
[2024-01-14 23:16:35] DRONE x: 77.819938, DRONE y: 72.062498, COMMAND x: 0, COMMAND y: 1, REP x: -0.000000, REP y: -0.000000
[2024-01-14 23:16:35] DRONE: Drone_pos sent to server
[2024-01-14 23:16:35] DRONE: Command_force received from server
[2024-01-14 23:16:35] REP x: -0.000000, REP y: -0.000000, Sumx: 0.000000, Sumy: 0.000000
[2024-01-14 23:16:35] REP x: -0.000000, REP y: -0.000000, Sumx: 0.000000, Sumy: 0.000000
[2024-01-14 23:16:35] DRONE x: 77.819938, DRONE y: 73.031248, COMMAND x: 0, COMMAND y: 1, REP x: -0.000000, REP y: -0.000000
[2024-01-14 23:16:35] DRONE: Drone_pos sent to server
[2024-01-14 23:16:35] DRONE: Command_force received from server
[2024-01-14 23:16:35] REP x: -0.000000, REP y: -0.000000, Sumx: 0.000000, Sumy: 0.000000
[2024-01-14 23:16:35] REP x: -0.000000, REP y: -0.000000, Sumx: 0.000000, Sumy: 0.000000
[2024-01-14 23:16:35] DRONE x: 77.819938, DRONE y: 74.015623, COMMAND x: 0, COMMAND y: 1, REP x: -0.000000, REP y: -0.000000
[2024-01-14 23:16:35] DRONE: Drone_pos sent to server
[2024-01-14 23:16:35] DRONE: Command_force received from server
[2024-01-14 23:16:35] REP x: -0.000000, REP y: -0.000000, Sumx: 0.000000, Sumy: 0.000000
[2024-01-14 23:16:35] REP x: -0.000000, REP y: -0.000000, Sumx: 0.000000, Sumy: 0.000000
[2024-01-14 23:16:35] DRONE x: 77.819938, DRONE y: 75.007811, COMMAND x: 0, COMMAND y: 1, REP x: -0.000000, REP y: -0.000000
[2024-01-14 23:16:35] DRONE: Drone_pos sent to server
[2024-01-14 23:16:35] DRONE: Command_force received from server
[2024-01-14 23:16:35] REP x: -0.000000, REP y: -0.000000, Sumx: 0.000000, Sumy: 0.000000
[2024-01-14 23:16:35] REP x: -0.000000, REP y: -0.000000, Sumx: 0.000000, Sumy: 0.000000
[2024-01-14 23:16:35] DRONE x: 77.819938, DRONE y: 76.003904, COMMAND x: 0, COMMAND y: 1, REP x: -0.000000, REP y: -0.000000
[2024-01-14 23:16:35] DRONE: Drone_pos sent to server
[2024-01-14 23:16:35] DRONE: Command_force received from server
[2024-01-14 23:16:35] REP x: -0.000000, REP y: -0.000000, Sumx: 0.000000, Sumy: 0.000000
[2024-01-14 23:16:35] REP x: -0.000000, REP y: -0.000000, Sumx: 0.000000, Sumy: 0.000000
[2024-01-14 23:16:35] DRONE x: 77.819938, DRONE y: 77.001951, COMMAND x: 0, COMMAND y: 1, REP x: -0.000000, REP y: -0.000000
[2024-01-14 23:16:35] DRONE: Drone_pos sent to server
[2024-01-14 23:16:35] DRONE: Command_force received from server
[2024-01-14 23:16:35] REP x: -0.000000, REP y: -0.000000, Sumx: 0.000000, Sumy: 0.000000
[2024-01-14 23:16:35] REP x: -0.000000, REP y: -0.000000, Sumx: 0.000000, Sumy: 0.000000
[2024-01-14 23:16:35] DRONE x: 77.819938, DRONE y: 78.000975, COMMAND x: 0, COMMAND y: 1, REP x: -0.000000, REP y: -0.000000
[2024-01-14 23:16:35] DRONE: Drone_pos sent to server
[2024-01-14 23:16:35] DRONE: Command_force received from server
[2024-01-14 23:16:35] REP x: -0.000000, REP y: -0.000000, Sumx: 0.000000, Sumy: 0.000000
[2024-01-14 23:16:35] REP x: -0.000000, REP y: -0.000000, Sumx: 0.000000, Sumy: 0.000000
[2024-01-14 23:16:35] DRONE x: 77.819938, DRONE y: 79.000486, COMMAND x: 0, COMMAND y: 1, REP x: -0.000000, REP y: -0.000000
[2024-01-14 23:16:35] DRONE: Drone_pos sent to server
[2024-01-14 23:16:35] DRONE: Command_force received from server
[2024-01-14 23:16:35] REP x: -0.000000, REP y: -0.000000, Sumx: 0.000000, Sumy: 0.000000
[2024-01-14 23:16:35] REP x: -0.000000, REP y: -0.000000, Sumx: 0.000000, Sumy: 0.000000
[2024-01-14 23:16:35] DRONE x: 77.819938, DRONE y: 80.000242, COMMAND x: 0, COMMAND y: 1, REP x: -0.000000, REP y: -0.000000
[2024-01-14 23:16:35] DRONE: Drone_pos sent to server
[2024-01-14 23:16:35] DRONE: Command_force received from server
[2024-01-14 23:16:35] REP x: -0.000000, REP y: -0.000000, Sumx: 0.000000, Sumy: 0.000000
[2024-01-14 23:16:35] REP x: -0.000000, REP y: -0.000000, Sumx: 0.000000, Sumy: 0.000000
[2024-01-14 23:16:35] DRONE x: 77.819938, DRONE y: 81.000120, COMMAND x: 0, COMMAND y: 1, REP x: -0.000000, REP y: -0.000000
[2024-01-14 23:16:35] DRONE: Drone_pos sent to server
[2024-01-14 23:16:35] DRONE: Command_force received from server
[2024-01-14 23:16:35] REP x: -0.000000, REP y: -0.000000, Sumx: 0.000000, Sumy: 0.000000
[2024-01-14 23:16:35] REP x: -0.000000, REP y: -0.000000, Sumx: 0.000000, Sumy: 0.000000
[2024-01-14 23:16:35] DRONE x: 77.819938, DRONE y: 82.000059, COMMAND x: 0, COMMAND y: 1, REP x: -0.000000, REP y: -0.000000
[2024-01-14 23:16:35] DRONE: Drone_pos sent to server
[2024-01-14 23:16:35] DRONE: Command_force received from server
[2024-01-14 23:16:35] DRONE: Drone_pos sent to server
[2024-01-14 23:16:35] DRONE: Command_force received from server
[2024-01-14 23:16:35] DRONE: Drone_pos sent to server
[2024-01-14 23:16:35] DRONE: Command_force received from server
[2024-01-14 23:16:35] DRONE: Drone_pos sent to server
[2024-01-14 23:16:35] DRONE: Command_force received from server
[2024-01-14 23:16:35] DRONE: Drone_pos sent to server
[2024-01-14 23:16:36] DRONE: Command_force received from server
[2024-01-14 23:16:36] DRONE: Drone_pos sent to server
[2024-01-14 23:16:36] DRONE: Command_force received from server
[2024-01-14 23:16:36] DRONE: Drone_pos sent to server
[2024-01-14 23:16:36] DRONE: Command_force received from server
[2024-01-14 23:16:36] DRONE: Drone_pos sent to server
[2024-01-14 23:16:36] DRONE: Command_force received from server
[2024-01-14 23:16:36] REP x: -0.000000, REP y: -0.000000, Sumx: 0.000000, Sumy: 0.000000
[2024-01-14 23:16:36] REP x: -0.000000, REP y: -0.000000, Sumx: 0.000000, Sumy: 0.000000
[2024-01-14 23:16:36] DRONE x: 77.819938, DRONE y: 83.000029, COMMAND x: 0, COMMAND y: -1, REP x: -0.000000, REP y: -0.000000
[2024-01-14 23:16:36] DRONE: Drone_pos sent to server
[2024-01-14 23:16:36] DRONE: Command_force received from server
[2024-01-14 23:16:36] REP x: -0.000000, REP y: -0.000000, Sumx: 0.000000, Sumy: 0.000000
[2024-01-14 23:16:36] REP x: -0.000000, REP y: -0.000000, Sumx: 0.000000, Sumy: 0.000000
[2024-01-14 23:16:36] DRONE x: 77.819938, DRONE y: 82.500029, COMMAND x: 0, COMMAND y: -1, REP x: -0.000000, REP y: -0.000000
[2024-01-14 23:16:36] DRONE: Drone_pos sent to server
[2024-01-14 23:16:36] DRONE: Command_force received from server
[2024-01-14 23:16:36] REP x: -0.000000, REP y: -0.000000, Sumx: 0.000000, Sumy: 0.000000
[2024-01-14 23:16:36] REP x: -0.000000, REP y: -0.000000, Sumx: 0.000000, Sumy: 0.000000
[2024-01-14 23:16:36] DRONE x: 77.819938, DRONE y: 81.750029, COMMAND x: 0, COMMAND y: -1, REP x: -0.000000, REP y: -0.000000
[2024-01-14 23:16:36] DRONE: Drone_pos sent to server
[2024-01-14 23:16:36] DRONE: Command_force received from server
[2024-01-14 23:16:36] REP x: -0.000000, REP y: -0.000000, Sumx: 0.000000, Sumy: 0.000000
[2024-01-14 23:16:36] REP x: -0.000000, REP y: -0.000000, Sumx: 0.000000, Sumy: 0.000000
[2024-01-14 23:16:36] DRONE x: 77.819938, DRONE y: 80.875029, COMMAND x: 0, COMMAND y: -1, REP x: -0.000000, REP y: -0.000000
[2024-01-14 23:16:36] DRONE: Drone_pos sent to server
[2024-01-14 23:16:36] DRONE: Command_force received from server
[2024-01-14 23:16:36] REP x: -0.000000, REP y: -0.000000, Sumx: 0.000000, Sumy: 0.000000
[2024-01-14 23:16:36] REP x: -0.000000, REP y: -0.000000, Sumx: 0.000000, Sumy: 0.000000
[2024-01-14 23:16:36] DRONE x: 77.819938, DRONE y: 79.937529, COMMAND x: 0, COMMAND y: -1, REP x: -0.000000, REP y: -0.000000
[2024-01-14 23:16:36] DRONE: Drone_pos sent to server
[2024-01-14 23:16:36] DRONE: Command_force received from server
[2024-01-14 23:16:36] REP x: -0.000000, REP y: -0.000000, Sumx: 0.000000, Sumy: 0.000000
[2024-01-14 23:16:36] REP x: -0.000000, REP y: -0.000000, Sumx: 0.000000, Sumy: 0.000000
[2024-01-14 23:16:36] DRONE x: 77.819938, DRONE y: 78.968779, COMMAND x: 0, COMMAND y: -2, REP x: -0.000000, REP y: -0.000000
[2024-01-14 23:16:36] DRONE: Drone_pos sent to server
[2024-01-14 23:16:36] DRONE: Command_force received from server
[2024-01-14 23:16:36] REP x: -0.000000, REP y: -0.000000, Sumx: 0.000000, Sumy: 0.000000
[2024-01-14 23:16:36] REP x: -0.000000, REP y: -0.000000, Sumx: 0.000000, Sumy: 0.000000
[2024-01-14 23:16:36] DRONE x: 77.819938, DRONE y: 77.484404, COMMAND x: 0, COMMAND y: -2, REP x: -0.000000, REP y: -0.000000
[2024-01-14 23:16:36] DRONE: Drone_pos sent to server
[2024-01-14 23:16:36] DRONE: Command_force received from server
[2024-01-14 23:16:36] REP x: -0.000000, REP y: -0.000000, Sumx: 0.000000, Sumy: 0.000000
[2024-01-14 23:16:36] REP x: -0.000000, REP y: -0.000000, Sumx: 0.000000, Sumy: 0.000000
[2024-01-14 23:16:36] DRONE x: 77.819938, DRONE y: 75.742216, COMMAND x: 0, COMMAND y: -2, REP x: -0.000000, REP y: -0.000000
[2024-01-14 23:16:36] DRONE: Drone_pos sent to server
[2024-01-14 23:16:36] DRONE: Command_force received from server
[2024-01-14 23:16:36] REP x: -0.000000, REP y: -0.000000, Sumx: 0.000000, Sumy: 0.000000
[2024-01-14 23:16:36] REP x: -0.000000, REP y: -0.000000, Sumx: 0.000000, Sumy: 0.000000
[2024-01-14 23:16:36] DRONE x: 77.819938, DRONE y: 73.871122, COMMAND x: 0, COMMAND y: -2, REP x: -0.000000, REP y: -0.000000
[2024-01-14 23:16:36] DRONE: Drone_pos sent to server
[2024-01-14 23:16:36] DRONE: Command_force received from server
[2024-01-14 23:16:36] REP x: -0.000000, REP y: -0.000000, Sumx: 0.000000, Sumy: 0.000000
[2024-01-14 23:16:36] REP x: -0.000000, REP y: -0.000000, Sumx: 0.000000, Sumy: 0.000000
[2024-01-14 23:16:36] DRONE x: 77.819938, DRONE y: 71.935575, COMMAND x: 0, COMMAND y: -2, REP x: -0.000000, REP y: -0.000000
[2024-01-14 23:16:36] DRONE: Drone_pos sent to server
[2024-01-14 23:16:36] DRONE: Command_force received from server
[2024-01-14 23:16:36] REP x: -0.000000, REP y: -0.000000, Sumx: 0.000000, Sumy: 0.000000
[2024-01-14 23:16:36] REP x: -0.000000, REP y: -0.000000, Sumx: 0.000000, Sumy: 0.000000
[2024-01-14 23:16:36] DRONE x: 77.819938, DRONE y: 69.967802, COMMAND x: 0, COMMAND y: -2, REP x: -0.000000, REP y: -0.000000
[2024-01-14 23:16:36] DRONE: Drone_pos sent to server
[2024-01-14 23:16:36] DRONE: Command_force received from server
[2024-01-14 23:16:36] REP x: -0.000000, REP y: -0.000000, Sumx: 0.000000, Sumy: 0.000000
[2024-01-14 23:16:36] REP x: -0.000000, REP y: -0.000000, Sumx: 0.000000, Sumy: 0.000000
[2024-01-14 23:16:36] DRONE x: 77.819938, DRONE y: 67.983915, COMMAND x: 1, COMMAND y: -3, REP x: -0.000000, REP y: -0.000000
[2024-01-14 23:16:36] DRONE: Drone_pos sent to server
[2024-01-14 23:16:36] DRONE: Command_force received from server
[2024-01-14 23:16:36] REP x: -0.000000, REP y: -0.000000, Sumx: 0.000000, Sumy: 0.000000
[2024-01-14 23:16:36] REP x: -0.000000, REP y: -0.000000, Sumx: 0.000000, Sumy: 0.000000
[2024-01-14 23:16:36] DRONE x: 78.319938, DRONE y: 65.491972, COMMAND x: 1, COMMAND y: -3, REP x: -0.000000, REP y: -0.000000
[2024-01-14 23:16:36] DRONE: Drone_pos sent to server
[2024-01-14 23:16:36] DRONE: Command_force received from server
[2024-01-14 23:16:36] REP x: -0.000000, REP y: -0.000000, Sumx: 0.000000, Sumy: 0.000000
[2024-01-14 23:16:36] REP x: -0.000000, REP y: -0.000000, Sumx: 0.000000, Sumy: 0.000000
[2024-01-14 23:16:36] DRONE x: 79.069938, DRONE y: 62.746000, COMMAND x: 1, COMMAND y: -3, REP x: -0.000000, REP y: -0.000000
[2024-01-14 23:16:36] DRONE: Drone_pos sent to server
[2024-01-14 23:16:36] DRONE: Command_force received from server
[2024-01-14 23:16:36] REP x: -0.000000, REP y: -0.000000, Sumx: 0.000000, Sumy: 0.000000
[2024-01-14 23:16:36] REP x: -0.000000, REP y: -0.000000, Sumx: 0.000000, Sumy: 0.000000
[2024-01-14 23:16:36] DRONE x: 79.944938, DRONE y: 59.873014, COMMAND x: 1, COMMAND y: -3, REP x: -0.000000, REP y: -0.000000
[2024-01-14 23:16:36] DRONE: Drone_pos sent to server
[2024-01-14 23:16:36] DRONE: Command_force received from server
[2024-01-14 23:16:36] REP x: -0.000000, REP y: -0.000000, Sumx: 0.000000, Sumy: 0.000000
[2024-01-14 23:16:36] REP x: -0.000000, REP y: -0.000000, Sumx: 0.000000, Sumy: 0.000000
[2024-01-14 23:16:36] DRONE x: 80.882438, DRONE y: 56.936522, COMMAND x: 1, COMMAND y: -3, REP x: -0.000000, REP y: -0.000000
[2024-01-14 23:16:36] DRONE: Drone_pos sent to server
[2024-01-14 23:16:36] DRONE: Command_force received from server
[2024-01-14 23:16:36] REP x: -0.000000, REP y: -0.000000, Sumx: 0.000000, Sumy: 0.000000
[2024-01-14 23:16:36] REP x: -0.000000, REP y: -0.000000, Sumx: 0.000000, Sumy: 0.000000
[2024-01-14 23:16:36] DRONE x: 81.851188, DRONE y: 53.968275, COMMAND x: 1, COMMAND y: -3, REP x: -0.000000, REP y: -0.000000
[2024-01-14 23:16:36] DRONE: Drone_pos sent to server
[2024-01-14 23:16:36] DRONE: Command_force received from server
[2024-01-14 23:16:36] REP x: -0.000000, REP y: -0.000000, Sumx: 0.000000, Sumy: 0.000000
[2024-01-14 23:16:36] REP x: -0.000000, REP y: -0.000000, Sumx: 0.000000, Sumy: 0.000000
[2024-01-14 23:16:36] DRONE x: 82.835563, DRONE y: 50.984152, COMMAND x: 1, COMMAND y: -3, REP x: -0.000000, REP y: -0.000000
[2024-01-14 23:16:36] DRONE: Drone_pos sent to server
[2024-01-14 23:16:36] DRONE: Command_force received from server
[2024-01-14 23:16:36] REP x: -0.000000, REP y: -0.000000, Sumx: 0.000000, Sumy: 0.000000
[2024-01-14 23:16:36] REP x: -0.000000, REP y: -0.000000, Sumx: 0.000000, Sumy: 0.000000
[2024-01-14 23:16:36] DRONE x: 83.827750, DRONE y: 47.992090, COMMAND x: 1, COMMAND y: -3, REP x: -0.000000, REP y: -0.000000
[2024-01-14 23:16:36] DRONE: Drone_pos sent to server
[2024-01-14 23:16:37] DRONE: Command_force received from server
[2024-01-14 23:16:37] REP x: -0.000000, REP y: -0.000000, Sumx: 0.000000, Sumy: 0.000000
[2024-01-14 23:16:37] REP x: -0.000000, REP y: -0.000000, Sumx: 0.000000, Sumy: 0.000000
[2024-01-14 23:16:37] DRONE x: 84.823844, DRONE y: 44.996059, COMMAND x: 1, COMMAND y: -3, REP x: -0.000000, REP y: -0.000000
[2024-01-14 23:16:37] DRONE: Drone_pos sent to server
[2024-01-14 23:16:37] DRONE: Command_force received from server
[2024-01-14 23:16:37] REP x: -0.000000, REP y: -0.000000, Sumx: 0.000000, Sumy: 0.000000
[2024-01-14 23:16:37] REP x: -0.000000, REP y: -0.000000, Sumx: 0.000000, Sumy: 0.000000
[2024-01-14 23:16:37] DRONE x: 85.821891, DRONE y: 41.998044, COMMAND x: 1, COMMAND y: -3, REP x: -0.000000, REP y: -0.000000
[2024-01-14 23:16:37] DRONE: Drone_pos sent to server
[2024-01-14 23:16:37] DRONE: Command_force received from server
[2024-01-14 23:16:37] REP x: -0.000000, REP y: -0.000000, Sumx: 0.000000, Sumy: 0.000000
[2024-01-14 23:16:37] REP x: -0.000000, REP y: -0.000000, Sumx: 0.000000, Sumy: 0.000000
[2024-01-14 23:16:37] DRONE x: 86.820914, DRONE y: 38.999036, COMMAND x: 1, COMMAND y: -3, REP x: -0.000000, REP y: -0.000000
[2024-01-14 23:16:37] DRONE: Drone_pos sent to server
[2024-01-14 23:16:37] DRONE: Command_force received from server
[2024-01-14 23:16:37] REP x: -0.000000, REP y: -0.000000, Sumx: 0.000000, Sumy: 0.000000
[2024-01-14 23:16:37] REP x: -0.000000, REP y: -0.000000, Sumx: 0.000000, Sumy: 0.000000
[2024-01-14 23:16:37] DRONE x: 87.820426, DRONE y: 35.999532, COMMAND x: 1, COMMAND y: -3, REP x: -0.000000, REP y: -0.000000
[2024-01-14 23:16:37] DRONE: Drone_pos sent to server
[2024-01-14 23:16:37] DRONE: Command_force received from server
[2024-01-14 23:16:37] REP x: -0.000000, REP y: -0.000000, Sumx: 0.000000, Sumy: 0.000000
[2024-01-14 23:16:37] REP x: -0.000000, REP y: -0.000000, Sumx: 0.000000, Sumy: 0.000000
[2024-01-14 23:16:37] DRONE x: 88.820182, DRONE y: 32.999781, COMMAND x: 1, COMMAND y: -3, REP x: -0.000000, REP y: -0.000000
[2024-01-14 23:16:37] DRONE: Drone_pos sent to server
[2024-01-14 23:16:37] DRONE: Command_force received from server
[2024-01-14 23:16:37] REP x: -0.000000, REP y: -0.000000, Sumx: 0.000000, Sumy: 0.000000
[2024-01-14 23:16:37] REP x: -0.000000, REP y: -0.000000, Sumx: 0.000000, Sumy: 0.000000
[2024-01-14 23:16:37] DRONE x: 89.820060, DRONE y: 29.999905, COMMAND x: 1, COMMAND y: -3, REP x: -0.000000, REP y: -0.000000
[2024-01-14 23:16:37] DRONE: Drone_pos sent to server
[2024-01-14 23:16:37] DRONE: Command_force received from server
[2024-01-14 23:16:37] REP x: -0.000000, REP y: -0.000000, Sumx: 0.000000, Sumy: 0.000000
[2024-01-14 23:16:37] REP x: -0.000000, REP y: -0.000000, Sumx: 0.000000, Sumy: 0.000000
[2024-01-14 23:16:37] DRONE x: 90.819999, DRONE y: 26.999967, COMMAND x: 1, COMMAND y: -3, REP x: -0.000000, REP y: -0.000000
[2024-01-14 23:16:37] DRONE: Drone_pos sent to server
[2024-01-14 23:16:37] DRONE: Command_force received from server
[2024-01-14 23:16:37] REP x: -0.000000, REP y: -0.000000, Sumx: 0.000000, Sumy: 0.000000
[2024-01-14 23:16:37] REP x: -0.000000, REP y: -0.000000, Sumx: 0.000000, Sumy: 0.000000
[2024-01-14 23:16:37] DRONE x: 91.819968, DRONE y: 23.999998, COMMAND x: 1, COMMAND y: -3, REP x: -0.000000, REP y: -0.000000
[2024-01-14 23:16:37] DRONE: Drone_pos sent to server
[2024-01-14 23:16:37] DRONE: Command_force received from server
[2024-01-14 23:16:37] REP x: -0.000000, REP y: -0.000000, Sumx: 0.000000, Sumy: 0.000000
[2024-01-14 23:16:37] REP x: -0.000000, REP y: -0.000000, Sumx: 0.000000, Sumy: 0.000000
[2024-01-14 23:16:37] DRONE x: 92.819953, DRONE y: 21.000013, COMMAND x: 1, COMMAND y: -3, REP x: -0.000000, REP y: -0.000000
[2024-01-14 23:16:37] DRONE: Drone_pos sent to server
[2024-01-14 23:16:37] DRONE: Command_force received from server
[2024-01-14 23:16:37] REP x: -0.000000, REP y: -0.000000, Sumx: 0.000000, Sumy: 0.000000
[2024-01-14 23:16:37] REP x: -0.000000, REP y: -0.000000, Sumx: 0.000000, Sumy: 0.000000
[2024-01-14 23:16:37] DRONE x: 93.819945, DRONE y: 18.000021, COMMAND x: 1, COMMAND y: -3, REP x: -0.000000, REP y: -0.000000
[2024-01-14 23:16:37] DRONE: Drone_pos sent to server
[2024-01-14 23:16:37] DRONE: Command_force received from server
[2024-01-14 23:16:37] REP x: -0.000000, REP y: -0.000000, Sumx: 0.000000, Sumy: 0.000000
[2024-01-14 23:16:37] REP x: -0.000000, REP y: -0.000000, Sumx: 0.000000, Sumy: 0.000000
[2024-01-14 23:16:37] DRONE x: 94.819942, DRONE y: 15.000025, COMMAND x: 1, COMMAND y: -3, REP x: -0.000000, REP y: -0.000000
[2024-01-14 23:16:37] DRONE: Drone_pos sent to server
[2024-01-14 23:16:37] DRONE: Command_force received from server
[2024-01-14 23:16:37] REP x: 7.153934, REP y: -0.000000, Sumx: -0.572315, Sumy: 0.000000
[2024-01-14 23:16:37] REP x: 7.153934, REP y: -0.000000, Sumx: -0.572315, Sumy: 0.000000
[2024-01-14 23:16:37] DRONE x: 95.819940, DRONE y: 12.000027, COMMAND x: 1, COMMAND y: -3, REP x: 7.153934, REP y: -0.000000
[2024-01-14 23:16:37] DRONE: Drone_pos sent to server
[2024-01-14 23:16:37] DRONE: Command_force received from server
[2024-01-14 23:16:37] DRONE: Drone_pos sent to server
[2024-01-14 23:16:37] DRONE: Command_force received from server
[2024-01-14 23:16:37] DRONE: Drone_pos sent to server
[2024-01-14 23:16:37] DRONE: Command_force received from server
[2024-01-14 23:16:37] DRONE: Drone_pos sent to server
[2024-01-14 23:16:37] DRONE: Command_force received from server
[2024-01-14 23:16:37] DRONE: Drone_pos sent to server
[2024-01-14 23:16:37] DRONE: Command_force received from server
[2024-01-14 23:16:37] DRONE: Drone_pos sent to server
[2024-01-14 23:16:37] DRONE: Command_force received from server
[2024-01-14 23:16:37] DRONE: Drone_pos sent to server
[2024-01-14 23:16:37] DRONE: Command_force received from server
[2024-01-14 23:16:37] DRONE: Drone_pos sent to server
[2024-01-14 23:16:37] DRONE: Command_force received from server
[2024-01-14 23:16:37] DRONE: Drone_pos sent to server
[2024-01-14 23:16:38] DRONE: Command_force received from server
[2024-01-14 23:16:38] DRONE: Drone_pos sent to server
[2024-01-14 23:16:38] DRONE: Command_force received from server
[2024-01-14 23:16:38] DRONE: Drone_pos sent to server
[2024-01-14 23:16:38] DRONE: Command_force received from server
[2024-01-14 23:16:38] DRONE: Drone_pos sent to server
[2024-01-14 23:16:38] DRONE: Command_force received from server
[2024-01-14 23:16:38] DRONE: Drone_pos sent to server
[2024-01-14 23:16:38] DRONE: Command_force received from server
[2024-01-14 23:16:38] DRONE: Drone_pos sent to server
[2024-01-14 23:16:38] DRONE: Command_force received from server
[2024-01-14 23:16:38] DRONE: Drone_pos sent to server
[2024-01-14 23:16:38] DRONE: Command_force received from server
[2024-01-14 23:16:38] DRONE: Drone_pos sent to server
[2024-01-14 23:16:38] DRONE: Command_force received from server
[2024-01-14 23:16:38] DRONE: Drone_pos sent to server
[2024-01-14 23:16:38] DRONE: Command_force received from server
[2024-01-14 23:16:38] DRONE: Drone_pos sent to server
[2024-01-14 23:16:38] DRONE: Command_force received from server
[2024-01-14 23:16:38] DRONE: Drone_pos sent to server
[2024-01-14 23:16:38] DRONE: Command_force received from server
[2024-01-14 23:16:38] DRONE: Drone_pos sent to server
[2024-01-14 23:16:38] DRONE: Command_force received from server
[2024-01-14 23:16:38] DRONE: Drone_pos sent to server
[2024-01-14 23:16:38] DRONE: Command_force received from server
[2024-01-14 23:16:38] DRONE: Drone_pos sent to server
[2024-01-14 23:16:38] DRONE: Command_force received from server
[2024-01-14 23:16:38] DRONE: Drone_pos sent to server
[2024-01-14 23:16:38] DRONE: Command_force received from server
[2024-01-14 23:16:38] DRONE: Drone_pos sent to server
[2024-01-14 23:16:38] DRONE: Command_force received from server
[2024-01-14 23:16:38] DRONE: Drone_pos sent to server
[2024-01-14 23:16:38] DRONE: Command_force received from server
[2024-01-14 23:16:38] DRONE: Drone_pos sent to server
[2024-01-14 23:16:38] killed
