[2024-01-15 13:44:16] SERVER: Pid recieved
[2024-01-15 13:44:16] SERVER: Pid recieved
[2024-01-15 13:44:16] SERVER: Pid recieved
[2024-01-15 13:44:16] SERVER: Pid recieved
[2024-01-15 13:44:16] SERVER: Pid recieved
[2024-01-15 13:44:16] PID = 3278

[2024-01-15 13:44:16] SERVER: Pid sent to watchdog
[2024-01-15 13:44:16] SERVER: New drone_pos received from drone
[2024-01-15 13:44:16] SERVER: Target received from target
[2024-01-15 13:44:16] SERVER: Obstacle received from obstacle
[2024-01-15 13:44:16] SERVER: New drone_pos received from drone
[2024-01-15 13:44:16] SERVER: Target received from target
[2024-01-15 13:44:16] SERVER: Obstacle received from obstacle
[2024-01-15 13:44:16] SERVER: New drone_pos received from drone
[2024-01-15 13:44:16] SERVER: Target received from target
[2024-01-15 13:44:16] SERVER: Obstacle received from obstacle
[2024-01-15 13:44:16] SERVER: New drone_pos received from drone
[2024-01-15 13:44:16] SERVER: Target received from target
[2024-01-15 13:44:16] SERVER: Obstacle received from obstacle
[2024-01-15 13:44:16] SERVER: New drone_pos received from drone
[2024-01-15 13:44:16] SERVER: Target received from target
[2024-01-15 13:44:16] SERVER: Obstacle received from obstacle
[2024-01-15 13:44:16] SERVER: New drone_pos received from drone
[2024-01-15 13:44:16] SERVER: Target received from target
[2024-01-15 13:44:16] SERVER: Obstacle received from obstacle
[2024-01-15 13:44:16] SERVER: New drone_pos received from drone
[2024-01-15 13:44:16] SERVER: Target received from target
[2024-01-15 13:44:16] SERVER: Obstacle received from obstacle
[2024-01-15 13:44:16] SERVER: New drone_pos received from drone
[2024-01-15 13:44:16] SERVER: Target received from target
[2024-01-15 13:44:16] SERVER: Obstacle received from obstacle
[2024-01-15 13:44:16] SERVER: New drone_pos received from drone
[2024-01-15 13:44:16] SERVER: Target received from target
[2024-01-15 13:44:16] SERVER: Obstacle received from obstacle
[2024-01-15 13:44:16] SERVER: New drone_pos received from drone
[2024-01-15 13:44:16] SERVER: Target received from target
[2024-01-15 13:44:16] SERVER: Obstacle received from obstacle
[2024-01-15 13:44:16] SERVER: New drone_pos received from drone
[2024-01-15 13:44:16] SERVER: Target received from target
[2024-01-15 13:44:16] SERVER: Obstacle received from obstacle
[2024-01-15 13:44:16] SERVER: New drone_pos received from drone
[2024-01-15 13:44:16] SERVER: Target received from target
[2024-01-15 13:44:16] SERVER: Obstacle received from obstacle
[2024-01-15 13:44:16] SERVER: New drone_pos received from drone
[2024-01-15 13:44:16] SERVER: Target received from target
[2024-01-15 13:44:16] SERVER: Obstacle received from obstacle
[2024-01-15 13:44:16] SERVER: New drone_pos received from drone
[2024-01-15 13:44:16] SERVER: Target received from target
[2024-01-15 13:44:16] SERVER: Obstacle received from obstacle
[2024-01-15 13:44:16] SERVER: New drone_pos received from drone
[2024-01-15 13:44:16] SERVER: Target received from target
[2024-01-15 13:44:16] SERVER: Obstacle received from obstacle
[2024-01-15 13:44:16] SERVER: New drone_pos received from drone
[2024-01-15 13:44:16] SERVER: Target received from target
[2024-01-15 13:44:16] SERVER: Obstacle received from obstacle
[2024-01-15 13:44:16] SERVER: New drone_pos received from drone
[2024-01-15 13:44:16] SERVER: Target received from target
[2024-01-15 13:44:16] SERVER: Obstacle received from obstacle
[2024-01-15 13:44:16] SERVER: New drone_pos received from drone
[2024-01-15 13:44:16] SERVER: Target received from target
[2024-01-15 13:44:16] SERVER: Obstacle received from obstacle
[2024-01-15 13:44:16] SERVER: New drone_pos received from drone
[2024-01-15 13:44:16] SERVER: Target received from target
[2024-01-15 13:44:16] SERVER: Obstacle received from obstacle
[2024-01-15 13:44:16] SERVER: New drone_pos received from drone
[2024-01-15 13:44:16] SERVER: Target received from target
[2024-01-15 13:44:16] SERVER: Obstacle received from obstacle
[2024-01-15 13:44:16] SERVER: New drone_pos received from drone
[2024-01-15 13:44:16] SERVER: Target received from target
[2024-01-15 13:44:17] SERVER: Obstacle received from obstacle
[2024-01-15 13:44:17] SERVER: New drone_pos received from drone
[2024-01-15 13:44:17] SERVER: Target received from target
[2024-01-15 13:44:17] SERVER: Obstacle received from obstacle
[2024-01-15 13:44:17] SERVER: New drone_pos received from drone
[2024-01-15 13:44:17] SERVER: Target received from target
[2024-01-15 13:44:17] SERVER: User input received
[2024-01-15 13:44:17] SERVER: Command force received from keyboard
[2024-01-15 13:44:17] SERVER: New drone_pos received from drone
[2024-01-15 13:44:17] SERVER: Target received from target
[2024-01-15 13:44:17] SERVER: Obstacle received from obstacle
[2024-01-15 13:44:17] SERVER: New drone_pos received from drone
[2024-01-15 13:44:17] SERVER: Target received from target
[2024-01-15 13:44:17] SERVER: Obstacle received from obstacle
[2024-01-15 13:44:17] SERVER: New drone_pos received from drone
[2024-01-15 13:44:17] SERVER: Target received from target
[2024-01-15 13:44:17] SERVER: Obstacle received from obstacle
[2024-01-15 13:44:17] SERVER: New drone_pos received from drone
[2024-01-15 13:44:17] SERVER: Target received from target
[2024-01-15 13:44:17] SERVER: Obstacle received from obstacle
[2024-01-15 13:44:17] SERVER: New drone_pos received from drone
[2024-01-15 13:44:17] SERVER: Target received from target
[2024-01-15 13:44:17] SERVER: Obstacle received from obstacle
[2024-01-15 13:44:17] SERVER: New drone_pos received from drone
[2024-01-15 13:44:17] SERVER: Target received from target
[2024-01-15 13:44:17] SERVER: Obstacle received from obstacle
[2024-01-15 13:44:17] SERVER: New drone_pos received from drone
[2024-01-15 13:44:17] SERVER: Target received from target
[2024-01-15 13:44:17] SERVER: Obstacle received from obstacle
[2024-01-15 13:44:17] SERVER: New drone_pos received from drone
[2024-01-15 13:44:17] SERVER: Target received from target
[2024-01-15 13:44:17] SERVER: Obstacle received from obstacle
[2024-01-15 13:44:17] SERVER: New drone_pos received from drone
[2024-01-15 13:44:17] SERVER: Target received from target
[2024-01-15 13:44:17] SERVER: User input received
[2024-01-15 13:44:17] SERVER: Command force received from keyboard
[2024-01-15 13:44:17] SERVER: New drone_pos received from drone
[2024-01-15 13:44:17] SERVER: Target received from target
[2024-01-15 13:44:17] SERVER: Obstacle received from obstacle
[2024-01-15 13:44:17] SERVER: New drone_pos received from drone
[2024-01-15 13:44:17] SERVER: Target received from target
[2024-01-15 13:44:17] SERVER: Obstacle received from obstacle
[2024-01-15 13:44:17] SERVER: New drone_pos received from drone
[2024-01-15 13:44:17] SERVER: Target received from target
[2024-01-15 13:44:17] SERVER: Obstacle received from obstacle
[2024-01-15 13:44:17] SERVER: New drone_pos received from drone
[2024-01-15 13:44:17] SERVER: Target received from target
[2024-01-15 13:44:17] SERVER: Obstacle received from obstacle
[2024-01-15 13:44:17] SERVER: New drone_pos received from drone
[2024-01-15 13:44:17] SERVER: Target received from target
[2024-01-15 13:44:17] SERVER: Obstacle received from obstacle
[2024-01-15 13:44:17] SERVER: New drone_pos received from drone
[2024-01-15 13:44:17] SERVER: Target received from target
[2024-01-15 13:44:17] SERVER: Obstacle received from obstacle
[2024-01-15 13:44:17] SERVER: New drone_pos received from drone
[2024-01-15 13:44:17] SERVER: Target received from target
[2024-01-15 13:44:17] SERVER: Obstacle received from obstacle
[2024-01-15 13:44:17] SERVER: New drone_pos received from drone
[2024-01-15 13:44:17] SERVER: Target received from target
[2024-01-15 13:44:17] SERVER: Obstacle received from obstacle
[2024-01-15 13:44:17] SERVER: New drone_pos received from drone
[2024-01-15 13:44:17] SERVER: Target received from target
[2024-01-15 13:44:17] SERVER: Obstacle received from obstacle
[2024-01-15 13:44:17] SERVER: New drone_pos received from drone
[2024-01-15 13:44:17] SERVER: Target received from target
[2024-01-15 13:44:18] SERVER: Obstacle received from obstacle
[2024-01-15 13:44:18] SERVER: New drone_pos received from drone
[2024-01-15 13:44:18] SERVER: Target received from target
[2024-01-15 13:44:18] SERVER: Obstacle received from obstacle
[2024-01-15 13:44:18] SERVER: New drone_pos received from drone
[2024-01-15 13:44:18] SERVER: Target received from target
[2024-01-15 13:44:18] SERVER: Obstacle received from obstacle
[2024-01-15 13:44:18] SERVER: New drone_pos received from drone
[2024-01-15 13:44:18] SERVER: Target received from target
[2024-01-15 13:44:18] SERVER: Obstacle received from obstacle
[2024-01-15 13:44:18] SERVER: New drone_pos received from drone
[2024-01-15 13:44:18] SERVER: Target received from target
[2024-01-15 13:44:18] SERVER: Obstacle received from obstacle
[2024-01-15 13:44:18] SERVER: New drone_pos received from drone
[2024-01-15 13:44:18] SERVER: User input received
[2024-01-15 13:44:18] SERVER: Target received from target
[2024-01-15 13:44:18] SERVER: Obstacle received from obstacle
[2024-01-15 13:44:18] SERVER: New drone_pos received from drone
[2024-01-15 13:44:18] SERVER: Target received from target
[2024-01-15 13:44:18] SERVER: Obstacle received from obstacle
[2024-01-15 13:44:18] SERVER: New drone_pos received from drone
[2024-01-15 13:44:18] SERVER: Target received from target
[2024-01-15 13:44:18] SERVER: Obstacle received from obstacle
[2024-01-15 13:44:18] SERVER: New drone_pos received from drone
[2024-01-15 13:44:18] SERVER: Target received from target
[2024-01-15 13:44:18] SERVER: Obstacle received from obstacle
[2024-01-15 13:44:18] SERVER: New drone_pos received from drone
[2024-01-15 13:44:18] SERVER: Target received from target
[2024-01-15 13:44:18] SERVER: Obstacle received from obstacle
[2024-01-15 13:44:18] SERVER: New drone_pos received from drone
[2024-01-15 13:44:18] SERVER: Target received from target
[2024-01-15 13:44:18] SERVER: Obstacle received from obstacle
[2024-01-15 13:44:18] SERVER: New drone_pos received from drone
[2024-01-15 13:44:18] SERVER: Target received from target
[2024-01-15 13:44:18] SERVER: Obstacle received from obstacle
[2024-01-15 13:44:18] SERVER: New drone_pos received from drone
[2024-01-15 13:44:18] SERVER: Target received from target
[2024-01-15 13:44:18] SERVER: Obstacle received from obstacle
[2024-01-15 13:44:18] SERVER: New drone_pos received from drone
[2024-01-15 13:44:18] SERVER: Target received from target
[2024-01-15 13:44:18] SERVER: Obstacle received from obstacle
[2024-01-15 13:44:18] SERVER: New drone_pos received from drone
[2024-01-15 13:44:18] SERVER: Target received from target
[2024-01-15 13:44:18] SERVER: Obstacle received from obstacle
[2024-01-15 13:44:18] SERVER: New drone_pos received from drone
[2024-01-15 13:44:18] SERVER: Target received from target
[2024-01-15 13:44:18] SERVER: Obstacle received from obstacle
[2024-01-15 13:44:18] SERVER: New drone_pos received from drone
[2024-01-15 13:44:18] SERVER: Target received from target
[2024-01-15 13:44:18] SERVER: Obstacle received from obstacle
[2024-01-15 13:44:18] SERVER: New drone_pos received from drone
[2024-01-15 13:44:18] SERVER: Target received from target
[2024-01-15 13:44:18] SERVER: Obstacle received from obstacle
[2024-01-15 13:44:18] SERVER: New drone_pos received from drone
[2024-01-15 13:44:18] SERVER: Target received from target
[2024-01-15 13:44:18] SERVER: Obstacle received from obstacle
[2024-01-15 13:44:18] SERVER: New drone_pos received from drone
[2024-01-15 13:44:18] SERVER: Target received from target
[2024-01-15 13:44:19] SERVER: Obstacle received from obstacle
[2024-01-15 13:44:19] SERVER: New drone_pos received from drone
[2024-01-15 13:44:19] SERVER: Target received from target
[2024-01-15 13:44:19] SERVER: Obstacle received from obstacle
[2024-01-15 13:44:19] SERVER: New drone_pos received from drone
[2024-01-15 13:44:19] SERVER: Target received from target
[2024-01-15 13:44:19] SERVER: Obstacle received from obstacle
[2024-01-15 13:44:19] SERVER: New drone_pos received from drone
[2024-01-15 13:44:19] SERVER: Target received from target
[2024-01-15 13:44:19] SERVER: Obstacle received from obstacle
[2024-01-15 13:44:19] SERVER: New drone_pos received from drone
[2024-01-15 13:44:19] SERVER: Target received from target
[2024-01-15 13:44:19] SERVER: Obstacle received from obstacle
[2024-01-15 13:44:19] SERVER: New drone_pos received from drone
[2024-01-15 13:44:19] SERVER: Target received from target
[2024-01-15 13:44:19] SERVER: Obstacle received from obstacle
[2024-01-15 13:44:19] SERVER: New drone_pos received from drone
[2024-01-15 13:44:19] SERVER: Target received from target
[2024-01-15 13:44:19] SERVER: Obstacle received from obstacle
[2024-01-15 13:44:19] SERVER: New drone_pos received from drone
[2024-01-15 13:44:19] SERVER: Target received from target
[2024-01-15 13:44:19] SERVER: Obstacle received from obstacle
[2024-01-15 13:44:19] SERVER: New drone_pos received from drone
[2024-01-15 13:44:19] SERVER: Target received from target
[2024-01-15 13:44:19] SERVER: Obstacle received from obstacle
[2024-01-15 13:44:19] SERVER: New drone_pos received from drone
[2024-01-15 13:44:19] SERVER: Target received from target
[2024-01-15 13:44:19] SERVER: Obstacle received from obstacle
[2024-01-15 13:44:19] SERVER: New drone_pos received from drone
[2024-01-15 13:44:19] SERVER: Target received from target
[2024-01-15 13:44:19] SERVER: Obstacle received from obstacle
[2024-01-15 13:44:19] SERVER: New drone_pos received from drone
[2024-01-15 13:44:19] SERVER: Target received from target
[2024-01-15 13:44:19] SERVER: Obstacle received from obstacle
[2024-01-15 13:44:19] SERVER: New drone_pos received from drone
[2024-01-15 13:44:19] SERVER: Target received from target
[2024-01-15 13:44:19] SERVER: Obstacle received from obstacle
[2024-01-15 13:44:19] SERVER: New drone_pos received from drone
[2024-01-15 13:44:19] SERVER: Target received from target
[2024-01-15 13:44:19] killed
