[2024-01-14 23:14:15] WINDOW: Pid sent to server
[2024-01-14 23:14:15] signal received
[2024-01-14 23:14:15] WINDOW: Drone_pos, Target_pos, Obst_pos received from server
[2024-01-14 23:14:15] WINDOW: Drone_pos, Target_pos, Obst_pos received from server
[2024-01-14 23:14:15] WINDOW: Drone_pos, Target_pos, Obst_pos received from server
[2024-01-14 23:14:15] WINDOW: Drone_pos, Target_pos, Obst_pos received from server
[2024-01-14 23:14:15] WINDOW: Drone_pos, Target_pos, Obst_pos received from server
[2024-01-14 23:14:16] WINDOW: Drone_pos, Target_pos, Obst_pos received from server
[2024-01-14 23:14:16] WINDOW: Drone_pos, Target_pos, Obst_pos received from server
[2024-01-14 23:14:16] WINDOW: Drone_pos, Target_pos, Obst_pos received from server
[2024-01-14 23:14:16] WINDOW: Drone_pos, Target_pos, Obst_pos received from server
[2024-01-14 23:14:16] WINDOW: Drone_pos, Target_pos, Obst_pos received from server
[2024-01-14 23:14:16] WINDOW: Drone_pos, Target_pos, Obst_pos received from server
[2024-01-14 23:14:16] WINDOW: Drone_pos, Target_pos, Obst_pos received from server
[2024-01-14 23:14:16] WINDOW: Drone_pos, Target_pos, Obst_pos received from server
[2024-01-14 23:14:16] WINDOW: Drone_pos, Target_pos, Obst_pos received from server
[2024-01-14 23:14:16] WINDOW: Drone_pos, Target_pos, Obst_pos received from server
[2024-01-14 23:14:16] WINDOW: Drone_pos, Target_pos, Obst_pos received from server
[2024-01-14 23:14:16] WINDOW: Drone_pos, Target_pos, Obst_pos received from server
[2024-01-14 23:14:16] WINDOW: Drone_pos, Target_pos, Obst_pos received from server
[2024-01-14 23:14:16] WINDOW: Drone_pos, Target_pos, Obst_pos received from server
[2024-01-14 23:14:16] WINDOW: Drone_pos, Target_pos, Obst_pos received from server
[2024-01-14 23:14:16] WINDOW: Drone_pos, Target_pos, Obst_pos received from server
[2024-01-14 23:14:16] WINDOW: Drone_pos, Target_pos, Obst_pos received from server
[2024-01-14 23:14:16] WINDOW: Drone_pos, Target_pos, Obst_pos received from server
[2024-01-14 23:14:16] WINDOW: Drone_pos, Target_pos, Obst_pos received from server
[2024-01-14 23:14:17] WINDOW: Drone_pos, Target_pos, Obst_pos received from server
[2024-01-14 23:14:17] WINDOW: Drone_pos, Target_pos, Obst_pos received from server
[2024-01-14 23:14:17] WINDOW: Drone_pos, Target_pos, Obst_pos received from server
[2024-01-14 23:14:17] WINDOW: Drone_pos, Target_pos, Obst_pos received from server
[2024-01-14 23:14:17] WINDOW: Drone_pos, Target_pos, Obst_pos received from server
[2024-01-14 23:14:17] WINDOW: Drone_pos, Target_pos, Obst_pos received from server
[2024-01-14 23:14:17] WINDOW: Drone_pos, Target_pos, Obst_pos received from server
[2024-01-14 23:14:17] WINDOW: Drone_pos, Target_pos, Obst_pos received from server
[2024-01-14 23:14:17] WINDOW: Drone_pos, Target_pos, Obst_pos received from server
[2024-01-14 23:14:17] WINDOW: Drone_pos, Target_pos, Obst_pos received from server
[2024-01-14 23:14:17] WINDOW: Drone_pos, Target_pos, Obst_pos received from server
[2024-01-14 23:14:17] WINDOW: Drone_pos, Target_pos, Obst_pos received from server
[2024-01-14 23:14:17] WINDOW: User input sent to server
[2024-01-14 23:14:17] WINDOW: Drone_pos, Target_pos, Obst_pos received from server
[2024-01-14 23:14:17] WINDOW: Drone_pos, Target_pos, Obst_pos received from server
[2024-01-14 23:14:17] WINDOW: Drone_pos, Target_pos, Obst_pos received from server
[2024-01-14 23:14:17] WINDOW: Drone_pos, Target_pos, Obst_pos received from server
[2024-01-14 23:14:17] WINDOW: Drone_pos, Target_pos, Obst_pos received from server
[2024-01-14 23:14:17] WINDOW: Drone_pos, Target_pos, Obst_pos received from server
[2024-01-14 23:14:17] WINDOW: Drone_pos, Target_pos, Obst_pos received from server
[2024-01-14 23:14:17] WINDOW: User input sent to server
[2024-01-14 23:14:17] WINDOW: Drone_pos, Target_pos, Obst_pos received from server
[2024-01-14 23:14:17] WINDOW: Drone_pos, Target_pos, Obst_pos received from server
[2024-01-14 23:14:17] WINDOW: Drone_pos, Target_pos, Obst_pos received from server
[2024-01-14 23:14:18] WINDOW: Drone_pos, Target_pos, Obst_pos received from server
[2024-01-14 23:14:18] WINDOW: Drone_pos, Target_pos, Obst_pos received from server
[2024-01-14 23:14:18] WINDOW: Drone_pos, Target_pos, Obst_pos received from server
[2024-01-14 23:14:18] WINDOW: Drone_pos, Target_pos, Obst_pos received from server
[2024-01-14 23:14:18] WINDOW: Drone_pos, Target_pos, Obst_pos received from server
[2024-01-14 23:14:18] WINDOW: Drone_pos, Target_pos, Obst_pos received from server
[2024-01-14 23:14:18] WINDOW: Drone_pos, Target_pos, Obst_pos received from server
[2024-01-14 23:14:18] WINDOW: Drone_pos, Target_pos, Obst_pos received from server
[2024-01-14 23:14:18] WINDOW: Drone_pos, Target_pos, Obst_pos received from server
[2024-01-14 23:14:18] WINDOW: Drone_pos, Target_pos, Obst_pos received from server
[2024-01-14 23:14:18] WINDOW: Drone_pos, Target_pos, Obst_pos received from server
[2024-01-14 23:14:18] WINDOW: Drone_pos, Target_pos, Obst_pos received from server
[2024-01-14 23:14:18] WINDOW: Drone_pos, Target_pos, Obst_pos received from server
[2024-01-14 23:14:18] WINDOW: Drone_pos, Target_pos, Obst_pos received from server
[2024-01-14 23:14:18] WINDOW: Drone_pos, Target_pos, Obst_pos received from server
[2024-01-14 23:14:18] WINDOW: Drone_pos, Target_pos, Obst_pos received from server
[2024-01-14 23:14:18] WINDOW: User input sent to server
[2024-01-14 23:14:18] WINDOW: Drone_pos, Target_pos, Obst_pos received from server
[2024-01-14 23:14:18] WINDOW: Drone_pos, Target_pos, Obst_pos received from server
[2024-01-14 23:14:18] WINDOW: Drone_pos, Target_pos, Obst_pos received from server
[2024-01-14 23:14:18] WINDOW: Drone_pos, Target_pos, Obst_pos received from server
[2024-01-14 23:14:19] WINDOW: Drone_pos, Target_pos, Obst_pos received from server
[2024-01-14 23:14:19] WINDOW: Drone_pos, Target_pos, Obst_pos received from server
[2024-01-14 23:14:19] WINDOW: Drone_pos, Target_pos, Obst_pos received from server
[2024-01-14 23:14:19] WINDOW: Drone_pos, Target_pos, Obst_pos received from server
[2024-01-14 23:14:19] WINDOW: Drone_pos, Target_pos, Obst_pos received from server
[2024-01-14 23:14:19] WINDOW: Drone_pos, Target_pos, Obst_pos received from server
[2024-01-14 23:14:19] WINDOW: User input sent to server
[2024-01-14 23:14:19] WINDOW: Drone_pos, Target_pos, Obst_pos received from server
[2024-01-14 23:14:19] WINDOW: Drone_pos, Target_pos, Obst_pos received from server
[2024-01-14 23:14:19] WINDOW: Drone_pos, Target_pos, Obst_pos received from server
[2024-01-14 23:14:19] WINDOW: Drone_pos, Target_pos, Obst_pos received from server
[2024-01-14 23:14:19] WINDOW: Drone_pos, Target_pos, Obst_pos received from server
[2024-01-14 23:14:19] WINDOW: Drone_pos, Target_pos, Obst_pos received from server
[2024-01-14 23:14:19] WINDOW: Drone_pos, Target_pos, Obst_pos received from server
[2024-01-14 23:14:19] WINDOW: Drone_pos, Target_pos, Obst_pos received from server
[2024-01-14 23:14:19] WINDOW: Drone_pos, Target_pos, Obst_pos received from server
[2024-01-14 23:14:19] WINDOW: Drone_pos, Target_pos, Obst_pos received from server
[2024-01-14 23:14:19] WINDOW: User input sent to server
[2024-01-14 23:14:19] WINDOW: Drone_pos, Target_pos, Obst_pos received from server
[2024-01-14 23:14:19] WINDOW: Drone_pos, Target_pos, Obst_pos received from server
[2024-01-14 23:14:19] WINDOW: Drone_pos, Target_pos, Obst_pos received from server
[2024-01-14 23:14:19] WINDOW: Drone_pos, Target_pos, Obst_pos received from server
[2024-01-14 23:14:19] WINDOW: Drone_pos, Target_pos, Obst_pos received from server
[2024-01-14 23:14:20] WINDOW: Drone_pos, Target_pos, Obst_pos received from server
[2024-01-14 23:14:20] WINDOW: Drone_pos, Target_pos, Obst_pos received from server
[2024-01-14 23:14:20] WINDOW: User input sent to server
[2024-01-14 23:14:20] WINDOW: Drone_pos, Target_pos, Obst_pos received from server
[2024-01-14 23:14:20] WINDOW: Drone_pos, Target_pos, Obst_pos received from server
[2024-01-14 23:14:20] WINDOW: Drone_pos, Target_pos, Obst_pos received from server
[2024-01-14 23:14:20] WINDOW: Drone_pos, Target_pos, Obst_pos received from server
[2024-01-14 23:14:20] WINDOW: Drone_pos, Target_pos, Obst_pos received from server
[2024-01-14 23:14:20] WINDOW: Drone_pos, Target_pos, Obst_pos received from server
[2024-01-14 23:14:20] WINDOW: Drone_pos, Target_pos, Obst_pos received from server
[2024-01-14 23:14:20] WINDOW: Drone_pos, Target_pos, Obst_pos received from server
[2024-01-14 23:14:20] WINDOW: Drone_pos, Target_pos, Obst_pos received from server
[2024-01-14 23:14:20] WINDOW: Drone_pos, Target_pos, Obst_pos received from server
[2024-01-14 23:14:20] WINDOW: Drone_pos, Target_pos, Obst_pos received from server
[2024-01-14 23:14:20] WINDOW: Drone_pos, Target_pos, Obst_pos received from server
[2024-01-14 23:14:20] WINDOW: User input sent to server
[2024-01-14 23:14:20] WINDOW: Drone_pos, Target_pos, Obst_pos received from server
[2024-01-14 23:14:20] WINDOW: Drone_pos, Target_pos, Obst_pos received from server
[2024-01-14 23:14:20] WINDOW: Drone_pos, Target_pos, Obst_pos received from server
[2024-01-14 23:14:20] WINDOW: Drone_pos, Target_pos, Obst_pos received from server
[2024-01-14 23:14:20] WINDOW: Drone_pos, Target_pos, Obst_pos received from server
[2024-01-14 23:14:20] WINDOW: Drone_pos, Target_pos, Obst_pos received from server
[2024-01-14 23:14:20] WINDOW: Drone_pos, Target_pos, Obst_pos received from server
[2024-01-14 23:14:21] WINDOW: Drone_pos, Target_pos, Obst_pos received from server
[2024-01-14 23:14:21] WINDOW: Drone_pos, Target_pos, Obst_pos received from server
[2024-01-14 23:14:21] WINDOW: User input sent to server
[2024-01-14 23:14:21] WINDOW: Drone_pos, Target_pos, Obst_pos received from server
[2024-01-14 23:14:21] WINDOW: Drone_pos, Target_pos, Obst_pos received from server
[2024-01-14 23:14:21] WINDOW: Drone_pos, Target_pos, Obst_pos received from server
[2024-01-14 23:14:21] WINDOW: Drone_pos, Target_pos, Obst_pos received from server
[2024-01-14 23:14:21] WINDOW: Drone_pos, Target_pos, Obst_pos received from server
[2024-01-14 23:14:21] WINDOW: Drone_pos, Target_pos, Obst_pos received from server
[2024-01-14 23:14:21] WINDOW: Drone_pos, Target_pos, Obst_pos received from server
[2024-01-14 23:14:21] WINDOW: Drone_pos, Target_pos, Obst_pos received from server
[2024-01-14 23:14:21] WINDOW: Drone_pos, Target_pos, Obst_pos received from server
[2024-01-14 23:14:21] WINDOW: Drone_pos, Target_pos, Obst_pos received from server
[2024-01-14 23:14:21] WINDOW: Drone_pos, Target_pos, Obst_pos received from server
[2024-01-14 23:14:21] WINDOW: Drone_pos, Target_pos, Obst_pos received from server
[2024-01-14 23:14:21] WINDOW: Drone_pos, Target_pos, Obst_pos received from server
[2024-01-14 23:14:21] WINDOW: Drone_pos, Target_pos, Obst_pos received from server
[2024-01-14 23:14:21] WINDOW: Drone_pos, Target_pos, Obst_pos received from server
[2024-01-14 23:14:21] WINDOW: Drone_pos, Target_pos, Obst_pos received from server
[2024-01-14 23:14:21] WINDOW: Drone_pos, Target_pos, Obst_pos received from server
[2024-01-14 23:14:21] WINDOW: Drone_pos, Target_pos, Obst_pos received from server
[2024-01-14 23:14:22] WINDOW: Drone_pos, Target_pos, Obst_pos received from server
[2024-01-14 23:14:22] WINDOW: User input sent to server
[2024-01-14 23:14:22] WINDOW: Drone_pos, Target_pos, Obst_pos received from server
[2024-01-14 23:14:22] WINDOW: Drone_pos, Target_pos, Obst_pos received from server
[2024-01-14 23:14:22] WINDOW: Drone_pos, Target_pos, Obst_pos received from server
[2024-01-14 23:14:22] WINDOW: Drone_pos, Target_pos, Obst_pos received from server
[2024-01-14 23:14:22] WINDOW: Drone_pos, Target_pos, Obst_pos received from server
[2024-01-14 23:14:22] WINDOW: Drone_pos, Target_pos, Obst_pos received from server
[2024-01-14 23:14:22] WINDOW: Drone_pos, Target_pos, Obst_pos received from server
[2024-01-14 23:14:22] WINDOW: Drone_pos, Target_pos, Obst_pos received from server
[2024-01-14 23:14:22] WINDOW: User input sent to server
[2024-01-14 23:14:22] WINDOW: Drone_pos, Target_pos, Obst_pos received from server
[2024-01-14 23:14:22] WINDOW: Drone_pos, Target_pos, Obst_pos received from server
[2024-01-14 23:14:22] WINDOW: Drone_pos, Target_pos, Obst_pos received from server
[2024-01-14 23:14:22] WINDOW: Drone_pos, Target_pos, Obst_pos received from server
[2024-01-14 23:14:22] WINDOW: Drone_pos, Target_pos, Obst_pos received from server
[2024-01-14 23:14:22] WINDOW: Drone_pos, Target_pos, Obst_pos received from server
[2024-01-14 23:14:22] WINDOW: Drone_pos, Target_pos, Obst_pos received from server
[2024-01-14 23:14:22] WINDOW: Drone_pos, Target_pos, Obst_pos received from server
[2024-01-14 23:14:22] WINDOW: User input sent to server
[2024-01-14 23:14:22] WINDOW: Drone_pos, Target_pos, Obst_pos received from server
[2024-01-14 23:14:22] WINDOW: Drone_pos, Target_pos, Obst_pos received from server
[2024-01-14 23:14:22] WINDOW: Drone_pos, Target_pos, Obst_pos received from server
[2024-01-14 23:14:22] WINDOW: Drone_pos, Target_pos, Obst_pos received from server
[2024-01-14 23:14:22] WINDOW: Drone_pos, Target_pos, Obst_pos received from server
[2024-01-14 23:14:23] WINDOW: Drone_pos, Target_pos, Obst_pos received from server
[2024-01-14 23:14:23] WINDOW: Drone_pos, Target_pos, Obst_pos received from server
[2024-01-14 23:14:23] WINDOW: User input sent to server
[2024-01-14 23:14:23] WINDOW: Drone_pos, Target_pos, Obst_pos received from server
[2024-01-14 23:14:23] WINDOW: Drone_pos, Target_pos, Obst_pos received from server
[2024-01-14 23:14:23] WINDOW: Drone_pos, Target_pos, Obst_pos received from server
[2024-01-14 23:14:23] WINDOW: Drone_pos, Target_pos, Obst_pos received from server
[2024-01-14 23:14:23] WINDOW: Drone_pos, Target_pos, Obst_pos received from server
[2024-01-14 23:14:23] WINDOW: Drone_pos, Target_pos, Obst_pos received from server
[2024-01-14 23:14:23] WINDOW: Drone_pos, Target_pos, Obst_pos received from server
[2024-01-14 23:14:23] WINDOW: User input sent to server
[2024-01-14 23:14:23] WINDOW: Drone_pos, Target_pos, Obst_pos received from server
[2024-01-14 23:14:23] WINDOW: Drone_pos, Target_pos, Obst_pos received from server
[2024-01-14 23:14:23] WINDOW: Drone_pos, Target_pos, Obst_pos received from server
[2024-01-14 23:14:23] WINDOW: Drone_pos, Target_pos, Obst_pos received from server
[2024-01-14 23:14:23] WINDOW: Drone_pos, Target_pos, Obst_pos received from server
[2024-01-14 23:14:23] WINDOW: Drone_pos, Target_pos, Obst_pos received from server
[2024-01-14 23:14:23] WINDOW: Drone_pos, Target_pos, Obst_pos received from server
[2024-01-14 23:14:23] WINDOW: Drone_pos, Target_pos, Obst_pos received from server
[2024-01-14 23:14:23] WINDOW: Drone_pos, Target_pos, Obst_pos received from server
[2024-01-14 23:14:23] WINDOW: Drone_pos, Target_pos, Obst_pos received from server
[2024-01-14 23:14:23] WINDOW: Drone_pos, Target_pos, Obst_pos received from server
[2024-01-14 23:14:23] WINDOW: Drone_pos, Target_pos, Obst_pos received from server
[2024-01-14 23:14:23] WINDOW: User input sent to server
[2024-01-14 23:14:23] WINDOW: Drone_pos, Target_pos, Obst_pos received from server
[2024-01-14 23:14:24] WINDOW: Drone_pos, Target_pos, Obst_pos received from server
[2024-01-14 23:14:24] WINDOW: Drone_pos, Target_pos, Obst_pos received from server
[2024-01-14 23:14:24] WINDOW: Drone_pos, Target_pos, Obst_pos received from server
[2024-01-14 23:14:24] WINDOW: Drone_pos, Target_pos, Obst_pos received from server
[2024-01-14 23:14:24] WINDOW: Drone_pos, Target_pos, Obst_pos received from server
[2024-01-14 23:14:24] WINDOW: Drone_pos, Target_pos, Obst_pos received from server
[2024-01-14 23:14:24] WINDOW: Drone_pos, Target_pos, Obst_pos received from server
[2024-01-14 23:14:24] WINDOW: Drone_pos, Target_pos, Obst_pos received from server
[2024-01-14 23:14:24] WINDOW: User input sent to server
[2024-01-14 23:14:24] WINDOW: Drone_pos, Target_pos, Obst_pos received from server
[2024-01-14 23:14:24] WINDOW: Drone_pos, Target_pos, Obst_pos received from server
[2024-01-14 23:14:24] WINDOW: Drone_pos, Target_pos, Obst_pos received from server
[2024-01-14 23:14:24] WINDOW: Drone_pos, Target_pos, Obst_pos received from server
[2024-01-14 23:14:24] WINDOW: Drone_pos, Target_pos, Obst_pos received from server
[2024-01-14 23:14:24] WINDOW: Drone_pos, Target_pos, Obst_pos received from server
[2024-01-14 23:14:24] WINDOW: Drone_pos, Target_pos, Obst_pos received from server
[2024-01-14 23:14:24] WINDOW: User input sent to server
[2024-01-14 23:14:24] WINDOW: Drone_pos, Target_pos, Obst_pos received from server
[2024-01-14 23:14:24] WINDOW: Drone_pos, Target_pos, Obst_pos received from server
[2024-01-14 23:14:24] WINDOW: Drone_pos, Target_pos, Obst_pos received from server
[2024-01-14 23:14:24] WINDOW: Drone_pos, Target_pos, Obst_pos received from server
[2024-01-14 23:14:24] WINDOW: Drone_pos, Target_pos, Obst_pos received from server
[2024-01-14 23:14:24] WINDOW: Drone_pos, Target_pos, Obst_pos received from server
[2024-01-14 23:14:25] WINDOW: Drone_pos, Target_pos, Obst_pos received from server
[2024-01-14 23:14:25] WINDOW: Drone_pos, Target_pos, Obst_pos received from server
[2024-01-14 23:14:25] WINDOW: Drone_pos, Target_pos, Obst_pos received from server
[2024-01-14 23:14:25] WINDOW: Drone_pos, Target_pos, Obst_pos received from server
[2024-01-14 23:14:25] WINDOW: Drone_pos, Target_pos, Obst_pos received from server
[2024-01-14 23:14:25] WINDOW: Drone_pos, Target_pos, Obst_pos received from server
[2024-01-14 23:14:25] WINDOW: Drone_pos, Target_pos, Obst_pos received from server
[2024-01-14 23:14:25] WINDOW: Drone_pos, Target_pos, Obst_pos received from server
[2024-01-14 23:14:25] WINDOW: Drone_pos, Target_pos, Obst_pos received from server
[2024-01-14 23:14:25] WINDOW: Drone_pos, Target_pos, Obst_pos received from server
[2024-01-14 23:14:25] WINDOW: Drone_pos, Target_pos, Obst_pos received from server
[2024-01-14 23:14:25] WINDOW: Drone_pos, Target_pos, Obst_pos received from server
[2024-01-14 23:14:25] WINDOW: User input sent to server
[2024-01-14 23:14:25] WINDOW: Drone_pos, Target_pos, Obst_pos received from server
[2024-01-14 23:14:25] WINDOW: Drone_pos, Target_pos, Obst_pos received from server
[2024-01-14 23:14:25] WINDOW: Drone_pos, Target_pos, Obst_pos received from server
[2024-01-14 23:14:25] WINDOW: Drone_pos, Target_pos, Obst_pos received from server
[2024-01-14 23:14:25] WINDOW: Drone_pos, Target_pos, Obst_pos received from server
[2024-01-14 23:14:25] WINDOW: Drone_pos, Target_pos, Obst_pos received from server
[2024-01-14 23:14:25] WINDOW: Drone_pos, Target_pos, Obst_pos received from server
[2024-01-14 23:14:25] WINDOW: Drone_pos, Target_pos, Obst_pos received from server
[2024-01-14 23:14:25] WINDOW: Drone_pos, Target_pos, Obst_pos received from server
[2024-01-14 23:14:26] WINDOW: Drone_pos, Target_pos, Obst_pos received from server
[2024-01-14 23:14:26] WINDOW: Drone_pos, Target_pos, Obst_pos received from server
[2024-01-14 23:14:26] WINDOW: Drone_pos, Target_pos, Obst_pos received from server
[2024-01-14 23:14:26] WINDOW: Drone_pos, Target_pos, Obst_pos received from server
[2024-01-14 23:14:26] WINDOW: Drone_pos, Target_pos, Obst_pos received from server
[2024-01-14 23:14:26] WINDOW: Drone_pos, Target_pos, Obst_pos received from server
[2024-01-14 23:14:26] WINDOW: Drone_pos, Target_pos, Obst_pos received from server
[2024-01-14 23:14:26] WINDOW: Drone_pos, Target_pos, Obst_pos received from server
[2024-01-14 23:14:26] WINDOW: Drone_pos, Target_pos, Obst_pos received from server
[2024-01-14 23:14:26] WINDOW: Drone_pos, Target_pos, Obst_pos received from server
[2024-01-14 23:14:26] WINDOW: Drone_pos, Target_pos, Obst_pos received from server
[2024-01-14 23:14:26] WINDOW: Drone_pos, Target_pos, Obst_pos received from server
[2024-01-14 23:14:26] WINDOW: Drone_pos, Target_pos, Obst_pos received from server
[2024-01-14 23:14:26] WINDOW: Drone_pos, Target_pos, Obst_pos received from server
[2024-01-14 23:14:26] WINDOW: Drone_pos, Target_pos, Obst_pos received from server
[2024-01-14 23:14:26] WINDOW: Drone_pos, Target_pos, Obst_pos received from server
[2024-01-14 23:14:26] WINDOW: Drone_pos, Target_pos, Obst_pos received from server
[2024-01-14 23:14:26] WINDOW: Drone_pos, Target_pos, Obst_pos received from server
[2024-01-14 23:14:26] WINDOW: Drone_pos, Target_pos, Obst_pos received from server
[2024-01-14 23:14:26] WINDOW: User input sent to server
[2024-01-14 23:14:26] WINDOW: Drone_pos, Target_pos, Obst_pos received from server
[2024-01-14 23:14:27] WINDOW: Drone_pos, Target_pos, Obst_pos received from server
[2024-01-14 23:14:27] WINDOW: Drone_pos, Target_pos, Obst_pos received from server
[2024-01-14 23:14:27] WINDOW: Drone_pos, Target_pos, Obst_pos received from server
[2024-01-14 23:14:27] WINDOW: Drone_pos, Target_pos, Obst_pos received from server
[2024-01-14 23:14:27] WINDOW: Drone_pos, Target_pos, Obst_pos received from server
[2024-01-14 23:14:27] WINDOW: Drone_pos, Target_pos, Obst_pos received from server
[2024-01-14 23:14:27] WINDOW: Drone_pos, Target_pos, Obst_pos received from server
[2024-01-14 23:14:27] WINDOW: Drone_pos, Target_pos, Obst_pos received from server
[2024-01-14 23:14:27] WINDOW: Drone_pos, Target_pos, Obst_pos received from server
[2024-01-14 23:14:27] WINDOW: Drone_pos, Target_pos, Obst_pos received from server
[2024-01-14 23:14:27] WINDOW: Drone_pos, Target_pos, Obst_pos received from server
[2024-01-14 23:14:27] WINDOW: Drone_pos, Target_pos, Obst_pos received from server
[2024-01-14 23:14:27] WINDOW: Drone_pos, Target_pos, Obst_pos received from server
[2024-01-14 23:14:27] WINDOW: Drone_pos, Target_pos, Obst_pos received from server
[2024-01-14 23:14:27] WINDOW: Drone_pos, Target_pos, Obst_pos received from server
[2024-01-14 23:14:27] WINDOW: Drone_pos, Target_pos, Obst_pos received from server
[2024-01-14 23:14:27] WINDOW: User input sent to server
[2024-01-14 23:14:27] WINDOW: Drone_pos, Target_pos, Obst_pos received from server
[2024-01-14 23:14:27] WINDOW: Drone_pos, Target_pos, Obst_pos received from server
[2024-01-14 23:14:27] WINDOW: Drone_pos, Target_pos, Obst_pos received from server
[2024-01-14 23:14:27] WINDOW: Drone_pos, Target_pos, Obst_pos received from server
[2024-01-14 23:14:28] WINDOW: Drone_pos, Target_pos, Obst_pos received from server
[2024-01-14 23:14:28] WINDOW: Drone_pos, Target_pos, Obst_pos received from server
[2024-01-14 23:14:28] WINDOW: Drone_pos, Target_pos, Obst_pos received from server
[2024-01-14 23:14:28] WINDOW: User input sent to server
[2024-01-14 23:14:28] WINDOW: Drone_pos, Target_pos, Obst_pos received from server
[2024-01-14 23:14:28] WINDOW: Drone_pos, Target_pos, Obst_pos received from server
[2024-01-14 23:14:28] WINDOW: Drone_pos, Target_pos, Obst_pos received from server
[2024-01-14 23:14:28] WINDOW: Drone_pos, Target_pos, Obst_pos received from server
[2024-01-14 23:14:28] WINDOW: Drone_pos, Target_pos, Obst_pos received from server
[2024-01-14 23:14:28] WINDOW: Drone_pos, Target_pos, Obst_pos received from server
[2024-01-14 23:14:28] WINDOW: Drone_pos, Target_pos, Obst_pos received from server
[2024-01-14 23:14:28] WINDOW: Drone_pos, Target_pos, Obst_pos received from server
[2024-01-14 23:14:28] WINDOW: Drone_pos, Target_pos, Obst_pos received from server
[2024-01-14 23:14:28] WINDOW: Drone_pos, Target_pos, Obst_pos received from server
[2024-01-14 23:14:28] WINDOW: Drone_pos, Target_pos, Obst_pos received from server
[2024-01-14 23:14:28] WINDOW: Drone_pos, Target_pos, Obst_pos received from server
[2024-01-14 23:14:28] WINDOW: Drone_pos, Target_pos, Obst_pos received from server
[2024-01-14 23:14:28] WINDOW: Drone_pos, Target_pos, Obst_pos received from server
[2024-01-14 23:14:28] WINDOW: Drone_pos, Target_pos, Obst_pos received from server
[2024-01-14 23:14:28] WINDOW: User input sent to server
[2024-01-14 23:14:28] WINDOW: Drone_pos, Target_pos, Obst_pos received from server
[2024-01-14 23:14:28] WINDOW: Drone_pos, Target_pos, Obst_pos received from server
[2024-01-14 23:14:28] WINDOW: Drone_pos, Target_pos, Obst_pos received from server
[2024-01-14 23:14:29] WINDOW: Drone_pos, Target_pos, Obst_pos received from server
[2024-01-14 23:14:29] WINDOW: Drone_pos, Target_pos, Obst_pos received from server
[2024-01-14 23:14:29] WINDOW: Drone_pos, Target_pos, Obst_pos received from server
[2024-01-14 23:14:29] WINDOW: Drone_pos, Target_pos, Obst_pos received from server
[2024-01-14 23:14:29] WINDOW: Drone_pos, Target_pos, Obst_pos received from server
[2024-01-14 23:14:29] WINDOW: Drone_pos, Target_pos, Obst_pos received from server
[2024-01-14 23:14:29] WINDOW: Drone_pos, Target_pos, Obst_pos received from server
[2024-01-14 23:14:29] WINDOW: Drone_pos, Target_pos, Obst_pos received from server
[2024-01-14 23:14:29] WINDOW: Drone_pos, Target_pos, Obst_pos received from server
[2024-01-14 23:14:29] WINDOW: Drone_pos, Target_pos, Obst_pos received from server
[2024-01-14 23:14:29] WINDOW: Drone_pos, Target_pos, Obst_pos received from server
[2024-01-14 23:14:29] WINDOW: User input sent to server
[2024-01-14 23:14:29] WINDOW: Drone_pos, Target_pos, Obst_pos received from server
[2024-01-14 23:14:29] WINDOW: Drone_pos, Target_pos, Obst_pos received from server
[2024-01-14 23:14:29] WINDOW: Drone_pos, Target_pos, Obst_pos received from server
[2024-01-14 23:14:29] WINDOW: Drone_pos, Target_pos, Obst_pos received from server
[2024-01-14 23:14:29] WINDOW: Drone_pos, Target_pos, Obst_pos received from server
[2024-01-14 23:14:29] WINDOW: Drone_pos, Target_pos, Obst_pos received from server
[2024-01-14 23:14:29] WINDOW: Drone_pos, Target_pos, Obst_pos received from server
[2024-01-14 23:14:29] WINDOW: Drone_pos, Target_pos, Obst_pos received from server
[2024-01-14 23:14:29] WINDOW: Drone_pos, Target_pos, Obst_pos received from server
[2024-01-14 23:14:30] WINDOW: Drone_pos, Target_pos, Obst_pos received from server
[2024-01-14 23:14:30] WINDOW: Drone_pos, Target_pos, Obst_pos received from server
[2024-01-14 23:14:30] WINDOW: Drone_pos, Target_pos, Obst_pos received from server
[2024-01-14 23:14:30] WINDOW: Drone_pos, Target_pos, Obst_pos received from server
[2024-01-14 23:14:30] WINDOW: Drone_pos, Target_pos, Obst_pos received from server
[2024-01-14 23:14:30] WINDOW: Drone_pos, Target_pos, Obst_pos received from server
[2024-01-14 23:14:30] WINDOW: Drone_pos, Target_pos, Obst_pos received from server
[2024-01-14 23:14:30] WINDOW: Drone_pos, Target_pos, Obst_pos received from server
[2024-01-14 23:14:30] WINDOW: Drone_pos, Target_pos, Obst_pos received from server
[2024-01-14 23:14:30] WINDOW: Drone_pos, Target_pos, Obst_pos received from server
[2024-01-14 23:14:30] WINDOW: Drone_pos, Target_pos, Obst_pos received from server
[2024-01-14 23:14:30] WINDOW: Drone_pos, Target_pos, Obst_pos received from server
[2024-01-14 23:14:30] WINDOW: Drone_pos, Target_pos, Obst_pos received from server
[2024-01-14 23:14:30] WINDOW: Drone_pos, Target_pos, Obst_pos received from server
[2024-01-14 23:14:30] WINDOW: Drone_pos, Target_pos, Obst_pos received from server
[2024-01-14 23:14:30] WINDOW: Drone_pos, Target_pos, Obst_pos received from server
[2024-01-14 23:14:30] WINDOW: Drone_pos, Target_pos, Obst_pos received from server
[2024-01-14 23:14:30] WINDOW: Drone_pos, Target_pos, Obst_pos received from server
[2024-01-14 23:14:30] WINDOW: Drone_pos, Target_pos, Obst_pos received from server
[2024-01-14 23:14:31] WINDOW: Drone_pos, Target_pos, Obst_pos received from server
[2024-01-14 23:14:31] WINDOW: Drone_pos, Target_pos, Obst_pos received from server
[2024-01-14 23:14:31] WINDOW: User input sent to server
[2024-01-14 23:14:31] WINDOW: Drone_pos, Target_pos, Obst_pos received from server
[2024-01-14 23:14:31] WINDOW: Drone_pos, Target_pos, Obst_pos received from server
[2024-01-14 23:14:31] WINDOW: Drone_pos, Target_pos, Obst_pos received from server
[2024-01-14 23:14:31] WINDOW: Drone_pos, Target_pos, Obst_pos received from server
[2024-01-14 23:14:31] WINDOW: Drone_pos, Target_pos, Obst_pos received from server
[2024-01-14 23:14:31] WINDOW: Drone_pos, Target_pos, Obst_pos received from server
[2024-01-14 23:14:31] WINDOW: Drone_pos, Target_pos, Obst_pos received from server
[2024-01-14 23:14:31] WINDOW: Drone_pos, Target_pos, Obst_pos received from server
[2024-01-14 23:14:31] WINDOW: User input sent to server
[2024-01-14 23:14:31] WINDOW: Drone_pos, Target_pos, Obst_pos received from server
[2024-01-14 23:14:31] WINDOW: Drone_pos, Target_pos, Obst_pos received from server
[2024-01-14 23:14:31] WINDOW: Drone_pos, Target_pos, Obst_pos received from server
[2024-01-14 23:14:31] WINDOW: Drone_pos, Target_pos, Obst_pos received from server
[2024-01-14 23:14:31] WINDOW: Drone_pos, Target_pos, Obst_pos received from server
[2024-01-14 23:14:31] WINDOW: Drone_pos, Target_pos, Obst_pos received from server
[2024-01-14 23:14:31] WINDOW: User input sent to server
[2024-01-14 23:14:31] WINDOW: Drone_pos, Target_pos, Obst_pos received from server
[2024-01-14 23:14:31] WINDOW: Drone_pos, Target_pos, Obst_pos received from server
[2024-01-14 23:14:31] WINDOW: Drone_pos, Target_pos, Obst_pos received from server
[2024-01-14 23:14:31] WINDOW: Drone_pos, Target_pos, Obst_pos received from server
[2024-01-14 23:14:31] WINDOW: Drone_pos, Target_pos, Obst_pos received from server
[2024-01-14 23:14:31] WINDOW: Drone_pos, Target_pos, Obst_pos received from server
[2024-01-14 23:14:32] WINDOW: Drone_pos, Target_pos, Obst_pos received from server
[2024-01-14 23:14:32] WINDOW: User input sent to server
[2024-01-14 23:14:32] WINDOW: Drone_pos, Target_pos, Obst_pos received from server
[2024-01-14 23:14:32] WINDOW: Drone_pos, Target_pos, Obst_pos received from server
[2024-01-14 23:14:32] WINDOW: Drone_pos, Target_pos, Obst_pos received from server
[2024-01-14 23:14:32] WINDOW: Drone_pos, Target_pos, Obst_pos received from server
[2024-01-14 23:14:32] WINDOW: Drone_pos, Target_pos, Obst_pos received from server
[2024-01-14 23:14:32] WINDOW: Drone_pos, Target_pos, Obst_pos received from server
[2024-01-14 23:14:32] WINDOW: User input sent to server
[2024-01-14 23:14:32] WINDOW: Drone_pos, Target_pos, Obst_pos received from server
[2024-01-14 23:14:32] WINDOW: Drone_pos, Target_pos, Obst_pos received from server
[2024-01-14 23:14:32] WINDOW: Drone_pos, Target_pos, Obst_pos received from server
[2024-01-14 23:14:32] WINDOW: Drone_pos, Target_pos, Obst_pos received from server
[2024-01-14 23:14:32] WINDOW: Drone_pos, Target_pos, Obst_pos received from server
[2024-01-14 23:14:32] WINDOW: Drone_pos, Target_pos, Obst_pos received from server
[2024-01-14 23:14:32] WINDOW: Drone_pos, Target_pos, Obst_pos received from server
[2024-01-14 23:14:32] WINDOW: Drone_pos, Target_pos, Obst_pos received from server
[2024-01-14 23:14:32] WINDOW: Drone_pos, Target_pos, Obst_pos received from server
[2024-01-14 23:14:32] WINDOW: Drone_pos, Target_pos, Obst_pos received from server
[2024-01-14 23:14:32] WINDOW: User input sent to server
[2024-01-14 23:14:32] WINDOW: Drone_pos, Target_pos, Obst_pos received from server
[2024-01-14 23:14:32] WINDOW: Drone_pos, Target_pos, Obst_pos received from server
[2024-01-14 23:14:32] WINDOW: Drone_pos, Target_pos, Obst_pos received from server
[2024-01-14 23:14:32] WINDOW: Drone_pos, Target_pos, Obst_pos received from server
[2024-01-14 23:14:32] WINDOW: Drone_pos, Target_pos, Obst_pos received from server
[2024-01-14 23:14:33] WINDOW: Drone_pos, Target_pos, Obst_pos received from server
[2024-01-14 23:14:33] WINDOW: Drone_pos, Target_pos, Obst_pos received from server
[2024-01-14 23:14:33] WINDOW: User input sent to server
[2024-01-14 23:14:33] WINDOW: Drone_pos, Target_pos, Obst_pos received from server
[2024-01-14 23:14:33] WINDOW: Drone_pos, Target_pos, Obst_pos received from server
[2024-01-14 23:14:33] WINDOW: Drone_pos, Target_pos, Obst_pos received from server
[2024-01-14 23:14:33] WINDOW: Drone_pos, Target_pos, Obst_pos received from server
[2024-01-14 23:14:33] WINDOW: Drone_pos, Target_pos, Obst_pos received from server
[2024-01-14 23:14:33] WINDOW: Drone_pos, Target_pos, Obst_pos received from server
[2024-01-14 23:14:33] WINDOW: Drone_pos, Target_pos, Obst_pos received from server
[2024-01-14 23:14:33] WINDOW: Drone_pos, Target_pos, Obst_pos received from server
[2024-01-14 23:14:33] WINDOW: Drone_pos, Target_pos, Obst_pos received from server
[2024-01-14 23:14:33] WINDOW: User input sent to server
[2024-01-14 23:14:33] WINDOW: Drone_pos, Target_pos, Obst_pos received from server
[2024-01-14 23:14:33] WINDOW: Drone_pos, Target_pos, Obst_pos received from server
[2024-01-14 23:14:33] WINDOW: Drone_pos, Target_pos, Obst_pos received from server
[2024-01-14 23:14:33] WINDOW: Drone_pos, Target_pos, Obst_pos received from server
[2024-01-14 23:14:33] WINDOW: Drone_pos, Target_pos, Obst_pos received from server
[2024-01-14 23:14:33] WINDOW: Drone_pos, Target_pos, Obst_pos received from server
[2024-01-14 23:14:33] WINDOW: Drone_pos, Target_pos, Obst_pos received from server
[2024-01-14 23:14:33] WINDOW: Drone_pos, Target_pos, Obst_pos received from server
[2024-01-14 23:14:33] WINDOW: Drone_pos, Target_pos, Obst_pos received from server
[2024-01-14 23:14:33] WINDOW: Drone_pos, Target_pos, Obst_pos received from server
[2024-01-14 23:14:34] WINDOW: Drone_pos, Target_pos, Obst_pos received from server
[2024-01-14 23:14:34] WINDOW: User input sent to server
[2024-01-14 23:14:34] WINDOW: Drone_pos, Target_pos, Obst_pos received from server
[2024-01-14 23:14:34] WINDOW: Drone_pos, Target_pos, Obst_pos received from server
[2024-01-14 23:14:34] WINDOW: Drone_pos, Target_pos, Obst_pos received from server
[2024-01-14 23:14:34] WINDOW: Drone_pos, Target_pos, Obst_pos received from server
[2024-01-14 23:14:34] WINDOW: Drone_pos, Target_pos, Obst_pos received from server
[2024-01-14 23:14:34] WINDOW: Drone_pos, Target_pos, Obst_pos received from server
[2024-01-14 23:14:34] WINDOW: Drone_pos, Target_pos, Obst_pos received from server
[2024-01-14 23:14:34] WINDOW: User input sent to server
[2024-01-14 23:14:34] WINDOW: Drone_pos, Target_pos, Obst_pos received from server
[2024-01-14 23:14:34] WINDOW: Drone_pos, Target_pos, Obst_pos received from server
[2024-01-14 23:14:34] WINDOW: Drone_pos, Target_pos, Obst_pos received from server
[2024-01-14 23:14:34] WINDOW: Drone_pos, Target_pos, Obst_pos received from server
[2024-01-14 23:14:34] WINDOW: Drone_pos, Target_pos, Obst_pos received from server
[2024-01-14 23:14:34] WINDOW: Drone_pos, Target_pos, Obst_pos received from server
[2024-01-14 23:14:34] WINDOW: Drone_pos, Target_pos, Obst_pos received from server
[2024-01-14 23:14:34] WINDOW: User input sent to server
[2024-01-14 23:14:34] WINDOW: Drone_pos, Target_pos, Obst_pos received from server
[2024-01-14 23:14:34] WINDOW: Drone_pos, Target_pos, Obst_pos received from server
[2024-01-14 23:14:34] WINDOW: Drone_pos, Target_pos, Obst_pos received from server
[2024-01-14 23:14:34] WINDOW: Drone_pos, Target_pos, Obst_pos received from server
[2024-01-14 23:14:34] WINDOW: Drone_pos, Target_pos, Obst_pos received from server
[2024-01-14 23:14:34] WINDOW: Drone_pos, Target_pos, Obst_pos received from server
[2024-01-14 23:14:34] WINDOW: User input sent to server
[2024-01-14 23:14:34] WINDOW: Drone_pos, Target_pos, Obst_pos received from server
[2024-01-14 23:14:34] WINDOW: Drone_pos, Target_pos, Obst_pos received from server
[2024-01-14 23:14:35] WINDOW: Drone_pos, Target_pos, Obst_pos received from server
[2024-01-14 23:14:35] WINDOW: Drone_pos, Target_pos, Obst_pos received from server
[2024-01-14 23:14:35] WINDOW: Drone_pos, Target_pos, Obst_pos received from server
[2024-01-14 23:14:35] WINDOW: Drone_pos, Target_pos, Obst_pos received from server
[2024-01-14 23:14:35] WINDOW: Drone_pos, Target_pos, Obst_pos received from server
[2024-01-14 23:14:35] WINDOW: Drone_pos, Target_pos, Obst_pos received from server
[2024-01-14 23:14:35] WINDOW: Drone_pos, Target_pos, Obst_pos received from server
[2024-01-14 23:14:35] WINDOW: Drone_pos, Target_pos, Obst_pos received from server
[2024-01-14 23:14:35] WINDOW: Drone_pos, Target_pos, Obst_pos received from server
[2024-01-14 23:14:35] WINDOW: Drone_pos, Target_pos, Obst_pos received from server
[2024-01-14 23:14:35] WINDOW: Drone_pos, Target_pos, Obst_pos received from server
[2024-01-14 23:14:35] WINDOW: Drone_pos, Target_pos, Obst_pos received from server
[2024-01-14 23:14:35] WINDOW: Drone_pos, Target_pos, Obst_pos received from server
[2024-01-14 23:14:35] WINDOW: Drone_pos, Target_pos, Obst_pos received from server
[2024-01-14 23:14:35] WINDOW: Drone_pos, Target_pos, Obst_pos received from server
[2024-01-14 23:14:35] WINDOW: Drone_pos, Target_pos, Obst_pos received from server
[2024-01-14 23:14:35] WINDOW: Drone_pos, Target_pos, Obst_pos received from server
[2024-01-14 23:14:35] WINDOW: User input sent to server
[2024-01-14 23:14:35] WINDOW: Drone_pos, Target_pos, Obst_pos received from server
[2024-01-14 23:14:35] WINDOW: Drone_pos, Target_pos, Obst_pos received from server
[2024-01-14 23:14:35] WINDOW: Drone_pos, Target_pos, Obst_pos received from server
[2024-01-14 23:14:35] WINDOW: Drone_pos, Target_pos, Obst_pos received from server
[2024-01-14 23:14:36] WINDOW: Drone_pos, Target_pos, Obst_pos received from server
[2024-01-14 23:14:36] WINDOW: Drone_pos, Target_pos, Obst_pos received from server
[2024-01-14 23:14:36] WINDOW: Drone_pos, Target_pos, Obst_pos received from server
[2024-01-14 23:14:36] WINDOW: Drone_pos, Target_pos, Obst_pos received from server
[2024-01-14 23:14:36] WINDOW: User input sent to server
[2024-01-14 23:14:36] WINDOW: Drone_pos, Target_pos, Obst_pos received from server
[2024-01-14 23:14:36] WINDOW: Drone_pos, Target_pos, Obst_pos received from server
[2024-01-14 23:14:36] WINDOW: Drone_pos, Target_pos, Obst_pos received from server
[2024-01-14 23:14:36] WINDOW: Drone_pos, Target_pos, Obst_pos received from server
[2024-01-14 23:14:36] WINDOW: Drone_pos, Target_pos, Obst_pos received from server
[2024-01-14 23:14:36] WINDOW: Drone_pos, Target_pos, Obst_pos received from server
[2024-01-14 23:14:36] WINDOW: Drone_pos, Target_pos, Obst_pos received from server
[2024-01-14 23:14:36] WINDOW: Drone_pos, Target_pos, Obst_pos received from server
[2024-01-14 23:14:36] WINDOW: Drone_pos, Target_pos, Obst_pos received from server
[2024-01-14 23:14:36] WINDOW: Drone_pos, Target_pos, Obst_pos received from server
[2024-01-14 23:14:36] WINDOW: Drone_pos, Target_pos, Obst_pos received from server
[2024-01-14 23:14:36] WINDOW: Drone_pos, Target_pos, Obst_pos received from server
[2024-01-14 23:14:36] WINDOW: Drone_pos, Target_pos, Obst_pos received from server
[2024-01-14 23:14:36] WINDOW: User input sent to server
[2024-01-14 23:14:36] WINDOW: Drone_pos, Target_pos, Obst_pos received from server
[2024-01-14 23:14:36] WINDOW: Drone_pos, Target_pos, Obst_pos received from server
[2024-01-14 23:14:36] WINDOW: Drone_pos, Target_pos, Obst_pos received from server
[2024-01-14 23:14:36] WINDOW: Drone_pos, Target_pos, Obst_pos received from server
[2024-01-14 23:14:37] WINDOW: Drone_pos, Target_pos, Obst_pos received from server
[2024-01-14 23:14:37] WINDOW: Drone_pos, Target_pos, Obst_pos received from server
[2024-01-14 23:14:37] WINDOW: Drone_pos, Target_pos, Obst_pos received from server
[2024-01-14 23:14:37] WINDOW: Drone_pos, Target_pos, Obst_pos received from server
[2024-01-14 23:14:37] WINDOW: Drone_pos, Target_pos, Obst_pos received from server
[2024-01-14 23:14:37] WINDOW: Drone_pos, Target_pos, Obst_pos received from server
[2024-01-14 23:14:37] WINDOW: Drone_pos, Target_pos, Obst_pos received from server
[2024-01-14 23:14:37] WINDOW: Drone_pos, Target_pos, Obst_pos received from server
[2024-01-14 23:14:37] WINDOW: Drone_pos, Target_pos, Obst_pos received from server
[2024-01-14 23:14:37] WINDOW: Drone_pos, Target_pos, Obst_pos received from server
[2024-01-14 23:14:37] WINDOW: Drone_pos, Target_pos, Obst_pos received from server
[2024-01-14 23:14:37] WINDOW: Drone_pos, Target_pos, Obst_pos received from server
[2024-01-14 23:14:37] WINDOW: User input sent to server
[2024-01-14 23:14:37] WINDOW: Drone_pos, Target_pos, Obst_pos received from server
[2024-01-14 23:14:37] WINDOW: Drone_pos, Target_pos, Obst_pos received from server
[2024-01-14 23:14:37] WINDOW: Drone_pos, Target_pos, Obst_pos received from server
[2024-01-14 23:14:37] WINDOW: Drone_pos, Target_pos, Obst_pos received from server
[2024-01-14 23:14:37] WINDOW: Drone_pos, Target_pos, Obst_pos received from server
[2024-01-14 23:14:37] WINDOW: Drone_pos, Target_pos, Obst_pos received from server
[2024-01-14 23:14:37] WINDOW: Drone_pos, Target_pos, Obst_pos received from server
[2024-01-14 23:14:37] WINDOW: Drone_pos, Target_pos, Obst_pos received from server
[2024-01-14 23:14:38] WINDOW: Drone_pos, Target_pos, Obst_pos received from server
[2024-01-14 23:14:38] WINDOW: Drone_pos, Target_pos, Obst_pos received from server
[2024-01-14 23:14:38] WINDOW: Drone_pos, Target_pos, Obst_pos received from server
[2024-01-14 23:14:38] WINDOW: Drone_pos, Target_pos, Obst_pos received from server
[2024-01-14 23:14:38] WINDOW: Drone_pos, Target_pos, Obst_pos received from server
[2024-01-14 23:14:38] WINDOW: Drone_pos, Target_pos, Obst_pos received from server
[2024-01-14 23:14:38] WINDOW: Drone_pos, Target_pos, Obst_pos received from server
[2024-01-14 23:14:38] WINDOW: Drone_pos, Target_pos, Obst_pos received from server
[2024-01-14 23:14:38] WINDOW: User input sent to server
[2024-01-14 23:14:38] WINDOW: Drone_pos, Target_pos, Obst_pos received from server
[2024-01-14 23:14:38] WINDOW: Drone_pos, Target_pos, Obst_pos received from server
[2024-01-14 23:14:38] WINDOW: Drone_pos, Target_pos, Obst_pos received from server
[2024-01-14 23:14:38] WINDOW: Drone_pos, Target_pos, Obst_pos received from server
[2024-01-14 23:14:38] WINDOW: Drone_pos, Target_pos, Obst_pos received from server
[2024-01-14 23:14:38] WINDOW: Drone_pos, Target_pos, Obst_pos received from server
[2024-01-14 23:14:38] WINDOW: Drone_pos, Target_pos, Obst_pos received from server
[2024-01-14 23:14:38] WINDOW: Drone_pos, Target_pos, Obst_pos received from server
[2024-01-14 23:14:38] WINDOW: Drone_pos, Target_pos, Obst_pos received from server
[2024-01-14 23:14:38] WINDOW: Drone_pos, Target_pos, Obst_pos received from server
[2024-01-14 23:14:38] WINDOW: Drone_pos, Target_pos, Obst_pos received from server
[2024-01-14 23:14:38] WINDOW: Drone_pos, Target_pos, Obst_pos received from server
[2024-01-14 23:14:39] WINDOW: Drone_pos, Target_pos, Obst_pos received from server
[2024-01-14 23:14:39] WINDOW: Drone_pos, Target_pos, Obst_pos received from server
[2024-01-14 23:14:39] WINDOW: Drone_pos, Target_pos, Obst_pos received from server
[2024-01-14 23:14:39] WINDOW: Drone_pos, Target_pos, Obst_pos received from server
[2024-01-14 23:14:39] WINDOW: Drone_pos, Target_pos, Obst_pos received from server
[2024-01-14 23:14:39] WINDOW: Drone_pos, Target_pos, Obst_pos received from server
[2024-01-14 23:14:39] WINDOW: Drone_pos, Target_pos, Obst_pos received from server
[2024-01-14 23:14:39] WINDOW: Drone_pos, Target_pos, Obst_pos received from server
[2024-01-14 23:14:39] WINDOW: Drone_pos, Target_pos, Obst_pos received from server
[2024-01-14 23:14:39] WINDOW: Drone_pos, Target_pos, Obst_pos received from server
[2024-01-14 23:14:39] WINDOW: Drone_pos, Target_pos, Obst_pos received from server
[2024-01-14 23:14:39] WINDOW: Drone_pos, Target_pos, Obst_pos received from server
[2024-01-14 23:14:39] WINDOW: Drone_pos, Target_pos, Obst_pos received from server
[2024-01-14 23:14:39] WINDOW: Drone_pos, Target_pos, Obst_pos received from server
[2024-01-14 23:14:39] WINDOW: Drone_pos, Target_pos, Obst_pos received from server
[2024-01-14 23:14:39] WINDOW: Drone_pos, Target_pos, Obst_pos received from server
[2024-01-14 23:14:39] WINDOW: Drone_pos, Target_pos, Obst_pos received from server
[2024-01-14 23:14:39] WINDOW: Drone_pos, Target_pos, Obst_pos received from server
[2024-01-14 23:14:39] WINDOW: Drone_pos, Target_pos, Obst_pos received from server
[2024-01-14 23:14:40] WINDOW: Drone_pos, Target_pos, Obst_pos received from server
[2024-01-14 23:14:40] WINDOW: User input sent to server
[2024-01-14 23:14:40] WINDOW: Drone_pos, Target_pos, Obst_pos received from server
[2024-01-14 23:14:40] WINDOW: Drone_pos, Target_pos, Obst_pos received from server
[2024-01-14 23:14:40] WINDOW: Drone_pos, Target_pos, Obst_pos received from server
[2024-01-14 23:14:40] WINDOW: Drone_pos, Target_pos, Obst_pos received from server
[2024-01-14 23:14:40] WINDOW: Drone_pos, Target_pos, Obst_pos received from server
[2024-01-14 23:14:40] WINDOW: Drone_pos, Target_pos, Obst_pos received from server
[2024-01-14 23:14:40] WINDOW: Drone_pos, Target_pos, Obst_pos received from server
[2024-01-14 23:14:40] WINDOW: Drone_pos, Target_pos, Obst_pos received from server
[2024-01-14 23:14:40] WINDOW: Drone_pos, Target_pos, Obst_pos received from server
[2024-01-14 23:14:40] WINDOW: Drone_pos, Target_pos, Obst_pos received from server
[2024-01-14 23:14:40] WINDOW: Drone_pos, Target_pos, Obst_pos received from server
[2024-01-14 23:14:40] WINDOW: Drone_pos, Target_pos, Obst_pos received from server
[2024-01-14 23:14:40] WINDOW: Drone_pos, Target_pos, Obst_pos received from server
[2024-01-14 23:14:40] WINDOW: Drone_pos, Target_pos, Obst_pos received from server
[2024-01-14 23:14:40] WINDOW: Drone_pos, Target_pos, Obst_pos received from server
[2024-01-14 23:14:40] WINDOW: Drone_pos, Target_pos, Obst_pos received from server
[2024-01-14 23:14:40] WINDOW: Drone_pos, Target_pos, Obst_pos received from server
[2024-01-14 23:14:40] WINDOW: User input sent to server
[2024-01-14 23:14:40] WINDOW: Drone_pos, Target_pos, Obst_pos received from server
[2024-01-14 23:14:40] WINDOW: Drone_pos, Target_pos, Obst_pos received from server
[2024-01-14 23:14:40] WINDOW: Drone_pos, Target_pos, Obst_pos received from server
[2024-01-14 23:14:41] WINDOW: Drone_pos, Target_pos, Obst_pos received from server
[2024-01-14 23:14:41] WINDOW: Drone_pos, Target_pos, Obst_pos received from server
[2024-01-14 23:14:41] WINDOW: Drone_pos, Target_pos, Obst_pos received from server
[2024-01-14 23:14:41] WINDOW: Drone_pos, Target_pos, Obst_pos received from server
[2024-01-14 23:14:41] WINDOW: Drone_pos, Target_pos, Obst_pos received from server
[2024-01-14 23:14:41] WINDOW: Drone_pos, Target_pos, Obst_pos received from server
[2024-01-14 23:14:41] WINDOW: Drone_pos, Target_pos, Obst_pos received from server
[2024-01-14 23:14:41] WINDOW: Drone_pos, Target_pos, Obst_pos received from server
[2024-01-14 23:14:41] WINDOW: Drone_pos, Target_pos, Obst_pos received from server
[2024-01-14 23:14:41] WINDOW: Drone_pos, Target_pos, Obst_pos received from server
[2024-01-14 23:14:41] WINDOW: Drone_pos, Target_pos, Obst_pos received from server
[2024-01-14 23:14:41] WINDOW: User input sent to server
[2024-01-14 23:14:41] WINDOW: Drone_pos, Target_pos, Obst_pos received from server
[2024-01-14 23:14:41] WINDOW: Drone_pos, Target_pos, Obst_pos received from server
[2024-01-14 23:14:41] WINDOW: Drone_pos, Target_pos, Obst_pos received from server
[2024-01-14 23:14:41] WINDOW: Drone_pos, Target_pos, Obst_pos received from server
[2024-01-14 23:14:41] WINDOW: Drone_pos, Target_pos, Obst_pos received from server
[2024-01-14 23:14:41] WINDOW: Drone_pos, Target_pos, Obst_pos received from server
[2024-01-14 23:14:41] WINDOW: Drone_pos, Target_pos, Obst_pos received from server
[2024-01-14 23:14:41] WINDOW: Drone_pos, Target_pos, Obst_pos received from server
[2024-01-14 23:14:41] WINDOW: Drone_pos, Target_pos, Obst_pos received from server
[2024-01-14 23:14:41] WINDOW: Drone_pos, Target_pos, Obst_pos received from server
[2024-01-14 23:14:42] WINDOW: Drone_pos, Target_pos, Obst_pos received from server
[2024-01-14 23:14:42] WINDOW: Drone_pos, Target_pos, Obst_pos received from server
[2024-01-14 23:14:42] WINDOW: Drone_pos, Target_pos, Obst_pos received from server
[2024-01-14 23:14:42] WINDOW: Drone_pos, Target_pos, Obst_pos received from server
[2024-01-14 23:14:42] WINDOW: Drone_pos, Target_pos, Obst_pos received from server
[2024-01-14 23:14:42] WINDOW: Drone_pos, Target_pos, Obst_pos received from server
[2024-01-14 23:14:42] WINDOW: Drone_pos, Target_pos, Obst_pos received from server
[2024-01-14 23:14:42] WINDOW: Drone_pos, Target_pos, Obst_pos received from server
[2024-01-14 23:14:42] WINDOW: Drone_pos, Target_pos, Obst_pos received from server
[2024-01-14 23:14:42] WINDOW: Drone_pos, Target_pos, Obst_pos received from server
[2024-01-14 23:14:42] WINDOW: User input sent to server
[2024-01-14 23:14:42] WINDOW: Drone_pos, Target_pos, Obst_pos received from server
[2024-01-14 23:14:42] WINDOW: Drone_pos, Target_pos, Obst_pos received from server
[2024-01-14 23:14:42] WINDOW: Drone_pos, Target_pos, Obst_pos received from server
[2024-01-14 23:14:42] WINDOW: Drone_pos, Target_pos, Obst_pos received from server
[2024-01-14 23:14:42] WINDOW: Drone_pos, Target_pos, Obst_pos received from server
[2024-01-14 23:14:42] WINDOW: Drone_pos, Target_pos, Obst_pos received from server
[2024-01-14 23:14:42] WINDOW: Drone_pos, Target_pos, Obst_pos received from server
[2024-01-14 23:14:42] WINDOW: Drone_pos, Target_pos, Obst_pos received from server
[2024-01-14 23:14:42] WINDOW: Drone_pos, Target_pos, Obst_pos received from server
[2024-01-14 23:14:42] WINDOW: Drone_pos, Target_pos, Obst_pos received from server
[2024-01-14 23:14:43] WINDOW: Drone_pos, Target_pos, Obst_pos received from server
[2024-01-14 23:14:43] WINDOW: Drone_pos, Target_pos, Obst_pos received from server
[2024-01-14 23:14:43] WINDOW: User input sent to server
[2024-01-14 23:14:43] WINDOW: Drone_pos, Target_pos, Obst_pos received from server
[2024-01-14 23:14:43] WINDOW: Drone_pos, Target_pos, Obst_pos received from server
[2024-01-14 23:14:43] WINDOW: Drone_pos, Target_pos, Obst_pos received from server
[2024-01-14 23:14:43] WINDOW: Drone_pos, Target_pos, Obst_pos received from server
[2024-01-14 23:14:43] WINDOW: Drone_pos, Target_pos, Obst_pos received from server
[2024-01-14 23:14:43] WINDOW: Drone_pos, Target_pos, Obst_pos received from server
[2024-01-14 23:14:43] WINDOW: Drone_pos, Target_pos, Obst_pos received from server
[2024-01-14 23:14:43] WINDOW: Drone_pos, Target_pos, Obst_pos received from server
[2024-01-14 23:14:43] WINDOW: Drone_pos, Target_pos, Obst_pos received from server
[2024-01-14 23:14:43] WINDOW: Drone_pos, Target_pos, Obst_pos received from server
[2024-01-14 23:14:43] WINDOW: User input sent to server
[2024-01-14 23:14:43] WINDOW: Drone_pos, Target_pos, Obst_pos received from server
[2024-01-14 23:14:43] WINDOW: Drone_pos, Target_pos, Obst_pos received from server
[2024-01-14 23:14:43] WINDOW: Drone_pos, Target_pos, Obst_pos received from server
[2024-01-14 23:14:43] WINDOW: Drone_pos, Target_pos, Obst_pos received from server
[2024-01-14 23:14:43] WINDOW: Drone_pos, Target_pos, Obst_pos received from server
[2024-01-14 23:14:43] WINDOW: Drone_pos, Target_pos, Obst_pos received from server
[2024-01-14 23:14:43] WINDOW: User input sent to server
[2024-01-14 23:14:43] WINDOW: Drone_pos, Target_pos, Obst_pos received from server
[2024-01-14 23:14:43] WINDOW: Drone_pos, Target_pos, Obst_pos received from server
[2024-01-14 23:14:43] WINDOW: Drone_pos, Target_pos, Obst_pos received from server
[2024-01-14 23:14:43] WINDOW: Drone_pos, Target_pos, Obst_pos received from server
[2024-01-14 23:14:44] WINDOW: Drone_pos, Target_pos, Obst_pos received from server
[2024-01-14 23:14:44] WINDOW: Drone_pos, Target_pos, Obst_pos received from server
[2024-01-14 23:14:44] WINDOW: Drone_pos, Target_pos, Obst_pos received from server
[2024-01-14 23:14:44] WINDOW: Drone_pos, Target_pos, Obst_pos received from server
[2024-01-14 23:14:44] WINDOW: Drone_pos, Target_pos, Obst_pos received from server
[2024-01-14 23:14:44] WINDOW: Drone_pos, Target_pos, Obst_pos received from server
[2024-01-14 23:14:44] WINDOW: User input sent to server
[2024-01-14 23:14:44] WINDOW: Drone_pos, Target_pos, Obst_pos received from server
[2024-01-14 23:14:44] WINDOW: Drone_pos, Target_pos, Obst_pos received from server
[2024-01-14 23:14:44] WINDOW: Drone_pos, Target_pos, Obst_pos received from server
[2024-01-14 23:14:44] WINDOW: Drone_pos, Target_pos, Obst_pos received from server
[2024-01-14 23:14:44] WINDOW: Drone_pos, Target_pos, Obst_pos received from server
[2024-01-14 23:14:44] WINDOW: Drone_pos, Target_pos, Obst_pos received from server
[2024-01-14 23:14:44] WINDOW: Drone_pos, Target_pos, Obst_pos received from server
[2024-01-14 23:14:44] WINDOW: Drone_pos, Target_pos, Obst_pos received from server
[2024-01-14 23:14:44] WINDOW: Drone_pos, Target_pos, Obst_pos received from server
